   Build using "/opt/Xilinx2018/Vivado/2018.2/tps/lnx64/gcc-6.2.0/bin/g++"
   Compiling apatb_crypto_sign_open.cpp
   Compiling (apcc) aes.c_pre.c.tb.c
INFO: [HLS 200-10] Running '/opt/Xilinx2018/Vivado/2018.2/bin/unwrapped/lnx64.o/apcc'
INFO: [HLS 200-10] For user 'dss545' on host 'dark-knight.poly.edu' (Linux_x86_64 version 2.6.32-754.9.1.el6.x86_64) on Wed Mar 27 17:18:01 EDT 2019
INFO: [HLS 200-10] On os "CentOS release 6.10 (Final)"
INFO: [HLS 200-10] In directory '/home/dss545/vivado_hls/CRYSTALS-Dilithium/Reference_Implementation/Dilithium_recommended/Dilithium.prj/decryption/sim/wrapc'
clang: warning: argument unused during compilation: '-fno-builtin-isinf'
clang: warning: argument unused during compilation: '-fno-builtin-isnan'
INFO: [APCC 202-3] Tmp directory is /tmp/apcc_db_dss545/43251553721481593281
INFO: [APCC 202-1] APCC is done.
   Compiling (apcc) fips202.c_pre.c.tb.c
INFO: [HLS 200-10] Running '/opt/Xilinx2018/Vivado/2018.2/bin/unwrapped/lnx64.o/apcc'
INFO: [HLS 200-10] For user 'dss545' on host 'dark-knight.poly.edu' (Linux_x86_64 version 2.6.32-754.9.1.el6.x86_64) on Wed Mar 27 17:18:08 EDT 2019
INFO: [HLS 200-10] On os "CentOS release 6.10 (Final)"
INFO: [HLS 200-10] In directory '/home/dss545/vivado_hls/CRYSTALS-Dilithium/Reference_Implementation/Dilithium_recommended/Dilithium.prj/decryption/sim/wrapc'
clang: warning: argument unused during compilation: '-fno-builtin-isinf'
clang: warning: argument unused during compilation: '-fno-builtin-isnan'
INFO: [APCC 202-3] Tmp directory is /tmp/apcc_db_dss545/44531553721488140981
INFO: [APCC 202-1] APCC is done.
   Compiling (apcc) newtest_sign.c_pre.c.tb.c
INFO: [HLS 200-10] Running '/opt/Xilinx2018/Vivado/2018.2/bin/unwrapped/lnx64.o/apcc'
INFO: [HLS 200-10] For user 'dss545' on host 'dark-knight.poly.edu' (Linux_x86_64 version 2.6.32-754.9.1.el6.x86_64) on Wed Mar 27 17:18:15 EDT 2019
INFO: [HLS 200-10] On os "CentOS release 6.10 (Final)"
INFO: [HLS 200-10] In directory '/home/dss545/vivado_hls/CRYSTALS-Dilithium/Reference_Implementation/Dilithium_recommended/Dilithium.prj/decryption/sim/wrapc'
clang: warning: argument unused during compilation: '-fno-builtin-isinf'
clang: warning: argument unused during compilation: '-fno-builtin-isnan'
INFO: [APCC 202-3] Tmp directory is /tmp/apcc_db_dss545/45681553721495299630
INFO: [APCC 202-1] APCC is done.
   Compiling (apcc) ntt.c_pre.c.tb.c
INFO: [HLS 200-10] Running '/opt/Xilinx2018/Vivado/2018.2/bin/unwrapped/lnx64.o/apcc'
INFO: [HLS 200-10] For user 'dss545' on host 'dark-knight.poly.edu' (Linux_x86_64 version 2.6.32-754.9.1.el6.x86_64) on Wed Mar 27 17:18:21 EDT 2019
INFO: [HLS 200-10] On os "CentOS release 6.10 (Final)"
INFO: [HLS 200-10] In directory '/home/dss545/vivado_hls/CRYSTALS-Dilithium/Reference_Implementation/Dilithium_recommended/Dilithium.prj/decryption/sim/wrapc'
clang: warning: argument unused during compilation: '-fno-builtin-isinf'
clang: warning: argument unused during compilation: '-fno-builtin-isnan'
INFO: [APCC 202-3] Tmp directory is /tmp/apcc_db_dss545/46781553721501423980
INFO: [APCC 202-1] APCC is done.
   Compiling (apcc) packing.c_pre.c.tb.c
INFO: [HLS 200-10] Running '/opt/Xilinx2018/Vivado/2018.2/bin/unwrapped/lnx64.o/apcc'
INFO: [HLS 200-10] For user 'dss545' on host 'dark-knight.poly.edu' (Linux_x86_64 version 2.6.32-754.9.1.el6.x86_64) on Wed Mar 27 17:18:27 EDT 2019
INFO: [HLS 200-10] On os "CentOS release 6.10 (Final)"
INFO: [HLS 200-10] In directory '/home/dss545/vivado_hls/CRYSTALS-Dilithium/Reference_Implementation/Dilithium_recommended/Dilithium.prj/decryption/sim/wrapc'
clang: warning: argument unused during compilation: '-fno-builtin-isinf'
clang: warning: argument unused during compilation: '-fno-builtin-isnan'
INFO: [APCC 202-3] Tmp directory is /tmp/apcc_db_dss545/47971553721507494125
INFO: [APCC 202-1] APCC is done.
   Compiling (apcc) poly.c_pre.c.tb.c
INFO: [HLS 200-10] Running '/opt/Xilinx2018/Vivado/2018.2/bin/unwrapped/lnx64.o/apcc'
INFO: [HLS 200-10] For user 'dss545' on host 'dark-knight.poly.edu' (Linux_x86_64 version 2.6.32-754.9.1.el6.x86_64) on Wed Mar 27 17:18:33 EDT 2019
INFO: [HLS 200-10] On os "CentOS release 6.10 (Final)"
INFO: [HLS 200-10] In directory '/home/dss545/vivado_hls/CRYSTALS-Dilithium/Reference_Implementation/Dilithium_recommended/Dilithium.prj/decryption/sim/wrapc'
clang: warning: argument unused during compilation: '-fno-builtin-isinf'
clang: warning: argument unused during compilation: '-fno-builtin-isnan'
INFO: [APCC 202-3] Tmp directory is /tmp/apcc_db_dss545/49961553721514025393
INFO: [APCC 202-1] APCC is done.
   Compiling (apcc) polyvec.c_pre.c.tb.c
INFO: [HLS 200-10] Running '/opt/Xilinx2018/Vivado/2018.2/bin/unwrapped/lnx64.o/apcc'
INFO: [HLS 200-10] For user 'dss545' on host 'dark-knight.poly.edu' (Linux_x86_64 version 2.6.32-754.9.1.el6.x86_64) on Wed Mar 27 17:18:41 EDT 2019
INFO: [HLS 200-10] On os "CentOS release 6.10 (Final)"
INFO: [HLS 200-10] In directory '/home/dss545/vivado_hls/CRYSTALS-Dilithium/Reference_Implementation/Dilithium_recommended/Dilithium.prj/decryption/sim/wrapc'
clang: warning: argument unused during compilation: '-fno-builtin-isinf'
clang: warning: argument unused during compilation: '-fno-builtin-isnan'
INFO: [APCC 202-3] Tmp directory is /tmp/apcc_db_dss545/54661553721521136624
INFO: [APCC 202-1] APCC is done.
   Compiling (apcc) reduce.c_pre.c.tb.c
INFO: [HLS 200-10] Running '/opt/Xilinx2018/Vivado/2018.2/bin/unwrapped/lnx64.o/apcc'
INFO: [HLS 200-10] For user 'dss545' on host 'dark-knight.poly.edu' (Linux_x86_64 version 2.6.32-754.9.1.el6.x86_64) on Wed Mar 27 17:18:47 EDT 2019
INFO: [HLS 200-10] On os "CentOS release 6.10 (Final)"
INFO: [HLS 200-10] In directory '/home/dss545/vivado_hls/CRYSTALS-Dilithium/Reference_Implementation/Dilithium_recommended/Dilithium.prj/decryption/sim/wrapc'
clang: warning: argument unused during compilation: '-fno-builtin-isinf'
clang: warning: argument unused during compilation: '-fno-builtin-isnan'
INFO: [APCC 202-3] Tmp directory is /tmp/apcc_db_dss545/60701553721527934526
INFO: [APCC 202-1] APCC is done.
   Compiling (apcc) rng.c_pre.c.tb.c
INFO: [HLS 200-10] Running '/opt/Xilinx2018/Vivado/2018.2/bin/unwrapped/lnx64.o/apcc'
INFO: [HLS 200-10] For user 'dss545' on host 'dark-knight.poly.edu' (Linux_x86_64 version 2.6.32-754.9.1.el6.x86_64) on Wed Mar 27 17:18:54 EDT 2019
INFO: [HLS 200-10] On os "CentOS release 6.10 (Final)"
INFO: [HLS 200-10] In directory '/home/dss545/vivado_hls/CRYSTALS-Dilithium/Reference_Implementation/Dilithium_recommended/Dilithium.prj/decryption/sim/wrapc'
clang: warning: argument unused during compilation: '-fno-builtin-isinf'
clang: warning: argument unused during compilation: '-fno-builtin-isnan'
INFO: [APCC 202-3] Tmp directory is /tmp/apcc_db_dss545/62481553721534203431
INFO: [APCC 202-1] APCC is done.
   Compiling (apcc) rounding.c_pre.c.tb.c
INFO: [HLS 200-10] Running '/opt/Xilinx2018/Vivado/2018.2/bin/unwrapped/lnx64.o/apcc'
INFO: [HLS 200-10] For user 'dss545' on host 'dark-knight.poly.edu' (Linux_x86_64 version 2.6.32-754.9.1.el6.x86_64) on Wed Mar 27 17:19:00 EDT 2019
INFO: [HLS 200-10] On os "CentOS release 6.10 (Final)"
INFO: [HLS 200-10] In directory '/home/dss545/vivado_hls/CRYSTALS-Dilithium/Reference_Implementation/Dilithium_recommended/Dilithium.prj/decryption/sim/wrapc'
clang: warning: argument unused during compilation: '-fno-builtin-isinf'
clang: warning: argument unused during compilation: '-fno-builtin-isnan'
INFO: [APCC 202-3] Tmp directory is /tmp/apcc_db_dss545/65371553721540723920
INFO: [APCC 202-1] APCC is done.
   Compiling (apcc) sign.c_pre.c.tb.c
INFO: [HLS 200-10] Running '/opt/Xilinx2018/Vivado/2018.2/bin/unwrapped/lnx64.o/apcc'
INFO: [HLS 200-10] For user 'dss545' on host 'dark-knight.poly.edu' (Linux_x86_64 version 2.6.32-754.9.1.el6.x86_64) on Wed Mar 27 17:19:06 EDT 2019
INFO: [HLS 200-10] On os "CentOS release 6.10 (Final)"
INFO: [HLS 200-10] In directory '/home/dss545/vivado_hls/CRYSTALS-Dilithium/Reference_Implementation/Dilithium_recommended/Dilithium.prj/decryption/sim/wrapc'
clang: warning: argument unused during compilation: '-fno-builtin-isinf'
clang: warning: argument unused during compilation: '-fno-builtin-isnan'
INFO: [APCC 202-3] Tmp directory is /tmp/apcc_db_dss545/67431553721546933870
INFO: [APCC 202-1] APCC is done.
   Generating cosim.tv.exe
