

================================================================
== Vivado HLS Report for 'keccak_squeezeblocks_3'
================================================================
* Date:           Tue Mar 19 14:02:59 2019

* Version:        2018.2 (Build 2258646 on Thu Jun 14 20:25:20 MDT 2018)
* Project:        Dilithium.prj
* Solution:       encryption_unroll
* Product family: artix7
* Target device:  xc7a200tfbg676-2


================================================================
== Performance Estimates
================================================================
+ Timing (ns): 
    * Summary: 
    +--------+-------+----------+------------+
    |  Clock | Target| Estimated| Uncertainty|
    +--------+-------+----------+------------+
    |ap_clk  |  10.00|     6.812|        1.25|
    +--------+-------+----------+------------+

+ Latency (clock cycles): 
    * Summary: 
    +------+------+------+------+---------+
    |   Latency   |   Interval  | Pipeline|
    |  min |  max |  min |  max |   Type  |
    +------+------+------+------+---------+
    |  1421|  1421|  1421|  1421|   none  |
    +------+------+------+------+---------+

    + Detail: 
        * Instance: 
        N/A

        * Loop: 
        +-----------------+------+------+----------+-----------+-----------+------+----------+
        |                 |   Latency   | Iteration|  Initiation Interval  | Trip |          |
        |    Loop Name    |  min |  max |  Latency |  achieved |   target  | Count| Pipelined|
        +-----------------+------+------+----------+-----------+-----------+------+----------+
        |- Loop 1         |  1420|  1420|       284|          -|          -|     5|    no    |
        | + Loop 1.1      |   231|   231|        11|          -|          -|    21|    no    |
        |  ++ Loop 1.1.1  |     8|     8|         1|          -|          -|     8|    no    |
        +-----------------+------+------+----------+-----------+-----------+------+----------+

============================================================
+ Verbose Summary: Synthesis Manager
============================================================
InlineROM: 1
ExposeGlobal: 0
============================================================
+ Verbose Summary: CDFG Model
============================================================
IsTopModel: 0
ResetActiveHigh: 1
IsCombinational: 0
IsDatapathOnly: 0
HasWiredReturn: 1
HasMFsm: 0
HasVarLatency: 1
IsPipeline: 0
IsRtlPipelined: 0
IsInstanceOverlapped: 0
IsDontTouch: 0
HasImplIP: 0
IsGatedGlobalClock: 0


============================================================
+ Verbose Summary: Schedule
============================================================
* Number of FSM states : 6
* Pipeline : 0
* Dataflow Pipeline: 0

* FSM state transitions: 
1 --> 
	2  / true
2 --> 
	3  / (!tmp_s)
3 --> 
	4  / true
4 --> 
	5  / (!exitcond)
	2  / (exitcond)
5 --> 
	6  / true
6 --> 
	6  / (!tmp_i)
	4  / (tmp_i)

* FSM state operations: 

State 1 <SV = 0> <Delay = 1.35>
ST_1 : Operation 7 [1/1] (1.35ns)   --->   "br label %1" [fips202.c:414]   --->   Operation 7 'br' <Predicate = true> <Delay = 1.35>

State 2 <SV = 1> <Delay = 1.00>
ST_2 : Operation 8 [1/1] (0.00ns)   --->   "%p_s = phi i3 [ -3, %0 ], [ %nblocks_assign, %6 ]" [fips202.c:420]   --->   Operation 8 'phi' 'p_s' <Predicate = true> <Delay = 0.00>
ST_2 : Operation 9 [1/1] (0.00ns)   --->   "%p_0_rec = phi i10 [ 0, %0 ], [ %p_rec, %6 ]" [fips202.c:419]   --->   Operation 9 'phi' 'p_0_rec' <Predicate = true> <Delay = 0.00>
ST_2 : Operation 10 [1/1] (1.00ns)   --->   "%tmp_s = icmp eq i3 %p_s, 0" [fips202.c:414]   --->   Operation 10 'icmp' 'tmp_s' <Predicate = true> <Delay = 1.00> <Core = "Cmp">   --->   Core 25 'Cmp' <Latency = 0> <II = 1> <Delay = 1.21> <FuncUnit> <Opcode : 'icmp'> <InPorts = 2> <OutPorts = 1>
ST_2 : Operation 11 [1/1] (0.00ns)   --->   "%empty = call i32 (...)* @_ssdm_op_SpecLoopTripCount(i64 5, i64 5, i64 5)"   --->   Operation 11 'speclooptripcount' 'empty' <Predicate = true> <Delay = 0.00>
ST_2 : Operation 12 [1/1] (0.00ns)   --->   "br i1 %tmp_s, label %7, label %2" [fips202.c:414]   --->   Operation 12 'br' <Predicate = true> <Delay = 0.00>
ST_2 : Operation 13 [2/2] (0.00ns)   --->   "call fastcc void @KeccakF1600_StatePer([25 x i64]* %s)" [fips202.c:415]   --->   Operation 13 'call' <Predicate = (!tmp_s)> <Delay = 0.00> <CoreType = "Generic">   --->   Core 0 '' <Latency = 0> <II = 1> <Delay = 1.00> <Generic> <Opcode : >
ST_2 : Operation 14 [1/1] (0.00ns)   --->   "ret void" [fips202.c:422]   --->   Operation 14 'ret' <Predicate = (tmp_s)> <Delay = 0.00>

State 3 <SV = 2> <Delay = 1.35>
ST_3 : Operation 15 [1/2] (0.00ns)   --->   "call fastcc void @KeccakF1600_StatePer([25 x i64]* %s)" [fips202.c:415]   --->   Operation 15 'call' <Predicate = true> <Delay = 0.00> <CoreType = "Generic">   --->   Core 0 '' <Latency = 0> <II = 1> <Delay = 1.00> <Generic> <Opcode : >
ST_3 : Operation 16 [1/1] (1.35ns)   --->   "br label %store64.1.exit" [fips202.c:416]   --->   Operation 16 'br' <Predicate = true> <Delay = 1.35>

State 4 <SV = 3> <Delay = 2.77>
ST_4 : Operation 17 [1/1] (0.00ns)   --->   "%i = phi i5 [ 0, %2 ], [ %i_34, %store64.1.exit.loopexit ]"   --->   Operation 17 'phi' 'i' <Predicate = true> <Delay = 0.00>
ST_4 : Operation 18 [1/1] (0.00ns)   --->   "%empty_52 = call i32 (...)* @_ssdm_op_SpecLoopTripCount(i64 21, i64 21, i64 21)"   --->   Operation 18 'speclooptripcount' 'empty_52' <Predicate = true> <Delay = 0.00>
ST_4 : Operation 19 [1/1] (1.21ns)   --->   "%exitcond = icmp eq i5 %i, -11" [fips202.c:416]   --->   Operation 19 'icmp' 'exitcond' <Predicate = true> <Delay = 1.21> <Core = "Cmp">   --->   Core 25 'Cmp' <Latency = 0> <II = 1> <Delay = 1.21> <FuncUnit> <Opcode : 'icmp'> <InPorts = 2> <OutPorts = 1>
ST_4 : Operation 20 [1/1] (1.54ns)   --->   "%i_34 = add i5 %i, 1" [fips202.c:416]   --->   Operation 20 'add' 'i_34' <Predicate = true> <Delay = 1.54> <Core = "AddSub">   --->   Core 14 'AddSub' <Latency = 0> <II = 1> <Delay = 1.34> <FuncUnit> <Opcode : 'add' 'sub'> <InPorts = 2> <OutPorts = 1>
ST_4 : Operation 21 [1/1] (0.00ns)   --->   "br i1 %exitcond, label %6, label %3" [fips202.c:416]   --->   Operation 21 'br' <Predicate = true> <Delay = 0.00>
ST_4 : Operation 22 [1/1] (0.00ns)   --->   "%tmp_95 = zext i5 %i to i64" [fips202.c:417]   --->   Operation 22 'zext' 'tmp_95' <Predicate = (!exitcond)> <Delay = 0.00>
ST_4 : Operation 23 [1/1] (0.00ns)   --->   "%s_addr = getelementptr [25 x i64]* %s, i64 0, i64 %tmp_95" [fips202.c:417]   --->   Operation 23 'getelementptr' 's_addr' <Predicate = (!exitcond)> <Delay = 0.00>
ST_4 : Operation 24 [2/2] (2.77ns)   --->   "%s_load = load i64* %s_addr, align 8" [fips202.c:417]   --->   Operation 24 'load' 's_load' <Predicate = (!exitcond)> <Delay = 2.77> <Core = "RAM">   --->   Core 37 'RAM' <Latency = 1> <II = 1> <Delay = 2.77> <Storage> <Opcode : 'load' 'store'> <Ports = 2> <Width = 8> <Depth = 840> <RAM>
ST_4 : Operation 25 [1/1] (1.74ns)   --->   "%p_rec = add i10 %p_0_rec, 168" [fips202.c:419]   --->   Operation 25 'add' 'p_rec' <Predicate = (exitcond)> <Delay = 1.74> <Core = "AddSub">   --->   Core 14 'AddSub' <Latency = 0> <II = 1> <Delay = 1.34> <FuncUnit> <Opcode : 'add' 'sub'> <InPorts = 2> <OutPorts = 1>
ST_4 : Operation 26 [1/1] (1.34ns)   --->   "%nblocks_assign = add i3 %p_s, -1" [fips202.c:420]   --->   Operation 26 'add' 'nblocks_assign' <Predicate = (exitcond)> <Delay = 1.34> <Core = "AddSub">   --->   Core 14 'AddSub' <Latency = 0> <II = 1> <Delay = 1.34> <FuncUnit> <Opcode : 'add' 'sub'> <InPorts = 2> <OutPorts = 1>
ST_4 : Operation 27 [1/1] (0.00ns)   --->   "br label %1" [fips202.c:421]   --->   Operation 27 'br' <Predicate = (exitcond)> <Delay = 0.00>

State 5 <SV = 4> <Delay = 2.77>
ST_5 : Operation 28 [1/1] (0.00ns)   --->   "%tmp_94 = call i8 @_ssdm_op_BitConcatenate.i8.i5.i3(i5 %i, i3 0)" [fips202.c:417]   --->   Operation 28 'bitconcatenate' 'tmp_94' <Predicate = true> <Delay = 0.00>
ST_5 : Operation 29 [1/2] (2.77ns)   --->   "%s_load = load i64* %s_addr, align 8" [fips202.c:417]   --->   Operation 29 'load' 's_load' <Predicate = true> <Delay = 2.77> <Core = "RAM">   --->   Core 37 'RAM' <Latency = 1> <II = 1> <Delay = 2.77> <Storage> <Opcode : 'load' 'store'> <Ports = 2> <Width = 8> <Depth = 840> <RAM>
ST_5 : Operation 30 [1/1] (1.35ns)   --->   "br label %4" [fips202.c:45->fips202.c:417]   --->   Operation 30 'br' <Predicate = true> <Delay = 1.35>

State 6 <SV = 5> <Delay = 6.24>
ST_6 : Operation 31 [1/1] (0.00ns)   --->   "%i_i = phi i4 [ 0, %3 ], [ %i_35, %5 ]"   --->   Operation 31 'phi' 'i_i' <Predicate = true> <Delay = 0.00>
ST_6 : Operation 32 [1/1] (1.21ns)   --->   "%tmp_i = icmp eq i4 %i_i, -8" [fips202.c:45->fips202.c:417]   --->   Operation 32 'icmp' 'tmp_i' <Predicate = true> <Delay = 1.21> <Core = "Cmp">   --->   Core 25 'Cmp' <Latency = 0> <II = 1> <Delay = 1.21> <FuncUnit> <Opcode : 'icmp'> <InPorts = 2> <OutPorts = 1>
ST_6 : Operation 33 [1/1] (0.00ns)   --->   "%empty_53 = call i32 (...)* @_ssdm_op_SpecLoopTripCount(i64 8, i64 8, i64 8)"   --->   Operation 33 'speclooptripcount' 'empty_53' <Predicate = true> <Delay = 0.00>
ST_6 : Operation 34 [1/1] (1.49ns)   --->   "%i_35 = add i4 %i_i, 1" [fips202.c:45->fips202.c:417]   --->   Operation 34 'add' 'i_35' <Predicate = true> <Delay = 1.49> <Core = "AddSub">   --->   Core 14 'AddSub' <Latency = 0> <II = 1> <Delay = 1.34> <FuncUnit> <Opcode : 'add' 'sub'> <InPorts = 2> <OutPorts = 1>
ST_6 : Operation 35 [1/1] (0.00ns)   --->   "br i1 %tmp_i, label %store64.1.exit.loopexit, label %5" [fips202.c:45->fips202.c:417]   --->   Operation 35 'br' <Predicate = true> <Delay = 0.00>
ST_6 : Operation 36 [1/1] (0.00ns)   --->   "%tmp_634 = trunc i4 %i_i to i3" [fips202.c:45->fips202.c:417]   --->   Operation 36 'trunc' 'tmp_634' <Predicate = (!tmp_i)> <Delay = 0.00>
ST_6 : Operation 37 [1/1] (0.00ns)   --->   "%tmp_i_54 = call i6 @_ssdm_op_BitConcatenate.i6.i3.i3(i3 %tmp_634, i3 0)" [fips202.c:46->fips202.c:417]   --->   Operation 37 'bitconcatenate' 'tmp_i_54' <Predicate = (!tmp_i)> <Delay = 0.00>
ST_6 : Operation 38 [1/1] (0.00ns)   --->   "%tmp_17_i = zext i6 %tmp_i_54 to i64" [fips202.c:46->fips202.c:417]   --->   Operation 38 'zext' 'tmp_17_i' <Predicate = (!tmp_i)> <Delay = 0.00>
ST_6 : Operation 39 [1/1] (3.47ns)   --->   "%tmp_18_i = lshr i64 %s_load, %tmp_17_i" [fips202.c:46->fips202.c:417]   --->   Operation 39 'lshr' 'tmp_18_i' <Predicate = (!tmp_i)> <Delay = 3.47> <Core = "Shift">   --->   Core 28 'Shift' <Latency = 0> <II = 1> <Delay = 3.47> <FuncUnit> <Opcode : 'shl' 'lshr' 'ashr'> <InPorts = 2> <OutPorts = 1>
ST_6 : Operation 40 [1/1] (0.00ns)   --->   "%tmp_635 = trunc i64 %tmp_18_i to i8" [fips202.c:46->fips202.c:417]   --->   Operation 40 'trunc' 'tmp_635' <Predicate = (!tmp_i)> <Delay = 0.00>
ST_6 : Operation 41 [1/1] (0.00ns)   --->   "%tmp_20_i_cast = zext i4 %i_i to i8" [fips202.c:45->fips202.c:417]   --->   Operation 41 'zext' 'tmp_20_i_cast' <Predicate = (!tmp_i)> <Delay = 0.00>
ST_6 : Operation 42 [1/1] (1.71ns)   --->   "%tmp = add i8 %tmp_20_i_cast, %tmp_94" [fips202.c:45->fips202.c:417]   --->   Operation 42 'add' 'tmp' <Predicate = (!tmp_i)> <Delay = 1.71> <Core = "AddSub">   --->   Core 14 'AddSub' <Latency = 0> <II = 1> <Delay = 1.34> <FuncUnit> <Opcode : 'add' 'sub'> <InPorts = 2> <OutPorts = 1>
ST_6 : Operation 43 [1/1] (0.00ns)   --->   "%tmp_cast = zext i8 %tmp to i10" [fips202.c:45->fips202.c:417]   --->   Operation 43 'zext' 'tmp_cast' <Predicate = (!tmp_i)> <Delay = 0.00>
ST_6 : Operation 44 [1/1] (1.74ns)   --->   "%sum_i = add i10 %p_0_rec, %tmp_cast" [fips202.c:419]   --->   Operation 44 'add' 'sum_i' <Predicate = (!tmp_i)> <Delay = 1.74> <Core = "AddSub">   --->   Core 14 'AddSub' <Latency = 0> <II = 1> <Delay = 1.34> <FuncUnit> <Opcode : 'add' 'sub'> <InPorts = 2> <OutPorts = 1>
ST_6 : Operation 45 [1/1] (0.00ns)   --->   "%sum_i_cast = zext i10 %sum_i to i64" [fips202.c:419]   --->   Operation 45 'zext' 'sum_i_cast' <Predicate = (!tmp_i)> <Delay = 0.00>
ST_6 : Operation 46 [1/1] (0.00ns)   --->   "%h_addr = getelementptr [840 x i8]* %h, i64 0, i64 %sum_i_cast" [fips202.c:46->fips202.c:417]   --->   Operation 46 'getelementptr' 'h_addr' <Predicate = (!tmp_i)> <Delay = 0.00>
ST_6 : Operation 47 [1/1] (2.77ns)   --->   "store i8 %tmp_635, i8* %h_addr, align 1" [fips202.c:46->fips202.c:417]   --->   Operation 47 'store' <Predicate = (!tmp_i)> <Delay = 2.77> <Core = "RAM">   --->   Core 37 'RAM' <Latency = 1> <II = 1> <Delay = 2.77> <Storage> <Opcode : 'load' 'store'> <Ports = 2> <Width = 8> <Depth = 840> <RAM>
ST_6 : Operation 48 [1/1] (0.00ns)   --->   "br label %4" [fips202.c:45->fips202.c:417]   --->   Operation 48 'br' <Predicate = (!tmp_i)> <Delay = 0.00>
ST_6 : Operation 49 [1/1] (0.00ns)   --->   "br label %store64.1.exit"   --->   Operation 49 'br' <Predicate = (tmp_i)> <Delay = 0.00>


============================================================
+ Verbose Summary: Timing violations
============================================================
Target clock period: 10ns, clock uncertainty: 1.25ns.

 <State 1>: 1.35ns
The critical path consists of the following:
	multiplexor before 'phi' operation ('p_s', fips202.c:420) with incoming values : ('nblocks', fips202.c:420) [6]  (1.35 ns)

 <State 2>: 1ns
The critical path consists of the following:
	'phi' operation ('p_s', fips202.c:420) with incoming values : ('nblocks', fips202.c:420) [6]  (0 ns)
	'icmp' operation ('tmp_s', fips202.c:414) [8]  (1 ns)

 <State 3>: 1.35ns
The critical path consists of the following:
	multiplexor before 'phi' operation ('i') with incoming values : ('i', fips202.c:416) [15]  (1.35 ns)

 <State 4>: 2.77ns
The critical path consists of the following:
	'phi' operation ('i') with incoming values : ('i', fips202.c:416) [15]  (0 ns)
	'getelementptr' operation ('s_addr', fips202.c:417) [23]  (0 ns)
	'load' operation ('u', fips202.c:417) on array 's' [24]  (2.77 ns)

 <State 5>: 2.77ns
The critical path consists of the following:
	'load' operation ('u', fips202.c:417) on array 's' [24]  (2.77 ns)

 <State 6>: 6.25ns
The critical path consists of the following:
	'phi' operation ('i') with incoming values : ('i', fips202.c:45->fips202.c:417) [27]  (0 ns)
	'lshr' operation ('tmp_18_i', fips202.c:46->fips202.c:417) [36]  (3.48 ns)
	'store' operation (fips202.c:46->fips202.c:417) of variable 'tmp_635', fips202.c:46->fips202.c:417 on array 'h' [44]  (2.77 ns)


============================================================
+ Verbose Summary: Binding
============================================================
N/A
* FSMD analyzer results:
  - Output states:
 - Input state : 
  - Chain level:
	State 1
	State 2
	State 3
	State 4
	State 5
	State 6


============================================================
+ Verbose Summary: Datapath Resource usage 
============================================================
N/A
