

================================================================
== Vivado HLS Report for 'keccak_absorb_2'
================================================================
* Date:           Tue Mar 19 14:03:12 2019

* Version:        2018.2 (Build 2258646 on Thu Jun 14 20:25:20 MDT 2018)
* Project:        Dilithium.prj
* Solution:       encryption_unroll
* Product family: artix7
* Target device:  xc7a200tfbg676-2


================================================================
== Performance Estimates
================================================================
+ Timing (ns): 
    * Summary: 
    +--------+-------+----------+------------+
    |  Clock | Target| Estimated| Uncertainty|
    +--------+-------+----------+------------+
    |ap_clk  |  10.00|     6.812|        1.25|
    +--------+-------+----------+------------+

+ Latency (clock cycles): 
    * Summary: 
    +------+------+------+------+---------+
    |   Latency   |   Interval  | Pipeline|
    |  min |  max |  min |  max |   Type  |
    +------+------+------+------+---------+
    |  2386|  2386|  2386|  2386|   none  |
    +------+------+------+------+---------+

    + Detail: 
        * Instance: 
        N/A

        * Loop: 
        +-----------------+------+------+----------+-----------+-----------+------+----------+
        |                 |   Latency   | Iteration|  Initiation Interval  | Trip |          |
        |    Loop Name    |  min |  max |  Latency |  achieved |   target  | Count| Pipelined|
        +-----------------+------+------+----------+-----------+-----------+------+----------+
        |- Loop 1         |    25|    25|         1|          -|          -|    25|    no    |
        |- Loop 2         |  1880|  1880|       376|          -|          -|     5|    no    |
        | + Loop 2.1      |   323|   323|        19|          -|          -|    17|    no    |
        |  ++ Loop 2.1.1  |    16|    16|         2|          -|          -|     8|    no    |
        |- Loop 3         |   136|   136|         1|          -|          -|   136|    no    |
        |- Loop 4         |    16|    16|         2|          -|          -|     8|    no    |
        |- Loop 5         |   323|   323|        19|          -|          -|    17|    no    |
        | + Loop 5.1      |    16|    16|         2|          -|          -|     8|    no    |
        +-----------------+------+------+----------+-----------+-----------+------+----------+

============================================================
+ Verbose Summary: Synthesis Manager
============================================================
InlineROM: 1
ExposeGlobal: 0
============================================================
+ Verbose Summary: CDFG Model
============================================================
IsTopModel: 0
ResetActiveHigh: 1
IsCombinational: 0
IsDatapathOnly: 0
HasWiredReturn: 1
HasMFsm: 0
HasVarLatency: 1
IsPipeline: 0
IsRtlPipelined: 0
IsInstanceOverlapped: 0
IsDontTouch: 0
HasImplIP: 0
IsGatedGlobalClock: 0


============================================================
+ Verbose Summary: Schedule
============================================================
* Number of FSM states : 16
* Pipeline : 0
* Dataflow Pipeline: 0

* FSM state transitions: 
1 --> 
	2  / true
2 --> 
	2  / (!tmp)
	3  / (tmp)
3 --> 
	4  / (!tmp_107)
	9  / (tmp_107)
4 --> 
	8  / (exitcond3)
	5  / (!exitcond3)
5 --> 
	6  / (!tmp_i)
	7  / (tmp_i)
6 --> 
	5  / true
7 --> 
	4  / true
8 --> 
	3  / true
9 --> 
	9  / (!exitcond)
	10  / (exitcond)
10 --> 
	11  / (!exitcond1)
	12  / (exitcond1)
11 --> 
	10  / true
12 --> 
	13  / true
13 --> 
	14  / (!exitcond4)
14 --> 
	15  / (!tmp_i3)
	16  / (tmp_i3)
15 --> 
	14  / true
16 --> 
	13  / true

* FSM state operations: 

State 1 <SV = 0> <Delay = 1.35>
ST_1 : Operation 17 [1/1] (0.00ns)   --->   "%t = alloca [200 x i8], align 16" [fips202.c:369]   --->   Operation 17 'alloca' 't' <Predicate = true> <Delay = 0.00> <Core = "RAM">   --->   Core 37 'RAM' <Latency = 1> <II = 1> <Delay = 2.77> <Storage> <Opcode : 'load' 'store'> <Ports = 2> <Width = 64> <Depth = 25> <RAM>
ST_1 : Operation 18 [1/1] (1.35ns)   --->   "br label %1" [fips202.c:372]   --->   Operation 18 'br' <Predicate = true> <Delay = 1.35>

State 2 <SV = 1> <Delay = 2.77>
ST_2 : Operation 19 [1/1] (0.00ns)   --->   "%i = phi i5 [ 0, %0 ], [ %i_46, %2 ]"   --->   Operation 19 'phi' 'i' <Predicate = true> <Delay = 0.00>
ST_2 : Operation 20 [1/1] (1.21ns)   --->   "%tmp = icmp eq i5 %i, -7" [fips202.c:372]   --->   Operation 20 'icmp' 'tmp' <Predicate = true> <Delay = 1.21> <Core = "Cmp">   --->   Core 25 'Cmp' <Latency = 0> <II = 1> <Delay = 1.21> <FuncUnit> <Opcode : 'icmp'> <InPorts = 2> <OutPorts = 1>
ST_2 : Operation 21 [1/1] (0.00ns)   --->   "%empty = call i32 (...)* @_ssdm_op_SpecLoopTripCount(i64 25, i64 25, i64 25)"   --->   Operation 21 'speclooptripcount' 'empty' <Predicate = true> <Delay = 0.00>
ST_2 : Operation 22 [1/1] (1.54ns)   --->   "%i_46 = add i5 %i, 1" [fips202.c:372]   --->   Operation 22 'add' 'i_46' <Predicate = true> <Delay = 1.54> <Core = "AddSub">   --->   Core 14 'AddSub' <Latency = 0> <II = 1> <Delay = 1.71> <FuncUnit> <Opcode : 'add' 'sub'> <InPorts = 2> <OutPorts = 1>
ST_2 : Operation 23 [1/1] (0.00ns)   --->   "br i1 %tmp, label %.preheader13.preheader, label %2" [fips202.c:372]   --->   Operation 23 'br' <Predicate = true> <Delay = 0.00>
ST_2 : Operation 24 [1/1] (0.00ns)   --->   "%tmp_106 = zext i5 %i to i64" [fips202.c:373]   --->   Operation 24 'zext' 'tmp_106' <Predicate = (!tmp)> <Delay = 0.00>
ST_2 : Operation 25 [1/1] (0.00ns)   --->   "%s_addr = getelementptr [25 x i64]* %s, i64 0, i64 %tmp_106" [fips202.c:373]   --->   Operation 25 'getelementptr' 's_addr' <Predicate = (!tmp)> <Delay = 0.00>
ST_2 : Operation 26 [1/1] (2.77ns)   --->   "store i64 0, i64* %s_addr, align 8" [fips202.c:373]   --->   Operation 26 'store' <Predicate = (!tmp)> <Delay = 2.77> <Core = "RAM">   --->   Core 37 'RAM' <Latency = 1> <II = 1> <Delay = 2.77> <Storage> <Opcode : 'load' 'store'> <Ports = 2> <Width = 64> <Depth = 25> <RAM>
ST_2 : Operation 27 [1/1] (0.00ns)   --->   "br label %1" [fips202.c:372]   --->   Operation 27 'br' <Predicate = (!tmp)> <Delay = 0.00>
ST_2 : Operation 28 [1/1] (1.35ns)   --->   "br label %.preheader13" [fips202.c:375]   --->   Operation 28 'br' <Predicate = (tmp)> <Delay = 1.35>

State 3 <SV = 2> <Delay = 1.43>
ST_3 : Operation 29 [1/1] (0.00ns)   --->   "%p_01_rec = phi i10 [ %p_rec, %6 ], [ 0, %.preheader13.preheader ]" [fips202.c:381]   --->   Operation 29 'phi' 'p_01_rec' <Predicate = true> <Delay = 0.00>
ST_3 : Operation 30 [1/1] (0.00ns)   --->   "%p_0 = phi i10 [ %mlen_assign, %6 ], [ -336, %.preheader13.preheader ]" [fips202.c:380]   --->   Operation 30 'phi' 'p_0' <Predicate = true> <Delay = 0.00>
ST_3 : Operation 31 [1/1] (1.43ns)   --->   "%tmp_107 = icmp ult i10 %p_0, 136" [fips202.c:375]   --->   Operation 31 'icmp' 'tmp_107' <Predicate = true> <Delay = 1.43> <Core = "Cmp">   --->   Core 25 'Cmp' <Latency = 0> <II = 1> <Delay = 1.21> <FuncUnit> <Opcode : 'icmp'> <InPorts = 2> <OutPorts = 1>
ST_3 : Operation 32 [1/1] (0.00ns)   --->   "%empty_65 = call i32 (...)* @_ssdm_op_SpecLoopTripCount(i64 5, i64 5, i64 5)"   --->   Operation 32 'speclooptripcount' 'empty_65' <Predicate = true> <Delay = 0.00>
ST_3 : Operation 33 [1/1] (0.00ns)   --->   "br i1 %tmp_107, label %.preheader3.preheader, label %.preheader4.preheader" [fips202.c:375]   --->   Operation 33 'br' <Predicate = true> <Delay = 0.00>
ST_3 : Operation 34 [1/1] (1.35ns)   --->   "br label %.preheader4"   --->   Operation 34 'br' <Predicate = (!tmp_107)> <Delay = 1.35>
ST_3 : Operation 35 [1/1] (1.35ns)   --->   "br label %.preheader3" [fips202.c:384]   --->   Operation 35 'br' <Predicate = (tmp_107)> <Delay = 1.35>

State 4 <SV = 3> <Delay = 1.74>
ST_4 : Operation 36 [1/1] (0.00ns)   --->   "%i_1 = phi i5 [ %i_6, %load64.3.exit ], [ 0, %.preheader4.preheader ]"   --->   Operation 36 'phi' 'i_1' <Predicate = true> <Delay = 0.00>
ST_4 : Operation 37 [1/1] (0.00ns)   --->   "%empty_66 = call i32 (...)* @_ssdm_op_SpecLoopTripCount(i64 17, i64 17, i64 17)"   --->   Operation 37 'speclooptripcount' 'empty_66' <Predicate = true> <Delay = 0.00>
ST_4 : Operation 38 [1/1] (1.21ns)   --->   "%exitcond3 = icmp eq i5 %i_1, -15" [fips202.c:376]   --->   Operation 38 'icmp' 'exitcond3' <Predicate = true> <Delay = 1.21> <Core = "Cmp">   --->   Core 25 'Cmp' <Latency = 0> <II = 1> <Delay = 1.21> <FuncUnit> <Opcode : 'icmp'> <InPorts = 2> <OutPorts = 1>
ST_4 : Operation 39 [1/1] (1.54ns)   --->   "%i_6 = add i5 %i_1, 1" [fips202.c:376]   --->   Operation 39 'add' 'i_6' <Predicate = true> <Delay = 1.54> <Core = "AddSub">   --->   Core 14 'AddSub' <Latency = 0> <II = 1> <Delay = 1.71> <FuncUnit> <Opcode : 'add' 'sub'> <InPorts = 2> <OutPorts = 1>
ST_4 : Operation 40 [1/1] (0.00ns)   --->   "br i1 %exitcond3, label %6, label %3" [fips202.c:376]   --->   Operation 40 'br' <Predicate = true> <Delay = 0.00>
ST_4 : Operation 41 [1/1] (0.00ns)   --->   "%tmp_109 = call i8 @_ssdm_op_BitConcatenate.i8.i5.i3(i5 %i_1, i3 0)" [fips202.c:377]   --->   Operation 41 'bitconcatenate' 'tmp_109' <Predicate = (!exitcond3)> <Delay = 0.00>
ST_4 : Operation 42 [1/1] (1.35ns)   --->   "br label %4" [fips202.c:28->fips202.c:377]   --->   Operation 42 'br' <Predicate = (!exitcond3)> <Delay = 1.35>
ST_4 : Operation 43 [2/2] (0.00ns)   --->   "call fastcc void @KeccakF1600_StatePer([25 x i64]* %s)" [fips202.c:379]   --->   Operation 43 'call' <Predicate = (exitcond3)> <Delay = 0.00> <CoreType = "Generic">   --->   Core 0 '' <Latency = 0> <II = 1> <Delay = 1.00> <Generic> <Opcode : >
ST_4 : Operation 44 [1/1] (1.74ns)   --->   "%mlen_assign = add i10 %p_0, -136" [fips202.c:380]   --->   Operation 44 'add' 'mlen_assign' <Predicate = (exitcond3)> <Delay = 1.74> <Core = "AddSub">   --->   Core 14 'AddSub' <Latency = 0> <II = 1> <Delay = 1.71> <FuncUnit> <Opcode : 'add' 'sub'> <InPorts = 2> <OutPorts = 1>

State 5 <SV = 4> <Delay = 6.24>
ST_5 : Operation 45 [1/1] (0.00ns)   --->   "%i_i = phi i4 [ 0, %3 ], [ %i_48, %5 ]"   --->   Operation 45 'phi' 'i_i' <Predicate = true> <Delay = 0.00>
ST_5 : Operation 46 [1/1] (0.00ns)   --->   "%r_i = phi i64 [ 0, %3 ], [ %r, %5 ]"   --->   Operation 46 'phi' 'r_i' <Predicate = true> <Delay = 0.00>
ST_5 : Operation 47 [1/1] (1.21ns)   --->   "%tmp_i = icmp eq i4 %i_i, -8" [fips202.c:28->fips202.c:377]   --->   Operation 47 'icmp' 'tmp_i' <Predicate = true> <Delay = 1.21> <Core = "Cmp">   --->   Core 25 'Cmp' <Latency = 0> <II = 1> <Delay = 1.21> <FuncUnit> <Opcode : 'icmp'> <InPorts = 2> <OutPorts = 1>
ST_5 : Operation 48 [1/1] (0.00ns)   --->   "%empty_67 = call i32 (...)* @_ssdm_op_SpecLoopTripCount(i64 8, i64 8, i64 8)"   --->   Operation 48 'speclooptripcount' 'empty_67' <Predicate = true> <Delay = 0.00>
ST_5 : Operation 49 [1/1] (1.49ns)   --->   "%i_48 = add i4 %i_i, 1" [fips202.c:28->fips202.c:377]   --->   Operation 49 'add' 'i_48' <Predicate = true> <Delay = 1.49> <Core = "AddSub">   --->   Core 14 'AddSub' <Latency = 0> <II = 1> <Delay = 1.71> <FuncUnit> <Opcode : 'add' 'sub'> <InPorts = 2> <OutPorts = 1>
ST_5 : Operation 50 [1/1] (0.00ns)   --->   "br i1 %tmp_i, label %load64.3.exit, label %5" [fips202.c:28->fips202.c:377]   --->   Operation 50 'br' <Predicate = true> <Delay = 0.00>
ST_5 : Operation 51 [1/1] (0.00ns)   --->   "%tmp_i_cast = zext i4 %i_i to i8" [fips202.c:28->fips202.c:377]   --->   Operation 51 'zext' 'tmp_i_cast' <Predicate = (!tmp_i)> <Delay = 0.00>
ST_5 : Operation 52 [1/1] (1.71ns)   --->   "%tmp2 = add i8 %tmp_i_cast, %tmp_109" [fips202.c:28->fips202.c:377]   --->   Operation 52 'add' 'tmp2' <Predicate = (!tmp_i)> <Delay = 1.71> <Core = "AddSub">   --->   Core 14 'AddSub' <Latency = 0> <II = 1> <Delay = 1.71> <FuncUnit> <Opcode : 'add' 'sub'> <InPorts = 2> <OutPorts = 1>
ST_5 : Operation 53 [1/1] (0.00ns)   --->   "%tmp2_cast = zext i8 %tmp2 to i10" [fips202.c:28->fips202.c:377]   --->   Operation 53 'zext' 'tmp2_cast' <Predicate = (!tmp_i)> <Delay = 0.00>
ST_5 : Operation 54 [1/1] (1.74ns)   --->   "%sum_i = add i10 %p_01_rec, %tmp2_cast" [fips202.c:381]   --->   Operation 54 'add' 'sum_i' <Predicate = (!tmp_i)> <Delay = 1.74> <Core = "AddSub">   --->   Core 14 'AddSub' <Latency = 0> <II = 1> <Delay = 1.71> <FuncUnit> <Opcode : 'add' 'sub'> <InPorts = 2> <OutPorts = 1>
ST_5 : Operation 55 [1/1] (0.00ns)   --->   "%sum_i_cast = zext i10 %sum_i to i64" [fips202.c:381]   --->   Operation 55 'zext' 'sum_i_cast' <Predicate = (!tmp_i)> <Delay = 0.00>
ST_5 : Operation 56 [1/1] (0.00ns)   --->   "%m_addr_1 = getelementptr [688 x i8]* %m, i64 0, i64 %sum_i_cast" [fips202.c:29->fips202.c:377]   --->   Operation 56 'getelementptr' 'm_addr_1' <Predicate = (!tmp_i)> <Delay = 0.00>
ST_5 : Operation 57 [2/2] (2.77ns)   --->   "%m_load_1 = load i8* %m_addr_1, align 1" [fips202.c:29->fips202.c:377]   --->   Operation 57 'load' 'm_load_1' <Predicate = (!tmp_i)> <Delay = 2.77> <Core = "RAM">   --->   Core 37 'RAM' <Latency = 1> <II = 1> <Delay = 2.77> <Storage> <Opcode : 'load' 'store'> <Ports = 2> <Width = 64> <Depth = 25> <RAM>
ST_5 : Operation 58 [1/1] (0.00ns)   --->   "%tmp_112 = zext i5 %i_1 to i64" [fips202.c:377]   --->   Operation 58 'zext' 'tmp_112' <Predicate = (tmp_i)> <Delay = 0.00>
ST_5 : Operation 59 [1/1] (0.00ns)   --->   "%s_addr_2 = getelementptr [25 x i64]* %s, i64 0, i64 %tmp_112" [fips202.c:377]   --->   Operation 59 'getelementptr' 's_addr_2' <Predicate = (tmp_i)> <Delay = 0.00>
ST_5 : Operation 60 [2/2] (2.77ns)   --->   "%s_load = load i64* %s_addr_2, align 8" [fips202.c:377]   --->   Operation 60 'load' 's_load' <Predicate = (tmp_i)> <Delay = 2.77> <Core = "RAM">   --->   Core 37 'RAM' <Latency = 1> <II = 1> <Delay = 2.77> <Storage> <Opcode : 'load' 'store'> <Ports = 2> <Width = 64> <Depth = 25> <RAM>

State 6 <SV = 5> <Delay = 5.19>
ST_6 : Operation 61 [1/2] (2.77ns)   --->   "%m_load_1 = load i8* %m_addr_1, align 1" [fips202.c:29->fips202.c:377]   --->   Operation 61 'load' 'm_load_1' <Predicate = true> <Delay = 2.77> <Core = "RAM">   --->   Core 37 'RAM' <Latency = 1> <II = 1> <Delay = 2.77> <Storage> <Opcode : 'load' 'store'> <Ports = 2> <Width = 64> <Depth = 25> <RAM>
ST_6 : Operation 62 [1/1] (0.00ns) (grouped into LUT with out node r)   --->   "%tmp_223_i = zext i8 %m_load_1 to i64" [fips202.c:29->fips202.c:377]   --->   Operation 62 'zext' 'tmp_223_i' <Predicate = true> <Delay = 0.00>
ST_6 : Operation 63 [1/1] (0.00ns) (grouped into LUT with out node r)   --->   "%tmp_641 = trunc i4 %i_i to i3" [fips202.c:28->fips202.c:377]   --->   Operation 63 'trunc' 'tmp_641' <Predicate = true> <Delay = 0.00>
ST_6 : Operation 64 [1/1] (0.00ns) (grouped into LUT with out node r)   --->   "%tmp_224_i = call i6 @_ssdm_op_BitConcatenate.i6.i3.i3(i3 %tmp_641, i3 0)" [fips202.c:29->fips202.c:377]   --->   Operation 64 'bitconcatenate' 'tmp_224_i' <Predicate = true> <Delay = 0.00>
ST_6 : Operation 65 [1/1] (0.00ns) (grouped into LUT with out node r)   --->   "%tmp_225_i = zext i6 %tmp_224_i to i64" [fips202.c:29->fips202.c:377]   --->   Operation 65 'zext' 'tmp_225_i' <Predicate = true> <Delay = 0.00>
ST_6 : Operation 66 [1/1] (0.00ns) (grouped into LUT with out node r)   --->   "%tmp_226_i = shl i64 %tmp_223_i, %tmp_225_i" [fips202.c:29->fips202.c:377]   --->   Operation 66 'shl' 'tmp_226_i' <Predicate = true> <Delay = 0.00> <Core = "Shift">   --->   Core 28 'Shift' <Latency = 0> <II = 1> <Delay = 2.42> <FuncUnit> <Opcode : 'shl' 'lshr' 'ashr'> <InPorts = 2> <OutPorts = 1>
ST_6 : Operation 67 [1/1] (2.42ns) (out node of the LUT)   --->   "%r = or i64 %tmp_226_i, %r_i" [fips202.c:29->fips202.c:377]   --->   Operation 67 'or' 'r' <Predicate = true> <Delay = 2.42> <Core = "LogicGate">   --->   Core 27 'LogicGate' <Latency = 0> <II = 1> <Delay = 0.80> <FuncUnit> <Opcode : 'and' 'or' 'xor'> <InPorts = 2> <OutPorts = 1>
ST_6 : Operation 68 [1/1] (0.00ns)   --->   "br label %4" [fips202.c:28->fips202.c:377]   --->   Operation 68 'br' <Predicate = true> <Delay = 0.00>

State 7 <SV = 5> <Delay = 6.35>
ST_7 : Operation 69 [1/2] (2.77ns)   --->   "%s_load = load i64* %s_addr_2, align 8" [fips202.c:377]   --->   Operation 69 'load' 's_load' <Predicate = true> <Delay = 2.77> <Core = "RAM">   --->   Core 37 'RAM' <Latency = 1> <II = 1> <Delay = 2.77> <Storage> <Opcode : 'load' 'store'> <Ports = 2> <Width = 64> <Depth = 25> <RAM>
ST_7 : Operation 70 [1/1] (0.80ns)   --->   "%tmp_113 = xor i64 %s_load, %r_i" [fips202.c:377]   --->   Operation 70 'xor' 'tmp_113' <Predicate = true> <Delay = 0.80> <Core = "LogicGate">   --->   Core 27 'LogicGate' <Latency = 0> <II = 1> <Delay = 0.80> <FuncUnit> <Opcode : 'and' 'or' 'xor'> <InPorts = 2> <OutPorts = 1>
ST_7 : Operation 71 [1/1] (2.77ns)   --->   "store i64 %tmp_113, i64* %s_addr_2, align 8" [fips202.c:377]   --->   Operation 71 'store' <Predicate = true> <Delay = 2.77> <Core = "RAM">   --->   Core 37 'RAM' <Latency = 1> <II = 1> <Delay = 2.77> <Storage> <Opcode : 'load' 'store'> <Ports = 2> <Width = 64> <Depth = 25> <RAM>
ST_7 : Operation 72 [1/1] (0.00ns)   --->   "br label %.preheader4" [fips202.c:376]   --->   Operation 72 'br' <Predicate = true> <Delay = 0.00>

State 8 <SV = 4> <Delay = 1.74>
ST_8 : Operation 73 [1/2] (0.00ns)   --->   "call fastcc void @KeccakF1600_StatePer([25 x i64]* %s)" [fips202.c:379]   --->   Operation 73 'call' <Predicate = true> <Delay = 0.00> <CoreType = "Generic">   --->   Core 0 '' <Latency = 0> <II = 1> <Delay = 1.00> <Generic> <Opcode : >
ST_8 : Operation 74 [1/1] (1.74ns)   --->   "%p_rec = add i10 %p_01_rec, 136" [fips202.c:381]   --->   Operation 74 'add' 'p_rec' <Predicate = true> <Delay = 1.74> <Core = "AddSub">   --->   Core 14 'AddSub' <Latency = 0> <II = 1> <Delay = 1.71> <FuncUnit> <Opcode : 'add' 'sub'> <InPorts = 2> <OutPorts = 1>
ST_8 : Operation 75 [1/1] (0.00ns)   --->   "br label %.preheader13" [fips202.c:382]   --->   Operation 75 'br' <Predicate = true> <Delay = 0.00>

State 9 <SV = 3> <Delay = 2.77>
ST_9 : Operation 76 [1/1] (0.00ns)   --->   "%i_2 = phi i8 [ %i_47, %7 ], [ 0, %.preheader3.preheader ]"   --->   Operation 76 'phi' 'i_2' <Predicate = true> <Delay = 0.00>
ST_9 : Operation 77 [1/1] (1.24ns)   --->   "%exitcond = icmp eq i8 %i_2, -120" [fips202.c:384]   --->   Operation 77 'icmp' 'exitcond' <Predicate = true> <Delay = 1.24> <Core = "Cmp">   --->   Core 25 'Cmp' <Latency = 0> <II = 1> <Delay = 1.21> <FuncUnit> <Opcode : 'icmp'> <InPorts = 2> <OutPorts = 1>
ST_9 : Operation 78 [1/1] (0.00ns)   --->   "%empty_68 = call i32 (...)* @_ssdm_op_SpecLoopTripCount(i64 136, i64 136, i64 136)"   --->   Operation 78 'speclooptripcount' 'empty_68' <Predicate = true> <Delay = 0.00>
ST_9 : Operation 79 [1/1] (1.71ns)   --->   "%i_47 = add i8 %i_2, 1" [fips202.c:384]   --->   Operation 79 'add' 'i_47' <Predicate = true> <Delay = 1.71> <Core = "AddSub">   --->   Core 14 'AddSub' <Latency = 0> <II = 1> <Delay = 1.71> <FuncUnit> <Opcode : 'add' 'sub'> <InPorts = 2> <OutPorts = 1>
ST_9 : Operation 80 [1/1] (0.00ns)   --->   "br i1 %exitcond, label %.preheader.preheader, label %7" [fips202.c:384]   --->   Operation 80 'br' <Predicate = true> <Delay = 0.00>
ST_9 : Operation 81 [1/1] (0.00ns)   --->   "%tmp_108 = zext i8 %i_2 to i64" [fips202.c:385]   --->   Operation 81 'zext' 'tmp_108' <Predicate = (!exitcond)> <Delay = 0.00>
ST_9 : Operation 82 [1/1] (0.00ns)   --->   "%t_addr = getelementptr inbounds [200 x i8]* %t, i64 0, i64 %tmp_108" [fips202.c:385]   --->   Operation 82 'getelementptr' 't_addr' <Predicate = (!exitcond)> <Delay = 0.00>
ST_9 : Operation 83 [1/1] (2.77ns)   --->   "store i8 0, i8* %t_addr, align 1" [fips202.c:385]   --->   Operation 83 'store' <Predicate = (!exitcond)> <Delay = 2.77> <Core = "RAM">   --->   Core 37 'RAM' <Latency = 1> <II = 1> <Delay = 2.77> <Storage> <Opcode : 'load' 'store'> <Ports = 2> <Width = 64> <Depth = 25> <RAM>
ST_9 : Operation 84 [1/1] (0.00ns)   --->   "br label %.preheader3" [fips202.c:384]   --->   Operation 84 'br' <Predicate = (!exitcond)> <Delay = 0.00>
ST_9 : Operation 85 [1/1] (1.35ns)   --->   "br label %.preheader" [fips202.c:386]   --->   Operation 85 'br' <Predicate = (exitcond)> <Delay = 1.35>

State 10 <SV = 4> <Delay = 4.52>
ST_10 : Operation 86 [1/1] (0.00ns)   --->   "%i_3 = phi i4 [ %tmp_111, %8 ], [ 0, %.preheader.preheader ]" [fips202.c:386]   --->   Operation 86 'phi' 'i_3' <Predicate = true> <Delay = 0.00>
ST_10 : Operation 87 [1/1] (0.00ns)   --->   "%tmp_110 = zext i4 %i_3 to i64" [fips202.c:386]   --->   Operation 87 'zext' 'tmp_110' <Predicate = true> <Delay = 0.00>
ST_10 : Operation 88 [1/1] (0.00ns)   --->   "%tmp_186_cast = zext i4 %i_3 to i10" [fips202.c:386]   --->   Operation 88 'zext' 'tmp_186_cast' <Predicate = true> <Delay = 0.00>
ST_10 : Operation 89 [1/1] (0.00ns)   --->   "%empty_69 = call i32 (...)* @_ssdm_op_SpecLoopTripCount(i64 8, i64 8, i64 8)"   --->   Operation 89 'speclooptripcount' 'empty_69' <Predicate = true> <Delay = 0.00>
ST_10 : Operation 90 [1/1] (1.21ns)   --->   "%exitcond1 = icmp eq i4 %i_3, -8" [fips202.c:386]   --->   Operation 90 'icmp' 'exitcond1' <Predicate = true> <Delay = 1.21> <Core = "Cmp">   --->   Core 25 'Cmp' <Latency = 0> <II = 1> <Delay = 1.21> <FuncUnit> <Opcode : 'icmp'> <InPorts = 2> <OutPorts = 1>
ST_10 : Operation 91 [1/1] (1.49ns)   --->   "%tmp_111 = add i4 %i_3, 1" [fips202.c:386]   --->   Operation 91 'add' 'tmp_111' <Predicate = true> <Delay = 1.49> <Core = "AddSub">   --->   Core 14 'AddSub' <Latency = 0> <II = 1> <Delay = 1.71> <FuncUnit> <Opcode : 'add' 'sub'> <InPorts = 2> <OutPorts = 1>
ST_10 : Operation 92 [1/1] (0.00ns)   --->   "br i1 %exitcond1, label %9, label %8" [fips202.c:386]   --->   Operation 92 'br' <Predicate = true> <Delay = 0.00>
ST_10 : Operation 93 [1/1] (1.74ns)   --->   "%sum9 = add i10 %tmp_186_cast, -344" [fips202.c:386]   --->   Operation 93 'add' 'sum9' <Predicate = (!exitcond1)> <Delay = 1.74> <Core = "AddSub">   --->   Core 14 'AddSub' <Latency = 0> <II = 1> <Delay = 1.71> <FuncUnit> <Opcode : 'add' 'sub'> <InPorts = 2> <OutPorts = 1>
ST_10 : Operation 94 [1/1] (0.00ns)   --->   "%sum9_cast = zext i10 %sum9 to i64" [fips202.c:386]   --->   Operation 94 'zext' 'sum9_cast' <Predicate = (!exitcond1)> <Delay = 0.00>
ST_10 : Operation 95 [1/1] (0.00ns)   --->   "%m_addr = getelementptr [688 x i8]* %m, i64 0, i64 %sum9_cast" [fips202.c:387]   --->   Operation 95 'getelementptr' 'm_addr' <Predicate = (!exitcond1)> <Delay = 0.00>
ST_10 : Operation 96 [2/2] (2.77ns)   --->   "%m_load = load i8* %m_addr, align 1" [fips202.c:387]   --->   Operation 96 'load' 'm_load' <Predicate = (!exitcond1)> <Delay = 2.77> <Core = "RAM">   --->   Core 37 'RAM' <Latency = 1> <II = 1> <Delay = 2.77> <Storage> <Opcode : 'load' 'store'> <Ports = 2> <Width = 64> <Depth = 25> <RAM>
ST_10 : Operation 97 [1/1] (0.00ns)   --->   "%t_addr_4 = getelementptr inbounds [200 x i8]* %t, i64 0, i64 135" [fips202.c:389]   --->   Operation 97 'getelementptr' 't_addr_4' <Predicate = (exitcond1)> <Delay = 0.00>
ST_10 : Operation 98 [2/2] (2.77ns)   --->   "%t_load = load i8* %t_addr_4, align 1" [fips202.c:389]   --->   Operation 98 'load' 't_load' <Predicate = (exitcond1)> <Delay = 2.77> <Core = "RAM">   --->   Core 37 'RAM' <Latency = 1> <II = 1> <Delay = 2.77> <Storage> <Opcode : 'load' 'store'> <Ports = 2> <Width = 64> <Depth = 25> <RAM>

State 11 <SV = 5> <Delay = 5.54>
ST_11 : Operation 99 [1/2] (2.77ns)   --->   "%m_load = load i8* %m_addr, align 1" [fips202.c:387]   --->   Operation 99 'load' 'm_load' <Predicate = true> <Delay = 2.77> <Core = "RAM">   --->   Core 37 'RAM' <Latency = 1> <II = 1> <Delay = 2.77> <Storage> <Opcode : 'load' 'store'> <Ports = 2> <Width = 64> <Depth = 25> <RAM>
ST_11 : Operation 100 [1/1] (0.00ns)   --->   "%t_addr_2 = getelementptr inbounds [200 x i8]* %t, i64 0, i64 %tmp_110" [fips202.c:387]   --->   Operation 100 'getelementptr' 't_addr_2' <Predicate = true> <Delay = 0.00>
ST_11 : Operation 101 [1/1] (2.77ns)   --->   "store i8 %m_load, i8* %t_addr_2, align 1" [fips202.c:387]   --->   Operation 101 'store' <Predicate = true> <Delay = 2.77> <Core = "RAM">   --->   Core 37 'RAM' <Latency = 1> <II = 1> <Delay = 2.77> <Storage> <Opcode : 'load' 'store'> <Ports = 2> <Width = 64> <Depth = 25> <RAM>
ST_11 : Operation 102 [1/1] (0.00ns)   --->   "br label %.preheader" [fips202.c:386]   --->   Operation 102 'br' <Predicate = true> <Delay = 0.00>

State 12 <SV = 5> <Delay = 5.54>
ST_12 : Operation 103 [1/1] (0.00ns)   --->   "%t_addr_3 = getelementptr inbounds [200 x i8]* %t, i64 0, i64 8" [fips202.c:388]   --->   Operation 103 'getelementptr' 't_addr_3' <Predicate = true> <Delay = 0.00>
ST_12 : Operation 104 [1/1] (2.77ns)   --->   "store i8 31, i8* %t_addr_3, align 8" [fips202.c:388]   --->   Operation 104 'store' <Predicate = true> <Delay = 2.77> <Core = "RAM">   --->   Core 37 'RAM' <Latency = 1> <II = 1> <Delay = 2.77> <Storage> <Opcode : 'load' 'store'> <Ports = 2> <Width = 64> <Depth = 25> <RAM>
ST_12 : Operation 105 [1/2] (2.77ns)   --->   "%t_load = load i8* %t_addr_4, align 1" [fips202.c:389]   --->   Operation 105 'load' 't_load' <Predicate = true> <Delay = 2.77> <Core = "RAM">   --->   Core 37 'RAM' <Latency = 1> <II = 1> <Delay = 2.77> <Storage> <Opcode : 'load' 'store'> <Ports = 2> <Width = 64> <Depth = 25> <RAM>
ST_12 : Operation 106 [1/1] (0.00ns)   --->   "%tmp_s = or i8 %t_load, -128" [fips202.c:389]   --->   Operation 106 'or' 'tmp_s' <Predicate = true> <Delay = 0.00>
ST_12 : Operation 107 [1/1] (2.77ns)   --->   "store i8 %tmp_s, i8* %t_addr_4, align 1" [fips202.c:389]   --->   Operation 107 'store' <Predicate = true> <Delay = 2.77> <Core = "RAM">   --->   Core 37 'RAM' <Latency = 1> <II = 1> <Delay = 2.77> <Storage> <Opcode : 'load' 'store'> <Ports = 2> <Width = 64> <Depth = 25> <RAM>
ST_12 : Operation 108 [1/1] (1.35ns)   --->   "br label %10" [fips202.c:390]   --->   Operation 108 'br' <Predicate = true> <Delay = 1.35>

State 13 <SV = 6> <Delay = 1.54>
ST_13 : Operation 109 [1/1] (0.00ns)   --->   "%i_4 = phi i5 [ 0, %9 ], [ %i_49, %load64.exit ]"   --->   Operation 109 'phi' 'i_4' <Predicate = true> <Delay = 0.00>
ST_13 : Operation 110 [1/1] (0.00ns)   --->   "%empty_70 = call i32 (...)* @_ssdm_op_SpecLoopTripCount(i64 17, i64 17, i64 17)"   --->   Operation 110 'speclooptripcount' 'empty_70' <Predicate = true> <Delay = 0.00>
ST_13 : Operation 111 [1/1] (1.21ns)   --->   "%exitcond4 = icmp eq i5 %i_4, -15" [fips202.c:390]   --->   Operation 111 'icmp' 'exitcond4' <Predicate = true> <Delay = 1.21> <Core = "Cmp">   --->   Core 25 'Cmp' <Latency = 0> <II = 1> <Delay = 1.21> <FuncUnit> <Opcode : 'icmp'> <InPorts = 2> <OutPorts = 1>
ST_13 : Operation 112 [1/1] (1.54ns)   --->   "%i_49 = add i5 %i_4, 1" [fips202.c:390]   --->   Operation 112 'add' 'i_49' <Predicate = true> <Delay = 1.54> <Core = "AddSub">   --->   Core 14 'AddSub' <Latency = 0> <II = 1> <Delay = 1.71> <FuncUnit> <Opcode : 'add' 'sub'> <InPorts = 2> <OutPorts = 1>
ST_13 : Operation 113 [1/1] (0.00ns)   --->   "br i1 %exitcond4, label %14, label %11" [fips202.c:390]   --->   Operation 113 'br' <Predicate = true> <Delay = 0.00>
ST_13 : Operation 114 [1/1] (0.00ns)   --->   "%tmp_114 = call i8 @_ssdm_op_BitConcatenate.i8.i5.i3(i5 %i_4, i3 0)" [fips202.c:391]   --->   Operation 114 'bitconcatenate' 'tmp_114' <Predicate = (!exitcond4)> <Delay = 0.00>
ST_13 : Operation 115 [1/1] (1.35ns)   --->   "br label %12" [fips202.c:28->fips202.c:391]   --->   Operation 115 'br' <Predicate = (!exitcond4)> <Delay = 1.35>
ST_13 : Operation 116 [1/1] (0.00ns)   --->   "ret void" [fips202.c:392]   --->   Operation 116 'ret' <Predicate = (exitcond4)> <Delay = 0.00>

State 14 <SV = 7> <Delay = 4.49>
ST_14 : Operation 117 [1/1] (0.00ns)   --->   "%i_i1 = phi i4 [ 0, %11 ], [ %i_7, %13 ]"   --->   Operation 117 'phi' 'i_i1' <Predicate = true> <Delay = 0.00>
ST_14 : Operation 118 [1/1] (0.00ns)   --->   "%r_i2 = phi i64 [ 0, %11 ], [ %r_1, %13 ]"   --->   Operation 118 'phi' 'r_i2' <Predicate = true> <Delay = 0.00>
ST_14 : Operation 119 [1/1] (1.21ns)   --->   "%tmp_i3 = icmp eq i4 %i_i1, -8" [fips202.c:28->fips202.c:391]   --->   Operation 119 'icmp' 'tmp_i3' <Predicate = true> <Delay = 1.21> <Core = "Cmp">   --->   Core 25 'Cmp' <Latency = 0> <II = 1> <Delay = 1.21> <FuncUnit> <Opcode : 'icmp'> <InPorts = 2> <OutPorts = 1>
ST_14 : Operation 120 [1/1] (0.00ns)   --->   "%empty_71 = call i32 (...)* @_ssdm_op_SpecLoopTripCount(i64 8, i64 8, i64 8)"   --->   Operation 120 'speclooptripcount' 'empty_71' <Predicate = true> <Delay = 0.00>
ST_14 : Operation 121 [1/1] (1.49ns)   --->   "%i_7 = add i4 %i_i1, 1" [fips202.c:28->fips202.c:391]   --->   Operation 121 'add' 'i_7' <Predicate = true> <Delay = 1.49> <Core = "AddSub">   --->   Core 14 'AddSub' <Latency = 0> <II = 1> <Delay = 1.71> <FuncUnit> <Opcode : 'add' 'sub'> <InPorts = 2> <OutPorts = 1>
ST_14 : Operation 122 [1/1] (0.00ns)   --->   "br i1 %tmp_i3, label %load64.exit, label %13" [fips202.c:28->fips202.c:391]   --->   Operation 122 'br' <Predicate = true> <Delay = 0.00>
ST_14 : Operation 123 [1/1] (0.00ns)   --->   "%tmp_i4_cast = zext i4 %i_i1 to i8" [fips202.c:28->fips202.c:391]   --->   Operation 123 'zext' 'tmp_i4_cast' <Predicate = (!tmp_i3)> <Delay = 0.00>
ST_14 : Operation 124 [1/1] (1.71ns)   --->   "%sum_i5 = add i8 %tmp_114, %tmp_i4_cast" [fips202.c:391]   --->   Operation 124 'add' 'sum_i5' <Predicate = (!tmp_i3)> <Delay = 1.71> <Core = "AddSub">   --->   Core 14 'AddSub' <Latency = 0> <II = 1> <Delay = 1.71> <FuncUnit> <Opcode : 'add' 'sub'> <InPorts = 2> <OutPorts = 1>
ST_14 : Operation 125 [1/1] (0.00ns)   --->   "%sum_i5_cast = zext i8 %sum_i5 to i64" [fips202.c:391]   --->   Operation 125 'zext' 'sum_i5_cast' <Predicate = (!tmp_i3)> <Delay = 0.00>
ST_14 : Operation 126 [1/1] (0.00ns)   --->   "%t_addr_5 = getelementptr [200 x i8]* %t, i64 0, i64 %sum_i5_cast" [fips202.c:29->fips202.c:391]   --->   Operation 126 'getelementptr' 't_addr_5' <Predicate = (!tmp_i3)> <Delay = 0.00>
ST_14 : Operation 127 [2/2] (2.77ns)   --->   "%t_load_2 = load i8* %t_addr_5, align 1" [fips202.c:29->fips202.c:391]   --->   Operation 127 'load' 't_load_2' <Predicate = (!tmp_i3)> <Delay = 2.77> <Core = "RAM">   --->   Core 37 'RAM' <Latency = 1> <II = 1> <Delay = 2.77> <Storage> <Opcode : 'load' 'store'> <Ports = 2> <Width = 64> <Depth = 25> <RAM>
ST_14 : Operation 128 [1/1] (0.00ns)   --->   "%tmp_115 = zext i5 %i_4 to i64" [fips202.c:391]   --->   Operation 128 'zext' 'tmp_115' <Predicate = (tmp_i3)> <Delay = 0.00>
ST_14 : Operation 129 [1/1] (0.00ns)   --->   "%s_addr_3 = getelementptr [25 x i64]* %s, i64 0, i64 %tmp_115" [fips202.c:391]   --->   Operation 129 'getelementptr' 's_addr_3' <Predicate = (tmp_i3)> <Delay = 0.00>
ST_14 : Operation 130 [2/2] (2.77ns)   --->   "%s_load_1 = load i64* %s_addr_3, align 8" [fips202.c:391]   --->   Operation 130 'load' 's_load_1' <Predicate = (tmp_i3)> <Delay = 2.77> <Core = "RAM">   --->   Core 37 'RAM' <Latency = 1> <II = 1> <Delay = 2.77> <Storage> <Opcode : 'load' 'store'> <Ports = 2> <Width = 64> <Depth = 25> <RAM>

State 15 <SV = 8> <Delay = 5.19>
ST_15 : Operation 131 [1/2] (2.77ns)   --->   "%t_load_2 = load i8* %t_addr_5, align 1" [fips202.c:29->fips202.c:391]   --->   Operation 131 'load' 't_load_2' <Predicate = true> <Delay = 2.77> <Core = "RAM">   --->   Core 37 'RAM' <Latency = 1> <II = 1> <Delay = 2.77> <Storage> <Opcode : 'load' 'store'> <Ports = 2> <Width = 64> <Depth = 25> <RAM>
ST_15 : Operation 132 [1/1] (0.00ns) (grouped into LUT with out node r_1)   --->   "%tmp_223_i8 = zext i8 %t_load_2 to i64" [fips202.c:29->fips202.c:391]   --->   Operation 132 'zext' 'tmp_223_i8' <Predicate = true> <Delay = 0.00>
ST_15 : Operation 133 [1/1] (0.00ns) (grouped into LUT with out node r_1)   --->   "%tmp_642 = trunc i4 %i_i1 to i3" [fips202.c:28->fips202.c:391]   --->   Operation 133 'trunc' 'tmp_642' <Predicate = true> <Delay = 0.00>
ST_15 : Operation 134 [1/1] (0.00ns) (grouped into LUT with out node r_1)   --->   "%tmp_224_i9 = call i6 @_ssdm_op_BitConcatenate.i6.i3.i3(i3 %tmp_642, i3 0)" [fips202.c:29->fips202.c:391]   --->   Operation 134 'bitconcatenate' 'tmp_224_i9' <Predicate = true> <Delay = 0.00>
ST_15 : Operation 135 [1/1] (0.00ns) (grouped into LUT with out node r_1)   --->   "%tmp_225_i1 = zext i6 %tmp_224_i9 to i64" [fips202.c:29->fips202.c:391]   --->   Operation 135 'zext' 'tmp_225_i1' <Predicate = true> <Delay = 0.00>
ST_15 : Operation 136 [1/1] (0.00ns) (grouped into LUT with out node r_1)   --->   "%tmp_226_i1 = shl i64 %tmp_223_i8, %tmp_225_i1" [fips202.c:29->fips202.c:391]   --->   Operation 136 'shl' 'tmp_226_i1' <Predicate = true> <Delay = 0.00> <Core = "Shift">   --->   Core 28 'Shift' <Latency = 0> <II = 1> <Delay = 2.42> <FuncUnit> <Opcode : 'shl' 'lshr' 'ashr'> <InPorts = 2> <OutPorts = 1>
ST_15 : Operation 137 [1/1] (2.42ns) (out node of the LUT)   --->   "%r_1 = or i64 %tmp_226_i1, %r_i2" [fips202.c:29->fips202.c:391]   --->   Operation 137 'or' 'r_1' <Predicate = true> <Delay = 2.42> <Core = "LogicGate">   --->   Core 27 'LogicGate' <Latency = 0> <II = 1> <Delay = 0.80> <FuncUnit> <Opcode : 'and' 'or' 'xor'> <InPorts = 2> <OutPorts = 1>
ST_15 : Operation 138 [1/1] (0.00ns)   --->   "br label %12" [fips202.c:28->fips202.c:391]   --->   Operation 138 'br' <Predicate = true> <Delay = 0.00>

State 16 <SV = 8> <Delay = 6.35>
ST_16 : Operation 139 [1/2] (2.77ns)   --->   "%s_load_1 = load i64* %s_addr_3, align 8" [fips202.c:391]   --->   Operation 139 'load' 's_load_1' <Predicate = true> <Delay = 2.77> <Core = "RAM">   --->   Core 37 'RAM' <Latency = 1> <II = 1> <Delay = 2.77> <Storage> <Opcode : 'load' 'store'> <Ports = 2> <Width = 64> <Depth = 25> <RAM>
ST_16 : Operation 140 [1/1] (0.80ns)   --->   "%tmp_116 = xor i64 %s_load_1, %r_i2" [fips202.c:391]   --->   Operation 140 'xor' 'tmp_116' <Predicate = true> <Delay = 0.80> <Core = "LogicGate">   --->   Core 27 'LogicGate' <Latency = 0> <II = 1> <Delay = 0.80> <FuncUnit> <Opcode : 'and' 'or' 'xor'> <InPorts = 2> <OutPorts = 1>
ST_16 : Operation 141 [1/1] (2.77ns)   --->   "store i64 %tmp_116, i64* %s_addr_3, align 8" [fips202.c:391]   --->   Operation 141 'store' <Predicate = true> <Delay = 2.77> <Core = "RAM">   --->   Core 37 'RAM' <Latency = 1> <II = 1> <Delay = 2.77> <Storage> <Opcode : 'load' 'store'> <Ports = 2> <Width = 64> <Depth = 25> <RAM>
ST_16 : Operation 142 [1/1] (0.00ns)   --->   "br label %10" [fips202.c:390]   --->   Operation 142 'br' <Predicate = true> <Delay = 0.00>


============================================================
+ Verbose Summary: Timing violations
============================================================
Target clock period: 10ns, clock uncertainty: 1.25ns.

 <State 1>: 1.35ns
The critical path consists of the following:
	multiplexor before 'phi' operation ('i') with incoming values : ('i', fips202.c:372) [7]  (1.35 ns)

 <State 2>: 2.77ns
The critical path consists of the following:
	'phi' operation ('i') with incoming values : ('i', fips202.c:372) [7]  (0 ns)
	'getelementptr' operation ('s_addr', fips202.c:373) [14]  (0 ns)
	'store' operation (fips202.c:373) of constant 0 on array 's' [15]  (2.77 ns)

 <State 3>: 1.43ns
The critical path consists of the following:
	'phi' operation ('p_0', fips202.c:380) with incoming values : ('mlen_assign', fips202.c:380) [21]  (0 ns)
	'icmp' operation ('tmp_107', fips202.c:375) [22]  (1.43 ns)

 <State 4>: 1.75ns
The critical path consists of the following:
	'add' operation ('mlen_assign', fips202.c:380) [67]  (1.75 ns)

 <State 5>: 6.24ns
The critical path consists of the following:
	'phi' operation ('i') with incoming values : ('i', fips202.c:28->fips202.c:377) [37]  (0 ns)
	'add' operation ('tmp2', fips202.c:28->fips202.c:377) [45]  (1.72 ns)
	'add' operation ('sum_i', fips202.c:381) [47]  (1.75 ns)
	'getelementptr' operation ('m_addr_1', fips202.c:29->fips202.c:377) [49]  (0 ns)
	'load' operation ('m_load_1', fips202.c:29->fips202.c:377) on array 'm' [50]  (2.77 ns)

 <State 6>: 5.19ns
The critical path consists of the following:
	'load' operation ('m_load_1', fips202.c:29->fips202.c:377) on array 'm' [50]  (2.77 ns)
	'shl' operation ('tmp_226_i', fips202.c:29->fips202.c:377) [55]  (0 ns)
	'or' operation ('r', fips202.c:29->fips202.c:377) [56]  (2.42 ns)

 <State 7>: 6.35ns
The critical path consists of the following:
	'load' operation ('s_load', fips202.c:377) on array 's' [61]  (2.77 ns)
	'xor' operation ('tmp_113', fips202.c:377) [62]  (0.808 ns)
	'store' operation (fips202.c:377) of variable 'tmp_113', fips202.c:377 on array 's' [63]  (2.77 ns)

 <State 8>: 1.75ns
The critical path consists of the following:
	'add' operation ('p_rec', fips202.c:381) [68]  (1.75 ns)

 <State 9>: 2.77ns
The critical path consists of the following:
	'phi' operation ('i') with incoming values : ('i', fips202.c:384) [73]  (0 ns)
	'getelementptr' operation ('t_addr', fips202.c:385) [80]  (0 ns)
	'store' operation (fips202.c:385) of constant 0 on array 't', fips202.c:369 [81]  (2.77 ns)

 <State 10>: 4.52ns
The critical path consists of the following:
	'phi' operation ('i_3', fips202.c:386) with incoming values : ('tmp_111', fips202.c:386) [86]  (0 ns)
	'add' operation ('sum9', fips202.c:386) [94]  (1.75 ns)
	'getelementptr' operation ('m_addr', fips202.c:387) [96]  (0 ns)
	'load' operation ('m_load', fips202.c:387) on array 'm' [97]  (2.77 ns)

 <State 11>: 5.54ns
The critical path consists of the following:
	'load' operation ('m_load', fips202.c:387) on array 'm' [97]  (2.77 ns)
	'store' operation (fips202.c:387) of variable 'm_load', fips202.c:387 on array 't', fips202.c:369 [99]  (2.77 ns)

 <State 12>: 5.54ns
The critical path consists of the following:
	'load' operation ('t_load', fips202.c:389) on array 't', fips202.c:369 [105]  (2.77 ns)
	'or' operation ('tmp_s', fips202.c:389) [106]  (0 ns)
	'store' operation (fips202.c:389) of variable 'tmp_s', fips202.c:389 on array 't', fips202.c:369 [107]  (2.77 ns)

 <State 13>: 1.55ns
The critical path consists of the following:
	'phi' operation ('i') with incoming values : ('i', fips202.c:390) [110]  (0 ns)
	'add' operation ('i', fips202.c:390) [113]  (1.55 ns)

 <State 14>: 4.49ns
The critical path consists of the following:
	'phi' operation ('i') with incoming values : ('i', fips202.c:28->fips202.c:391) [119]  (0 ns)
	'add' operation ('sum_i5', fips202.c:391) [127]  (1.72 ns)
	'getelementptr' operation ('t_addr_5', fips202.c:29->fips202.c:391) [129]  (0 ns)
	'load' operation ('t_load_2', fips202.c:29->fips202.c:391) on array 't', fips202.c:369 [130]  (2.77 ns)

 <State 15>: 5.19ns
The critical path consists of the following:
	'load' operation ('t_load_2', fips202.c:29->fips202.c:391) on array 't', fips202.c:369 [130]  (2.77 ns)
	'shl' operation ('tmp_226_i1', fips202.c:29->fips202.c:391) [135]  (0 ns)
	'or' operation ('r', fips202.c:29->fips202.c:391) [136]  (2.42 ns)

 <State 16>: 6.35ns
The critical path consists of the following:
	'load' operation ('s_load_1', fips202.c:391) on array 's' [141]  (2.77 ns)
	'xor' operation ('tmp_116', fips202.c:391) [142]  (0.808 ns)
	'store' operation (fips202.c:391) of variable 'tmp_116', fips202.c:391 on array 's' [143]  (2.77 ns)


============================================================
+ Verbose Summary: Binding
============================================================
N/A
* FSMD analyzer results:
  - Output states:
 - Input state : 
  - Chain level:
	State 1
	State 2
	State 3
	State 4
	State 5
	State 6
	State 7
	State 8
	State 9
	State 10
	State 11
	State 12
	State 13
	State 14
	State 15
	State 16


============================================================
+ Verbose Summary: Datapath Resource usage 
============================================================
N/A
