

================================================================
== Vivado HLS Report for 'crypto_sign_open'
================================================================
* Date:           Wed Mar 27 17:17:07 2019

* Version:        2018.2 (Build 2258646 on Thu Jun 14 20:25:20 MDT 2018)
* Project:        Dilithium.prj
* Solution:       decryption
* Product family: artix7
* Target device:  xc7a200tfbg676-2


================================================================
== Performance Estimates
================================================================
+ Timing (ns): 
    * Summary: 
    +--------+-------+----------+------------+
    |  Clock | Target| Estimated| Uncertainty|
    +--------+-------+----------+------------+
    |ap_clk  |  10.00|     8.738|        1.25|
    +--------+-------+----------+------------+

+ Latency (clock cycles): 
    * Summary: 
    +-----+-----+-----+-----+---------+
    |  Latency  |  Interval | Pipeline|
    | min | max | min | max |   Type  |
    +-----+-----+-----+-----+---------+
    |    ?|    ?|    ?|    ?|   none  |
    +-----+-----+-----+-----+---------+

    + Detail: 
        * Instance: 
        +-----------------------------------+------------------------+------+------+------+------+---------+
        |                                   |                        |   Latency   |   Interval  | Pipeline|
        |              Instance             |         Module         |  min |  max |  min |  max |   Type  |
        +-----------------------------------+------------------------+------+------+------+------+---------+
        |grp_keccak_absorb_fu_757           |keccak_absorb           |     ?|     ?|     ?|     ?|   none  |
        |grp_expand_mat_fu_771              |expand_mat              |     ?|     ?|     ?|     ?|   none  |
        |grp_keccak_squeezeblocks_2_fu_779  |keccak_squeezeblocks_2  |   241|   241|   241|   241|   none  |
        |grp_unpack_sig_fu_787              |unpack_sig              |     ?|     ?|     ?|     ?|   none  |
        |grp_invntt_frominvmont_fu_796      |invntt_frominvmont      |     ?|     ?|     ?|     ?|   none  |
        |grp_polyvecl_pointwise_a_fu_805    |polyvecl_pointwise_a    |  8460|  8460|  8460|  8460|   none  |
        |grp_ntt_fu_814                     |ntt                     |     ?|     ?|     ?|     ?|   none  |
        |grp_ntt_1_fu_823                   |ntt_1                   |     ?|     ?|     ?|     ?|   none  |
        |grp_ntt_2_fu_832                   |ntt_2                   |     ?|     ?|     ?|     ?|   none  |
        |grp_polyt1_unpack_fu_839           |polyt1_unpack           |   193|   193|   193|   193|   none  |
        |grp_polyveck_use_hint_fu_849       |polyveck_use_hint       |  6411|  6411|  6411|  6411|   none  |
        |grp_polyveck_freeze_fu_856         |polyveck_freeze         |  3851|  3851|  3851|  3851|   none  |
        +-----------------------------------+------------------------+------+------+------+------+---------+

        * Loop: 
        +----------------------------------------+-------+-------+----------+-----------+-----------+----------+----------+
        |                                        |    Latency    | Iteration|  Initiation Interval  |   Trip   |          |
        |                Loop Name               |  min  |  max  |  Latency |  achieved |   target  |   Count  | Pipelined|
        +----------------------------------------+-------+-------+----------+-----------+-----------+----------+----------+
        |- Loop 1                                |      0|   2700|         1|          -|          -| 0 ~ 2700 |    no    |
        |- Loop 2                                |     64|     64|         2|          -|          -|        32|    no    |
        |- Loop 3                                |    975|    975|       195|          -|          -|         5|    no    |
        |- Loop 4                                |     24|   3092|  6 ~ 773 |          -|          -|         4|    no    |
        | + Loop 4.1                             |      3|    770|         3|          -|          -|  1 ~ 256 |    no    |
        |- Loop 5                                |      ?|      ?|         1|          -|          -|         ?|    no    |
        |- Loop 6                                |   2944|   2944|         2|          -|          -|      1472|    no    |
        |- Loop 7                                |      ?|      ?|         3|          -|          -|         ?|    no    |
        |- Loop 8                                |     96|     96|         2|          -|          -|        48|    no    |
        |- Loop 9                                |     47|     47|         1|          -|          -|        48|    no    |
        |- Loop 10                               |      ?|      ?|         ?|          -|          -|         4|    no    |
        |- Loop 11                               |  42310|  42310|      8462|          -|          -|         5|    no    |
        |- Loop 12                               |    511|    511|         2|          -|          -|       256|    no    |
        |- Loop 13                               |   2570|   2570|       514|          -|          -|         5|    no    |
        | + Loop 13.1                            |    512|    512|         2|          -|          -|       256|    no    |
        |- Loop 14                               |      ?|      ?|         ?|          -|          -|         5|    no    |
        |- Loop 15                               |   7690|   7690|      1538|          -|          -|         5|    no    |
        | + poly_pointwise_invmontgomery_label2  |   1536|   1536|         6|          -|          -|       256|    no    |
        |- Loop 16                               |   3850|   3850|       770|          -|          -|         5|    no    |
        | + Loop 16.1                            |    768|    768|         3|          -|          -|       256|    no    |
        |- Loop 17                               |      ?|      ?|         ?|          -|          -|         5|    no    |
        |- Loop 18                               |      ?|      ?|         3|          -|          -|         ?|    no    |
        +----------------------------------------+-------+-------+----------+-----------+-----------+----------+----------+



================================================================
== Utilization Estimates
================================================================
* Summary: 
+-----------------+---------+-------+--------+--------+
|       Name      | BRAM_18K| DSP48E|   FF   |   LUT  |
+-----------------+---------+-------+--------+--------+
|DSP              |        -|      -|       -|       -|
|Expression       |        -|      9|       0|    1378|
|FIFO             |        -|      -|       -|       -|
|Instance         |       18|     63|   13809|   60968|
|Memory           |       40|      -|      16|       4|
|Multiplexer      |        -|      -|       -|    1630|
|Register         |        -|      -|     958|       -|
+-----------------+---------+-------+--------+--------+
|Total            |       58|     72|   14783|   63980|
+-----------------+---------+-------+--------+--------+
|Available        |      730|    740|  269200|  129000|
+-----------------+---------+-------+--------+--------+
|Utilization (%)  |        7|      9|       5|      49|
+-----------------+---------+-------+--------+--------+

+ Detail: 
    * Instance: 
    +-----------------------------------+------------------------+---------+-------+------+-------+
    |              Instance             |         Module         | BRAM_18K| DSP48E|  FF  |  LUT  |
    +-----------------------------------+------------------------+---------+-------+------+-------+
    |grp_expand_mat_fu_771              |expand_mat              |        8|      0|  3502|  18531|
    |grp_invntt_frominvmont_fu_796      |invntt_frominvmont      |        1|     18|   650|    874|
    |grp_keccak_absorb_fu_757           |keccak_absorb           |        3|      0|  3599|  18442|
    |grp_keccak_squeezeblocks_2_fu_779  |keccak_squeezeblocks_2  |        2|      0|  3209|  17316|
    |grp_ntt_fu_814                     |ntt                     |        1|      9|   552|    703|
    |grp_ntt_1_fu_823                   |ntt_1                   |        1|      9|   550|    703|
    |grp_ntt_2_fu_832                   |ntt_2                   |        1|      9|   543|    658|
    |grp_polyt1_unpack_fu_839           |polyt1_unpack           |        0|      0|    65|    606|
    |grp_polyveck_freeze_fu_856         |polyveck_freeze         |        0|      0|    75|    289|
    |grp_polyveck_use_hint_fu_849       |polyveck_use_hint       |        0|      0|   117|    532|
    |grp_polyvecl_pointwise_a_fu_805    |polyvecl_pointwise_a    |        1|     18|   571|    844|
    |grp_unpack_sig_fu_787              |unpack_sig              |        0|      0|   376|   1470|
    +-----------------------------------+------------------------+---------+-------+------+-------+
    |Total                              |                        |       18|     63| 13809|  60968|
    +-----------------------------------+------------------------+---------+-------+------+-------+

    * DSP48: 
    N/A

    * Memory: 
    +-------------------+----------------------+---------+----+----+------+-----+------+-------------+
    |       Memory      |        Module        | BRAM_18K| FF | LUT| Words| Bits| Banks| W*Bits*Banks|
    +-------------------+----------------------+---------+----+----+------+-----+------+-------------+
    |output_assign_2_U  |crypto_sign_open_fYi  |        1|   0|   0|   136|    8|     1|         1088|
    |s_1_U              |crypto_sign_open_g8j  |        4|   0|   0|    25|   64|     1|         1600|
    |s_U                |crypto_sign_open_g8j  |        4|   0|   0|    25|   64|     1|         1600|
    |output_assign_U    |crypto_sign_open_hbi  |        1|   0|   0|   136|    8|     1|         1088|
    |rho_U              |crypto_sign_open_ibs  |        0|  16|   4|    32|    8|     1|          256|
    |c_coeffs_U         |crypto_sign_open_jbC  |        1|   0|   0|   256|   23|     1|         5888|
    |mat_vec_coeffs_U   |crypto_sign_open_lbW  |       12|   0|   0|  5120|   23|     1|       117760|
    |z_vec_coeffs_U     |crypto_sign_open_mb6  |        2|   0|   0|  1024|   32|     1|        32768|
    |t1_vec_coeffs_U    |crypto_sign_open_ncg  |        4|   0|   0|  1280|   32|     1|        40960|
    |w1_vec_coeffs_U    |crypto_sign_open_ocq  |        1|   0|   0|  1280|    6|     1|         7680|
    |h_vec_coeffs_U     |crypto_sign_open_pcA  |        1|   0|   0|  1280|    1|     1|         1280|
    |tmp1_vec_coeffs_U  |crypto_sign_open_qcK  |        4|   0|   0|  1280|   32|     1|        40960|
    |tmp2_vec_coeffs_U  |crypto_sign_open_rcU  |        4|   0|   0|  1280|   32|     1|        40960|
    |chat_coeffs_U      |polyvecl_pointwisdEe  |        1|   0|   0|   256|   32|     1|         8192|
    +-------------------+----------------------+---------+----+----+------+-----+------+-------------+
    |Total              |                      |       40|  16|   4| 13410|  365|    14|       302080|
    +-------------------+----------------------+---------+----+----+------+-----+------+-------------+

    * FIFO: 
    N/A

    * Expression: 
    +-------------------------+----------+-------+---+----+------------+------------+
    |      Variable Name      | Operation| DSP48E| FF| LUT| Bitwidth P0| Bitwidth P1|
    +-------------------------+----------+-------+---+----+------------+------------+
    |a_assign_fu_1344_p2      |     *    |      3|  0|  21|          32|          32|
    |t_27_fu_1354_p2          |     *    |      3|  0|  21|          27|          32|
    |t_28_fu_1362_p2          |     *    |      3|  0|  21|          23|          32|
    |i_10_fu_1074_p2          |     +    |      0|  0|  18|          11|           1|
    |i_11_fu_1053_p2          |     +    |      0|  0|  19|          12|           1|
    |i_12_fu_1244_p2          |     +    |      0|  0|  16|           9|           1|
    |i_13_fu_1417_p2          |     +    |      0|  0|  16|           9|           1|
    |i_32_fu_1503_p2          |     +    |      0|  0|  19|          12|           1|
    |i_33_fu_897_p2           |     +    |      0|  0|  12|           3|           1|
    |i_34_fu_926_p2           |     +    |      0|  0|  12|           3|           1|
    |i_35_fu_1100_p2          |     +    |      0|  0|  71|           1|          64|
    |i_36_fu_1123_p2          |     +    |      0|  0|  15|           6|           1|
    |i_37_fu_1162_p2          |     +    |      0|  0|  15|           6|           1|
    |i_38_fu_1174_p2          |     +    |      0|  0|  12|           3|           1|
    |i_39_fu_1186_p2          |     +    |      0|  0|  12|           3|           1|
    |i_40_fu_1220_p2          |     +    |      0|  0|  12|           3|           1|
    |i_41_fu_1277_p2          |     +    |      0|  0|  12|           3|           1|
    |i_42_fu_1301_p2          |     +    |      0|  0|  12|           3|           1|
    |i_43_fu_1393_p2          |     +    |      0|  0|  12|           3|           1|
    |i_44_fu_1313_p2          |     +    |      0|  0|  16|           9|           1|
    |i_45_fu_1456_p2          |     +    |      0|  0|  12|           3|           1|
    |i_46_fu_1476_p2          |     +    |      0|  0|  19|          12|           1|
    |i_8_fu_880_p2            |     +    |      0|  0|  15|           6|           1|
    |i_9_fu_956_p2            |     +    |      0|  0|  16|           9|           1|
    |inlen_assign_fu_1149_p2  |     +    |      0|  0|  71|          64|           6|
    |sum1_fu_1482_p2          |     +    |      0|  0|  20|          13|          12|
    |sum4_fu_1080_p2          |     +    |      0|  0|  19|          12|          11|
    |sum5_i_fu_913_p2         |     +    |      0|  0|  18|          11|           6|
    |sum_fu_1106_p2           |     +    |      0|  0|  21|          14|          12|
    |sum_i_fu_1138_p2         |     +    |      0|  0|  19|          12|          12|
    |t_29_fu_1371_p2          |     +    |      0|  0|  71|          64|          64|
    |tmp_143_i_i_fu_1438_p2   |     +    |      0|  0|  32|          32|          24|
    |tmp_154_fu_966_p2        |     +    |      0|  0|  19|          12|          12|
    |tmp_159_fu_1192_p2       |     +    |      0|  0|  15|           8|           1|
    |tmp_163_fu_1254_p2       |     +    |      0|  0|  19|          12|          12|
    |tmp_168_fu_1328_p2       |     +    |      0|  0|  19|          12|          12|
    |tmp_170_fu_1427_p2       |     +    |      0|  0|  19|          12|          12|
    |tmp_s_fu_867_p2          |     +    |      0|  0|  71|          64|          13|
    |t_26_fu_1003_p2          |     -    |      0|  0|  39|          22|          32|
    |t_fu_976_p2              |     -    |      0|  0|  39|          22|          32|
    |tmp_144_i_i_fu_1444_p2   |     -    |      0|  0|  32|          32|          32|
    |exitcond1_fu_1498_p2     |   icmp   |      0|  0|  29|          64|          64|
    |exitcond_fu_1048_p2      |   icmp   |      0|  0|  29|          64|          64|
    |exitcond_i1_fu_1156_p2   |   icmp   |      0|  0|  11|           6|           6|
    |exitcond_i_fu_1117_p2    |   icmp   |      0|  0|  11|           6|           6|
    |tmp_151_fu_944_p2        |   icmp   |      0|  0|  18|          32|           1|
    |tmp_153_fu_1068_p2       |   icmp   |      0|  0|  13|          11|          11|
    |tmp_156_fu_1094_p2       |   icmp   |      0|  0|  29|          64|          64|
    |tmp_157_fu_1180_p2       |   icmp   |      0|  0|   9|           3|           3|
    |tmp_160_i_i_fu_1009_p2   |   icmp   |      0|  0|  18|          32|          19|
    |tmp_161_fu_1203_p2       |   icmp   |      0|  0|  11|           8|           2|
    |tmp_166_fu_1295_p2       |   icmp   |      0|  0|   9|           3|           3|
    |tmp_171_fu_1470_p2       |   icmp   |      0|  0|  29|          64|          64|
    |tmp_33_i_fu_891_p2       |   icmp   |      0|  0|   9|           3|           3|
    |tmp_fu_861_p2            |   icmp   |      0|  0|  29|          64|          12|
    |tmp_i1_fu_1271_p2        |   icmp   |      0|  0|   9|           3|           3|
    |tmp_i2_fu_1387_p2        |   icmp   |      0|  0|   9|           3|           3|
    |tmp_i3_fu_1307_p2        |   icmp   |      0|  0|  13|           9|          10|
    |tmp_i4_fu_1450_p2        |   icmp   |      0|  0|   9|           3|           3|
    |tmp_i5_fu_920_p2         |   icmp   |      0|  0|   9|           3|           4|
    |tmp_i8_fu_1168_p2        |   icmp   |      0|  0|   9|           3|           4|
    |tmp_i9_fu_1214_p2        |   icmp   |      0|  0|   9|           3|           3|
    |tmp_i_fu_874_p2          |   icmp   |      0|  0|  11|           6|           7|
    |tmp_i_i2_fu_1238_p2      |   icmp   |      0|  0|  13|           9|          10|
    |tmp_i_i4_fu_1411_p2      |   icmp   |      0|  0|  13|           9|          10|
    |tmp_i_i_fu_950_p2        |   icmp   |      0|  0|  13|           9|          10|
    |tmp_92_fu_1019_p2        |    or    |      0|  0|   2|           1|           1|
    |ap_return                |  select  |      0|  0|   2|           1|           2|
    |tmp_159_i_i_fu_989_p3    |  select  |      0|  0|   2|           1|           2|
    |t_25_fu_997_p2           |    xor   |      0|  0|  32|          32|          32|
    +-------------------------+----------+-------+---+----+------------+------------+
    |Total                    |          |      9|  0|1378|        1148|         911|
    +-------------------------+----------+-------+---+----+------------+------------+

    * Multiplexer: 
    +----------------------------------------+-----+-----------+-----+-----------+
    |                  Name                  | LUT | Input Size| Bits| Total Bits|
    +----------------------------------------+-----+-----------+-----+-----------+
    |ap_NS_fsm                               |  273|         64|    1|         64|
    |c_coeffs_address0                       |   15|          3|    8|         24|
    |c_coeffs_ce0                            |   15|          3|    1|          3|
    |c_coeffs_we0                            |    9|          2|    1|          2|
    |chat_coeffs_address0                    |   21|          4|    8|         32|
    |chat_coeffs_ce0                         |   15|          3|    1|          3|
    |chat_coeffs_d0                          |   15|          3|   32|         96|
    |chat_coeffs_we0                         |   15|          3|    1|          3|
    |grp_keccak_absorb_fu_757_m_offset       |   15|          3|   13|         39|
    |grp_keccak_absorb_fu_757_mlen           |   15|          3|   64|        192|
    |grp_keccak_absorb_fu_757_s_q0           |   15|          3|   64|        192|
    |grp_keccak_absorb_fu_757_s_q1           |   15|          3|   64|        192|
    |grp_keccak_squeezeblocks_2_fu_779_s_q0  |   15|          3|   64|        192|
    |grp_keccak_squeezeblocks_2_fu_779_s_q1  |   15|          3|   64|        192|
    |h_vec_coeffs_address0                   |   15|          3|   11|         33|
    |h_vec_coeffs_ce0                        |   15|          3|    1|          3|
    |h_vec_coeffs_we0                        |    9|          2|    1|          2|
    |i_1_i_reg_479                           |    9|          2|    3|          6|
    |i_1_reg_538                             |    9|          2|   12|         24|
    |i_2_reg_549                             |    9|          2|   11|         22|
    |i_3_reg_560                             |    9|          2|   64|        128|
    |i_4_reg_606                             |    9|          2|    3|          6|
    |i_5_reg_663                             |    9|          2|    3|          6|
    |i_6_reg_719                             |    9|          2|   12|         24|
    |i_i1_reg_674                            |    9|          2|    9|         18|
    |i_i2_reg_707                            |    9|          2|    3|          6|
    |i_i3_reg_491                            |    9|          2|    3|          6|
    |i_i4_reg_571                            |    9|          2|    6|         12|
    |i_i5_reg_583                            |    9|          2|    6|         12|
    |i_i6_reg_594                            |    9|          2|    3|          6|
    |i_i7_reg_629                            |    9|          2|    3|          6|
    |i_i8_reg_651                            |    9|          2|    3|          6|
    |i_i9_reg_685                            |    9|          2|    3|          6|
    |i_i_i1_reg_640                          |    9|          2|    9|         18|
    |i_i_i2_reg_696                          |    9|          2|    9|         18|
    |i_i_i_reg_514                           |    9|          2|    9|         18|
    |i_i_reg_468                             |    9|          2|    6|         12|
    |i_reg_730                               |    9|          2|   12|         24|
    |m_address0                              |   41|          8|   12|         96|
    |m_ce0                                   |   15|          3|    1|          3|
    |m_d0                                    |   27|          5|    8|         40|
    |mat_vec_coeffs_address0                 |   15|          3|   13|         39|
    |mat_vec_coeffs_ce0                      |   15|          3|    1|          3|
    |mat_vec_coeffs_we0                      |    9|          2|    1|          2|
    |mlen_address0                           |   15|          3|    1|          3|
    |mlen_d0                                 |   15|          3|   64|        192|
    |output_assign_2_ce0                     |    9|          2|    1|          2|
    |output_assign_2_we0                     |    9|          2|    1|          2|
    |output_assign_address0                  |   15|          3|    8|         24|
    |output_assign_ce0                       |   15|          3|    1|          3|
    |output_assign_we0                       |    9|          2|    1|          2|
    |pk_address0                             |   21|          4|   11|         44|
    |pk_ce0                                  |   15|          3|    1|          3|
    |pk_ce1                                  |    9|          2|    1|          2|
    |ret_i_reg_502                           |    9|          2|   32|         64|
    |rho_address0                            |   15|          3|    5|         15|
    |rho_ce0                                 |   15|          3|    1|          3|
    |s_1_address0                            |   15|          3|    5|         15|
    |s_1_address1                            |   15|          3|    5|         15|
    |s_1_ce0                                 |   15|          3|    1|          3|
    |s_1_ce1                                 |   15|          3|    1|          3|
    |s_1_d0                                  |   15|          3|   64|        192|
    |s_1_d1                                  |   15|          3|   64|        192|
    |s_1_we0                                 |   15|          3|    1|          3|
    |s_1_we1                                 |   15|          3|    1|          3|
    |s_address0                              |   15|          3|    5|         15|
    |s_address1                              |   15|          3|    5|         15|
    |s_ce0                                   |   15|          3|    1|          3|
    |s_ce1                                   |   15|          3|    1|          3|
    |s_d0                                    |   15|          3|   64|        192|
    |s_d1                                    |   15|          3|   64|        192|
    |s_we0                                   |   15|          3|    1|          3|
    |s_we1                                   |   15|          3|    1|          3|
    |sm_address0                             |   21|          4|   13|         52|
    |sm_ce0                                  |   15|          3|    1|          3|
    |sm_ce1                                  |    9|          2|    1|          2|
    |t1_vec_coeffs_address0                  |   33|          6|   11|         66|
    |t1_vec_coeffs_ce0                       |   21|          4|    1|          4|
    |t1_vec_coeffs_ce1                       |    9|          2|    1|          2|
    |t1_vec_coeffs_d0                        |   21|          4|   32|        128|
    |t1_vec_coeffs_we0                       |   21|          4|    1|          4|
    |t1_vec_coeffs_we1                       |    9|          2|    1|          2|
    |tmp1_vec_coeffs_address0                |   38|          7|   11|         77|
    |tmp1_vec_coeffs_ce0                     |   33|          6|    1|          6|
    |tmp1_vec_coeffs_ce1                     |    9|          2|    1|          2|
    |tmp1_vec_coeffs_d0                      |   27|          5|   32|        160|
    |tmp1_vec_coeffs_we0                     |   27|          5|    1|          5|
    |tmp2_vec_coeffs_address0                |   15|          3|   11|         33|
    |tmp_158_reg_618                         |    9|          2|    8|         16|
    |z_vec_coeffs_address0                   |   27|          5|   10|         50|
    |z_vec_coeffs_ce0                        |   27|          5|    1|          5|
    |z_vec_coeffs_d0                         |   15|          3|   32|         96|
    |z_vec_coeffs_we0                        |   15|          3|    1|          3|
    +----------------------------------------+-----+-----------+-----+-----------+
    |Total                                   | 1630|        337| 1210|       3758|
    +----------------------------------------+-----+-----------+-----+-----------+

    * Register: 
    +------------------------------------------------+----+----+-----+-----------+
    |                      Name                      | FF | LUT| Bits| Const Bits|
    +------------------------------------------------+----+----+-----+-----------+
    |a_assign_reg_1789                               |  64|   0|   64|          0|
    |ap_CS_fsm                                       |  63|   0|   63|          0|
    |chat_coeffs_load_reg_1779                       |  32|   0|   32|          0|
    |grp_expand_mat_fu_771_ap_start_reg              |   1|   0|    1|          0|
    |grp_invntt_frominvmont_fu_796_ap_start_reg      |   1|   0|    1|          0|
    |grp_keccak_absorb_fu_757_ap_start_reg           |   1|   0|    1|          0|
    |grp_keccak_squeezeblocks_2_fu_779_ap_start_reg  |   1|   0|    1|          0|
    |grp_ntt_1_fu_823_ap_start_reg                   |   1|   0|    1|          0|
    |grp_ntt_2_fu_832_ap_start_reg                   |   1|   0|    1|          0|
    |grp_ntt_fu_814_ap_start_reg                     |   1|   0|    1|          0|
    |grp_polyt1_unpack_fu_839_ap_start_reg           |   1|   0|    1|          0|
    |grp_polyveck_freeze_fu_856_ap_start_reg         |   1|   0|    1|          0|
    |grp_polyveck_use_hint_fu_849_ap_start_reg       |   1|   0|    1|          0|
    |grp_polyvecl_pointwise_a_fu_805_ap_start_reg    |   1|   0|    1|          0|
    |grp_unpack_sig_fu_787_ap_start_reg              |   1|   0|    1|          0|
    |i_10_reg_1620                                   |  11|   0|   11|          0|
    |i_12_reg_1725                                   |   9|   0|    9|          0|
    |i_13_reg_1825                                   |   9|   0|    9|          0|
    |i_1_i_reg_479                                   |   3|   0|    3|          0|
    |i_1_reg_538                                     |  12|   0|   12|          0|
    |i_2_cast_reg_1612                               |  11|   0|   12|          1|
    |i_2_reg_549                                     |  11|   0|   11|          0|
    |i_33_reg_1552                                   |   3|   0|    3|          0|
    |i_34_reg_1565                                   |   3|   0|    3|          0|
    |i_35_reg_1633                                   |  64|   0|   64|          0|
    |i_36_reg_1651                                   |   6|   0|    6|          0|
    |i_38_reg_1677                                   |   3|   0|    3|          0|
    |i_39_reg_1685                                   |   3|   0|    3|          0|
    |i_3_reg_560                                     |  64|   0|   64|          0|
    |i_40_reg_1712                                   |   3|   0|    3|          0|
    |i_41_reg_1738                                   |   3|   0|    3|          0|
    |i_42_reg_1751                                   |   3|   0|    3|          0|
    |i_43_reg_1812                                   |   3|   0|    3|          0|
    |i_44_reg_1759                                   |   9|   0|    9|          0|
    |i_45_reg_1848                                   |   3|   0|    3|          0|
    |i_46_reg_1861                                   |  12|   0|   12|          0|
    |i_4_reg_606                                     |   3|   0|    3|          0|
    |i_5_reg_663                                     |   3|   0|    3|          0|
    |i_6_cast_reg_1853                               |  12|   0|   64|         52|
    |i_6_reg_719                                     |  12|   0|   12|          0|
    |i_8_reg_1534                                    |   6|   0|    6|          0|
    |i_9_reg_1581                                    |   9|   0|    9|          0|
    |i_i1_reg_674                                    |   9|   0|    9|          0|
    |i_i2_reg_707                                    |   3|   0|    3|          0|
    |i_i3_reg_491                                    |   3|   0|    3|          0|
    |i_i4_reg_571                                    |   6|   0|    6|          0|
    |i_i5_reg_583                                    |   6|   0|    6|          0|
    |i_i6_reg_594                                    |   3|   0|    3|          0|
    |i_i7_reg_629                                    |   3|   0|    3|          0|
    |i_i8_reg_651                                    |   3|   0|    3|          0|
    |i_i9_reg_685                                    |   3|   0|    3|          0|
    |i_i_i1_reg_640                                  |   9|   0|    9|          0|
    |i_i_i2_reg_696                                  |   9|   0|    9|          0|
    |i_i_i_reg_514                                   |   9|   0|    9|          0|
    |i_i_reg_468                                     |   6|   0|    6|          0|
    |i_reg_730                                       |  12|   0|   12|          0|
    |inlen_assign_reg_1661                           |  64|   0|   64|          0|
    |p_0_i_i_reg_525                                 |   1|   0|    1|          0|
    |p_0_reg_741                                     |   1|   0|    1|          0|
    |ret_i_reg_502                                   |  32|   0|   32|          0|
    |sum5_i_reg_1557                                 |   6|   0|   11|          5|
    |sum_cast_reg_1638                               |  14|   0|   64|         50|
    |t1_vec_coeffs_addr_reg_1730                     |  11|   0|   11|          0|
    |t1_vec_coeffs_load_1_reg_1784                   |  32|   0|   32|          0|
    |t_27_reg_1799                                   |  32|   0|   32|          0|
    |t_28_reg_1804                                   |  55|   0|   55|          0|
    |tmp1_vec_coeffs_addr_reg_1830                   |  11|   0|   11|          0|
    |tmp_144_i_i_reg_1840                            |  32|   0|   32|          0|
    |tmp_157_cast_reg_1570                           |   3|   0|   12|          9|
    |tmp_158_reg_618                                 |   8|   0|    8|          0|
    |tmp_159_reg_1690                                |   8|   0|    8|          0|
    |tmp_160_reg_1695                                |   8|   0|   64|         56|
    |tmp_161_reg_1705                                |   1|   0|    1|          0|
    |tmp_168_cast_reg_1717                           |   3|   0|   12|          9|
    |tmp_169_reg_1794                                |  32|   0|   32|          0|
    |tmp_172_cast_reg_1743                           |   3|   0|   12|          9|
    |tmp_175_cast_reg_1817                           |   3|   0|   12|          9|
    |tmp_176_cast_reg_1764                           |  12|   0|   64|         52|
    |tmp_i_56_reg_1539                               |   6|   0|   64|         58|
    |z_vec_coeffs_load_reg_1591                      |  32|   0|   32|          0|
    +------------------------------------------------+----+----+-----+-----------+
    |Total                                           | 958|   0| 1268|        310|
    +------------------------------------------------+----+----+-----+-----------+



================================================================
== Interface
================================================================
* Summary: 
+---------------+-----+-----+------------+------------------+--------------+
|   RTL Ports   | Dir | Bits|  Protocol  |   Source Object  |    C Type    |
+---------------+-----+-----+------------+------------------+--------------+
|ap_clk         |  in |    1| ap_ctrl_hs | crypto_sign_open | return value |
|ap_rst         |  in |    1| ap_ctrl_hs | crypto_sign_open | return value |
|ap_start       |  in |    1| ap_ctrl_hs | crypto_sign_open | return value |
|ap_done        | out |    1| ap_ctrl_hs | crypto_sign_open | return value |
|ap_idle        | out |    1| ap_ctrl_hs | crypto_sign_open | return value |
|ap_ready       | out |    1| ap_ctrl_hs | crypto_sign_open | return value |
|ap_return      | out |   32| ap_ctrl_hs | crypto_sign_open | return value |
|m_address0     | out |   12|  ap_memory |         m        |     array    |
|m_ce0          | out |    1|  ap_memory |         m        |     array    |
|m_we0          | out |    1|  ap_memory |         m        |     array    |
|m_d0           | out |    8|  ap_memory |         m        |     array    |
|m_q0           |  in |    8|  ap_memory |         m        |     array    |
|mlen_address0  | out |    1|  ap_memory |       mlen       |     array    |
|mlen_ce0       | out |    1|  ap_memory |       mlen       |     array    |
|mlen_we0       | out |    1|  ap_memory |       mlen       |     array    |
|mlen_d0        | out |   64|  ap_memory |       mlen       |     array    |
|mlen_q0        |  in |   64|  ap_memory |       mlen       |     array    |
|sm_address0    | out |   13|  ap_memory |        sm        |     array    |
|sm_ce0         | out |    1|  ap_memory |        sm        |     array    |
|sm_q0          |  in |    8|  ap_memory |        sm        |     array    |
|sm_address1    | out |   13|  ap_memory |        sm        |     array    |
|sm_ce1         | out |    1|  ap_memory |        sm        |     array    |
|sm_q1          |  in |    8|  ap_memory |        sm        |     array    |
|smlen          |  in |   64|   ap_none  |       smlen      |    scalar    |
|pk_address0    | out |   11|  ap_memory |        pk        |     array    |
|pk_ce0         | out |    1|  ap_memory |        pk        |     array    |
|pk_q0          |  in |    8|  ap_memory |        pk        |     array    |
|pk_address1    | out |   11|  ap_memory |        pk        |     array    |
|pk_ce1         | out |    1|  ap_memory |        pk        |     array    |
|pk_q1          |  in |    8|  ap_memory |        pk        |     array    |
+---------------+-----+-----+------------+------------------+--------------+

