

================================================================
== Vivado HLS Report for 'expand_mat'
================================================================
* Date:           Wed Mar 27 17:17:02 2019

* Version:        2018.2 (Build 2258646 on Thu Jun 14 20:25:20 MDT 2018)
* Project:        Dilithium.prj
* Solution:       decryption
* Product family: artix7
* Target device:  xc7a200tfbg676-2


================================================================
== Performance Estimates
================================================================
+ Timing (ns): 
    * Summary: 
    +--------+-------+----------+------------+
    |  Clock | Target| Estimated| Uncertainty|
    +--------+-------+----------+------------+
    |ap_clk  |  10.00|     6.812|        1.25|
    +--------+-------+----------+------------+

+ Latency (clock cycles): 
    * Summary: 
    +-----+-----+-----+-----+---------+
    |  Latency  |  Interval | Pipeline|
    | min | max | min | max |   Type  |
    +-----+-----+-----+-----+---------+
    |    ?|    ?|    ?|    ?|   none  |
    +-----+-----+-----+-----+---------+

    + Detail: 
        * Instance: 
        +-----------------------------------+------------------------+------+------+------+------+---------+
        |                                   |                        |   Latency   |   Interval  | Pipeline|
        |              Instance             |         Module         |  min |  max |  min |  max |   Type  |
        +-----------------------------------+------------------------+------+------+------+------+---------+
        |grp_keccak_squeezeblocks_3_fu_226  |keccak_squeezeblocks_3  |  1421|  1421|  1421|  1421|   none  |
        |grp_keccak_absorb_1_fu_234         |keccak_absorb_1         |   663|   663|   663|   663|   none  |
        +-----------------------------------+------------------------+------+------+------+------+---------+

        * Loop: 
        +-----------------+-----+-----+----------+-----------+-----------+------+----------+
        |                 |  Latency  | Iteration|  Initiation Interval  | Trip |          |
        |    Loop Name    | min | max |  Latency |  achieved |   target  | Count| Pipelined|
        +-----------------+-----+-----+----------+-----------+-----------+------+----------+
        |- Loop 1         |   64|   64|         2|          -|          -|    32|    no    |
        |- Loop 2         |    ?|    ?|         ?|          -|          -|     5|    no    |
        | + Loop 2.1      |    ?|    ?|         ?|          -|          -|     4|    no    |
        |  ++ Loop 2.1.1  |    ?|    ?|         3|          -|          -|     ?|    no    |
        +-----------------+-----+-----+----------+-----------+-----------+------+----------+



================================================================
== Utilization Estimates
================================================================
* Summary: 
+-----------------+---------+-------+--------+--------+
|       Name      | BRAM_18K| DSP48E|   FF   |   LUT  |
+-----------------+---------+-------+--------+--------+
|DSP              |        -|      -|       -|       -|
|Expression       |        -|      -|       0|     255|
|FIFO             |        -|      -|       -|       -|
|Instance         |        3|      -|    3346|   17981|
|Memory           |        5|      -|      16|       5|
|Multiplexer      |        -|      -|       -|     290|
|Register         |        -|      -|     140|       -|
+-----------------+---------+-------+--------+--------+
|Total            |        8|      0|    3502|   18531|
+-----------------+---------+-------+--------+--------+
|Available        |      730|    740|  269200|  129000|
+-----------------+---------+-------+--------+--------+
|Utilization (%)  |        1|      0|       1|      14|
+-----------------+---------+-------+--------+--------+

+ Detail: 
    * Instance: 
    +-----------------------------------+------------------------+---------+-------+------+-------+
    |              Instance             |         Module         | BRAM_18K| DSP48E|  FF  |  LUT  |
    +-----------------------------------+------------------------+---------+-------+------+-------+
    |grp_keccak_absorb_1_fu_234         |keccak_absorb_1         |        1|      0|   133|    665|
    |grp_keccak_squeezeblocks_3_fu_226  |keccak_squeezeblocks_3  |        2|      0|  3213|  17316|
    +-----------------------------------+------------------------+---------+-------+------+-------+
    |Total                              |                        |        3|      0|  3346|  17981|
    +-----------------------------------+------------------------+---------+-------+------+-------+

    * DSP48: 
    N/A

    * Memory: 
    +-----------------+----------------------+---------+----+----+------+-----+------+-------------+
    |      Memory     |        Module        | BRAM_18K| FF | LUT| Words| Bits| Banks| W*Bits*Banks|
    +-----------------+----------------------+---------+----+----+------+-----+------+-------------+
    |inbuf_U          |expand_mat_inbuf      |        0|  16|   5|    33|    8|     1|          264|
    |output_assign_U  |expand_mat_outputcud  |        1|   0|   0|   840|    8|     1|         6720|
    |s_U              |expand_mat_s          |        4|   0|   0|    25|   64|     1|         1600|
    +-----------------+----------------------+---------+----+----+------+-----+------+-------------+
    |Total            |                      |        5|  16|   5|   898|   80|     3|         8584|
    +-----------------+----------------------+---------+----+----+------+-----+------+-------------+

    * FIFO: 
    N/A

    * Expression: 
    +---------------------+----------+-------+---+----+------------+------------+
    |    Variable Name    | Operation| DSP48E| FF| LUT| Bitwidth P0| Bitwidth P1|
    +---------------------+----------+-------+---+----+------------+------------+
    |ctr_1_fu_389_p2      |     +    |      0|  0|  16|           9|           1|
    |i_30_fu_246_p2       |     +    |      0|  0|  15|           6|           1|
    |i_31_fu_263_p2       |     +    |      0|  0|  12|           3|           1|
    |j_10_fu_287_p2       |     +    |      0|  0|  12|           3|           1|
    |pos_1_fu_341_p2      |     +    |      0|  0|  39|           1|          32|
    |pos_2_fu_347_p2      |     +    |      0|  0|  39|           2|          32|
    |pos_3_fu_358_p2      |     +    |      0|  0|  39|           2|          32|
    |tmp_144_fu_316_p2    |     +    |      0|  0|  15|           6|           6|
    |tmp_150_fu_400_p2    |     +    |      0|  0|  21|          14|          14|
    |exitcond1_fu_257_p2  |   icmp   |      0|  0|   9|           3|           3|
    |exitcond_fu_281_p2   |   icmp   |      0|  0|   9|           3|           4|
    |tmp_149_fu_383_p2    |   icmp   |      0|  0|  18|          23|          14|
    |tmp_fu_240_p2        |   icmp   |      0|  0|  11|           6|           7|
    +---------------------+----------+-------+---+----+------------+------------+
    |Total                |          |      0|  0| 255|          81|         148|
    +---------------------+----------+-------+---+----+------------+------------+

    * Multiplexer: 
    +---------------------------------+----+-----------+-----+-----------+
    |               Name              | LUT| Input Size| Bits| Total Bits|
    +---------------------------------+----+-----------+-----+-----------+
    |ap_NS_fsm                        |  56|         13|    1|         13|
    |ap_phi_mux_ctr_be_phi_fu_218_p4  |  15|          3|    9|         27|
    |ctr_reg_202                      |   9|          2|    9|         18|
    |i_1_reg_167                      |   9|          2|    3|          6|
    |i_reg_156                        |   9|          2|    6|         12|
    |inbuf_address0                   |  21|          4|    6|         24|
    |inbuf_ce0                        |  15|          3|    1|          3|
    |inbuf_d0                         |  15|          3|    8|         24|
    |j_reg_179                        |   9|          2|    3|          6|
    |output_assign_address0           |  21|          4|   10|         40|
    |output_assign_ce0                |  15|          3|    1|          3|
    |output_assign_we0                |   9|          2|    1|          2|
    |pos_reg_190                      |   9|          2|   32|         64|
    |s_address0                       |  15|          3|    5|         15|
    |s_ce0                            |  15|          3|    1|          3|
    |s_ce1                            |   9|          2|    1|          2|
    |s_d0                             |  15|          3|   64|        192|
    |s_we0                            |  15|          3|    1|          3|
    |s_we1                            |   9|          2|    1|          2|
    +---------------------------------+----+-----------+-----+-----------+
    |Total                            | 290|         61|  163|        459|
    +---------------------------------+----+-----------+-----+-----------+

    * Register: 
    +------------------------------------------------+----+----+-----+-----------+
    |                      Name                      | FF | LUT| Bits| Const Bits|
    +------------------------------------------------+----+----+-----+-----------+
    |ap_CS_fsm                                       |  12|   0|   12|          0|
    |ctr_reg_202                                     |   9|   0|    9|          0|
    |grp_keccak_absorb_1_fu_234_ap_start_reg         |   1|   0|    1|          0|
    |grp_keccak_squeezeblocks_3_fu_226_ap_start_reg  |   1|   0|    1|          0|
    |i_1_reg_167                                     |   3|   0|    3|          0|
    |i_30_reg_413                                    |   6|   0|    6|          0|
    |i_31_reg_436                                    |   3|   0|    3|          0|
    |i_reg_156                                       |   6|   0|    6|          0|
    |j_10_reg_449                                    |   3|   0|    3|          0|
    |j_reg_179                                       |   3|   0|    3|          0|
    |output_assign_load_reg_472                      |   8|   0|    8|          0|
    |pos_3_reg_482                                   |  32|   0|   32|          0|
    |pos_reg_190                                     |  32|   0|   32|          0|
    |tmp_143_cast_reg_441                            |   3|   0|    6|          3|
    |tmp_144_reg_454                                 |   6|   0|    6|          0|
    |tmp_148_cast_reg_459                            |   6|   0|   14|          8|
    |tmp_s_reg_418                                   |   6|   0|   64|         58|
    +------------------------------------------------+----+----+-----+-----------+
    |Total                                           | 140|   0|  209|         69|
    +------------------------------------------------+----+----+-----+-----------+



================================================================
== Interface
================================================================
* Summary: 
+-------------------------+-----+-----+------------+----------------+--------------+
|        RTL Ports        | Dir | Bits|  Protocol  |  Source Object |    C Type    |
+-------------------------+-----+-----+------------+----------------+--------------+
|ap_clk                   |  in |    1| ap_ctrl_hs |   expand_mat   | return value |
|ap_rst                   |  in |    1| ap_ctrl_hs |   expand_mat   | return value |
|ap_start                 |  in |    1| ap_ctrl_hs |   expand_mat   | return value |
|ap_done                  | out |    1| ap_ctrl_hs |   expand_mat   | return value |
|ap_idle                  | out |    1| ap_ctrl_hs |   expand_mat   | return value |
|ap_ready                 | out |    1| ap_ctrl_hs |   expand_mat   | return value |
|mat_vec_coeffs_address0  | out |   13|  ap_memory | mat_vec_coeffs |     array    |
|mat_vec_coeffs_ce0       | out |    1|  ap_memory | mat_vec_coeffs |     array    |
|mat_vec_coeffs_we0       | out |    1|  ap_memory | mat_vec_coeffs |     array    |
|mat_vec_coeffs_d0        | out |   23|  ap_memory | mat_vec_coeffs |     array    |
|rho_address0             | out |    5|  ap_memory |       rho      |     array    |
|rho_ce0                  | out |    1|  ap_memory |       rho      |     array    |
|rho_q0                   |  in |    8|  ap_memory |       rho      |     array    |
+-------------------------+-----+-----+------------+----------------+--------------+

