

================================================================
== Vivado HLS Report for 'keccak_absorb'
================================================================
* Date:           Wed Mar 27 17:16:59 2019

* Version:        2018.2 (Build 2258646 on Thu Jun 14 20:25:20 MDT 2018)
* Project:        Dilithium.prj
* Solution:       decryption
* Product family: artix7
* Target device:  xc7a200tfbg676-2


================================================================
== Performance Estimates
================================================================
+ Timing (ns): 
    * Summary: 
    +--------+-------+----------+------------+
    |  Clock | Target| Estimated| Uncertainty|
    +--------+-------+----------+------------+
    |ap_clk  |  10.00|     6.812|        1.25|
    +--------+-------+----------+------------+

+ Latency (clock cycles): 
    * Summary: 
    +-----+-----+-----+-----+---------+
    |  Latency  |  Interval | Pipeline|
    | min | max | min | max |   Type  |
    +-----+-----+-----+-----+---------+
    |    ?|    ?|    ?|    ?|   none  |
    +-----+-----+-----+-----+---------+

    + Detail: 
        * Instance: 
        +---------------------------------+----------------------+-----+-----+-----+-----+---------+
        |                                 |                      |  Latency  |  Interval | Pipeline|
        |             Instance            |        Module        | min | max | min | max |   Type  |
        +---------------------------------+----------------------+-----+-----+-----+-----+---------+
        |grp_KeccakF1600_StatePer_fu_314  |KeccakF1600_StatePer  |   50|   50|   50|   50|   none  |
        +---------------------------------+----------------------+-----+-----+-----+-----+---------+

        * Loop: 
        +-----------------+-----+-----+----------+-----------+-----------+---------+----------+
        |                 |  Latency  | Iteration|  Initiation Interval  |   Trip  |          |
        |    Loop Name    | min | max |  Latency |  achieved |   target  |  Count  | Pipelined|
        +-----------------+-----+-----+----------+-----------+-----------+---------+----------+
        |- Loop 1         |   25|   25|         1|          -|          -|       25|    no    |
        |- Loop 2         |    ?|    ?|       376|          -|          -|        ?|    no    |
        | + Loop 2.1      |  323|  323|        19|          -|          -|       17|    no    |
        |  ++ Loop 2.1.1  |   16|   16|         2|          -|          -|        8|    no    |
        |- Loop 3         |  136|  136|         1|          -|          -|      136|    no    |
        |- Loop 4         |    0|  270|         2|          -|          -| 0 ~ 135 |    no    |
        |- Loop 5         |  323|  323|        19|          -|          -|       17|    no    |
        | + Loop 5.1      |   16|   16|         2|          -|          -|        8|    no    |
        +-----------------+-----+-----+----------+-----------+-----------+---------+----------+



================================================================
== Utilization Estimates
================================================================
* Summary: 
+-----------------+---------+-------+--------+--------+
|       Name      | BRAM_18K| DSP48E|   FF   |   LUT  |
+-----------------+---------+-------+--------+--------+
|DSP              |        -|      -|       -|       -|
|Expression       |        -|      -|       0|    1169|
|FIFO             |        -|      -|       -|       -|
|Instance         |        2|      -|    3110|   16883|
|Memory           |        1|      -|       0|       0|
|Multiplexer      |        -|      -|       -|     390|
|Register         |        -|      -|     489|       -|
+-----------------+---------+-------+--------+--------+
|Total            |        3|      0|    3599|   18442|
+-----------------+---------+-------+--------+--------+
|Available        |      730|    740|  269200|  129000|
+-----------------+---------+-------+--------+--------+
|Utilization (%)  |    ~0   |      0|       1|      14|
+-----------------+---------+-------+--------+--------+

+ Detail: 
    * Instance: 
    +---------------------------------+----------------------+---------+-------+------+-------+
    |             Instance            |        Module        | BRAM_18K| DSP48E|  FF  |  LUT  |
    +---------------------------------+----------------------+---------+-------+------+-------+
    |grp_KeccakF1600_StatePer_fu_314  |KeccakF1600_StatePer  |        2|      0|  3110|  16883|
    +---------------------------------+----------------------+---------+-------+------+-------+
    |Total                            |                      |        2|      0|  3110|  16883|
    +---------------------------------+----------------------+---------+-------+------+-------+

    * DSP48: 
    N/A

    * Memory: 
    +-------+-----------------+---------+---+----+------+-----+------+-------------+
    | Memory|      Module     | BRAM_18K| FF| LUT| Words| Bits| Banks| W*Bits*Banks|
    +-------+-----------------+---------+---+----+------+-----+------+-------------+
    |t_U    |keccak_absorb_t  |        1|  0|   0|   200|    8|     1|         1600|
    +-------+-----------------+---------+---+----+------+-----+------+-------------+
    |Total  |                 |        1|  0|   0|   200|    8|     1|         1600|
    +-------+-----------------+---------+---+----+------+-----+------+-------------+

    * FIFO: 
    N/A

    * Expression: 
    +---------------------------+----------+-------+---+-----+------------+------------+
    |       Variable Name       | Operation| DSP48E| FF| LUT | Bitwidth P0| Bitwidth P1|
    +---------------------------+----------+-------+---+-----+------------+------------+
    |i_25_fu_328_p2             |     +    |      0|  0|   15|           5|           1|
    |i_27_fu_480_p2             |     +    |      0|  0|   15|           8|           1|
    |i_28_fu_389_p2             |     +    |      0|  0|   13|           4|           1|
    |i_29_fu_544_p2             |     +    |      0|  0|   15|           5|           1|
    |i_6_fu_363_p2              |     +    |      0|  0|   15|           5|           1|
    |i_7_fu_564_p2              |     +    |      0|  0|   13|           4|           1|
    |indvars_iv_next_fu_468_p2  |     +    |      0|  0|   39|          32|           9|
    |mlen_assign_fu_462_p2      |     +    |      0|  0|   71|          64|           9|
    |p_rec_fu_377_p2            |     +    |      0|  0|   71|          64|           8|
    |sum2_fu_516_p2             |     +    |      0|  0|   32|          13|          13|
    |sum_i5_fu_574_p2           |     +    |      0|  0|   15|           8|           8|
    |sum_i_fu_408_p2            |     +    |      0|  0|   20|          13|          13|
    |tmp1_fu_352_p2             |     +    |      0|  0|   20|          13|          13|
    |tmp2_fu_399_p2             |     +    |      0|  0|   15|           8|           8|
    |tmp3_fu_511_p2             |     +    |      0|  0|   32|          13|          13|
    |tmp_113_fu_505_p2          |     +    |      0|  0|   15|           8|           1|
    |exitcond3_fu_357_p2        |   icmp   |      0|  0|   11|           5|           5|
    |exitcond4_fu_538_p2        |   icmp   |      0|  0|   11|           5|           5|
    |exitcond_fu_474_p2         |   icmp   |      0|  0|   11|           8|           8|
    |tmp_108_fu_346_p2          |   icmp   |      0|  0|   29|          64|           8|
    |tmp_112_fu_499_p2          |   icmp   |      0|  0|   29|          64|          64|
    |tmp_fu_322_p2              |   icmp   |      0|  0|   11|           5|           4|
    |tmp_i3_fu_558_p2           |   icmp   |      0|  0|   11|           4|           5|
    |tmp_i_fu_383_p2            |   icmp   |      0|  0|   11|           4|           5|
    |r_1_fu_615_p2              |    or    |      0|  0|   64|          64|          64|
    |r_fu_449_p2                |    or    |      0|  0|   64|          64|          64|
    |tmp_115_fu_531_p2          |    or    |      0|  0|    9|           8|           9|
    |tmp_192_i1_fu_609_p2       |    shl   |      0|  0|  182|          64|          64|
    |tmp_192_i_fu_443_p2        |    shl   |      0|  0|  182|          64|          64|
    |tmp_117_fu_455_p2          |    xor   |      0|  0|   64|          64|          64|
    |tmp_120_fu_621_p2          |    xor   |      0|  0|   64|          64|          64|
    +---------------------------+----------+-------+---+-----+------------+------------+
    |Total                      |          |      0|  0| 1169|         818|         598|
    +---------------------------+----------+-------+---+-----+------------+------------+

    * Multiplexer: 
    +------------------+----+-----------+-----+-----------+
    |       Name       | LUT| Input Size| Bits| Total Bits|
    +------------------+----+-----------+-----+-----------+
    |ap_NS_fsm         |  89|         18|    1|         18|
    |i_1_reg_220       |   9|          2|    5|         10|
    |i_26_reg_188      |   9|          2|   32|         64|
    |i_2_reg_256       |   9|          2|    8|         16|
    |i_3_reg_267       |   9|          2|    8|         16|
    |i_4_reg_278       |   9|          2|    5|         10|
    |i_i1_reg_290      |   9|          2|    4|          8|
    |i_i_reg_232       |   9|          2|    4|          8|
    |i_reg_177         |   9|          2|    5|         10|
    |m_address0        |  15|          3|   12|         36|
    |p_01_rec_reg_198  |   9|          2|   64|        128|
    |p_0_reg_210       |   9|          2|   64|        128|
    |r_i2_reg_302      |   9|          2|   64|        128|
    |r_i_reg_244       |   9|          2|   64|        128|
    |s_address0        |  38|          7|    5|         35|
    |s_ce0             |  15|          3|    1|          3|
    |s_ce1             |   9|          2|    1|          2|
    |s_d0              |  27|          5|   64|        320|
    |s_we0             |  15|          3|    1|          3|
    |s_we1             |   9|          2|    1|          2|
    |t_address0        |  38|          7|    8|         56|
    |t_d0              |  27|          5|    8|         40|
    +------------------+----+-----------+-----+-----------+
    |Total             | 390|         79|  429|       1169|
    +------------------+----+-----------+-----+-----------+

    * Register: 
    +----------------------------------------------+----+----+-----+-----------+
    |                     Name                     | FF | LUT| Bits| Const Bits|
    +----------------------------------------------+----+----+-----+-----------+
    |ap_CS_fsm                                     |  17|   0|   17|          0|
    |grp_KeccakF1600_StatePer_fu_314_ap_start_reg  |   1|   0|    1|          0|
    |i_1_reg_220                                   |   5|   0|    5|          0|
    |i_26_reg_188                                  |  32|   0|   32|          0|
    |i_28_reg_687                                  |   4|   0|    4|          0|
    |i_29_reg_751                                  |   5|   0|    5|          0|
    |i_2_reg_256                                   |   8|   0|    8|          0|
    |i_3_reg_267                                   |   8|   0|    8|          0|
    |i_4_reg_278                                   |   5|   0|    5|          0|
    |i_6_reg_669                                   |   5|   0|    5|          0|
    |i_7_reg_764                                   |   4|   0|    4|          0|
    |i_i1_reg_290                                  |   4|   0|    4|          0|
    |i_i_reg_232                                   |   4|   0|    4|          0|
    |i_reg_177                                     |   5|   0|    5|          0|
    |p_01_rec_reg_198                              |  64|   0|   64|          0|
    |p_0_reg_210                                   |  64|   0|   64|          0|
    |p_rec_reg_679                                 |  64|   0|   64|          0|
    |r_i2_reg_302                                  |  64|   0|   64|          0|
    |r_i_reg_244                                   |  64|   0|   64|          0|
    |s_addr_2_reg_697                              |   5|   0|    5|          0|
    |s_addr_3_reg_774                              |   5|   0|    5|          0|
    |tmp1_reg_661                                  |  13|   0|   13|          0|
    |tmp_110_reg_674                               |   5|   0|    8|          3|
    |tmp_111_reg_725                               |   8|   0|   64|         56|
    |tmp_113_reg_733                               |   8|   0|    8|          0|
    |tmp_118_reg_756                               |   5|   0|    8|          3|
    |tmp_123_reg_653                               |  13|   0|   13|          0|
    +----------------------------------------------+----+----+-----+-----------+
    |Total                                         | 489|   0|  551|         62|
    +----------------------------------------------+----+----+-----+-----------+



================================================================
== Interface
================================================================
* Summary: 
+------------+-----+-----+------------+---------------+--------------+
|  RTL Ports | Dir | Bits|  Protocol  | Source Object |    C Type    |
+------------+-----+-----+------------+---------------+--------------+
|ap_clk      |  in |    1| ap_ctrl_hs | keccak_absorb | return value |
|ap_rst      |  in |    1| ap_ctrl_hs | keccak_absorb | return value |
|ap_start    |  in |    1| ap_ctrl_hs | keccak_absorb | return value |
|ap_done     | out |    1| ap_ctrl_hs | keccak_absorb | return value |
|ap_idle     | out |    1| ap_ctrl_hs | keccak_absorb | return value |
|ap_ready    | out |    1| ap_ctrl_hs | keccak_absorb | return value |
|s_address0  | out |    5|  ap_memory |       s       |     array    |
|s_ce0       | out |    1|  ap_memory |       s       |     array    |
|s_we0       | out |    1|  ap_memory |       s       |     array    |
|s_d0        | out |   64|  ap_memory |       s       |     array    |
|s_q0        |  in |   64|  ap_memory |       s       |     array    |
|s_address1  | out |    5|  ap_memory |       s       |     array    |
|s_ce1       | out |    1|  ap_memory |       s       |     array    |
|s_we1       | out |    1|  ap_memory |       s       |     array    |
|s_d1        | out |   64|  ap_memory |       s       |     array    |
|s_q1        |  in |   64|  ap_memory |       s       |     array    |
|m_address0  | out |   12|  ap_memory |       m       |     array    |
|m_ce0       | out |    1|  ap_memory |       m       |     array    |
|m_q0        |  in |    8|  ap_memory |       m       |     array    |
|m_offset    |  in |   13|   ap_none  |    m_offset   |    scalar    |
|mlen        |  in |   64|   ap_none  |      mlen     |    scalar    |
+------------+-----+-----+------------+---------------+--------------+

