

================================================================
== Vivado HLS Report for 'keccak_absorb_1'
================================================================
* Date:           Wed Mar 27 17:17:01 2019

* Version:        2018.2 (Build 2258646 on Thu Jun 14 20:25:20 MDT 2018)
* Project:        Dilithium.prj
* Solution:       decryption
* Product family: artix7
* Target device:  xc7a200tfbg676-2


================================================================
== Performance Estimates
================================================================
+ Timing (ns): 
    * Summary: 
    +--------+-------+----------+------------+
    |  Clock | Target| Estimated| Uncertainty|
    +--------+-------+----------+------------+
    |ap_clk  |  10.00|     6.352|        1.25|
    +--------+-------+----------+------------+

+ Latency (clock cycles): 
    * Summary: 
    +-----+-----+-----+-----+---------+
    |  Latency  |  Interval | Pipeline|
    | min | max | min | max |   Type  |
    +-----+-----+-----+-----+---------+
    |  663|  663|  663|  663|   none  |
    +-----+-----+-----+-----+---------+

    + Detail: 
        * Instance: 
        N/A

        * Loop: 
        +-------------+-----+-----+----------+-----------+-----------+------+----------+
        |             |  Latency  | Iteration|  Initiation Interval  | Trip |          |
        |  Loop Name  | min | max |  Latency |  achieved |   target  | Count| Pipelined|
        +-------------+-----+-----+----------+-----------+-----------+------+----------+
        |- Loop 1     |   25|   25|         1|          -|          -|    25|    no    |
        |- Loop 2     |  168|  168|         1|          -|          -|   168|    no    |
        |- Loop 3     |   66|   66|         2|          -|          -|    33|    no    |
        |- Loop 4     |  399|  399|        19|          -|          -|    21|    no    |
        | + Loop 4.1  |   16|   16|         2|          -|          -|     8|    no    |
        +-------------+-----+-----+----------+-----------+-----------+------+----------+



================================================================
== Utilization Estimates
================================================================
* Summary: 
+-----------------+---------+-------+--------+--------+
|       Name      | BRAM_18K| DSP48E|   FF   |   LUT  |
+-----------------+---------+-------+--------+--------+
|DSP              |        -|      -|       -|       -|
|Expression       |        -|      -|       0|     462|
|FIFO             |        -|      -|       -|       -|
|Instance         |        -|      -|       -|       -|
|Memory           |        1|      -|       0|       0|
|Multiplexer      |        -|      -|       -|     203|
|Register         |        -|      -|     133|       -|
+-----------------+---------+-------+--------+--------+
|Total            |        1|      0|     133|     665|
+-----------------+---------+-------+--------+--------+
|Available        |      730|    740|  269200|  129000|
+-----------------+---------+-------+--------+--------+
|Utilization (%)  |    ~0   |      0|   ~0   |   ~0   |
+-----------------+---------+-------+--------+--------+

+ Detail: 
    * Instance: 
    N/A

    * DSP48: 
    N/A

    * Memory: 
    +-------+-------------------+---------+---+----+------+-----+------+-------------+
    | Memory|       Module      | BRAM_18K| FF| LUT| Words| Bits| Banks| W*Bits*Banks|
    +-------+-------------------+---------+---+----+------+-----+------+-------------+
    |t_U    |keccak_absorb_1_t  |        1|  0|   0|   200|    8|     1|         1600|
    +-------+-------------------+---------+---+----+------+-----+------+-------------+
    |Total  |                   |        1|  0|   0|   200|    8|     1|         1600|
    +-------+-------------------+---------+---+----+------+-----+------+-------------+

    * FIFO: 
    N/A

    * Expression: 
    +---------------------+----------+-------+---+-----+------------+------------+
    |    Variable Name    | Operation| DSP48E| FF| LUT | Bitwidth P0| Bitwidth P1|
    +---------------------+----------+-------+---+-----+------------+------------+
    |i_22_fu_221_p2       |     +    |      0|  0|   15|           5|           1|
    |i_23_fu_238_p2       |     +    |      0|  0|   15|           8|           1|
    |i_24_fu_279_p2       |     +    |      0|  0|   15|           5|           1|
    |i_5_fu_299_p2        |     +    |      0|  0|   13|           4|           1|
    |sum_i5_fu_309_p2     |     +    |      0|  0|   15|           8|           8|
    |tmp_104_fu_260_p2    |     +    |      0|  0|   15|           6|           1|
    |exitcond1_fu_254_p2  |   icmp   |      0|  0|   11|           6|           6|
    |exitcond2_fu_273_p2  |   icmp   |      0|  0|   11|           5|           5|
    |exitcond_fu_232_p2   |   icmp   |      0|  0|   11|           8|           8|
    |tmp_fu_215_p2        |   icmp   |      0|  0|   11|           5|           4|
    |tmp_i3_fu_293_p2     |   icmp   |      0|  0|   11|           4|           5|
    |r_fu_350_p2          |    or    |      0|  0|   64|          64|          64|
    |t_d1                 |    or    |      0|  0|    9|           8|           9|
    |tmp_192_i_fu_344_p2  |    shl   |      0|  0|  182|          64|          64|
    |tmp_107_fu_356_p2    |    xor   |      0|  0|   64|          64|          64|
    +---------------------+----------+-------+---+-----+------------+------------+
    |Total                |          |      0|  0|  462|         264|         242|
    +---------------------+----------+-------+---+-----+------------+------------+

    * Multiplexer: 
    +--------------+----+-----------+-----+-----------+
    |     Name     | LUT| Input Size| Bits| Total Bits|
    +--------------+----+-----------+-----+-----------+
    |ap_NS_fsm     |  50|         11|    1|         11|
    |i_2_reg_157   |   9|          2|    8|         16|
    |i_3_reg_168   |   9|          2|    6|         12|
    |i_4_reg_179   |   9|          2|    5|         10|
    |i_i1_reg_191  |   9|          2|    4|          8|
    |i_reg_146     |   9|          2|    5|         10|
    |r_i2_reg_203  |   9|          2|   64|        128|
    |s_address0    |  21|          4|    5|         20|
    |s_d0          |  15|          3|   64|        192|
    |t_address0    |  27|          5|    8|         40|
    |t_address1    |  15|          3|    8|         24|
    |t_d0          |  21|          4|    8|         32|
    +--------------+----+-----------+-----+-----------+
    |Total         | 203|         42|  186|        503|
    +--------------+----+-----------+-----+-----------+

    * Register: 
    +------------------+----+----+-----+-----------+
    |       Name       | FF | LUT| Bits| Const Bits|
    +------------------+----+----+-----+-----------+
    |ap_CS_fsm         |  10|   0|   10|          0|
    |i_24_reg_406      |   5|   0|    5|          0|
    |i_2_reg_157       |   8|   0|    8|          0|
    |i_3_reg_168       |   6|   0|    6|          0|
    |i_4_reg_179       |   5|   0|    5|          0|
    |i_5_reg_419       |   4|   0|    4|          0|
    |i_i1_reg_191      |   4|   0|    4|          0|
    |i_reg_146         |   5|   0|    5|          0|
    |r_i2_reg_203      |  64|   0|   64|          0|
    |s_addr_1_reg_429  |   5|   0|    5|          0|
    |tmp_102_reg_379   |   6|   0|   64|         58|
    |tmp_104_reg_387   |   6|   0|    6|          0|
    |tmp_105_reg_411   |   5|   0|    8|          3|
    +------------------+----+----+-----+-----------+
    |Total             | 133|   0|  194|         61|
    +------------------+----+----+-----+-----------+



================================================================
== Interface
================================================================
* Summary: 
+------------+-----+-----+------------+-----------------+--------------+
|  RTL Ports | Dir | Bits|  Protocol  |  Source Object  |    C Type    |
+------------+-----+-----+------------+-----------------+--------------+
|ap_clk      |  in |    1| ap_ctrl_hs | keccak_absorb.1 | return value |
|ap_rst      |  in |    1| ap_ctrl_hs | keccak_absorb.1 | return value |
|ap_start    |  in |    1| ap_ctrl_hs | keccak_absorb.1 | return value |
|ap_done     | out |    1| ap_ctrl_hs | keccak_absorb.1 | return value |
|ap_idle     | out |    1| ap_ctrl_hs | keccak_absorb.1 | return value |
|ap_ready    | out |    1| ap_ctrl_hs | keccak_absorb.1 | return value |
|s_address0  | out |    5|  ap_memory |        s        |     array    |
|s_ce0       | out |    1|  ap_memory |        s        |     array    |
|s_we0       | out |    1|  ap_memory |        s        |     array    |
|s_d0        | out |   64|  ap_memory |        s        |     array    |
|s_q0        |  in |   64|  ap_memory |        s        |     array    |
|m_address0  | out |    6|  ap_memory |        m        |     array    |
|m_ce0       | out |    1|  ap_memory |        m        |     array    |
|m_q0        |  in |    8|  ap_memory |        m        |     array    |
+------------+-----+-----+------------+-----------------+--------------+

