

================================================================
== Vivado HLS Report for 'polyvecl_pointwise_a'
================================================================
* Date:           Wed Mar 27 17:17:03 2019

* Version:        2018.2 (Build 2258646 on Thu Jun 14 20:25:20 MDT 2018)
* Project:        Dilithium.prj
* Solution:       decryption
* Product family: artix7
* Target device:  xc7a200tfbg676-2


================================================================
== Performance Estimates
================================================================
+ Timing (ns): 
    * Summary: 
    +--------+-------+----------+------------+
    |  Clock | Target| Estimated| Uncertainty|
    +--------+-------+----------+------------+
    |ap_clk  |  10.00|     7.724|        1.25|
    +--------+-------+----------+------------+

+ Latency (clock cycles): 
    * Summary: 
    +------+------+------+------+---------+
    |   Latency   |   Interval  | Pipeline|
    |  min |  max |  min |  max |   Type  |
    +------+------+------+------+---------+
    |  8460|  8460|  8460|  8460|   none  |
    +------+------+------+------+---------+

    + Detail: 
        * Instance: 
        N/A

        * Loop: 
        +--------------------------------------------------+------+------+----------+-----------+-----------+------+----------+
        |                                                  |   Latency   | Iteration|  Initiation Interval  | Trip |          |
        |                     Loop Name                    |  min |  max |  Latency |  achieved |   target  | Count| Pipelined|
        +--------------------------------------------------+------+------+----------+-----------+-----------+------+----------+
        |- poly_pointwise_invmontgomery_label2             |  1536|  1536|         6|          -|          -|   256|    no    |
        |- polyvecl_pointwise_acc_invmontgomery_label0     |  6153|  6153|      2051|          -|          -|     3|    no    |
        | + poly_pointwise_invmontgomery_label2            |  1536|  1536|         6|          -|          -|   256|    no    |
        | + polyvecl_pointwise_acc_invmontgomery_label0.2  |   512|   512|         2|          -|          -|   256|    no    |
        |- polyvecl_pointwise_acc_invmontgomery_label1     |   768|   768|         3|          -|          -|   256|    no    |
        +--------------------------------------------------+------+------+----------+-----------+-----------+------+----------+



================================================================
== Utilization Estimates
================================================================
* Summary: 
+-----------------+---------+-------+--------+--------+
|       Name      | BRAM_18K| DSP48E|   FF   |   LUT  |
+-----------------+---------+-------+--------+--------+
|DSP              |        -|      -|       -|       -|
|Expression       |        -|     18|       0|     603|
|FIFO             |        -|      -|       -|       -|
|Instance         |        -|      -|       -|       -|
|Memory           |        1|      -|       0|       0|
|Multiplexer      |        -|      -|       -|     241|
|Register         |        -|      -|     571|       -|
+-----------------+---------+-------+--------+--------+
|Total            |        1|     18|     571|     844|
+-----------------+---------+-------+--------+--------+
|Available        |      730|    740|  269200|  129000|
+-----------------+---------+-------+--------+--------+
|Utilization (%)  |    ~0   |      2|   ~0   |   ~0   |
+-----------------+---------+-------+--------+--------+

+ Detail: 
    * Instance: 
    N/A

    * DSP48: 
    N/A

    * Memory: 
    +------------+----------------------+---------+---+----+------+-----+------+-------------+
    |   Memory   |        Module        | BRAM_18K| FF| LUT| Words| Bits| Banks| W*Bits*Banks|
    +------------+----------------------+---------+---+----+------+-----+------+-------------+
    |t_coeffs_U  |polyvecl_pointwisdEe  |        1|  0|   0|   256|   32|     1|         8192|
    +------------+----------------------+---------+---+----+------+-----+------+-------------+
    |Total       |                      |        1|  0|   0|   256|   32|     1|         8192|
    +------------+----------------------+---------+---+----+------+-----+------+-------------+

    * FIFO: 
    N/A

    * Expression: 
    +----------------------+----------+-------+---+----+------------+------------+
    |     Variable Name    | Operation| DSP48E| FF| LUT| Bitwidth P0| Bitwidth P1|
    +----------------------+----------+-------+---+----+------------+------------+
    |a_assign_3_fu_448_p2  |     *    |      3|  0|  21|          32|          23|
    |a_assign_fu_301_p2    |     *    |      3|  0|  21|          32|          23|
    |t_1_fu_328_p2         |     *    |      3|  0|  21|          23|          32|
    |t_5_fu_458_p2         |     *    |      3|  0|  21|          27|          32|
    |t_6_fu_466_p2         |     *    |      3|  0|  21|          23|          32|
    |t_fu_320_p2           |     *    |      3|  0|  21|          27|          32|
    |i_11_fu_268_p2        |     +    |      0|  0|  16|           9|           1|
    |i_12_fu_554_p2        |     +    |      0|  0|  16|           9|           1|
    |i_13_fu_510_p2        |     +    |      0|  0|  16|           9|           1|
    |i_2_fu_406_p2         |     +    |      0|  0|  16|           9|           1|
    |i_3_fu_535_p2         |     +    |      0|  0|  12|           3|           1|
    |t_2_fu_344_p2         |     +    |      0|  0|  63|          56|          56|
    |t_4_fu_618_p2         |     +    |      0|  0|  32|          25|          25|
    |t_7_fu_483_p2         |     +    |      0|  0|  63|          56|          56|
    |tmp_161_i_fu_541_p2   |     +    |      0|  0|  39|          32|          32|
    |tmp_43_fu_315_p2      |     +    |      0|  0|  19|          12|          12|
    |tmp_47_fu_375_p2      |     +    |      0|  0|  15|           6|           6|
    |tmp_49_fu_564_p2      |     +    |      0|  0|  19|          12|          12|
    |tmp_51_fu_420_p2      |     +    |      0|  0|  21|          14|          14|
    |tmp_52_fu_430_p2      |     +    |      0|  0|  19|          12|          12|
    |tmp_55_fu_525_p2      |     +    |      0|  0|  19|          12|          12|
    |tmp_41_i_fu_608_p2    |     -    |      0|  0|  31|          24|          24|
    |exitcond_fu_365_p2    |   icmp   |      0|  0|   9|           3|           4|
    |tmp_i2_fu_400_p2      |   icmp   |      0|  0|  13|           9|          10|
    |tmp_i3_30_fu_504_p2   |   icmp   |      0|  0|  13|           9|          10|
    |tmp_i_fu_262_p2       |   icmp   |      0|  0|  13|           9|          10|
    |tmp_s_fu_548_p2       |   icmp   |      0|  0|  13|           9|          10|
    +----------------------+----------+-------+---+----+------------+------------+
    |Total                 |          |     18|  0| 603|         503|         484|
    +----------------------+----------+-------+---+----+------------+------------+

    * Multiplexer: 
    +-----------------------+----+-----------+-----+-----------+
    |          Name         | LUT| Input Size| Bits| Total Bits|
    +-----------------------+----+-----------+-----+-----------+
    |ap_NS_fsm              |  97|         20|    1|         20|
    |i_1_reg_219            |   9|          2|    9|         18|
    |i_i1_reg_196           |   9|          2|    9|         18|
    |i_i2_reg_208           |   9|          2|    9|         18|
    |i_i_reg_172            |   9|          2|    9|         18|
    |i_reg_184              |   9|          2|    3|          6|
    |t_coeffs_address0      |  15|          3|    8|         24|
    |u_vec_coeffs_address0  |  15|          3|   13|         39|
    |v_vec_coeffs_address0  |  15|          3|   10|         30|
    |w_coeffs_address0      |  33|          6|   11|         66|
    |w_coeffs_d0            |  21|          4|   32|        128|
    +-----------------------+----+-----------+-----+-----------+
    |Total                  | 241|         49|  114|        385|
    +-----------------------+----+-----------+-----+-----------+

    * Register: 
    +-------------------------+----+----+-----+-----------+
    |           Name          | FF | LUT| Bits| Const Bits|
    +-------------------------+----+----+-----+-----------+
    |a_assign_3_reg_719       |  55|   0|   55|          0|
    |a_assign_reg_663         |  55|   0|   55|          0|
    |ap_CS_fsm                |  19|   0|   19|          0|
    |i_11_reg_648             |   9|   0|    9|          0|
    |i_12_reg_765             |   9|   0|    9|          0|
    |i_13_reg_742             |   9|   0|    9|          0|
    |i_1_reg_219              |   9|   0|    9|          0|
    |i_2_reg_704              |   9|   0|    9|          0|
    |i_i1_reg_196             |   9|   0|    9|          0|
    |i_i2_reg_208             |   9|   0|    9|          0|
    |i_i_reg_172              |   9|   0|    9|          0|
    |i_reg_184                |   3|   0|    3|          0|
    |reg_230                  |  23|   0|   23|          0|
    |reg_234                  |  32|   0|   32|          0|
    |t_1_reg_683              |  55|   0|   55|          0|
    |t_4_reg_775              |  25|   0|   25|          0|
    |t_5_reg_729              |  32|   0|   32|          0|
    |t_6_reg_734              |  55|   0|   55|          0|
    |t_reg_678                |  32|   0|   32|          0|
    |tmp_43_reg_673           |  12|   0|   12|          0|
    |tmp_45_cast_reg_633      |   3|   0|   12|          9|
    |tmp_47_cast_reg_640      |   3|   0|    6|          3|
    |tmp_53_cast_reg_691      |   6|   0|   14|          8|
    |tmp_53_reg_724           |  32|   0|   32|          0|
    |tmp_55_cast_reg_696      |   3|   0|   12|          9|
    |tmp_reg_668              |  32|   0|   32|          0|
    |w_coeffs_addr_2_reg_747  |  11|   0|   11|          0|
    |w_coeffs_addr_reg_770    |  11|   0|   11|          0|
    +-------------------------+----+----+-----+-----------+
    |Total                    | 571|   0|  600|         29|
    +-------------------------+----+----+-----+-----------+



================================================================
== Interface
================================================================
* Summary: 
+-----------------------+-----+-----+------------+----------------------+--------------+
|       RTL Ports       | Dir | Bits|  Protocol  |     Source Object    |    C Type    |
+-----------------------+-----+-----+------------+----------------------+--------------+
|ap_clk                 |  in |    1| ap_ctrl_hs | polyvecl_pointwise_a | return value |
|ap_rst                 |  in |    1| ap_ctrl_hs | polyvecl_pointwise_a | return value |
|ap_start               |  in |    1| ap_ctrl_hs | polyvecl_pointwise_a | return value |
|ap_done                | out |    1| ap_ctrl_hs | polyvecl_pointwise_a | return value |
|ap_idle                | out |    1| ap_ctrl_hs | polyvecl_pointwise_a | return value |
|ap_ready               | out |    1| ap_ctrl_hs | polyvecl_pointwise_a | return value |
|w_coeffs_address0      | out |   11|  ap_memory |       w_coeffs       |     array    |
|w_coeffs_ce0           | out |    1|  ap_memory |       w_coeffs       |     array    |
|w_coeffs_we0           | out |    1|  ap_memory |       w_coeffs       |     array    |
|w_coeffs_d0            | out |   32|  ap_memory |       w_coeffs       |     array    |
|w_coeffs_q0            |  in |   32|  ap_memory |       w_coeffs       |     array    |
|w_coeffs_offset        |  in |    3|   ap_none  |    w_coeffs_offset   |    scalar    |
|u_vec_coeffs_address0  | out |   13|  ap_memory |     u_vec_coeffs     |     array    |
|u_vec_coeffs_ce0       | out |    1|  ap_memory |     u_vec_coeffs     |     array    |
|u_vec_coeffs_q0        |  in |   23|  ap_memory |     u_vec_coeffs     |     array    |
|v_vec_coeffs_address0  | out |   10|  ap_memory |     v_vec_coeffs     |     array    |
|v_vec_coeffs_ce0       | out |    1|  ap_memory |     v_vec_coeffs     |     array    |
|v_vec_coeffs_q0        |  in |   32|  ap_memory |     v_vec_coeffs     |     array    |
+-----------------------+-----+-----+------------+----------------------+--------------+

