

================================================================
== Vivado HLS Report for 'crypto_sign'
================================================================
* Date:           Wed Mar 27 17:23:16 2019

* Version:        2018.2 (Build 2258646 on Thu Jun 14 20:25:20 MDT 2018)
* Project:        Dilithium.prj
* Solution:       solution1
* Product family: artix7
* Target device:  xc7a200tfbg676-2


================================================================
== Performance Estimates
================================================================
+ Timing (ns): 
    * Summary: 
    +--------+-------+----------+------------+
    |  Clock | Target| Estimated| Uncertainty|
    +--------+-------+----------+------------+
    |ap_clk  |  10.00|     8.738|        1.25|
    +--------+-------+----------+------------+

+ Latency (clock cycles): 
    * Summary: 
    +-----+-----+-----+-----+---------+
    |  Latency  |  Interval | Pipeline|
    | min | max | min | max |   Type  |
    +-----+-----+-----+-----+---------+
    |    ?|    ?|    ?|    ?|   none  |
    +-----+-----+-----+-----+---------+

    + Detail: 
        * Instance: 
        +------------------------------------+------------------------+------+------+------+------+---------+
        |                                    |                        |   Latency   |   Interval  | Pipeline|
        |              Instance              |         Module         |  min |  max |  min |  max |   Type  |
        +------------------------------------+------------------------+------+------+------+------+---------+
        |grp_challenge_fu_1129               |challenge               |     ?|     ?|     ?|     ?|   none  |
        |grp_keccak_absorb_fu_1138           |keccak_absorb           |     ?|     ?|     ?|     ?|   none  |
        |grp_expand_mat_fu_1148              |expand_mat              |     ?|     ?|     ?|     ?|   none  |
        |grp_keccak_squeezeblocks_1_fu_1156  |keccak_squeezeblocks_1  |   241|  1201|   241|  1201|   none  |
        |grp_keccak_squeezeblocks_2_fu_1167  |keccak_squeezeblocks_2  |   241|   241|   241|   241|   none  |
        |grp_pack_sig_fu_1175                |pack_sig                |     ?|     ?|     ?|     ?|   none  |
        |grp_unpack_sk_fu_1184               |unpack_sk               |  4162|  4162|  4162|  4162|   none  |
        |grp_invntt_frominvmont_1_fu_1200    |invntt_frominvmont_1    |     ?|     ?|     ?|     ?|   none  |
        |grp_invntt_frominvmont_fu_1211      |invntt_frominvmont      |     ?|     ?|     ?|     ?|   none  |
        |grp_polyvecl_pointwise_a_fu_1220    |polyvecl_pointwise_a    |  8460|  8460|  8460|  8460|   none  |
        |grp_ntt_fu_1229                     |ntt                     |     ?|     ?|     ?|     ?|   none  |
        |grp_ntt_1_fu_1239                   |ntt_1                   |     ?|     ?|     ?|     ?|   none  |
        |grp_ntt_2_fu_1249                   |ntt_2                   |     ?|     ?|     ?|     ?|   none  |
        |grp_polyveck_make_hint_fu_1256      |polyveck_make_hint      |  7691|  7691|  7691|  7691|   none  |
        |grp_rej_gamma1m1_fu_1263            |rej_gamma1m1            |     ?|     ?|     ?|     ?|   none  |
        |grp_keccak_absorb_1_fu_1278         |keccak_absorb_1         |   653|   653|   653|   653|   none  |
        |grp_polyveck_decompose_fu_1284      |polyveck_decompose      |  5131|  5131|  5131|  5131|   none  |
        |grp_polyveck_chknorm_fu_1291        |polyveck_chknorm        |    26|  3866|    26|  3866|   none  |
        |grp_polyveck_freeze_fu_1296         |polyveck_freeze         |  3851|  3851|  3851|  3851|   none  |
        +------------------------------------+------------------------+------+------+------+------+---------+

        * Loop: 
        +------------------------------------------+------+------+----------+-----------+-----------+---------+----------+
        |                                          |   Latency   | Iteration|  Initiation Interval  |   Trip  |          |
        |                 Loop Name                |  min |  max |  Latency |  achieved |   target  |  Count  | Pipelined|
        +------------------------------------------+------+------+----------+-----------+-----------+---------+----------+
        |- Loop 1                                  |     ?|     ?|         2|          -|          -|        ?|    no    |
        |- Loop 2                                  |    96|    96|         2|          -|          -|       48|    no    |
        |- Loop 3                                  |     ?|     ?|         ?|          -|          -|        4|    no    |
        |- Loop 4                                  |     ?|     ?|         ?|          -|          -|        5|    no    |
        |- Loop 5                                  |     ?|     ?|         ?|          -|          -|        5|    no    |
        |- Loop 6                                  |     ?|     ?|         ?|          -|          -|        ?|    no    |
        | + rej                                    |     ?|     ?|         ?|          -|          -|        4|    no    |
        |  ++ rej.1                                |   160|   160|         2|          -|          -|       80|    no    |
        | + Loop 6.2                               |   511|   511|         2|          -|          -|      256|    no    |
        | + Loop 6.3                               |   511|   511|         2|          -|          -|      256|    no    |
        | + Loop 6.4                               |   511|   511|         2|          -|          -|      256|    no    |
        | + Loop 6.5                               |   511|   511|         2|          -|          -|      256|    no    |
        | + Loop 6.6                               |     ?|     ?|         ?|          -|          -|        4|    no    |
        | + Loop 6.7                               |     ?|     ?|         ?|          -|          -|        5|    no    |
        | + Loop 6.8                               |   511|   511|         2|          -|          -|      256|    no    |
        | + Loop 6.9                               |     ?|     ?|         ?|          -|          -|        4|    no    |
        |  ++ poly_pointwise_invmontgomery_label2  |  1536|  1536|         6|          -|          -|      256|    no    |
        | + Loop 6.10                              |  2056|  2056|       514|          -|          -|        4|    no    |
        |  ++ Loop 6.10.1                          |   512|   512|         2|          -|          -|      256|    no    |
        | + Loop 6.11                              |  3080|  3080|       770|          -|          -|        4|    no    |
        |  ++ Loop 6.11.1                          |   768|   768|         3|          -|          -|      256|    no    |
        | + Loop 6.12                              |    24|  3092|  6 ~ 773 |          -|          -|        4|    no    |
        |  ++ Loop 6.12.1                          |     3|   770|         3|          -|          -| 1 ~ 256 |    no    |
        | + Loop 6.13                              |     ?|     ?|         ?|          -|          -|        5|    no    |
        |  ++ poly_pointwise_invmontgomery_label2  |  1536|  1536|         6|          -|          -|      256|    no    |
        | + Loop 6.14                              |  3850|  3850|       770|          -|          -|        5|    no    |
        |  ++ Loop 6.14.1                          |   768|   768|         3|          -|          -|      256|    no    |
        | + Loop 6.15                              |     4|  2577|  4 ~ 515 |          -|          -|  1 ~ 5  |    no    |
        |  ++ Loop 6.15.1                          |     2|   513|         2|          -|          -| 1 ~ 256 |    no    |
        | + Loop 6.16                              |     ?|     ?|         ?|          -|          -|        5|    no    |
        |  ++ poly_pointwise_invmontgomery_label2  |  1536|  1536|         6|          -|          -|      256|    no    |
        | + Loop 6.17                              |  2570|  2570|       514|          -|          -|        5|    no    |
        |  ++ Loop 6.17.1                          |   512|   512|         2|          -|          -|      256|    no    |
        | + Loop 6.18                              |  2570|  2570|       514|          -|          -|        5|    no    |
        |  ++ Loop 6.18.1                          |   512|   512|         2|          -|          -|      256|    no    |
        +------------------------------------------+------+------+----------+-----------+-----------+---------+----------+



================================================================
== Utilization Estimates
================================================================
* Summary: 
+-----------------+---------+-------+--------+--------+
|       Name      | BRAM_18K| DSP48E|   FF   |   LUT  |
+-----------------+---------+-------+--------+--------+
|DSP              |        -|      -|       -|       -|
|Expression       |        -|     27|       0|    2286|
|FIFO             |        -|      -|       -|       -|
|Instance         |       33|     81|   25510|  118640|
|Memory           |       66|      -|      16|      14|
|Multiplexer      |        -|      -|       -|    2993|
|Register         |        -|      -|    1782|       -|
+-----------------+---------+-------+--------+--------+
|Total            |       99|    108|   27308|  123933|
+-----------------+---------+-------+--------+--------+
|Available        |      730|    740|  269200|  129000|
+-----------------+---------+-------+--------+--------+
|Utilization (%)  |       13|     14|      10|      96|
+-----------------+---------+-------+--------+--------+

+ Detail: 
    * Instance: 
    +------------------------------------+------------------------+---------+-------+------+-------+
    |              Instance              |         Module         | BRAM_18K| DSP48E|  FF  |  LUT  |
    +------------------------------------+------------------------+---------+-------+------+-------+
    |grp_challenge_fu_1129               |challenge               |       11|      0|  7008|  36577|
    |grp_expand_mat_fu_1148              |expand_mat              |        8|      0|  3502|  18531|
    |grp_invntt_frominvmont_fu_1211      |invntt_frominvmont      |        1|     18|   647|    874|
    |grp_invntt_frominvmont_1_fu_1200    |invntt_frominvmont_1    |        1|     18|   650|    874|
    |grp_keccak_absorb_fu_1138           |keccak_absorb           |        3|      0|  3596|  18424|
    |grp_keccak_absorb_1_fu_1278         |keccak_absorb_1         |        1|      0|   136|    665|
    |grp_keccak_squeezeblocks_1_fu_1156  |keccak_squeezeblocks_1  |        2|      0|  3214|  17317|
    |grp_keccak_squeezeblocks_2_fu_1167  |keccak_squeezeblocks_2  |        2|      0|  3209|  17316|
    |grp_ntt_fu_1229                     |ntt                     |        1|      9|   552|    703|
    |grp_ntt_1_fu_1239                   |ntt_1                   |        1|      9|   550|    703|
    |grp_ntt_2_fu_1249                   |ntt_2                   |        1|      9|   543|    658|
    |grp_pack_sig_fu_1175                |pack_sig                |        0|      0|   379|   1478|
    |grp_polyveck_chknorm_fu_1291        |polyveck_chknorm        |        0|      0|   130|    279|
    |grp_polyveck_decompose_fu_1284      |polyveck_decompose      |        0|      0|   115|    439|
    |grp_polyveck_freeze_fu_1296         |polyveck_freeze         |        0|      0|    75|    289|
    |grp_polyveck_make_hint_fu_1256      |polyveck_make_hint      |        0|      0|   265|    898|
    |grp_polyvecl_pointwise_a_fu_1220    |polyvecl_pointwise_a    |        1|     18|   571|    844|
    |grp_rej_gamma1m1_fu_1263            |rej_gamma1m1            |        0|      0|   176|    537|
    |grp_unpack_sk_fu_1184               |unpack_sk               |        0|      0|   192|   1234|
    +------------------------------------+------------------------+---------+-------+------+-------+
    |Total                               |                        |       33|     81| 25510| 118640|
    +------------------------------------+------------------------+---------+-------+------+-------+

    * DSP48: 
    N/A

    * Memory: 
    +--------------------+----------------------+---------+----+----+------+-----+------+-------------+
    |       Memory       |        Module        | BRAM_18K| FF | LUT| Words| Bits| Banks| W*Bits*Banks|
    +--------------------+----------------------+---------+----+----+------+-----+------+-------------+
    |output_assign_1_U   |challenge_outbuf      |        1|   0|   0|   136|    8|     1|         1088|
    |c_coeffs_U          |crypto_sign_c_coehbi  |        1|   0|   0|   256|   23|     1|         5888|
    |h_vec_coeffs_U      |crypto_sign_h_vecsc4  |        1|   0|   0|  1280|    1|     1|         1280|
    |inbuf_U             |crypto_sign_inbuf     |        1|   0|   0|    82|    8|     1|          656|
    |mat_vec_coeffs_U    |crypto_sign_mat_vjbC  |       12|   0|   0|  5120|   23|     1|       117760|
    |outbuf_U            |crypto_sign_outbuf    |        1|   0|   0|   680|    8|     1|         5440|
    |s1_vec_coeffs_U     |crypto_sign_s1_vekbM  |        2|   0|   0|  1024|   32|     1|        32768|
    |s2_vec_coeffs_U     |crypto_sign_s2_veocq  |        4|   0|   0|  1280|   32|     1|        40960|
    |seedbuf_U           |crypto_sign_seedbuf   |        0|  16|  14|   112|    8|     1|          896|
    |state_U             |crypto_sign_state     |        4|   0|   0|    25|   64|     1|         1600|
    |s_U                 |crypto_sign_state     |        4|   0|   0|    25|   64|     1|         1600|
    |t0_vec_coeffs_U     |crypto_sign_t0_vepcA  |        4|   0|   0|  1280|   32|     1|        40960|
    |wcs20_vec_coeffs_U  |crypto_sign_t0_vepcA  |        4|   0|   0|  1280|   32|     1|        40960|
    |tmp_vec_coeffs_U    |crypto_sign_t0_vepcA  |        4|   0|   0|  1280|   32|     1|        40960|
    |w_vec_coeffs_U      |crypto_sign_w_vecqcK  |        4|   0|   0|  1280|   32|     1|        40960|
    |w1_vec_coeffs_U     |crypto_sign_w_vecqcK  |        4|   0|   0|  1280|   32|     1|        40960|
    |wcs2_vec_coeffs_U   |crypto_sign_w_vecqcK  |        4|   0|   0|  1280|   32|     1|        40960|
    |ct0_vec_coeffs_U    |crypto_sign_w_vecqcK  |        4|   0|   0|  1280|   32|     1|        40960|
    |y_vec_coeffs_U      |crypto_sign_y_veclbW  |        2|   0|   0|  1024|   24|     1|        24576|
    |yhat_vec_coeffs_U   |crypto_sign_yhat_mb6  |        2|   0|   0|  1024|   32|     1|        32768|
    |z_vec_coeffs_U      |crypto_sign_z_vecncg  |        2|   0|   0|  1024|   32|     1|        32768|
    |chat_coeffs_U       |polyvecl_pointwisdEe  |        1|   0|   0|   256|   32|     1|         8192|
    +--------------------+----------------------+---------+----+----+------+-----+------+-------------+
    |Total               |                      |       66|  16|  14| 22308|  615|    22|       594960|
    +--------------------+----------------------+---------+----+----+------+-----+------+-------------+

    * FIFO: 
    N/A

    * Expression: 
    +-----------------------------------+----------+-------+---+----+------------+------------+
    |           Variable Name           | Operation| DSP48E| FF| LUT| Bitwidth P0| Bitwidth P1|
    +-----------------------------------+----------+-------+---+----+------------+------------+
    |a_assign_6_fu_2125_p2              |     *    |      3|  0|  21|          32|          32|
    |a_assign_7_fu_2350_p2              |     *    |      3|  0|  21|          32|          32|
    |a_assign_fu_1702_p2                |     *    |      3|  0|  21|          32|          32|
    |t_40_fu_1720_p2                    |     *    |      3|  0|  21|          23|          32|
    |t_46_fu_2135_p2                    |     *    |      3|  0|  21|          27|          32|
    |t_47_fu_2143_p2                    |     *    |      3|  0|  21|          23|          32|
    |t_49_fu_2360_p2                    |     *    |      3|  0|  21|          27|          32|
    |t_50_fu_2368_p2                    |     *    |      3|  0|  21|          23|          32|
    |t_fu_1712_p2                       |     *    |      3|  0|  21|          27|          32|
    |a_assign_5_fu_1934_p2              |     +    |      0|  0|  39|          32|          32|
    |a_assign_s_fu_1913_p2              |     +    |      0|  0|  39|          32|          32|
    |i_100_fu_2174_p2                   |     +    |      0|  0|  12|           3|           1|
    |i_101_fu_2093_p2                   |     +    |      0|  0|  16|           9|           1|
    |i_102_fu_2198_p2                   |     +    |      0|  0|  16|           9|           1|
    |i_103_fu_2306_p2                   |     +    |      0|  0|  12|           3|           1|
    |i_104_fu_2457_p2                   |     +    |      0|  0|  12|           3|           1|
    |i_105_fu_2423_p2                   |     +    |      0|  0|  16|           9|           1|
    |i_106_fu_2481_p2                   |     +    |      0|  0|  16|           9|           1|
    |i_12_fu_1438_p2                    |     +    |      0|  0|  15|           7|           1|
    |i_13_fu_1751_p2                    |     +    |      0|  0|  12|           3|           1|
    |i_14_fu_1670_p2                    |     +    |      0|  0|  16|           9|           1|
    |i_15_fu_1837_p2                    |     +    |      0|  0|  16|           9|           1|
    |i_16_fu_1976_p2                    |     +    |      0|  0|  16|           9|           1|
    |i_17_fu_2081_p2                    |     +    |      0|  0|  12|           3|           1|
    |i_18_fu_2249_p2                    |     +    |      0|  0|  12|           3|           1|
    |i_19_fu_2318_p2                    |     +    |      0|  0|  16|           9|           1|
    |i_20_fu_2399_p2                    |     +    |      0|  0|  12|           3|           1|
    |i_88_fu_1320_p2                    |     +    |      0|  0|  71|           1|          64|
    |i_89_fu_1353_p2                    |     +    |      0|  0|  15|           6|           1|
    |i_90_fu_1378_p2                    |     +    |      0|  0|  12|           3|           1|
    |i_91_fu_1390_p2                    |     +    |      0|  0|  12|           3|           1|
    |i_92_fu_1402_p2                    |     +    |      0|  0|  12|           3|           1|
    |i_93_fu_1420_p2                    |     +    |      0|  0|  12|           3|           1|
    |i_94_fu_1600_p2                    |     +    |      0|  0|  12|           3|           1|
    |i_95_fu_1612_p2                    |     +    |      0|  0|  12|           3|           1|
    |i_96_fu_1658_p2                    |     +    |      0|  0|  12|           3|           1|
    |i_97_fu_1813_p2                    |     +    |      0|  0|  12|           3|           1|
    |i_98_fu_1775_p2                    |     +    |      0|  0|  16|           9|           1|
    |i_99_fu_1946_p2                    |     +    |      0|  0|  12|           3|           1|
    |inlen_assign_fu_1326_p2            |     +    |      0|  0|  71|          64|           6|
    |j_9_fu_2276_p2                     |     +    |      0|  0|  16|           9|           1|
    |nonce_1_fu_1408_p2                 |     +    |      0|  0|  23|          16|           3|
    |smlen_d0                           |     +    |      0|  0|  71|          64|          12|
    |sum5_i_fu_1444_p2                  |     +    |      0|  0|  15|           7|           6|
    |sum_fu_1332_p2                     |     +    |      0|  0|  21|          14|          12|
    |t_41_fu_1729_p2                    |     +    |      0|  0|  71|          64|          64|
    |t_48_fu_2152_p2                    |     +    |      0|  0|  71|          64|          64|
    |t_51_fu_2377_p2                    |     +    |      0|  0|  71|          64|          64|
    |tmp_159_i_i_fu_2219_p2             |     +    |      0|  0|  32|          32|          24|
    |tmp_172_i_i1_fu_2444_p2            |     +    |      0|  0|  39|          32|          32|
    |tmp_172_i_i_fu_1800_p2             |     +    |      0|  0|  39|          32|          32|
    |tmp_173_fu_1426_p2                 |     +    |      0|  0|  23|          16|           1|
    |tmp_175_fu_1494_p2                 |     +    |      0|  0|  15|           8|           1|
    |tmp_179_fu_1516_p2                 |     +    |      0|  0|  15|           8|           1|
    |tmp_183_fu_1542_p2                 |     +    |      0|  0|  15|           8|           1|
    |tmp_187_fu_1568_p2                 |     +    |      0|  0|  15|           8|           1|
    |tmp_192_fu_1618_p2                 |     +    |      0|  0|  15|           8|           1|
    |tmp_210_fu_1685_p2                 |     +    |      0|  0|  19|          12|          12|
    |tmp_213_fu_1785_p2                 |     +    |      0|  0|  19|          12|          12|
    |tmp_215_fu_1847_p2                 |     +    |      0|  0|  19|          12|          12|
    |tmp_220_fu_1986_p2                 |     +    |      0|  0|  19|          12|          12|
    |tmp_225_fu_2108_p2                 |     +    |      0|  0|  19|          12|          12|
    |tmp_228_fu_2208_p2                 |     +    |      0|  0|  19|          12|          12|
    |tmp_230_fu_2259_p2                 |     +    |      0|  0|  19|          12|          12|
    |tmp_232_fu_2333_p2                 |     +    |      0|  0|  19|          12|          12|
    |tmp_236_fu_2433_p2                 |     +    |      0|  0|  19|          12|          12|
    |tmp_237_fu_2491_p2                 |     +    |      0|  0|  19|          12|          12|
    |t_43_fu_1996_p2                    |     -    |      0|  0|  39|          22|          32|
    |t_45_fu_2023_p2                    |     -    |      0|  0|  39|          22|          32|
    |tmp_158_i_fu_1484_p2               |     -    |      0|  0|  17|          10|           9|
    |tmp_160_i_i_fu_2225_p2             |     -    |      0|  0|  32|          32|          32|
    |tmp_168_i_i_fu_2501_p2             |     -    |      0|  0|  39|          24|          32|
    |tmp_42_i_i_i_i_fu_1889_p2          |     -    |      0|  0|  31|          24|          24|
    |ap_block_state115_on_subcall_done  |    and   |      0|  0|   2|           1|           1|
    |ap_block_state30_on_subcall_done   |    and   |      0|  0|   2|           1|           1|
    |ap_predicate_op705_call_state115   |    and   |      0|  0|   2|           1|           1|
    |exitcond_fu_1315_p2                |   icmp   |      0|  0|  29|          64|          64|
    |exitcond_i_fu_1347_p2              |   icmp   |      0|  0|  11|           6|           6|
    |grp_fu_1301_p2                     |   icmp   |      0|  0|  18|          32|           1|
    |tmp_171_i_i_fu_2029_p2             |   icmp   |      0|  0|  18|          32|          19|
    |tmp_177_fu_1505_p2                 |   icmp   |      0|  0|  11|           8|           2|
    |tmp_181_fu_1531_p2                 |   icmp   |      0|  0|  11|           8|           2|
    |tmp_185_fu_1557_p2                 |   icmp   |      0|  0|  11|           8|           2|
    |tmp_189_fu_1583_p2                 |   icmp   |      0|  0|  11|           8|           2|
    |tmp_190_fu_1606_p2                 |   icmp   |      0|  0|   9|           3|           3|
    |tmp_194_fu_1629_p2                 |   icmp   |      0|  0|  11|           8|           2|
    |tmp_196_fu_1652_p2                 |   icmp   |      0|  0|   9|           3|           4|
    |tmp_197_fu_1964_p2                 |   icmp   |      0|  0|  18|          32|           1|
    |tmp_198_fu_2075_p2                 |   icmp   |      0|  0|   9|           3|           3|
    |tmp_201_fu_2243_p2                 |   icmp   |      0|  0|   9|           3|           3|
    |tmp_202_fu_2300_p2                 |   icmp   |      0|  0|   9|           3|           3|
    |tmp_203_fu_2270_p2                 |   icmp   |      0|  0|  13|           9|          10|
    |tmp_206_fu_2282_p2                 |   icmp   |      0|  0|  18|          32|          32|
    |tmp_207_fu_2508_p2                 |   icmp   |      0|  0|  18|          32|           7|
    |tmp_i10_fu_2168_p2                 |   icmp   |      0|  0|   9|           3|           3|
    |tmp_i11_fu_2087_p2                 |   icmp   |      0|  0|  13|           9|          10|
    |tmp_i12_fu_2312_p2                 |   icmp   |      0|  0|  13|           9|          10|
    |tmp_i13_fu_2393_p2                 |   icmp   |      0|  0|   9|           3|           3|
    |tmp_i14_fu_2451_p2                 |   icmp   |      0|  0|   9|           3|           3|
    |tmp_i1_fu_1594_p2                  |   icmp   |      0|  0|   9|           3|           4|
    |tmp_i2_fu_1745_p2                  |   icmp   |      0|  0|   9|           3|           4|
    |tmp_i3_fu_1664_p2                  |   icmp   |      0|  0|  13|           9|          10|
    |tmp_i4_fu_1807_p2                  |   icmp   |      0|  0|   9|           3|           4|
    |tmp_i5_fu_1940_p2                  |   icmp   |      0|  0|   9|           3|           4|
    |tmp_i6_fu_1384_p2                  |   icmp   |      0|  0|   9|           3|           3|
    |tmp_i7_fu_1396_p2                  |   icmp   |      0|  0|   9|           3|           3|
    |tmp_i8_fu_1432_p2                  |   icmp   |      0|  0|  11|           7|           7|
    |tmp_i9_fu_1372_p2                  |   icmp   |      0|  0|   9|           3|           4|
    |tmp_i_i2_fu_1769_p2                |   icmp   |      0|  0|  13|           9|          10|
    |tmp_i_i3_fu_1831_p2                |   icmp   |      0|  0|  13|           9|          10|
    |tmp_i_i4_fu_1970_p2                |   icmp   |      0|  0|  13|           9|          10|
    |tmp_i_i6_fu_2192_p2                |   icmp   |      0|  0|  13|           9|          10|
    |tmp_i_i8_fu_2417_p2                |   icmp   |      0|  0|  13|           9|          10|
    |tmp_i_i9_fu_2475_p2                |   icmp   |      0|  0|  13|           9|          10|
    |tmp_s_fu_1414_p2                   |   icmp   |      0|  0|   9|           3|           4|
    |tmp_217_fu_1899_p2                 |    or    |      0|  0|  22|          22|          13|
    |tmp_61_fu_2039_p2                  |    or    |      0|  0|   2|           1|           1|
    |tmp_170_i_i_fu_2009_p3             |  select  |      0|  0|   2|           1|           2|
    |tmp_i_i_i_cast_cast_fu_1926_p3     |  select  |      0|  0|  23|           1|          23|
    |t_44_fu_2017_p2                    |    xor   |      0|  0|  32|          32|          32|
    +-----------------------------------+----------+-------+---+----+------------+------------+
    |Total                              |          |     27|  0|2286|        1700|        1426|
    +-----------------------------------+----------+-------+---+----+------------+------------+

    * Multiplexer: 
    +------------------------------------------------+-----+-----------+-----+-----------+
    |                      Name                      | LUT | Input Size| Bits| Total Bits|
    +------------------------------------------------+-----+-----------+-----+-----------+
    |ap_NS_fsm                                       |  515|        118|    1|        118|
    |c_coeffs_address0                               |   21|          4|    8|         32|
    |c_coeffs_ce0                                    |   21|          4|    1|          4|
    |c_coeffs_we0                                    |    9|          2|    1|          2|
    |chat_coeffs_address0                            |   33|          6|    8|         48|
    |chat_coeffs_ce0                                 |   15|          3|    1|          3|
    |chat_coeffs_d0                                  |   15|          3|   32|         96|
    |chat_coeffs_we0                                 |   15|          3|    1|          3|
    |ct0_vec_coeffs_address0                         |   44|          9|   11|         99|
    |ct0_vec_coeffs_ce0                              |   33|          6|    1|          6|
    |ct0_vec_coeffs_ce1                              |    9|          2|    1|          2|
    |ct0_vec_coeffs_d0                               |   27|          5|   32|        160|
    |ct0_vec_coeffs_we0                              |   21|          4|    1|          4|
    |grp_invntt_frominvmont_1_fu_1200_p_offset       |   21|          4|    3|         12|
    |grp_invntt_frominvmont_1_fu_1200_p_q0           |   21|          4|   32|        128|
    |grp_invntt_frominvmont_1_fu_1200_p_q1           |   21|          4|   32|        128|
    |grp_keccak_squeezeblocks_1_fu_1156_nblocks      |   15|          3|    4|         12|
    |grp_ntt_1_fu_1239_p_offset                      |   15|          3|    3|          9|
    |grp_ntt_1_fu_1239_p_q0                          |   15|          3|   32|         96|
    |grp_ntt_fu_1229_p_offset                        |   15|          3|    3|          9|
    |grp_ntt_fu_1229_p_q0                            |   15|          3|   32|         96|
    |grp_polyveck_chknorm_fu_1291_v_vec_coeffs_q0    |   15|          3|   32|         96|
    |grp_polyveck_decompose_fu_1284_v_vec_coeffs_q0  |   15|          3|   32|         96|
    |grp_polyveck_freeze_fu_1296_v_vec_coeffs_q0     |   33|          6|   32|        192|
    |grp_rej_gamma1m1_fu_1263_a_offset1              |   15|          3|    9|         27|
    |grp_rej_gamma1m1_fu_1263_buflen                 |   15|          3|   11|         33|
    |grp_rej_gamma1m1_fu_1263_len                    |   15|          3|   10|         30|
    |h_vec_coeffs_address0                           |   15|          3|   11|         33|
    |h_vec_coeffs_ce0                                |   15|          3|    1|          3|
    |h_vec_coeffs_we0                                |    9|          2|    1|          2|
    |i_1_reg_767                                     |    9|          2|    3|          6|
    |i_2_reg_858                                     |    9|          2|    3|          6|
    |i_3_reg_881                                     |    9|          2|    3|          6|
    |i_4_reg_995                                     |    9|          2|    3|          6|
    |i_5_reg_1040                                    |    9|          2|    3|          6|
    |i_6_reg_1062                                    |    9|          2|    3|          6|
    |i_i10_reg_1018                                  |    9|          2|    3|          6|
    |i_i11_reg_1007                                  |    9|          2|    9|         18|
    |i_i12_reg_1074                                  |    9|          2|    9|         18|
    |i_i13_reg_1085                                  |    9|          2|    3|          6|
    |i_i14_reg_1107                                  |    9|          2|    3|          6|
    |i_i1_reg_926                                    |    9|          2|    3|          6|
    |i_i2_reg_948                                    |    9|          2|    3|          6|
    |i_i3_reg_731                                    |    9|          2|    3|          6|
    |i_i4_reg_743                                    |    9|          2|    3|          6|
    |i_i5_reg_790                                    |    9|          2|    7|         14|
    |i_i6_reg_846                                    |    9|          2|    3|          6|
    |i_i7_reg_904                                    |    9|          2|    3|          6|
    |i_i8_reg_719                                    |    9|          2|    3|          6|
    |i_i9_reg_893                                    |    9|          2|    9|         18|
    |i_i_i1_reg_937                                  |    9|          2|    9|         18|
    |i_i_i2_reg_971                                  |    9|          2|    9|         18|
    |i_i_i3_reg_1029                                 |    9|          2|    9|         18|
    |i_i_i4_reg_1096                                 |    9|          2|    9|         18|
    |i_i_i5_reg_1118                                 |    9|          2|    9|         18|
    |i_i_i_reg_915                                   |    9|          2|    9|         18|
    |i_i_reg_707                                     |    9|          2|    6|         12|
    |i_reg_695                                       |    9|          2|   64|        128|
    |inbuf_address0                                  |   21|          4|    7|         28|
    |inbuf_ce0                                       |   15|          3|    1|          3|
    |inbuf_d0                                        |   15|          3|    8|         24|
    |j_reg_1051                                      |    9|          2|    9|         18|
    |mat_vec_coeffs_address0                         |   15|          3|   13|         39|
    |mat_vec_coeffs_ce0                              |   15|          3|    1|          3|
    |mat_vec_coeffs_we0                              |    9|          2|    1|          2|
    |nonce_assign_reg_779                            |    9|          2|   16|         32|
    |nonce_reg_755                                   |    9|          2|   16|         32|
    |outbuf_address0                                 |   15|          3|   10|         30|
    |outbuf_ce0                                      |   15|          3|    1|          3|
    |outbuf_ce1                                      |    9|          2|    1|          2|
    |outbuf_we0                                      |    9|          2|    1|          2|
    |output_assign_1_address0                        |   15|          3|    8|         24|
    |output_assign_1_ce0                             |   15|          3|    1|          3|
    |output_assign_1_we0                             |    9|          2|    1|          2|
    |ret_i_reg_959                                   |    9|          2|   32|         64|
    |s1_vec_coeffs_address0                          |   21|          4|   10|         40|
    |s1_vec_coeffs_ce0                               |   21|          4|    1|          4|
    |s1_vec_coeffs_ce1                               |    9|          2|    1|          2|
    |s1_vec_coeffs_d0                                |   15|          3|   32|         96|
    |s1_vec_coeffs_we0                               |   15|          3|    1|          3|
    |s1_vec_coeffs_we1                               |    9|          2|    1|          2|
    |s2_vec_coeffs_address0                          |   21|          4|   11|         44|
    |s2_vec_coeffs_ce0                               |   21|          4|    1|          4|
    |s2_vec_coeffs_ce1                               |    9|          2|    1|          2|
    |s2_vec_coeffs_d0                                |   15|          3|   32|         96|
    |s2_vec_coeffs_we0                               |   15|          3|    1|          3|
    |s2_vec_coeffs_we1                               |    9|          2|    1|          2|
    |s_address0                                      |   15|          3|    5|         15|
    |s_address1                                      |   15|          3|    5|         15|
    |s_ce0                                           |   15|          3|    1|          3|
    |s_ce1                                           |   15|          3|    1|          3|
    |s_d0                                            |   15|          3|   64|        192|
    |s_d1                                            |   15|          3|   64|        192|
    |s_we0                                           |   15|          3|    1|          3|
    |s_we1                                           |   15|          3|    1|          3|
    |seedbuf_address0                                |   33|          6|    7|         42|
    |seedbuf_ce0                                     |   27|          5|    1|          5|
    |seedbuf_d0                                      |   15|          3|    8|         24|
    |seedbuf_we0                                     |   15|          3|    1|          3|
    |sm_address0                                     |   27|          5|   13|         65|
    |sm_ce0                                          |   27|          5|    1|          5|
    |sm_d0                                           |   21|          4|    8|         32|
    |sm_we0                                          |   21|          4|    1|          4|
    |state_address0                                  |   15|          3|    5|         15|
    |state_ce0                                       |   15|          3|    1|          3|
    |state_ce1                                       |    9|          2|    1|          2|
    |state_d0                                        |   15|          3|   64|        192|
    |state_we0                                       |   15|          3|    1|          3|
    |state_we1                                       |    9|          2|    1|          2|
    |t0_vec_coeffs_address0                          |   21|          4|   11|         44|
    |t0_vec_coeffs_ce0                               |   21|          4|    1|          4|
    |t0_vec_coeffs_d0                                |   15|          3|   32|         96|
    |t0_vec_coeffs_we0                               |   15|          3|    1|          3|
    |tmp_174_reg_802                                 |    9|          2|    8|         16|
    |tmp_178_reg_813                                 |    9|          2|    8|         16|
    |tmp_182_reg_824                                 |    9|          2|    8|         16|
    |tmp_186_reg_835                                 |    9|          2|    8|         16|
    |tmp_191_reg_870                                 |    9|          2|    8|         16|
    |tmp_vec_coeffs_address0                         |   38|          7|   11|         77|
    |tmp_vec_coeffs_ce0                              |   33|          6|    1|          6|
    |tmp_vec_coeffs_d0                               |   27|          5|   32|        160|
    |tmp_vec_coeffs_we0                              |   27|          5|    1|          5|
    |w1_vec_coeffs_address0                          |   21|          4|   11|         44|
    |w1_vec_coeffs_ce0                               |   21|          4|    1|          4|
    |w1_vec_coeffs_ce1                               |    9|          2|    1|          2|
    |w1_vec_coeffs_we0                               |    9|          2|    1|          2|
    |w_vec_coeffs_address0                           |   33|          6|   11|         66|
    |w_vec_coeffs_ce0                                |   33|          6|    1|          6|
    |w_vec_coeffs_ce1                                |    9|          2|    1|          2|
    |w_vec_coeffs_d0                                 |   21|          4|   32|        128|
    |w_vec_coeffs_we0                                |   21|          4|    1|          4|
    |wcs20_vec_coeffs_address0                       |   21|          4|   11|         44|
    |wcs20_vec_coeffs_ce0                            |   21|          4|    1|          4|
    |wcs20_vec_coeffs_d0                             |   15|          3|   32|         96|
    |wcs20_vec_coeffs_we0                            |   15|          3|    1|          3|
    |wcs2_vec_coeffs_address0                        |   41|          8|   11|         88|
    |wcs2_vec_coeffs_ce0                             |   27|          5|    1|          5|
    |wcs2_vec_coeffs_ce1                             |    9|          2|    1|          2|
    |wcs2_vec_coeffs_d0                              |   27|          5|   32|        160|
    |wcs2_vec_coeffs_we0                             |   21|          4|    1|          4|
    |y_vec_coeffs_address0                           |   38|          7|   10|         70|
    |y_vec_coeffs_ce0                                |   15|          3|    1|          3|
    |y_vec_coeffs_we0                                |    9|          2|    1|          2|
    |yhat_vec_coeffs_address0                        |   38|          7|   10|         70|
    |yhat_vec_coeffs_ce0                             |   21|          4|    1|          4|
    |yhat_vec_coeffs_d0                              |   33|          6|   32|        192|
    |yhat_vec_coeffs_we0                             |   15|          3|    1|          3|
    |z_vec_coeffs_address0                           |   44|          9|   10|         90|
    |z_vec_coeffs_ce0                                |   21|          4|    1|          4|
    |z_vec_coeffs_ce1                                |    9|          2|    1|          2|
    |z_vec_coeffs_d0                                 |   27|          5|   32|        160|
    |z_vec_coeffs_we0                                |   15|          3|    1|          3|
    +------------------------------------------------+-----+-----------+-----+-----------+
    |Total                                           | 2993|        610| 1442|       5165|
    +------------------------------------------------+-----+-----------+-----+-----------+

    * Register: 
    +-------------------------------------------------+-----+----+-----+-----------+
    |                       Name                      |  FF | LUT| Bits| Const Bits|
    +-------------------------------------------------+-----+----+-----+-----------+
    |a_assign_6_reg_2967                              |   64|   0|   64|          0|
    |a_assign_7_reg_3103                              |   64|   0|   64|          0|
    |a_assign_reg_2800                                |   64|   0|   64|          0|
    |a_assign_s_reg_2877                              |   32|   0|   32|          0|
    |ap_CS_fsm                                        |  117|   0|  117|          0|
    |ct0_vec_coeffs_addr_2_reg_3184                   |   11|   0|   11|          0|
    |ctr4_reg_2633                                    |    9|   0|    9|          0|
    |grp_challenge_fu_1129_ap_start_reg               |    1|   0|    1|          0|
    |grp_expand_mat_fu_1148_ap_start_reg              |    1|   0|    1|          0|
    |grp_invntt_frominvmont_1_fu_1200_ap_start_reg    |    1|   0|    1|          0|
    |grp_invntt_frominvmont_fu_1211_ap_start_reg      |    1|   0|    1|          0|
    |grp_keccak_absorb_1_fu_1278_ap_start_reg         |    1|   0|    1|          0|
    |grp_keccak_absorb_fu_1138_ap_start_reg           |    1|   0|    1|          0|
    |grp_keccak_squeezeblocks_1_fu_1156_ap_start_reg  |    1|   0|    1|          0|
    |grp_keccak_squeezeblocks_2_fu_1167_ap_start_reg  |    1|   0|    1|          0|
    |grp_ntt_1_fu_1239_ap_start_reg                   |    1|   0|    1|          0|
    |grp_ntt_2_fu_1249_ap_start_reg                   |    1|   0|    1|          0|
    |grp_ntt_fu_1229_ap_start_reg                     |    1|   0|    1|          0|
    |grp_pack_sig_fu_1175_ap_start_reg                |    1|   0|    1|          0|
    |grp_polyveck_chknorm_fu_1291_ap_start_reg        |    1|   0|    1|          0|
    |grp_polyveck_decompose_fu_1284_ap_start_reg      |    1|   0|    1|          0|
    |grp_polyveck_freeze_fu_1296_ap_start_reg         |    1|   0|    1|          0|
    |grp_polyveck_make_hint_fu_1256_ap_start_reg      |    1|   0|    1|          0|
    |grp_polyvecl_pointwise_a_fu_1220_ap_start_reg    |    1|   0|    1|          0|
    |grp_rej_gamma1m1_fu_1263_ap_start_reg            |    1|   0|    1|          0|
    |grp_unpack_sk_fu_1184_ap_start_reg               |    1|   0|    1|          0|
    |i_100_reg_2990                                   |    3|   0|    3|          0|
    |i_101_reg_2942                                   |    9|   0|    9|          0|
    |i_102_reg_3003                                   |    9|   0|    9|          0|
    |i_103_reg_3070                                   |    3|   0|    3|          0|
    |i_104_reg_3166                                   |    3|   0|    3|          0|
    |i_105_reg_3143                                   |    9|   0|    9|          0|
    |i_106_reg_3179                                   |    9|   0|    9|          0|
    |i_12_reg_2623                                    |    7|   0|    7|          0|
    |i_13_reg_2823                                    |    3|   0|    3|          0|
    |i_14_reg_2775                                    |    9|   0|    9|          0|
    |i_15_reg_2867                                    |    9|   0|    9|          0|
    |i_16_reg_2903                                    |    9|   0|    9|          0|
    |i_17_reg_2934                                    |    3|   0|    3|          0|
    |i_18_reg_3036                                    |    3|   0|    3|          0|
    |i_19_reg_3078                                    |    9|   0|    9|          0|
    |i_1_reg_767                                      |    3|   0|    3|          0|
    |i_20_reg_3130                                    |    3|   0|    3|          0|
    |i_2_reg_858                                      |    3|   0|    3|          0|
    |i_3_reg_881                                      |    3|   0|    3|          0|
    |i_4_reg_995                                      |    3|   0|    3|          0|
    |i_5_reg_1040                                     |    3|   0|    3|          0|
    |i_6_reg_1062                                     |    3|   0|    3|          0|
    |i_88_reg_2540                                    |   64|   0|   64|          0|
    |i_89_reg_2558                                    |    6|   0|    6|          0|
    |i_90_reg_2571                                    |    3|   0|    3|          0|
    |i_91_reg_2579                                    |    3|   0|    3|          0|
    |i_92_reg_2587                                    |    3|   0|    3|          0|
    |i_93_reg_2610                                    |    3|   0|    3|          0|
    |i_94_reg_2727                                    |    3|   0|    3|          0|
    |i_95_reg_2735                                    |    3|   0|    3|          0|
    |i_96_reg_2767                                    |    3|   0|    3|          0|
    |i_97_reg_2854                                    |    3|   0|    3|          0|
    |i_98_reg_2836                                    |    9|   0|    9|          0|
    |i_99_reg_2886                                    |    3|   0|    3|          0|
    |i_i10_reg_1018                                   |    3|   0|    3|          0|
    |i_i11_reg_1007                                   |    9|   0|    9|          0|
    |i_i12_reg_1074                                   |    9|   0|    9|          0|
    |i_i13_reg_1085                                   |    3|   0|    3|          0|
    |i_i14_reg_1107                                   |    3|   0|    3|          0|
    |i_i1_reg_926                                     |    3|   0|    3|          0|
    |i_i2_reg_948                                     |    3|   0|    3|          0|
    |i_i3_reg_731                                     |    3|   0|    3|          0|
    |i_i4_reg_743                                     |    3|   0|    3|          0|
    |i_i5_reg_790                                     |    7|   0|    7|          0|
    |i_i6_reg_846                                     |    3|   0|    3|          0|
    |i_i7_reg_904                                     |    3|   0|    3|          0|
    |i_i8_reg_719                                     |    3|   0|    3|          0|
    |i_i9_reg_893                                     |    9|   0|    9|          0|
    |i_i_i1_reg_937                                   |    9|   0|    9|          0|
    |i_i_i2_reg_971                                   |    9|   0|    9|          0|
    |i_i_i3_reg_1029                                  |    9|   0|    9|          0|
    |i_i_i4_reg_1096                                  |    9|   0|    9|          0|
    |i_i_i5_reg_1118                                  |    9|   0|    9|          0|
    |i_i_i_reg_915                                    |    9|   0|    9|          0|
    |i_i_reg_707                                      |    6|   0|    6|          0|
    |i_reg_695                                        |   64|   0|   64|          0|
    |inlen_assign_reg_2550                            |   64|   0|   64|          0|
    |j_9_reg_3054                                     |    9|   0|    9|          0|
    |j_reg_1051                                       |    9|   0|    9|          0|
    |nonce_1_reg_2602                                 |   16|   0|   16|          0|
    |nonce_assign_reg_779                             |   16|   0|   16|          0|
    |nonce_reg_755                                    |   16|   0|   16|          0|
    |p_0_i_i_reg_982                                  |    1|   0|    1|          0|
    |reg_1307                                         |   32|   0|   32|          0|
    |ret_i_reg_959                                    |   32|   0|   32|          0|
    |s1_vec_coeffs_load_reg_2795                      |   32|   0|   32|          0|
    |s2_vec_coeffs_load_reg_2962                      |   32|   0|   32|          0|
    |t0_vec_coeffs_load_reg_3098                      |   32|   0|   32|          0|
    |t_40_reg_2815                                    |   55|   0|   55|          0|
    |t_46_reg_2977                                    |   32|   0|   32|          0|
    |t_47_reg_2982                                    |   55|   0|   55|          0|
    |t_49_reg_3113                                    |   32|   0|   32|          0|
    |t_50_reg_3118                                    |   55|   0|   55|          0|
    |t_reg_2810                                       |   32|   0|   32|          0|
    |tmp_158_i_cast_reg_2643                          |    9|   0|   10|          1|
    |tmp_160_i_i_reg_3018                             |   32|   0|   32|          0|
    |tmp_173_reg_2615                                 |   16|   0|   16|          0|
    |tmp_174_reg_802                                  |    8|   0|    8|          0|
    |tmp_175_reg_2648                                 |    8|   0|    8|          0|
    |tmp_176_reg_2653                                 |    8|   0|   64|         56|
    |tmp_177_reg_2663                                 |    1|   0|    1|          0|
    |tmp_178_reg_813                                  |    8|   0|    8|          0|
    |tmp_179_reg_2667                                 |    8|   0|    8|          0|
    |tmp_180_reg_2672                                 |    8|   0|   64|         56|
    |tmp_181_reg_2682                                 |    1|   0|    1|          0|
    |tmp_182_reg_824                                  |    8|   0|    8|          0|
    |tmp_183_reg_2686                                 |    8|   0|    8|          0|
    |tmp_184_reg_2691                                 |    8|   0|   64|         56|
    |tmp_185_reg_2701                                 |    1|   0|    1|          0|
    |tmp_186_reg_835                                  |    8|   0|    8|          0|
    |tmp_187_reg_2705                                 |    8|   0|    8|          0|
    |tmp_188_reg_2710                                 |    8|   0|   64|         56|
    |tmp_189_reg_2720                                 |    1|   0|    1|          0|
    |tmp_191_reg_870                                  |    8|   0|    8|          0|
    |tmp_192_reg_2740                                 |    8|   0|    8|          0|
    |tmp_193_reg_2745                                 |    8|   0|   64|         56|
    |tmp_194_reg_2755                                 |    1|   0|    1|          0|
    |tmp_197_reg_2896                                 |    1|   0|    1|          0|
    |tmp_199_cast_reg_2759                            |    3|   0|   12|          9|
    |tmp_200_reg_3023                                 |    1|   0|    1|          0|
    |tmp_201_reg_3032                                 |    1|   0|    1|          0|
    |tmp_205_reg_3123                                 |    1|   0|    1|          0|
    |tmp_209_cast_reg_2828                            |    3|   0|   12|          9|
    |tmp_209_reg_2639                                 |    1|   0|    1|          0|
    |tmp_210_cast_reg_2780                            |   12|   0|   64|         52|
    |tmp_212_cast_reg_2859                            |    3|   0|   12|          9|
    |tmp_212_reg_2805                                 |   32|   0|   32|          0|
    |tmp_215_cast_reg_2891                            |    3|   0|   12|          9|
    |tmp_220_cast_reg_2926                            |    3|   0|   12|          9|
    |tmp_224_cast_reg_2995                            |    3|   0|   12|          9|
    |tmp_225_cast_reg_2947                            |   12|   0|   64|         52|
    |tmp_227_cast_reg_3027                            |    3|   0|   12|          9|
    |tmp_227_reg_2972                                 |   32|   0|   32|          0|
    |tmp_230_cast_reg_3062                            |    3|   0|   12|          9|
    |tmp_233_cast_reg_3083                            |   12|   0|   64|         52|
    |tmp_233_reg_3108                                 |   32|   0|   32|          0|
    |tmp_235_cast_reg_3135                            |    3|   0|   12|          9|
    |tmp_237_cast_reg_3171                            |    3|   0|   12|          9|
    |tmp_238_cast_reg_3148                            |   12|   0|   64|         52|
    |tmp_reg_2532                                     |   14|   0|   14|          0|
    |wcs2_vec_coeffs_addr_1_reg_3013                  |   11|   0|   11|          0|
    |z_vec_coeffs_addr_2_reg_2846                     |   10|   0|   10|          0|
    |z_vec_coeffs_addr_3_reg_2872                     |   10|   0|   10|          0|
    |z_vec_coeffs_load_3_reg_2913                     |   32|   0|   32|          0|
    +-------------------------------------------------+-----+----+-----+-----------+
    |Total                                            | 1782|   0| 2361|        579|
    +-------------------------------------------------+-----+----+-----+-----------+



================================================================
== Interface
================================================================
* Summary: 
+----------------+-----+-----+------------+--------------+--------------+
|    RTL Ports   | Dir | Bits|  Protocol  | Source Object|    C Type    |
+----------------+-----+-----+------------+--------------+--------------+
|ap_clk          |  in |    1| ap_ctrl_hs |  crypto_sign | return value |
|ap_rst          |  in |    1| ap_ctrl_hs |  crypto_sign | return value |
|ap_start        |  in |    1| ap_ctrl_hs |  crypto_sign | return value |
|ap_done         | out |    1| ap_ctrl_hs |  crypto_sign | return value |
|ap_idle         | out |    1| ap_ctrl_hs |  crypto_sign | return value |
|ap_ready        | out |    1| ap_ctrl_hs |  crypto_sign | return value |
|ap_return       | out |   32| ap_ctrl_hs |  crypto_sign | return value |
|sm_address0     | out |   13|  ap_memory |      sm      |     array    |
|sm_ce0          | out |    1|  ap_memory |      sm      |     array    |
|sm_we0          | out |    1|  ap_memory |      sm      |     array    |
|sm_d0           | out |    8|  ap_memory |      sm      |     array    |
|sm_q0           |  in |    8|  ap_memory |      sm      |     array    |
|smlen_address0  | out |    1|  ap_memory |     smlen    |     array    |
|smlen_ce0       | out |    1|  ap_memory |     smlen    |     array    |
|smlen_we0       | out |    1|  ap_memory |     smlen    |     array    |
|smlen_d0        | out |   64|  ap_memory |     smlen    |     array    |
|m_address0      | out |   12|  ap_memory |       m      |     array    |
|m_ce0           | out |    1|  ap_memory |       m      |     array    |
|m_q0            |  in |    8|  ap_memory |       m      |     array    |
|mlen            |  in |   64|   ap_none  |     mlen     |    scalar    |
|sk_address0     | out |   12|  ap_memory |      sk      |     array    |
|sk_ce0          | out |    1|  ap_memory |      sk      |     array    |
|sk_q0           |  in |    8|  ap_memory |      sk      |     array    |
|sk_address1     | out |   12|  ap_memory |      sk      |     array    |
|sk_ce1          | out |    1|  ap_memory |      sk      |     array    |
|sk_q1           |  in |    8|  ap_memory |      sk      |     array    |
+----------------+-----+-----+------------+--------------+--------------+

