

================================================================
== Vivado HLS Report for 'keccak_squeezeblocks_1'
================================================================
* Date:           Wed Mar 27 17:23:05 2019

* Version:        2018.2 (Build 2258646 on Thu Jun 14 20:25:20 MDT 2018)
* Project:        Dilithium.prj
* Solution:       solution1
* Product family: artix7
* Target device:  xc7a200tfbg676-2


================================================================
== Performance Estimates
================================================================
+ Timing (ns): 
    * Summary: 
    +--------+-------+----------+------------+
    |  Clock | Target| Estimated| Uncertainty|
    +--------+-------+----------+------------+
    |ap_clk  |  10.00|     6.812|        1.25|
    +--------+-------+----------+------------+

+ Latency (clock cycles): 
    * Summary: 
    +-----+------+-----+------+---------+
    |   Latency  |  Interval  | Pipeline|
    | min |  max | min |  max |   Type  |
    +-----+------+-----+------+---------+
    |  241|  1201|  241|  1201|   none  |
    +-----+------+-----+------+---------+

    + Detail: 
        * Instance: 
        +---------------------------------+----------------------+-----+-----+-----+-----+---------+
        |                                 |                      |  Latency  |  Interval | Pipeline|
        |             Instance            |        Module        | min | max | min | max |   Type  |
        +---------------------------------+----------------------+-----+-----+-----+-----+---------+
        |grp_KeccakF1600_StatePer_fu_125  |KeccakF1600_StatePer  |   50|   50|   50|   50|   none  |
        +---------------------------------+----------------------+-----+-----+-----+-----+---------+

        * Loop: 
        +-----------------+-----+------+----------+-----------+-----------+-------+----------+
        |                 |   Latency  | Iteration|  Initiation Interval  |  Trip |          |
        |    Loop Name    | min |  max |  Latency |  achieved |   target  | Count | Pipelined|
        +-----------------+-----+------+----------+-----------+-----------+-------+----------+
        |- Loop 1         |  240|  1200|       240|          -|          -| 1 ~ 5 |    no    |
        | + Loop 1.1      |  187|   187|        11|          -|          -|     17|    no    |
        |  ++ Loop 1.1.1  |    8|     8|         1|          -|          -|      8|    no    |
        +-----------------+-----+------+----------+-----------+-----------+-------+----------+



================================================================
== Utilization Estimates
================================================================
* Summary: 
+-----------------+---------+-------+--------+--------+
|       Name      | BRAM_18K| DSP48E|   FF   |   LUT  |
+-----------------+---------+-------+--------+--------+
|DSP              |        -|      -|       -|       -|
|Expression       |        -|      -|       0|     303|
|FIFO             |        -|      -|       -|       -|
|Instance         |        2|      -|    3110|   16883|
|Memory           |        -|      -|       -|       -|
|Multiplexer      |        -|      -|       -|     131|
|Register         |        -|      -|     104|       -|
+-----------------+---------+-------+--------+--------+
|Total            |        2|      0|    3214|   17317|
+-----------------+---------+-------+--------+--------+
|Available        |      730|    740|  269200|  129000|
+-----------------+---------+-------+--------+--------+
|Utilization (%)  |    ~0   |      0|       1|      13|
+-----------------+---------+-------+--------+--------+

+ Detail: 
    * Instance: 
    +---------------------------------+----------------------+---------+-------+------+-------+
    |             Instance            |        Module        | BRAM_18K| DSP48E|  FF  |  LUT  |
    +---------------------------------+----------------------+---------+-------+------+-------+
    |grp_KeccakF1600_StatePer_fu_125  |KeccakF1600_StatePer  |        2|      0|  3110|  16883|
    +---------------------------------+----------------------+---------+-------+------+-------+
    |Total                            |                      |        2|      0|  3110|  16883|
    +---------------------------------+----------------------+---------+-------+------+-------+

    * DSP48: 
    N/A

    * Memory: 
    N/A

    * FIFO: 
    N/A

    * Expression: 
    +--------------------------+----------+-------+---+-----+------------+------------+
    |       Variable Name      | Operation| DSP48E| FF| LUT | Bitwidth P0| Bitwidth P1|
    +--------------------------+----------+-------+---+-----+------------+------------+
    |i_39_fu_145_p2            |     +    |      0|  0|   15|           5|           1|
    |i_40_fu_182_p2            |     +    |      0|  0|   13|           4|           1|
    |nblocks_assign_fu_162_p2  |     +    |      0|  0|   13|           4|           2|
    |p_rec_fu_156_p2           |     +    |      0|  0|   17|          10|           8|
    |sum_i_fu_227_p2           |     +    |      0|  0|   17|          10|          10|
    |tmp_fu_218_p2             |     +    |      0|  0|   15|           8|           8|
    |exitcond_fu_139_p2        |   icmp   |      0|  0|   11|           5|           5|
    |tmp_97_fu_133_p2          |   icmp   |      0|  0|    9|           4|           1|
    |tmp_i_fu_176_p2           |   icmp   |      0|  0|   11|           4|           5|
    |tmp_18_i_fu_204_p2        |   lshr   |      0|  0|  182|          64|          64|
    +--------------------------+----------+-------+---+-----+------------+------------+
    |Total                     |          |      0|  0|  303|         118|         105|
    +--------------------------+----------+-------+---+-----+------------+------------+

    * Multiplexer: 
    +-------------------------+----+-----------+-----+-----------+
    |           Name          | LUT| Input Size| Bits| Total Bits|
    +-------------------------+----+-----------+-----+-----------+
    |ap_NS_fsm                |  38|          7|    1|          7|
    |i_i_reg_114              |   9|          2|    4|          8|
    |i_reg_102                |   9|          2|    5|         10|
    |nblocks_assign_1_reg_80  |   9|          2|    4|          8|
    |p_0_rec_reg_90           |   9|          2|   10|         20|
    |s_address0               |  15|          3|    5|         15|
    |s_ce0                    |  15|          3|    1|          3|
    |s_ce1                    |   9|          2|    1|          2|
    |s_we0                    |   9|          2|    1|          2|
    |s_we1                    |   9|          2|    1|          2|
    +-------------------------+----+-----------+-----+-----------+
    |Total                    | 131|         27|   33|         77|
    +-------------------------+----+-----------+-----+-----------+

    * Register: 
    +----------------------------------------------+----+----+-----+-----------+
    |                     Name                     | FF | LUT| Bits| Const Bits|
    +----------------------------------------------+----+----+-----+-----------+
    |ap_CS_fsm                                     |   6|   0|    6|          0|
    |grp_KeccakF1600_StatePer_fu_125_ap_start_reg  |   1|   0|    1|          0|
    |i_39_reg_249                                  |   5|   0|    5|          0|
    |i_i_reg_114                                   |   4|   0|    4|          0|
    |i_reg_102                                     |   5|   0|    5|          0|
    |nblocks_assign_1_reg_80                       |   4|   0|    4|          0|
    |p_0_rec_reg_90                                |  10|   0|   10|          0|
    |s_load_reg_274                                |  64|   0|   64|          0|
    |tmp_98_reg_269                                |   5|   0|    8|          3|
    +----------------------------------------------+----+----+-----+-----------+
    |Total                                         | 104|   0|  107|          3|
    +----------------------------------------------+----+----+-----+-----------+



================================================================
== Interface
================================================================
* Summary: 
+------------+-----+-----+------------+------------------------+--------------+
|  RTL Ports | Dir | Bits|  Protocol  |      Source Object     |    C Type    |
+------------+-----+-----+------------+------------------------+--------------+
|ap_clk      |  in |    1| ap_ctrl_hs | keccak_squeezeblocks.1 | return value |
|ap_rst      |  in |    1| ap_ctrl_hs | keccak_squeezeblocks.1 | return value |
|ap_start    |  in |    1| ap_ctrl_hs | keccak_squeezeblocks.1 | return value |
|ap_done     | out |    1| ap_ctrl_hs | keccak_squeezeblocks.1 | return value |
|ap_idle     | out |    1| ap_ctrl_hs | keccak_squeezeblocks.1 | return value |
|ap_ready    | out |    1| ap_ctrl_hs | keccak_squeezeblocks.1 | return value |
|h_address0  | out |   10|  ap_memory |            h           |     array    |
|h_ce0       | out |    1|  ap_memory |            h           |     array    |
|h_we0       | out |    1|  ap_memory |            h           |     array    |
|h_d0        | out |    8|  ap_memory |            h           |     array    |
|nblocks     |  in |    4|   ap_none  |         nblocks        |    scalar    |
|s_address0  | out |    5|  ap_memory |            s           |     array    |
|s_ce0       | out |    1|  ap_memory |            s           |     array    |
|s_we0       | out |    1|  ap_memory |            s           |     array    |
|s_d0        | out |   64|  ap_memory |            s           |     array    |
|s_q0        |  in |   64|  ap_memory |            s           |     array    |
|s_address1  | out |    5|  ap_memory |            s           |     array    |
|s_ce1       | out |    1|  ap_memory |            s           |     array    |
|s_we1       | out |    1|  ap_memory |            s           |     array    |
|s_d1        | out |   64|  ap_memory |            s           |     array    |
|s_q1        |  in |   64|  ap_memory |            s           |     array    |
+------------+-----+-----+------------+------------------------+--------------+

