

================================================================
== Vivado HLS Report for 'ntt'
================================================================
* Date:           Wed Mar 27 17:23:04 2019

* Version:        2018.2 (Build 2258646 on Thu Jun 14 20:25:20 MDT 2018)
* Project:        Dilithium.prj
* Solution:       solution1
* Product family: artix7
* Target device:  xc7a200tfbg676-2


================================================================
== Performance Estimates
================================================================
+ Timing (ns): 
    * Summary: 
    +--------+-------+----------+------------+
    |  Clock | Target| Estimated| Uncertainty|
    +--------+-------+----------+------------+
    |ap_clk  |  10.00|     7.724|        1.25|
    +--------+-------+----------+------------+

+ Latency (clock cycles): 
    * Summary: 
    +-----+-----+-----+-----+---------+
    |  Latency  |  Interval | Pipeline|
    | min | max | min | max |   Type  |
    +-----+-----+-----+-----+---------+
    |    ?|    ?|    ?|    ?|   none  |
    +-----+-----+-----+-----+---------+

    + Detail: 
        * Instance: 
        N/A

        * Loop: 
        +-----------------+-----+-----+----------+-----------+-----------+------+----------+
        |                 |  Latency  | Iteration|  Initiation Interval  | Trip |          |
        |    Loop Name    | min | max |  Latency |  achieved |   target  | Count| Pipelined|
        +-----------------+-----+-----+----------+-----------+-----------+------+----------+
        |- Loop 1         |    ?|    ?|         ?|          -|          -|     8|    no    |
        | + Loop 1.1      |    ?|    ?|         ?|          -|          -|     ?|    no    |
        |  ++ Loop 1.1.1  |    ?|    ?|         9|          -|          -|     ?|    no    |
        +-----------------+-----+-----+----------+-----------+-----------+------+----------+



================================================================
== Utilization Estimates
================================================================
* Summary: 
+-----------------+---------+-------+--------+--------+
|       Name      | BRAM_18K| DSP48E|   FF   |   LUT  |
+-----------------+---------+-------+--------+--------+
|DSP              |        -|      -|       -|       -|
|Expression       |        -|      9|       0|     572|
|FIFO             |        -|      -|       -|       -|
|Instance         |        -|      -|       -|       -|
|Memory           |        1|      -|       0|       0|
|Multiplexer      |        -|      -|       -|     131|
|Register         |        -|      -|     552|       -|
+-----------------+---------+-------+--------+--------+
|Total            |        1|      9|     552|     703|
+-----------------+---------+-------+--------+--------+
|Available        |      730|    740|  269200|  129000|
+-----------------+---------+-------+--------+--------+
|Utilization (%)  |    ~0   |      1|   ~0   |   ~0   |
+-----------------+---------+-------+--------+--------+

+ Detail: 
    * Instance: 
    N/A

    * DSP48: 
    N/A

    * Memory: 
    +---------+-------------+---------+---+----+------+-----+------+-------------+
    |  Memory |    Module   | BRAM_18K| FF| LUT| Words| Bits| Banks| W*Bits*Banks|
    +---------+-------------+---------+---+----+------+-----+------+-------------+
    |zetas_U  |ntt_1_zetas  |        1|  0|   0|   256|   23|     1|         5888|
    +---------+-------------+---------+---+----+------+-----+------+-------------+
    |Total    |             |        1|  0|   0|   256|   23|     1|         5888|
    +---------+-------------+---------+---+----+------+-----+------+-------------+

    * FIFO: 
    N/A

    * Expression: 
    +--------------------+----------+-------+---+----+------------+------------+
    |    Variable Name   | Operation| DSP48E| FF| LUT| Bitwidth P0| Bitwidth P1|
    +--------------------+----------+-------+---+----+------------+------------+
    |a_assign_fu_292_p2  |     *    |      3|  0|  21|          23|          32|
    |t_25_fu_309_p2      |     *    |      3|  0|  21|          23|          32|
    |t_fu_301_p2         |     *    |      3|  0|  21|          27|          32|
    |j_5_fu_275_p2       |     +    |      0|  0|  37|           1|          30|
    |k_5_fu_197_p2       |     +    |      0|  0|  39|           1|          32|
    |t_26_fu_321_p2      |     +    |      0|  0|  63|          56|          56|
    |tmp_122_fu_245_p2   |     +    |      0|  0|  32|          12|          12|
    |tmp_84_fu_202_p2    |     +    |      0|  0|  38|          31|          31|
    |tmp_91_fu_346_p2    |     +    |      0|  0|  39|          32|          32|
    |tmp_92_fu_356_p2    |     +    |      0|  0|  39|          32|          32|
    |tmp_93_fu_281_p2    |     +    |      0|  0|  38|          31|          31|
    |tmp_96_fu_251_p2    |     +    |      0|  0|  32|          12|          12|
    |tmp_98_fu_265_p2    |     +    |      0|  0|  19|          12|          12|
    |tmp_90_fu_337_p2    |     -    |      0|  0|  31|          15|          24|
    |icmp_fu_169_p2      |   icmp   |      0|  0|  18|          23|           1|
    |tmp_85_fu_211_p2    |   icmp   |      0|  0|  18|          31|          31|
    |tmp_86_fu_232_p2    |   icmp   |      0|  0|  18|          30|          30|
    |tmp_fu_149_p2       |   icmp   |      0|  0|  18|          29|           1|
    |start_fu_217_p3     |  select  |      0|  0|  30|           1|          30|
    +--------------------+----------+-------+---+----+------------+------------+
    |Total               |          |      9|  0| 572|         422|         493|
    +--------------------+----------+-------+---+----+------------+------------+

    * Multiplexer: 
    +------------+----+-----------+-----+-----------+
    |    Name    | LUT| Input Size| Bits| Total Bits|
    +------------+----+-----------+-----+-----------+
    |ap_NS_fsm   |  59|         14|    1|         14|
    |j5_reg_119  |   9|          2|   30|         60|
    |j_reg_107   |   9|          2|   31|         62|
    |k_fu_52     |   9|          2|   32|         64|
    |len_reg_95  |   9|          2|    8|         16|
    |p_address0  |  21|          4|   11|         44|
    |p_d0        |  15|          3|   32|         96|
    +------------+----+-----------+-----+-----------+
    |Total       | 131|         29|  145|        356|
    +------------+----+-----------+-----+-----------+

    * Register: 
    +------------------------+----+----+-----+-----------+
    |          Name          | FF | LUT| Bits| Const Bits|
    +------------------------+----+----+-----+-----------+
    |a_assign_reg_457        |  55|   0|   55|          0|
    |ap_CS_fsm               |  13|   0|   13|          0|
    |j5_reg_119              |  30|   0|   30|          0|
    |j_5_reg_442             |  30|   0|   30|          0|
    |j_reg_107               |  31|   0|   31|          0|
    |k_5_reg_409             |  32|   0|   32|          0|
    |k_fu_52                 |  32|   0|   32|          0|
    |len_cast_cast7_reg_376  |   8|   0|   31|         23|
    |len_reg_95              |   8|   0|   29|         21|
    |p_addr11_reg_432        |  11|   0|   11|          0|
    |p_addr_reg_437          |  11|   0|   11|          0|
    |p_load_reg_452          |  32|   0|   32|          0|
    |start_cast_reg_419      |  30|   0|   31|          1|
    |t_25_reg_472            |  55|   0|   55|          0|
    |t_reg_467               |  32|   0|   32|          0|
    |tmp_105_cast_reg_370    |   3|   0|   12|          9|
    |tmp_116_reg_385         |  30|   0|   30|          0|
    |tmp_118_reg_414         |  30|   0|   30|          0|
    |tmp_123_reg_462         |  32|   0|   32|          0|
    |tmp_150_cast_reg_424    |  23|   0|   55|         32|
    |tmp_97_reg_477          |  24|   0|   24|          0|
    +------------------------+----+----+-----+-----------+
    |Total                   | 552|   0|  638|         86|
    +------------------------+----+----+-----+-----------+



================================================================
== Interface
================================================================
* Summary: 
+------------+-----+-----+------------+--------------+--------------+
|  RTL Ports | Dir | Bits|  Protocol  | Source Object|    C Type    |
+------------+-----+-----+------------+--------------+--------------+
|ap_clk      |  in |    1| ap_ctrl_hs |      ntt     | return value |
|ap_rst      |  in |    1| ap_ctrl_hs |      ntt     | return value |
|ap_start    |  in |    1| ap_ctrl_hs |      ntt     | return value |
|ap_done     | out |    1| ap_ctrl_hs |      ntt     | return value |
|ap_idle     | out |    1| ap_ctrl_hs |      ntt     | return value |
|ap_ready    | out |    1| ap_ctrl_hs |      ntt     | return value |
|p_address0  | out |   11|  ap_memory |       p      |     array    |
|p_ce0       | out |    1|  ap_memory |       p      |     array    |
|p_we0       | out |    1|  ap_memory |       p      |     array    |
|p_d0        | out |   32|  ap_memory |       p      |     array    |
|p_q0        |  in |   32|  ap_memory |       p      |     array    |
|p_offset    |  in |    3|   ap_none  |   p_offset   |    scalar    |
+------------+-----+-----+------------+--------------+--------------+

