

================================================================
== Vivado HLS Report for 'challenge'
================================================================
* Date:           Tue Mar 19 14:03:48 2019

* Version:        2018.2 (Build 2258646 on Thu Jun 14 20:25:20 MDT 2018)
* Project:        Dilithium.prj
* Solution:       encryption_unroll
* Product family: artix7
* Target device:  xc7a200tfbg676-2


================================================================
== Performance Estimates
================================================================
+ Timing (ns): 
    * Summary: 
    +--------+-------+----------+------------+
    |  Clock | Target| Estimated| Uncertainty|
    +--------+-------+----------+------------+
    |ap_clk  |  10.00|     6.812|        1.25|
    +--------+-------+----------+------------+

+ Latency (clock cycles): 
    * Summary: 
    +-----+-----+-----+-----+---------+
    |  Latency  |  Interval | Pipeline|
    | min | max | min | max |   Type  |
    +-----+-----+-----+-----+---------+
    |    ?|    ?|    ?|    ?|   none  |
    +-----+-----+-----+-----+---------+

    + Detail: 
        * Instance: 
        +-----------------------------------+------------------------+------+------+------+------+---------+
        |                                   |                        |   Latency   |   Interval  | Pipeline|
        |              Instance             |         Module         |  min |  max |  min |  max |   Type  |
        +-----------------------------------+------------------------+------+------+------+------+---------+
        |grp_keccak_absorb_2_fu_345         |keccak_absorb_2         |  2386|  2386|  2386|  2386|   none  |
        |grp_keccak_squeezeblocks_2_fu_353  |keccak_squeezeblocks_2  |   241|   241|   241|   241|   none  |
        +-----------------------------------+------------------------+------+------+------+------+---------+

        * Loop: 
        +-------------+------+------+----------+-----------+-----------+------+----------+
        |             |   Latency   | Iteration|  Initiation Interval  | Trip |          |
        |  Loop Name  |  min |  max |  Latency |  achieved |   target  | Count| Pipelined|
        +-------------+------+------+----------+-----------+-----------+------+----------+
        |- Loop 1     |    96|    96|         2|          -|          -|    48|    no    |
        |- Loop 2     |  1290|  1290|       258|          -|          -|     5|    no    |
        | + Loop 2.1  |   256|   256|         2|          -|          -|   128|    no    |
        |- Loop 3     |    16|    16|         2|          -|          -|     8|    no    |
        |- Loop 4     |   256|   256|         1|          -|          -|   256|    no    |
        |- Loop 5     |     ?|     ?|         ?|          -|          -|    60|    no    |
        | + Loop 5.1  |     ?|     ?|  4 ~ 245 |          -|          -|     ?|    no    |
        +-------------+------+------+----------+-----------+-----------+------+----------+



================================================================
== Utilization Estimates
================================================================
* Summary: 
+-----------------+---------+-------+--------+--------+
|       Name      | BRAM_18K| DSP48E|   FF   |   LUT  |
+-----------------+---------+-------+--------+--------+
|DSP              |        -|      -|       -|       -|
|Expression       |        -|      -|       0|     627|
|FIFO             |        -|      -|       -|       -|
|Instance         |        5|      -|    6575|   35490|
|Memory           |        6|      -|       0|       0|
|Multiplexer      |        -|      -|       -|     460|
|Register         |        -|      -|     433|       -|
+-----------------+---------+-------+--------+--------+
|Total            |       11|      0|    7008|   36577|
+-----------------+---------+-------+--------+--------+
|Available        |      730|    740|  269200|  129000|
+-----------------+---------+-------+--------+--------+
|Utilization (%)  |        1|      0|       2|      28|
+-----------------+---------+-------+--------+--------+

+ Detail: 
    * Instance: 
    +-----------------------------------+------------------------+---------+-------+------+-------+
    |              Instance             |         Module         | BRAM_18K| DSP48E|  FF  |  LUT  |
    +-----------------------------------+------------------------+---------+-------+------+-------+
    |grp_keccak_absorb_2_fu_345         |keccak_absorb_2         |        3|      0|  3366|  18174|
    |grp_keccak_squeezeblocks_2_fu_353  |keccak_squeezeblocks_2  |        2|      0|  3209|  17316|
    +-----------------------------------+------------------------+---------+-------+------+-------+
    |Total                              |                        |        5|      0|  6575|  35490|
    +-----------------------------------+------------------------+---------+-------+------+-------+

    * DSP48: 
    N/A

    * Memory: 
    +----------+------------------+---------+---+----+------+-----+------+-------------+
    |  Memory  |      Module      | BRAM_18K| FF| LUT| Words| Bits| Banks| W*Bits*Banks|
    +----------+------------------+---------+---+----+------+-----+------+-------------+
    |inbuf_U   |challenge_inbuf   |        1|  0|   0|   688|    8|     1|         5504|
    |outbuf_U  |challenge_outbuf  |        1|  0|   0|   136|    8|     1|         1088|
    |state_U   |challenge_state   |        4|  0|   0|    25|   64|     1|         1600|
    +----------+------------------+---------+---+----+------+-----+------+-------------+
    |Total     |                  |        6|  0|   0|   849|   80|     3|         8192|
    +----------+------------------+---------+---+----+------+-----+------+-------------+

    * FIFO: 
    N/A

    * Expression: 
    +----------------------------------+----------+-------+---+-----+------------+------------+
    |           Variable Name          | Operation| DSP48E| FF| LUT | Bitwidth P0| Bitwidth P1|
    +----------------------------------+----------+-------+---+-----+------------+------------+
    |i_106_fu_367_p2                   |     +    |      0|  0|   15|           6|           1|
    |i_107_fu_397_p2                   |     +    |      0|  0|   12|           3|           1|
    |i_108_fu_519_p2                   |     +    |      0|  0|   13|           4|           1|
    |i_109_fu_568_p2                   |     +    |      0|  0|   16|           9|           1|
    |i_110_fu_640_p2                   |     +    |      0|  0|   16|           1|           9|
    |i_20_fu_427_p2                    |     +    |      0|  0|   15|           8|           1|
    |pos_5_fu_591_p2                   |     +    |      0|  0|   39|          32|           1|
    |sum_i_fu_481_p2                   |     +    |      0|  0|   18|          11|          11|
    |ap_block_state15_on_subcall_done  |    and   |      0|  0|    2|           1|           1|
    |tmp_219_fu_617_p2                 |    and   |      0|  0|   64|          64|          64|
    |exitcond_fu_579_p2                |   icmp   |      0|  0|   13|           9|          10|
    |tmp_204_fu_391_p2                 |   icmp   |      0|  0|    9|           3|           3|
    |tmp_206_fu_513_p2                 |   icmp   |      0|  0|   11|           4|           5|
    |tmp_212_fu_562_p2                 |   icmp   |      0|  0|   13|           9|          10|
    |tmp_214_fu_585_p2                 |   icmp   |      0|  0|   18|          32|           8|
    |tmp_216_fu_606_p2                 |   icmp   |      0|  0|   13|           9|           9|
    |tmp_220_fu_623_p2                 |   icmp   |      0|  0|   29|          64|           1|
    |tmp_fu_361_p2                     |   icmp   |      0|  0|   11|           6|           6|
    |tmp_i_fu_421_p2                   |   icmp   |      0|  0|   13|           8|           9|
    |p_sum1_fu_411_p2                  |    or    |      0|  0|   10|          10|           6|
    |signs_1_fu_556_p2                 |    or    |      0|  0|   64|          64|          64|
    |tmp_76_i_fu_458_p2                |    or    |      0|  0|    8|           8|           1|
    |tmp_78_i_fu_502_p2                |    or    |      0|  0|    8|           8|           8|
    |tmp_318_cast_cast_ca_fu_646_p3    |  select  |      0|  0|   15|           1|          15|
    |tmp_211_fu_550_p2                 |    shl   |      0|  0|  182|          64|          64|
    +----------------------------------+----------+-------+---+-----+------------+------------+
    |Total                             |          |      0|  0|  627|         438|         310|
    +----------------------------------+----------+-------+---+-----+------------+------------+

    * Multiplexer: 
    +-------------------+----+-----------+-----+-----------+
    |        Name       | LUT| Input Size| Bits| Total Bits|
    +-------------------+----+-----------+-----+-----------+
    |ap_NS_fsm          |  97|         20|    1|         20|
    |c_coeffs_address0  |  27|          5|    8|         40|
    |c_coeffs_d0        |  21|          4|   23|         92|
    |i_1_reg_228        |   9|          2|    3|          6|
    |i_2_reg_251        |   9|          2|    4|          8|
    |i_3_reg_275        |   9|          2|    9|         18|
    |i_4_reg_286        |   9|          2|    9|         18|
    |i_i_reg_240        |   9|          2|    8|         16|
    |i_reg_216          |   9|          2|    6|         12|
    |inbuf_address0     |  21|          4|   10|         40|
    |inbuf_ce0          |  15|          3|    1|          3|
    |inbuf_d0           |  15|          3|    8|         24|
    |mask_reg_310       |   9|          2|   64|        128|
    |outbuf_address0    |  21|          4|    8|         32|
    |outbuf_ce0         |  15|          3|    1|          3|
    |outbuf_we0         |   9|          2|    1|          2|
    |pos_1_reg_322      |   9|          2|   32|         64|
    |pos_2_reg_333      |   9|          2|   32|         64|
    |pos_reg_298        |   9|          2|   32|         64|
    |signs_reg_263      |   9|          2|   64|        128|
    |state_address0     |  15|          3|    5|         15|
    |state_address1     |  15|          3|    5|         15|
    |state_ce0          |  15|          3|    1|          3|
    |state_ce1          |  15|          3|    1|          3|
    |state_d0           |  15|          3|   64|        192|
    |state_d1           |  15|          3|   64|        192|
    |state_we0          |  15|          3|    1|          3|
    |state_we1          |  15|          3|    1|          3|
    +-------------------+----+-----------+-----+-----------+
    |Total              | 460|         94|  466|       1208|
    +-------------------+----+-----------+-----+-----------+

    * Register: 
    +------------------------------------------------+----+----+-----+-----------+
    |                      Name                      | FF | LUT| Bits| Const Bits|
    +------------------------------------------------+----+----+-----+-----------+
    |ap_CS_fsm                                       |  19|   0|   19|          0|
    |c_coeffs_addr_1_reg_750                         |   8|   0|    8|          0|
    |grp_keccak_absorb_2_fu_345_ap_start_reg         |   1|   0|    1|          0|
    |grp_keccak_squeezeblocks_2_fu_353_ap_start_reg  |   1|   0|    1|          0|
    |i_106_reg_657                                   |   6|   0|    6|          0|
    |i_107_reg_670                                   |   3|   0|    3|          0|
    |i_108_reg_706                                   |   4|   0|    4|          0|
    |i_110_reg_765                                   |   9|   0|    9|          0|
    |i_1_reg_228                                     |   3|   0|    3|          0|
    |i_20_reg_683                                    |   8|   0|    8|          0|
    |i_2_reg_251                                     |   4|   0|    4|          0|
    |i_3_reg_275                                     |   9|   0|    9|          0|
    |i_4_reg_286                                     |   9|   0|    9|          0|
    |i_i_reg_240                                     |   8|   0|    8|          0|
    |i_reg_216                                       |   6|   0|    6|          0|
    |mask_2_reg_760                                  |  63|   0|   64|          1|
    |mask_reg_310                                    |  64|   0|   64|          0|
    |p_sum1_cast_reg_675                             |   3|   0|   11|          8|
    |pos_1_reg_322                                   |  32|   0|   32|          0|
    |pos_2_reg_333                                   |  32|   0|   32|          0|
    |pos_5_reg_736                                   |  32|   0|   32|          0|
    |pos_reg_298                                     |  32|   0|   32|          0|
    |signs_reg_263                                   |  64|   0|   64|          0|
    |sum_i_reg_698                                   |  11|   0|   11|          0|
    |tmp_214_reg_732                                 |   1|   0|    1|          0|
    |tmp_220_reg_755                                 |   1|   0|    1|          0|
    +------------------------------------------------+----+----+-----+-----------+
    |Total                                           | 433|   0|  442|          9|
    +------------------------------------------------+----+----+-----+-----------+



================================================================
== Interface
================================================================
* Summary: 
+------------------------+-----+-----+------------+---------------+--------------+
|        RTL Ports       | Dir | Bits|  Protocol  | Source Object |    C Type    |
+------------------------+-----+-----+------------+---------------+--------------+
|ap_clk                  |  in |    1| ap_ctrl_hs |   challenge   | return value |
|ap_rst                  |  in |    1| ap_ctrl_hs |   challenge   | return value |
|ap_start                |  in |    1| ap_ctrl_hs |   challenge   | return value |
|ap_done                 | out |    1| ap_ctrl_hs |   challenge   | return value |
|ap_idle                 | out |    1| ap_ctrl_hs |   challenge   | return value |
|ap_ready                | out |    1| ap_ctrl_hs |   challenge   | return value |
|c_coeffs_address0       | out |    8|  ap_memory |    c_coeffs   |     array    |
|c_coeffs_ce0            | out |    1|  ap_memory |    c_coeffs   |     array    |
|c_coeffs_we0            | out |    1|  ap_memory |    c_coeffs   |     array    |
|c_coeffs_d0             | out |   23|  ap_memory |    c_coeffs   |     array    |
|c_coeffs_q0             |  in |   23|  ap_memory |    c_coeffs   |     array    |
|mu_address0             | out |    7|  ap_memory |       mu      |     array    |
|mu_ce0                  | out |    1|  ap_memory |       mu      |     array    |
|mu_q0                   |  in |    8|  ap_memory |       mu      |     array    |
|w1_vec_coeffs_address0  | out |   11|  ap_memory | w1_vec_coeffs |     array    |
|w1_vec_coeffs_ce0       | out |    1|  ap_memory | w1_vec_coeffs |     array    |
|w1_vec_coeffs_q0        |  in |   32|  ap_memory | w1_vec_coeffs |     array    |
|w1_vec_coeffs_address1  | out |   11|  ap_memory | w1_vec_coeffs |     array    |
|w1_vec_coeffs_ce1       | out |    1|  ap_memory | w1_vec_coeffs |     array    |
|w1_vec_coeffs_q1        |  in |   32|  ap_memory | w1_vec_coeffs |     array    |
+------------------------+-----+-----+------------+---------------+--------------+

