

================================================================
== Vivado HLS Report for 'invntt_frominvmont'
================================================================
* Date:           Tue Mar 19 14:03:50 2019

* Version:        2018.2 (Build 2258646 on Thu Jun 14 20:25:20 MDT 2018)
* Project:        Dilithium.prj
* Solution:       encryption_unroll
* Product family: artix7
* Target device:  xc7a200tfbg676-2


================================================================
== Performance Estimates
================================================================
+ Timing (ns): 
    * Summary: 
    +--------+-------+----------+------------+
    |  Clock | Target| Estimated| Uncertainty|
    +--------+-------+----------+------------+
    |ap_clk  |  10.00|     7.724|        1.25|
    +--------+-------+----------+------------+

+ Latency (clock cycles): 
    * Summary: 
    +-----+-----+-----+-----+---------+
    |  Latency  |  Interval | Pipeline|
    | min | max | min | max |   Type  |
    +-----+-----+-----+-----+---------+
    |    ?|    ?|    ?|    ?|   none  |
    +-----+-----+-----+-----+---------+

    + Detail: 
        * Instance: 
        N/A

        * Loop: 
        +-----------------+------+------+----------+-----------+-----------+------+----------+
        |                 |   Latency   | Iteration|  Initiation Interval  | Trip |          |
        |    Loop Name    |  min |  max |  Latency |  achieved |   target  | Count| Pipelined|
        +-----------------+------+------+----------+-----------+-----------+------+----------+
        |- Loop 1         |     ?|     ?|         ?|          -|          -|     8|    no    |
        | + Loop 1.1      |     ?|     ?|         ?|          -|          -|     ?|    no    |
        |  ++ Loop 1.1.1  |     ?|     ?|         8|          -|          -|     ?|    no    |
        |- Loop 2         |  1280|  1280|         5|          -|          -|   256|    no    |
        +-----------------+------+------+----------+-----------+-----------+------+----------+



================================================================
== Utilization Estimates
================================================================
* Summary: 
+-----------------+---------+-------+--------+--------+
|       Name      | BRAM_18K| DSP48E|   FF   |   LUT  |
+-----------------+---------+-------+--------+--------+
|DSP              |        -|      -|       -|       -|
|Expression       |        -|     18|       0|     662|
|FIFO             |        -|      -|       -|       -|
|Instance         |        -|      -|       -|       -|
|Memory           |        1|      -|       0|       0|
|Multiplexer      |        -|      -|       -|     212|
|Register         |        -|      -|     647|       -|
+-----------------+---------+-------+--------+--------+
|Total            |        1|     18|     647|     874|
+-----------------+---------+-------+--------+--------+
|Available        |      730|    740|  269200|  129000|
+-----------------+---------+-------+--------+--------+
|Utilization (%)  |    ~0   |      2|   ~0   |   ~0   |
+-----------------+---------+-------+--------+--------+

+ Detail: 
    * Instance: 
    N/A

    * DSP48: 
    N/A

    * Memory: 
    +-------------+----------------------+---------+---+----+------+-----+------+-------------+
    |    Memory   |        Module        | BRAM_18K| FF| LUT| Words| Bits| Banks| W*Bits*Banks|
    +-------------+----------------------+---------+---+----+------+-----+------+-------------+
    |zetas_inv_U  |invntt_frominvmoneOg  |        1|  0|   0|   256|   23|     1|         5888|
    +-------------+----------------------+---------+---+----+------+-----+------+-------------+
    |Total        |                      |        1|  0|   0|   256|   23|     1|         5888|
    +-------------+----------------------+---------+---+----+------+-----+------+-------------+

    * FIFO: 
    N/A

    * Expression: 
    +----------------------+----------+-------+---+----+------------+------------+
    |     Variable Name    | Operation| DSP48E| FF| LUT| Bitwidth P0| Bitwidth P1|
    +----------------------+----------+-------+---+----+------------+------------+
    |a_assign_fu_437_p2    |     *    |      3|  0|  21|          32|          16|
    |a_assign_s_fu_351_p2  |     *    |      3|  0|  21|          23|          32|
    |t_33_fu_427_p2        |     *    |      3|  0|  21|          32|          24|
    |t_34_fu_446_p2        |     *    |      3|  0|  21|          32|          23|
    |t_36_fu_360_p2        |     *    |      3|  0|  21|          27|          32|
    |t_37_fu_368_p2        |     *    |      3|  0|  21|          23|          32|
    |j_6_fu_407_p2         |     +    |      0|  0|  16|           9|           1|
    |j_7_fu_315_p2         |     +    |      0|  0|  39|           1|          32|
    |k_7_fu_226_p2         |     +    |      0|  0|  39|           1|          32|
    |t_35_fu_458_p2        |     +    |      0|  0|  63|          56|          56|
    |t_38_fu_380_p2        |     +    |      0|  0|  63|          56|          56|
    |tmp_153_fu_231_p2     |     +    |      0|  0|  17|          10|          10|
    |tmp_160_fu_329_p2     |     +    |      0|  0|  39|          32|          32|
    |tmp_161_fu_336_p2     |     +    |      0|  0|  32|          31|          32|
    |tmp_163_fu_321_p2     |     +    |      0|  0|  17|          10|          10|
    |tmp_57_fu_250_p2      |     +    |      0|  0|  16|           9|           9|
    |tmp_612_fu_417_p2     |     +    |      0|  0|  19|          12|          12|
    |tmp_614_fu_281_p2     |     +    |      0|  0|  19|          12|          12|
    |tmp_615_fu_305_p2     |     +    |      0|  0|  32|          12|          12|
    |tmp_662_fu_299_p2     |     +    |      0|  0|  32|          12|          12|
    |tmp_162_fu_342_p2     |     -    |      0|  0|  32|          32|          32|
    |icmp_fu_206_p2        |   icmp   |      0|  0|   8|           2|           1|
    |tmp_151_fu_401_p2     |   icmp   |      0|  0|  13|           9|          10|
    |tmp_154_fu_240_p2     |   icmp   |      0|  0|  13|          10|          10|
    |tmp_156_fu_272_p2     |   icmp   |      0|  0|  18|          32|          32|
    |start_fu_256_p3       |  select  |      0|  0|   9|           1|           9|
    +----------------------+----------+-------+---+----+------------+------------+
    |Total                 |          |     18|  0| 662|         518|         571|
    +----------------------+----------+-------+---+----+------------+------------+

    * Multiplexer: 
    +-------------+----+-----------+-----+-----------+
    |     Name    | LUT| Input Size| Bits| Total Bits|
    +-------------+----+-----------+-----+-----------+
    |ap_NS_fsm    |  89|         18|    1|         18|
    |j8_reg_138   |   9|          2|   32|         64|
    |j_1_reg_147  |   9|          2|    9|         18|
    |j_reg_126    |   9|          2|   10|         20|
    |k_fu_58      |   9|          2|   32|         64|
    |len_reg_114  |   9|          2|    9|         18|
    |p_address0   |  27|          5|   10|         50|
    |p_address1   |  21|          4|   10|         40|
    |p_d0         |  21|          4|   32|        128|
    |reg_158      |   9|          2|   32|         64|
    +-------------+----+-----------+-----+-----------+
    |Total        | 212|         43|  177|        484|
    +-------------+----+-----------+-----+-----------+

    * Register: 
    +-----------------------+----+----+-----+-----------+
    |          Name         | FF | LUT| Bits| Const Bits|
    +-----------------------+----+----+-----+-----------+
    |a_assign_reg_613       |  48|   0|   49|          1|
    |a_assign_s_reg_574     |  55|   0|   55|          0|
    |ap_CS_fsm              |  17|   0|   17|          0|
    |j8_reg_138             |  32|   0|   32|          0|
    |j_1_reg_147            |   9|   0|    9|          0|
    |j_6_reg_597            |   9|   0|    9|          0|
    |j_7_reg_559            |  32|   0|   32|          0|
    |j_cast4_reg_502        |  10|   0|   32|         22|
    |j_reg_126              |  10|   0|   10|          0|
    |k_7_reg_525            |  32|   0|   32|          0|
    |k_fu_58                |  32|   0|   32|          0|
    |len_cast_reg_493       |   9|   0|   10|          1|
    |len_reg_114            |   9|   0|    9|          0|
    |p_addr_4_reg_548       |  10|   0|   10|          0|
    |p_addr_5_reg_553       |  10|   0|   10|          0|
    |p_addr_reg_602         |  10|   0|   10|          0|
    |reg_158                |  32|   0|   32|          0|
    |start_cast_reg_535     |   9|   0|   10|          1|
    |t_33_reg_608           |  31|   0|   32|          1|
    |t_34_reg_618           |  54|   0|   55|          1|
    |t_36_reg_584           |  32|   0|   32|          0|
    |t_37_reg_589           |  55|   0|   55|          0|
    |tmp_162_reg_569        |  32|   0|   32|          0|
    |tmp_239_cast3_reg_530  |  10|   0|   32|         22|
    |tmp_241_cast_reg_540   |  23|   0|   55|         32|
    |tmp_636_cast_reg_486   |   3|   0|   12|          9|
    |tmp_663_reg_579        |  32|   0|   32|          0|
    +-----------------------+----+----+-----+-----------+
    |Total                  | 647|   0|  737|         90|
    +-----------------------+----+----+-----+-----------+



================================================================
== Interface
================================================================
* Summary: 
+------------+-----+-----+------------+--------------------+--------------+
|  RTL Ports | Dir | Bits|  Protocol  |    Source Object   |    C Type    |
+------------+-----+-----+------------+--------------------+--------------+
|ap_clk      |  in |    1| ap_ctrl_hs | invntt_frominvmont | return value |
|ap_rst      |  in |    1| ap_ctrl_hs | invntt_frominvmont | return value |
|ap_start    |  in |    1| ap_ctrl_hs | invntt_frominvmont | return value |
|ap_done     | out |    1| ap_ctrl_hs | invntt_frominvmont | return value |
|ap_idle     | out |    1| ap_ctrl_hs | invntt_frominvmont | return value |
|ap_ready    | out |    1| ap_ctrl_hs | invntt_frominvmont | return value |
|p_address0  | out |   10|  ap_memory |          p         |     array    |
|p_ce0       | out |    1|  ap_memory |          p         |     array    |
|p_we0       | out |    1|  ap_memory |          p         |     array    |
|p_d0        | out |   32|  ap_memory |          p         |     array    |
|p_q0        |  in |   32|  ap_memory |          p         |     array    |
|p_address1  | out |   10|  ap_memory |          p         |     array    |
|p_ce1       | out |    1|  ap_memory |          p         |     array    |
|p_q1        |  in |   32|  ap_memory |          p         |     array    |
|p_offset    |  in |    3|   ap_none  |      p_offset      |    scalar    |
+------------+-----+-----+------------+--------------------+--------------+

