

================================================================
== Vivado HLS Report for 'keccak_absorb_2'
================================================================
* Date:           Tue Mar 19 14:03:47 2019

* Version:        2018.2 (Build 2258646 on Thu Jun 14 20:25:20 MDT 2018)
* Project:        Dilithium.prj
* Solution:       encryption_unroll
* Product family: artix7
* Target device:  xc7a200tfbg676-2


================================================================
== Performance Estimates
================================================================
+ Timing (ns): 
    * Summary: 
    +--------+-------+----------+------------+
    |  Clock | Target| Estimated| Uncertainty|
    +--------+-------+----------+------------+
    |ap_clk  |  10.00|     6.812|        1.25|
    +--------+-------+----------+------------+

+ Latency (clock cycles): 
    * Summary: 
    +------+------+------+------+---------+
    |   Latency   |   Interval  | Pipeline|
    |  min |  max |  min |  max |   Type  |
    +------+------+------+------+---------+
    |  2386|  2386|  2386|  2386|   none  |
    +------+------+------+------+---------+

    + Detail: 
        * Instance: 
        +---------------------------------+----------------------+-----+-----+-----+-----+---------+
        |                                 |                      |  Latency  |  Interval | Pipeline|
        |             Instance            |        Module        | min | max | min | max |   Type  |
        +---------------------------------+----------------------+-----+-----+-----+-----+---------+
        |grp_KeccakF1600_StatePer_fu_299  |KeccakF1600_StatePer  |   50|   50|   50|   50|   none  |
        +---------------------------------+----------------------+-----+-----+-----+-----+---------+

        * Loop: 
        +-----------------+------+------+----------+-----------+-----------+------+----------+
        |                 |   Latency   | Iteration|  Initiation Interval  | Trip |          |
        |    Loop Name    |  min |  max |  Latency |  achieved |   target  | Count| Pipelined|
        +-----------------+------+------+----------+-----------+-----------+------+----------+
        |- Loop 1         |    25|    25|         1|          -|          -|    25|    no    |
        |- Loop 2         |  1880|  1880|       376|          -|          -|     5|    no    |
        | + Loop 2.1      |   323|   323|        19|          -|          -|    17|    no    |
        |  ++ Loop 2.1.1  |    16|    16|         2|          -|          -|     8|    no    |
        |- Loop 3         |   136|   136|         1|          -|          -|   136|    no    |
        |- Loop 4         |    16|    16|         2|          -|          -|     8|    no    |
        |- Loop 5         |   323|   323|        19|          -|          -|    17|    no    |
        | + Loop 5.1      |    16|    16|         2|          -|          -|     8|    no    |
        +-----------------+------+------+----------+-----------+-----------+------+----------+



================================================================
== Utilization Estimates
================================================================
* Summary: 
+-----------------+---------+-------+--------+--------+
|       Name      | BRAM_18K| DSP48E|   FF   |   LUT  |
+-----------------+---------+-------+--------+--------+
|DSP              |        -|      -|       -|       -|
|Expression       |        -|      -|       0|     916|
|FIFO             |        -|      -|       -|       -|
|Instance         |        2|      -|    3110|   16883|
|Memory           |        1|      -|       0|       0|
|Multiplexer      |        -|      -|       -|     375|
|Register         |        -|      -|     256|       -|
+-----------------+---------+-------+--------+--------+
|Total            |        3|      0|    3366|   18174|
+-----------------+---------+-------+--------+--------+
|Available        |      730|    740|  269200|  129000|
+-----------------+---------+-------+--------+--------+
|Utilization (%)  |    ~0   |      0|       1|      14|
+-----------------+---------+-------+--------+--------+

+ Detail: 
    * Instance: 
    +---------------------------------+----------------------+---------+-------+------+-------+
    |             Instance            |        Module        | BRAM_18K| DSP48E|  FF  |  LUT  |
    +---------------------------------+----------------------+---------+-------+------+-------+
    |grp_KeccakF1600_StatePer_fu_299  |KeccakF1600_StatePer  |        2|      0|  3110|  16883|
    +---------------------------------+----------------------+---------+-------+------+-------+
    |Total                            |                      |        2|      0|  3110|  16883|
    +---------------------------------+----------------------+---------+-------+------+-------+

    * DSP48: 
    N/A

    * Memory: 
    +-------+-------------------+---------+---+----+------+-----+------+-------------+
    | Memory|       Module      | BRAM_18K| FF| LUT| Words| Bits| Banks| W*Bits*Banks|
    +-------+-------------------+---------+---+----+------+-----+------+-------------+
    |t_U    |keccak_absorb_3_t  |        1|  0|   0|   200|    8|     1|         1600|
    +-------+-------------------+---------+---+----+------+-----+------+-------------+
    |Total  |                   |        1|  0|   0|   200|    8|     1|         1600|
    +-------+-------------------+---------+---+----+------+-----+------+-------------+

    * FIFO: 
    N/A

    * Expression: 
    +-----------------------+----------+-------+---+-----+------------+------------+
    |     Variable Name     | Operation| DSP48E| FF| LUT | Bitwidth P0| Bitwidth P1|
    +-----------------------+----------+-------+---+-----+------------+------------+
    |i_46_fu_313_p2         |     +    |      0|  0|   15|           5|           1|
    |i_47_fu_448_p2         |     +    |      0|  0|   15|           8|           1|
    |i_48_fu_362_p2         |     +    |      0|  0|   13|           4|           1|
    |i_49_fu_503_p2         |     +    |      0|  0|   15|           5|           1|
    |i_6_fu_336_p2          |     +    |      0|  0|   15|           5|           1|
    |i_7_fu_523_p2          |     +    |      0|  0|   13|           4|           1|
    |mlen_assign_fu_350_p2  |     +    |      0|  0|   17|          10|           9|
    |p_rec_fu_436_p2        |     +    |      0|  0|   17|          10|           8|
    |sum9_fu_479_p2         |     +    |      0|  0|   17|          10|          10|
    |sum_i5_fu_533_p2       |     +    |      0|  0|   15|           8|           8|
    |sum_i_fu_381_p2        |     +    |      0|  0|   17|          10|          10|
    |tmp2_fu_372_p2         |     +    |      0|  0|   15|           8|           8|
    |tmp_111_fu_473_p2      |     +    |      0|  0|   13|           4|           1|
    |exitcond1_fu_467_p2    |   icmp   |      0|  0|   11|           4|           5|
    |exitcond3_fu_330_p2    |   icmp   |      0|  0|   11|           5|           5|
    |exitcond4_fu_497_p2    |   icmp   |      0|  0|   11|           5|           5|
    |exitcond_fu_442_p2     |   icmp   |      0|  0|   11|           8|           8|
    |tmp_107_fu_324_p2      |   icmp   |      0|  0|   13|          10|           8|
    |tmp_fu_307_p2          |   icmp   |      0|  0|   11|           5|           4|
    |tmp_i3_fu_517_p2       |   icmp   |      0|  0|   11|           4|           5|
    |tmp_i_fu_356_p2        |   icmp   |      0|  0|   11|           4|           5|
    |r_1_fu_574_p2          |    or    |      0|  0|   64|          64|          64|
    |r_fu_423_p2            |    or    |      0|  0|   64|          64|          64|
    |t_d1                   |    or    |      0|  0|    9|           8|           9|
    |tmp_226_i1_fu_568_p2   |    shl   |      0|  0|  182|          64|          64|
    |tmp_226_i_fu_417_p2    |    shl   |      0|  0|  182|          64|          64|
    |tmp_113_fu_429_p2      |    xor   |      0|  0|   64|          64|          64|
    |tmp_116_fu_580_p2      |    xor   |      0|  0|   64|          64|          64|
    +-----------------------+----------+-------+---+-----+------------+------------+
    |Total                  |          |      0|  0|  916|         528|         498|
    +-----------------------+----------+-------+---+-----+------------+------------+

    * Multiplexer: 
    +------------------+----+-----------+-----+-----------+
    |       Name       | LUT| Input Size| Bits| Total Bits|
    +------------------+----+-----------+-----+-----------+
    |ap_NS_fsm         |  85|         17|    1|         17|
    |i_1_reg_205       |   9|          2|    5|         10|
    |i_2_reg_241       |   9|          2|    8|         16|
    |i_3_reg_252       |   9|          2|    4|          8|
    |i_4_reg_263       |   9|          2|    5|         10|
    |i_i1_reg_275      |   9|          2|    4|          8|
    |i_i_reg_217       |   9|          2|    4|          8|
    |i_reg_170         |   9|          2|    5|         10|
    |m_address0        |  15|          3|   10|         30|
    |p_01_rec_reg_181  |   9|          2|   10|         20|
    |p_0_reg_193       |   9|          2|   10|         20|
    |r_i2_reg_287      |   9|          2|   64|        128|
    |r_i_reg_229       |   9|          2|   64|        128|
    |s_address0        |  38|          7|    5|         35|
    |s_ce0             |  15|          3|    1|          3|
    |s_ce1             |   9|          2|    1|          2|
    |s_d0              |  27|          5|   64|        320|
    |s_we0             |  15|          3|    1|          3|
    |s_we1             |   9|          2|    1|          2|
    |t_address0        |  27|          5|    8|         40|
    |t_address1        |  15|          3|    8|         24|
    |t_d0              |  21|          4|    8|         32|
    +------------------+----+-----------+-----+-----------+
    |Total             | 375|         76|  291|        874|
    +------------------+----+-----------+-----+-----------+

    * Register: 
    +----------------------------------------------+----+----+-----+-----------+
    |                     Name                     | FF | LUT| Bits| Const Bits|
    +----------------------------------------------+----+----+-----+-----------+
    |ap_CS_fsm                                     |  16|   0|   16|          0|
    |grp_KeccakF1600_StatePer_fu_299_ap_start_reg  |   1|   0|    1|          0|
    |i_1_reg_205                                   |   5|   0|    5|          0|
    |i_2_reg_241                                   |   8|   0|    8|          0|
    |i_3_reg_252                                   |   4|   0|    4|          0|
    |i_48_reg_619                                  |   4|   0|    4|          0|
    |i_49_reg_679                                  |   5|   0|    5|          0|
    |i_4_reg_263                                   |   5|   0|    5|          0|
    |i_6_reg_601                                   |   5|   0|    5|          0|
    |i_7_reg_692                                   |   4|   0|    4|          0|
    |i_i1_reg_275                                  |   4|   0|    4|          0|
    |i_i_reg_217                                   |   4|   0|    4|          0|
    |i_reg_170                                     |   5|   0|    5|          0|
    |mlen_assign_reg_611                           |  10|   0|   10|          0|
    |p_01_rec_reg_181                              |  10|   0|   10|          0|
    |p_0_reg_193                                   |  10|   0|   10|          0|
    |r_i2_reg_287                                  |  64|   0|   64|          0|
    |r_i_reg_229                                   |  64|   0|   64|          0|
    |s_addr_2_reg_629                              |   5|   0|    5|          0|
    |s_addr_3_reg_702                              |   5|   0|    5|          0|
    |tmp_109_reg_606                               |   5|   0|    8|          3|
    |tmp_110_reg_652                               |   4|   0|   64|         60|
    |tmp_111_reg_660                               |   4|   0|    4|          0|
    |tmp_114_reg_684                               |   5|   0|    8|          3|
    +----------------------------------------------+----+----+-----+-----------+
    |Total                                         | 256|   0|  322|         66|
    +----------------------------------------------+----+----+-----+-----------+



================================================================
== Interface
================================================================
* Summary: 
+------------+-----+-----+------------+-----------------+--------------+
|  RTL Ports | Dir | Bits|  Protocol  |  Source Object  |    C Type    |
+------------+-----+-----+------------+-----------------+--------------+
|ap_clk      |  in |    1| ap_ctrl_hs | keccak_absorb.2 | return value |
|ap_rst      |  in |    1| ap_ctrl_hs | keccak_absorb.2 | return value |
|ap_start    |  in |    1| ap_ctrl_hs | keccak_absorb.2 | return value |
|ap_done     | out |    1| ap_ctrl_hs | keccak_absorb.2 | return value |
|ap_idle     | out |    1| ap_ctrl_hs | keccak_absorb.2 | return value |
|ap_ready    | out |    1| ap_ctrl_hs | keccak_absorb.2 | return value |
|s_address0  | out |    5|  ap_memory |        s        |     array    |
|s_ce0       | out |    1|  ap_memory |        s        |     array    |
|s_we0       | out |    1|  ap_memory |        s        |     array    |
|s_d0        | out |   64|  ap_memory |        s        |     array    |
|s_q0        |  in |   64|  ap_memory |        s        |     array    |
|s_address1  | out |    5|  ap_memory |        s        |     array    |
|s_ce1       | out |    1|  ap_memory |        s        |     array    |
|s_we1       | out |    1|  ap_memory |        s        |     array    |
|s_d1        | out |   64|  ap_memory |        s        |     array    |
|s_q1        |  in |   64|  ap_memory |        s        |     array    |
|m_address0  | out |   10|  ap_memory |        m        |     array    |
|m_ce0       | out |    1|  ap_memory |        m        |     array    |
|m_q0        |  in |    8|  ap_memory |        m        |     array    |
+------------+-----+-----+------------+-----------------+--------------+

