

================================================================
== Vivado HLS Report for 'polyveck_chknorm'
================================================================
* Date:           Tue Mar 19 14:03:51 2019

* Version:        2018.2 (Build 2258646 on Thu Jun 14 20:25:20 MDT 2018)
* Project:        Dilithium.prj
* Solution:       encryption_unroll
* Product family: artix7
* Target device:  xc7a200tfbg676-2


================================================================
== Performance Estimates
================================================================
+ Timing (ns): 
    * Summary: 
    +--------+-------+----------+------------+
    |  Clock | Target| Estimated| Uncertainty|
    +--------+-------+----------+------------+
    |ap_clk  |  10.00|     8.621|        1.25|
    +--------+-------+----------+------------+

+ Latency (clock cycles): 
    * Summary: 
    +-----+------+-----+------+---------+
    |   Latency  |  Interval  | Pipeline|
    | min |  max | min |  max |   Type  |
    +-----+------+-----+------+---------+
    |   26|  3866|   26|  3866|   none  |
    +-----+------+-----+------+---------+

    + Detail: 
        * Instance: 
        N/A

        * Loop: 
        +-------------+-----+------+----------+-----------+-----------+---------+----------+
        |             |   Latency  | Iteration|  Initiation Interval  |   Trip  |          |
        |  Loop Name  | min |  max |  Latency |  achieved |   target  |  Count  | Pipelined|
        +-------------+-----+------+----------+-----------+-----------+---------+----------+
        |- Loop 1     |   25|  3865|  5 ~ 773 |          -|          -|        5|    no    |
        | + Loop 1.1  |    3|   770|         3|          -|          -| 1 ~ 256 |    no    |
        +-------------+-----+------+----------+-----------+-----------+---------+----------+



================================================================
== Utilization Estimates
================================================================
* Summary: 
+-----------------+---------+-------+--------+--------+
|       Name      | BRAM_18K| DSP48E|   FF   |   LUT  |
+-----------------+---------+-------+--------+--------+
|DSP              |        -|      -|       -|       -|
|Expression       |        -|      -|       0|     201|
|FIFO             |        -|      -|       -|       -|
|Instance         |        -|      -|       -|       -|
|Memory           |        -|      -|       -|       -|
|Multiplexer      |        -|      -|       -|      78|
|Register         |        -|      -|     130|       -|
+-----------------+---------+-------+--------+--------+
|Total            |        0|      0|     130|     279|
+-----------------+---------+-------+--------+--------+
|Available        |      730|    740|  269200|  129000|
+-----------------+---------+-------+--------+--------+
|Utilization (%)  |        0|      0|   ~0   |   ~0   |
+-----------------+---------+-------+--------+--------+

+ Detail: 
    * Instance: 
    N/A

    * DSP48: 
    N/A

    * Memory: 
    N/A

    * FIFO: 
    N/A

    * Expression: 
    +---------------------+----------+-------+---+----+------------+------------+
    |    Variable Name    | Operation| DSP48E| FF| LUT| Bitwidth P0| Bitwidth P1|
    +---------------------+----------+-------+---+----+------------+------------+
    |i_26_fu_117_p2       |     +    |      0|  0|  12|           3|           1|
    |i_2_fu_141_p2        |     +    |      0|  0|  16|           9|           1|
    |tmp_585_fu_151_p2    |     +    |      0|  0|  19|          12|          12|
    |t_17_fu_188_p2       |     -    |      0|  0|  39|          22|          32|
    |t_fu_161_p2          |     -    |      0|  0|  39|          22|          32|
    |tmp_171_i_fu_194_p2  |   icmp   |      0|  0|  18|          32|          18|
    |tmp_fu_111_p2        |   icmp   |      0|  0|   9|           3|           3|
    |tmp_i_fu_135_p2      |   icmp   |      0|  0|  13|           9|          10|
    |tmp_36_fu_204_p2     |    or    |      0|  0|   2|           1|           1|
    |tmp_170_i_fu_174_p3  |  select  |      0|  0|   2|           1|           2|
    |t_16_fu_182_p2       |    xor   |      0|  0|  32|          32|          32|
    +---------------------+----------+-------+---+----+------------+------------+
    |Total                |          |      0|  0| 201|         146|         144|
    +---------------------+----------+-------+---+----+------------+------------+

    * Multiplexer: 
    +--------------------------------+----+-----------+-----+-----------+
    |              Name              | LUT| Input Size| Bits| Total Bits|
    +--------------------------------+----+-----------+-----+-----------+
    |ap_NS_fsm                       |  33|          6|    1|          6|
    |ap_phi_mux_p_0_i_phi_fu_103_p4  |   9|          2|    1|          2|
    |ap_return                       |   9|          2|   32|         64|
    |i_i_reg_88                      |   9|          2|    9|         18|
    |i_reg_65                        |   9|          2|    3|          6|
    |ret_reg_76                      |   9|          2|   32|         64|
    +--------------------------------+----+-----------+-----+-----------+
    |Total                           |  78|         16|   78|        160|
    +--------------------------------+----+-----------+-----+-----------+

    * Register: 
    +---------------------------+----+----+-----+-----------+
    |            Name           | FF | LUT| Bits| Const Bits|
    +---------------------------+----+----+-----+-----------+
    |ap_CS_fsm                  |   5|   0|    5|          0|
    |ap_return_preg             |  32|   0|   32|          0|
    |i_26_reg_231               |   3|   0|    3|          0|
    |i_2_reg_245                |   9|   0|    9|          0|
    |i_i_reg_88                 |   9|   0|    9|          0|
    |i_reg_65                   |   3|   0|    3|          0|
    |p_0_i_reg_99               |   1|   0|    1|          0|
    |ret_reg_76                 |  32|   0|   32|          0|
    |tmp_589_cast_reg_236       |   3|   0|   12|          9|
    |tmp_i_reg_241              |   1|   0|    1|          0|
    |v_vec_coeffs_load_reg_255  |  32|   0|   32|          0|
    +---------------------------+----+----+-----+-----------+
    |Total                      | 130|   0|  139|          9|
    +---------------------------+----+----+-----+-----------+



================================================================
== Interface
================================================================
* Summary: 
+-----------------------+-----+-----+------------+------------------+--------------+
|       RTL Ports       | Dir | Bits|  Protocol  |   Source Object  |    C Type    |
+-----------------------+-----+-----+------------+------------------+--------------+
|ap_clk                 |  in |    1| ap_ctrl_hs | polyveck_chknorm | return value |
|ap_rst                 |  in |    1| ap_ctrl_hs | polyveck_chknorm | return value |
|ap_start               |  in |    1| ap_ctrl_hs | polyveck_chknorm | return value |
|ap_done                | out |    1| ap_ctrl_hs | polyveck_chknorm | return value |
|ap_idle                | out |    1| ap_ctrl_hs | polyveck_chknorm | return value |
|ap_ready               | out |    1| ap_ctrl_hs | polyveck_chknorm | return value |
|ap_return              | out |   32| ap_ctrl_hs | polyveck_chknorm | return value |
|v_vec_coeffs_address0  | out |   11|  ap_memory |   v_vec_coeffs   |     array    |
|v_vec_coeffs_ce0       | out |    1|  ap_memory |   v_vec_coeffs   |     array    |
|v_vec_coeffs_q0        |  in |   32|  ap_memory |   v_vec_coeffs   |     array    |
+-----------------------+-----+-----+------------+------------------+--------------+

