

================================================================
== Vivado HLS Report for 'polyvecl_pointwise_a'
================================================================
* Date:           Tue Mar 19 14:03:41 2019

* Version:        2018.2 (Build 2258646 on Thu Jun 14 20:25:20 MDT 2018)
* Project:        Dilithium.prj
* Solution:       encryption_unroll
* Product family: artix7
* Target device:  xc7a200tfbg676-2


================================================================
== Performance Estimates
================================================================
+ Timing (ns): 
    * Summary: 
    +--------+-------+----------+------------+
    |  Clock | Target| Estimated| Uncertainty|
    +--------+-------+----------+------------+
    |ap_clk  |  10.00|     7.724|        1.25|
    +--------+-------+----------+------------+

+ Latency (clock cycles): 
    * Summary: 
    +------+------+------+------+---------+
    |   Latency   |   Interval  | Pipeline|
    |  min |  max |  min |  max |   Type  |
    +------+------+------+------+---------+
    |  7946|  7946|  7946|  7946|   none  |
    +------+------+------+------+---------+

    + Detail: 
        * Instance: 
        +----------------------+----------+-----+-----+-----+-----+---------+
        |                      |          |  Latency  |  Interval | Pipeline|
        |       Instance       |  Module  | min | max | min | max |   Type  |
        +----------------------+----------+-----+-----+-----+-----+---------+
        |grp_reduce32_fu_2511  |reduce32  |    0|    0|    0|    0|   none  |
        |grp_reduce32_fu_2516  |reduce32  |    0|    0|    0|    0|   none  |
        +----------------------+----------+-----+-----+-----+-----+---------+

        * Loop: 
        +--------------------------------------------------+------+------+----------+-----------+-----------+------+----------+
        |                                                  |   Latency   | Iteration|  Initiation Interval  | Trip |          |
        |                     Loop Name                    |  min |  max |  Latency |  achieved |   target  | Count| Pipelined|
        +--------------------------------------------------+------+------+----------+-----------+-----------+------+----------+
        |- poly_pointwise_invmontgomery_label2             |  1536|  1536|         6|          -|          -|   256|    no    |
        |- polyvecl_pointwise_acc_invmontgomery_label0     |  6153|  6153|      2051|          -|          -|     3|    no    |
        | + poly_pointwise_invmontgomery_label2            |  1536|  1536|         6|          -|          -|   256|    no    |
        | + polyvecl_pointwise_acc_invmontgomery_label0.2  |   512|   512|         2|          -|          -|   256|    no    |
        +--------------------------------------------------+------+------+----------+-----------+-----------+------+----------+



================================================================
== Utilization Estimates
================================================================
* Summary: 
+-----------------+---------+-------+--------+--------+
|       Name      | BRAM_18K| DSP48E|   FF   |   LUT  |
+-----------------+---------+-------+--------+--------+
|DSP              |        -|      -|       -|       -|
|Expression       |        -|     18|       0|    3297|
|FIFO             |        -|      -|       -|       -|
|Instance         |        -|      -|       0|     126|
|Memory           |        1|      -|       0|       0|
|Multiplexer      |        -|      -|       -|    3684|
|Register         |        -|      -|    7901|       -|
+-----------------+---------+-------+--------+--------+
|Total            |        1|     18|    7901|    7107|
+-----------------+---------+-------+--------+--------+
|Available        |      730|    740|  269200|  129000|
+-----------------+---------+-------+--------+--------+
|Utilization (%)  |    ~0   |      2|       2|       5|
+-----------------+---------+-------+--------+--------+

+ Detail: 
    * Instance: 
    +----------------------+----------+---------+-------+---+----+
    |       Instance       |  Module  | BRAM_18K| DSP48E| FF| LUT|
    +----------------------+----------+---------+-------+---+----+
    |grp_reduce32_fu_2511  |reduce32  |        0|      0|  0|  63|
    |grp_reduce32_fu_2516  |reduce32  |        0|      0|  0|  63|
    +----------------------+----------+---------+-------+---+----+
    |Total                 |          |        0|      0|  0| 126|
    +----------------------+----------+---------+-------+---+----+

    * DSP48: 
    N/A

    * Memory: 
    +------------+----------------------+---------+---+----+------+-----+------+-------------+
    |   Memory   |        Module        | BRAM_18K| FF| LUT| Words| Bits| Banks| W*Bits*Banks|
    +------------+----------------------+---------+---+----+------+-----+------+-------------+
    |t_coeffs_U  |polyvecl_pointwisdEe  |        1|  0|   0|   256|   32|     1|         8192|
    +------------+----------------------+---------+---+----+------+-----+------+-------------+
    |Total       |                      |        1|  0|   0|   256|   32|     1|         8192|
    +------------+----------------------+---------+---+----+------+-----+------+-------------+

    * FIFO: 
    N/A

    * Expression: 
    +-----------------------+----------+-------+---+----+------------+------------+
    |     Variable Name     | Operation| DSP48E| FF| LUT| Bitwidth P0| Bitwidth P1|
    +-----------------------+----------+-------+---+----+------------+------------+
    |a_assign_1_fu_6597_p2  |     *    |      3|  0|  21|          32|          23|
    |a_assign_fu_6450_p2    |     *    |      3|  0|  21|          32|          23|
    |t_3_fu_6477_p2         |     *    |      3|  0|  21|          23|          32|
    |t_5_fu_6607_p2         |     *    |      3|  0|  21|          27|          32|
    |t_6_fu_6615_p2         |     *    |      3|  0|  21|          23|          32|
    |t_fu_6469_p2           |     *    |      3|  0|  21|          27|          32|
    |i_19_fu_6417_p2        |     +    |      0|  0|  16|           9|           1|
    |i_1_fu_6684_p2         |     +    |      0|  0|  12|           3|           1|
    |i_20_fu_6555_p2        |     +    |      0|  0|  16|           9|           1|
    |i_21_fu_6659_p2        |     +    |      0|  0|  16|           9|           1|
    |t_4_fu_6493_p2         |     +    |      0|  0|  63|          56|          56|
    |t_7_fu_6632_p2         |     +    |      0|  0|  63|          56|          56|
    |tmp_172_i_fu_6690_p2   |     +    |      0|  0|  39|          32|          32|
    |tmp_555_fu_6464_p2     |     +    |      0|  0|  19|          12|          12|
    |tmp_559_fu_6524_p2     |     +    |      0|  0|  15|           6|           6|
    |tmp_561_fu_6569_p2     |     +    |      0|  0|  21|          14|          14|
    |tmp_562_fu_6579_p2     |     +    |      0|  0|  19|          12|          12|
    |tmp_565_fu_6674_p2     |     +    |      0|  0|  19|          12|          12|
    |exitcond_fu_6514_p2    |   icmp   |      0|  0|   9|           3|           4|
    |tmp_i1_fu_6653_p2      |   icmp   |      0|  0|  13|           9|          10|
    |tmp_i2_fu_6549_p2      |   icmp   |      0|  0|  13|           9|          10|
    |tmp_i_fu_6411_p2       |   icmp   |      0|  0|  13|           9|          10|
    |tmp_100_fu_2994_p2     |    or    |      0|  0|  11|          11|           5|
    |tmp_102_fu_3009_p2     |    or    |      0|  0|  11|          11|           5|
    |tmp_104_fu_3024_p2     |    or    |      0|  0|  11|          11|           5|
    |tmp_106_fu_3039_p2     |    or    |      0|  0|  11|          11|           6|
    |tmp_108_fu_3054_p2     |    or    |      0|  0|  11|          11|           6|
    |tmp_110_fu_3069_p2     |    or    |      0|  0|  11|          11|           6|
    |tmp_112_fu_3084_p2     |    or    |      0|  0|  11|          11|           6|
    |tmp_114_fu_3099_p2     |    or    |      0|  0|  11|          11|           6|
    |tmp_116_fu_3114_p2     |    or    |      0|  0|  11|          11|           6|
    |tmp_118_fu_3129_p2     |    or    |      0|  0|  11|          11|           6|
    |tmp_120_fu_3144_p2     |    or    |      0|  0|  11|          11|           6|
    |tmp_122_fu_3159_p2     |    or    |      0|  0|  11|          11|           6|
    |tmp_124_fu_3174_p2     |    or    |      0|  0|  11|          11|           6|
    |tmp_126_fu_3189_p2     |    or    |      0|  0|  11|          11|           6|
    |tmp_128_fu_3204_p2     |    or    |      0|  0|  11|          11|           6|
    |tmp_130_fu_3219_p2     |    or    |      0|  0|  11|          11|           6|
    |tmp_132_fu_3234_p2     |    or    |      0|  0|  11|          11|           6|
    |tmp_134_fu_3249_p2     |    or    |      0|  0|  11|          11|           6|
    |tmp_136_fu_3264_p2     |    or    |      0|  0|  11|          11|           6|
    |tmp_138_fu_3279_p2     |    or    |      0|  0|  11|          11|           6|
    |tmp_140_fu_3294_p2     |    or    |      0|  0|  11|          11|           6|
    |tmp_142_fu_3309_p2     |    or    |      0|  0|  11|          11|           6|
    |tmp_144_fu_3324_p2     |    or    |      0|  0|  11|          11|           6|
    |tmp_146_fu_3339_p2     |    or    |      0|  0|  11|          11|           6|
    |tmp_148_fu_3354_p2     |    or    |      0|  0|  11|          11|           6|
    |tmp_150_fu_3369_p2     |    or    |      0|  0|  11|          11|           6|
    |tmp_152_fu_3384_p2     |    or    |      0|  0|  11|          11|           6|
    |tmp_154_fu_3399_p2     |    or    |      0|  0|  11|          11|           6|
    |tmp_156_fu_3414_p2     |    or    |      0|  0|  11|          11|           6|
    |tmp_158_fu_3429_p2     |    or    |      0|  0|  11|          11|           6|
    |tmp_160_fu_3444_p2     |    or    |      0|  0|  11|          11|           6|
    |tmp_162_fu_3459_p2     |    or    |      0|  0|  11|          11|           6|
    |tmp_164_fu_3474_p2     |    or    |      0|  0|  11|          11|           6|
    |tmp_166_fu_3489_p2     |    or    |      0|  0|  11|          11|           6|
    |tmp_168_fu_3504_p2     |    or    |      0|  0|  11|          11|           6|
    |tmp_170_fu_3519_p2     |    or    |      0|  0|  11|          11|           7|
    |tmp_172_fu_3534_p2     |    or    |      0|  0|  11|          11|           7|
    |tmp_174_fu_3549_p2     |    or    |      0|  0|  11|          11|           7|
    |tmp_176_fu_3564_p2     |    or    |      0|  0|  11|          11|           7|
    |tmp_178_fu_3579_p2     |    or    |      0|  0|  11|          11|           7|
    |tmp_180_fu_3594_p2     |    or    |      0|  0|  11|          11|           7|
    |tmp_182_fu_3609_p2     |    or    |      0|  0|  11|          11|           7|
    |tmp_184_fu_3624_p2     |    or    |      0|  0|  11|          11|           7|
    |tmp_186_fu_3639_p2     |    or    |      0|  0|  11|          11|           7|
    |tmp_188_fu_3654_p2     |    or    |      0|  0|  11|          11|           7|
    |tmp_190_fu_3669_p2     |    or    |      0|  0|  11|          11|           7|
    |tmp_192_fu_3684_p2     |    or    |      0|  0|  11|          11|           7|
    |tmp_194_fu_3699_p2     |    or    |      0|  0|  11|          11|           7|
    |tmp_196_fu_3714_p2     |    or    |      0|  0|  11|          11|           7|
    |tmp_198_fu_3729_p2     |    or    |      0|  0|  11|          11|           7|
    |tmp_200_fu_3744_p2     |    or    |      0|  0|  11|          11|           7|
    |tmp_202_fu_3759_p2     |    or    |      0|  0|  11|          11|           7|
    |tmp_204_fu_3774_p2     |    or    |      0|  0|  11|          11|           7|
    |tmp_206_fu_3789_p2     |    or    |      0|  0|  11|          11|           7|
    |tmp_208_fu_3804_p2     |    or    |      0|  0|  11|          11|           7|
    |tmp_210_fu_3819_p2     |    or    |      0|  0|  11|          11|           7|
    |tmp_212_fu_3834_p2     |    or    |      0|  0|  11|          11|           7|
    |tmp_214_fu_3849_p2     |    or    |      0|  0|  11|          11|           7|
    |tmp_216_fu_3864_p2     |    or    |      0|  0|  11|          11|           7|
    |tmp_218_fu_3879_p2     |    or    |      0|  0|  11|          11|           7|
    |tmp_220_fu_3894_p2     |    or    |      0|  0|  11|          11|           7|
    |tmp_222_fu_3909_p2     |    or    |      0|  0|  11|          11|           7|
    |tmp_224_fu_3924_p2     |    or    |      0|  0|  11|          11|           7|
    |tmp_226_fu_3939_p2     |    or    |      0|  0|  11|          11|           7|
    |tmp_228_fu_3954_p2     |    or    |      0|  0|  11|          11|           7|
    |tmp_230_fu_3969_p2     |    or    |      0|  0|  11|          11|           7|
    |tmp_232_fu_3984_p2     |    or    |      0|  0|  11|          11|           7|
    |tmp_234_fu_3999_p2     |    or    |      0|  0|  11|          11|           7|
    |tmp_236_fu_4014_p2     |    or    |      0|  0|  11|          11|           7|
    |tmp_238_fu_4029_p2     |    or    |      0|  0|  11|          11|           7|
    |tmp_240_fu_4044_p2     |    or    |      0|  0|  11|          11|           7|
    |tmp_242_fu_4059_p2     |    or    |      0|  0|  11|          11|           7|
    |tmp_244_fu_4074_p2     |    or    |      0|  0|  11|          11|           7|
    |tmp_246_fu_4089_p2     |    or    |      0|  0|  11|          11|           7|
    |tmp_248_fu_4104_p2     |    or    |      0|  0|  11|          11|           7|
    |tmp_250_fu_4119_p2     |    or    |      0|  0|  11|          11|           7|
    |tmp_252_fu_4134_p2     |    or    |      0|  0|  11|          11|           7|
    |tmp_254_fu_4149_p2     |    or    |      0|  0|  11|          11|           7|
    |tmp_256_fu_4164_p2     |    or    |      0|  0|  11|          11|           7|
    |tmp_258_fu_4179_p2     |    or    |      0|  0|  11|          11|           7|
    |tmp_260_fu_4194_p2     |    or    |      0|  0|  11|          11|           7|
    |tmp_262_fu_4209_p2     |    or    |      0|  0|  11|          11|           7|
    |tmp_264_fu_4224_p2     |    or    |      0|  0|  11|          11|           7|
    |tmp_266_fu_4239_p2     |    or    |      0|  0|  11|          11|           7|
    |tmp_268_fu_4254_p2     |    or    |      0|  0|  11|          11|           7|
    |tmp_270_fu_4269_p2     |    or    |      0|  0|  11|          11|           7|
    |tmp_272_fu_4284_p2     |    or    |      0|  0|  11|          11|           7|
    |tmp_274_fu_4299_p2     |    or    |      0|  0|  11|          11|           7|
    |tmp_276_fu_4314_p2     |    or    |      0|  0|  11|          11|           7|
    |tmp_278_fu_4329_p2     |    or    |      0|  0|  11|          11|           7|
    |tmp_280_fu_4344_p2     |    or    |      0|  0|  11|          11|           7|
    |tmp_282_fu_4359_p2     |    or    |      0|  0|  11|          11|           7|
    |tmp_284_fu_4374_p2     |    or    |      0|  0|  11|          11|           7|
    |tmp_286_fu_4389_p2     |    or    |      0|  0|  11|          11|           7|
    |tmp_288_fu_4404_p2     |    or    |      0|  0|  11|          11|           7|
    |tmp_290_fu_4419_p2     |    or    |      0|  0|  11|          11|           7|
    |tmp_292_fu_4434_p2     |    or    |      0|  0|  11|          11|           7|
    |tmp_294_fu_4449_p2     |    or    |      0|  0|  11|          11|           7|
    |tmp_296_fu_4464_p2     |    or    |      0|  0|  11|          11|           7|
    |tmp_298_fu_4479_p2     |    or    |      0|  0|  11|          11|           8|
    |tmp_300_fu_4494_p2     |    or    |      0|  0|  11|          11|           8|
    |tmp_302_fu_4509_p2     |    or    |      0|  0|  11|          11|           8|
    |tmp_304_fu_4524_p2     |    or    |      0|  0|  11|          11|           8|
    |tmp_306_fu_4539_p2     |    or    |      0|  0|  11|          11|           8|
    |tmp_308_fu_4554_p2     |    or    |      0|  0|  11|          11|           8|
    |tmp_310_fu_4569_p2     |    or    |      0|  0|  11|          11|           8|
    |tmp_312_fu_4584_p2     |    or    |      0|  0|  11|          11|           8|
    |tmp_314_fu_4599_p2     |    or    |      0|  0|  11|          11|           8|
    |tmp_316_fu_4614_p2     |    or    |      0|  0|  11|          11|           8|
    |tmp_318_fu_4629_p2     |    or    |      0|  0|  11|          11|           8|
    |tmp_320_fu_4644_p2     |    or    |      0|  0|  11|          11|           8|
    |tmp_322_fu_4659_p2     |    or    |      0|  0|  11|          11|           8|
    |tmp_324_fu_4674_p2     |    or    |      0|  0|  11|          11|           8|
    |tmp_326_fu_4689_p2     |    or    |      0|  0|  11|          11|           8|
    |tmp_328_fu_4704_p2     |    or    |      0|  0|  11|          11|           8|
    |tmp_330_fu_4719_p2     |    or    |      0|  0|  11|          11|           8|
    |tmp_332_fu_4734_p2     |    or    |      0|  0|  11|          11|           8|
    |tmp_334_fu_4749_p2     |    or    |      0|  0|  11|          11|           8|
    |tmp_336_fu_4764_p2     |    or    |      0|  0|  11|          11|           8|
    |tmp_338_fu_4779_p2     |    or    |      0|  0|  11|          11|           8|
    |tmp_340_fu_4794_p2     |    or    |      0|  0|  11|          11|           8|
    |tmp_342_fu_4809_p2     |    or    |      0|  0|  11|          11|           8|
    |tmp_344_fu_4824_p2     |    or    |      0|  0|  11|          11|           8|
    |tmp_346_fu_4839_p2     |    or    |      0|  0|  11|          11|           8|
    |tmp_348_fu_4854_p2     |    or    |      0|  0|  11|          11|           8|
    |tmp_350_fu_4869_p2     |    or    |      0|  0|  11|          11|           8|
    |tmp_352_fu_4884_p2     |    or    |      0|  0|  11|          11|           8|
    |tmp_354_fu_4899_p2     |    or    |      0|  0|  11|          11|           8|
    |tmp_356_fu_4914_p2     |    or    |      0|  0|  11|          11|           8|
    |tmp_358_fu_4929_p2     |    or    |      0|  0|  11|          11|           8|
    |tmp_360_fu_4944_p2     |    or    |      0|  0|  11|          11|           8|
    |tmp_362_fu_4959_p2     |    or    |      0|  0|  11|          11|           8|
    |tmp_364_fu_4974_p2     |    or    |      0|  0|  11|          11|           8|
    |tmp_366_fu_4989_p2     |    or    |      0|  0|  11|          11|           8|
    |tmp_368_fu_5004_p2     |    or    |      0|  0|  11|          11|           8|
    |tmp_370_fu_5019_p2     |    or    |      0|  0|  11|          11|           8|
    |tmp_372_fu_5034_p2     |    or    |      0|  0|  11|          11|           8|
    |tmp_374_fu_5049_p2     |    or    |      0|  0|  11|          11|           8|
    |tmp_376_fu_5064_p2     |    or    |      0|  0|  11|          11|           8|
    |tmp_378_fu_5079_p2     |    or    |      0|  0|  11|          11|           8|
    |tmp_380_fu_5094_p2     |    or    |      0|  0|  11|          11|           8|
    |tmp_382_fu_5109_p2     |    or    |      0|  0|  11|          11|           8|
    |tmp_384_fu_5124_p2     |    or    |      0|  0|  11|          11|           8|
    |tmp_386_fu_5139_p2     |    or    |      0|  0|  11|          11|           8|
    |tmp_388_fu_5154_p2     |    or    |      0|  0|  11|          11|           8|
    |tmp_390_fu_5169_p2     |    or    |      0|  0|  11|          11|           8|
    |tmp_392_fu_5184_p2     |    or    |      0|  0|  11|          11|           8|
    |tmp_394_fu_5199_p2     |    or    |      0|  0|  11|          11|           8|
    |tmp_396_fu_5214_p2     |    or    |      0|  0|  11|          11|           8|
    |tmp_398_fu_5229_p2     |    or    |      0|  0|  11|          11|           8|
    |tmp_400_fu_5244_p2     |    or    |      0|  0|  11|          11|           8|
    |tmp_402_fu_5259_p2     |    or    |      0|  0|  11|          11|           8|
    |tmp_404_fu_5274_p2     |    or    |      0|  0|  11|          11|           8|
    |tmp_406_fu_5289_p2     |    or    |      0|  0|  11|          11|           8|
    |tmp_408_fu_5304_p2     |    or    |      0|  0|  11|          11|           8|
    |tmp_410_fu_5319_p2     |    or    |      0|  0|  11|          11|           8|
    |tmp_412_fu_5334_p2     |    or    |      0|  0|  11|          11|           8|
    |tmp_414_fu_5349_p2     |    or    |      0|  0|  11|          11|           8|
    |tmp_416_fu_5364_p2     |    or    |      0|  0|  11|          11|           8|
    |tmp_418_fu_5379_p2     |    or    |      0|  0|  11|          11|           8|
    |tmp_420_fu_5394_p2     |    or    |      0|  0|  11|          11|           8|
    |tmp_422_fu_5409_p2     |    or    |      0|  0|  11|          11|           8|
    |tmp_424_fu_5424_p2     |    or    |      0|  0|  11|          11|           8|
    |tmp_426_fu_5439_p2     |    or    |      0|  0|  11|          11|           8|
    |tmp_428_fu_5454_p2     |    or    |      0|  0|  11|          11|           8|
    |tmp_430_fu_5469_p2     |    or    |      0|  0|  11|          11|           8|
    |tmp_432_fu_5484_p2     |    or    |      0|  0|  11|          11|           8|
    |tmp_434_fu_5499_p2     |    or    |      0|  0|  11|          11|           8|
    |tmp_436_fu_5514_p2     |    or    |      0|  0|  11|          11|           8|
    |tmp_438_fu_5529_p2     |    or    |      0|  0|  11|          11|           8|
    |tmp_440_fu_5544_p2     |    or    |      0|  0|  11|          11|           8|
    |tmp_442_fu_5559_p2     |    or    |      0|  0|  11|          11|           8|
    |tmp_444_fu_5574_p2     |    or    |      0|  0|  11|          11|           8|
    |tmp_446_fu_5589_p2     |    or    |      0|  0|  11|          11|           8|
    |tmp_448_fu_5604_p2     |    or    |      0|  0|  11|          11|           8|
    |tmp_44_fu_2574_p2      |    or    |      0|  0|  11|          11|           1|
    |tmp_450_fu_5619_p2     |    or    |      0|  0|  11|          11|           8|
    |tmp_452_fu_5634_p2     |    or    |      0|  0|  11|          11|           8|
    |tmp_454_fu_5649_p2     |    or    |      0|  0|  11|          11|           8|
    |tmp_456_fu_5664_p2     |    or    |      0|  0|  11|          11|           8|
    |tmp_458_fu_5679_p2     |    or    |      0|  0|  11|          11|           8|
    |tmp_460_fu_5694_p2     |    or    |      0|  0|  11|          11|           8|
    |tmp_462_fu_5709_p2     |    or    |      0|  0|  11|          11|           8|
    |tmp_464_fu_5724_p2     |    or    |      0|  0|  11|          11|           8|
    |tmp_466_fu_5739_p2     |    or    |      0|  0|  11|          11|           8|
    |tmp_468_fu_5754_p2     |    or    |      0|  0|  11|          11|           8|
    |tmp_46_fu_2589_p2      |    or    |      0|  0|  11|          11|           2|
    |tmp_470_fu_5769_p2     |    or    |      0|  0|  11|          11|           8|
    |tmp_472_fu_5784_p2     |    or    |      0|  0|  11|          11|           8|
    |tmp_474_fu_5799_p2     |    or    |      0|  0|  11|          11|           8|
    |tmp_476_fu_5814_p2     |    or    |      0|  0|  11|          11|           8|
    |tmp_478_fu_5829_p2     |    or    |      0|  0|  11|          11|           8|
    |tmp_480_fu_5844_p2     |    or    |      0|  0|  11|          11|           8|
    |tmp_482_fu_5859_p2     |    or    |      0|  0|  11|          11|           8|
    |tmp_484_fu_5874_p2     |    or    |      0|  0|  11|          11|           8|
    |tmp_486_fu_5889_p2     |    or    |      0|  0|  11|          11|           8|
    |tmp_488_fu_5904_p2     |    or    |      0|  0|  11|          11|           8|
    |tmp_48_fu_2604_p2      |    or    |      0|  0|  11|          11|           2|
    |tmp_490_fu_5919_p2     |    or    |      0|  0|  11|          11|           8|
    |tmp_492_fu_5934_p2     |    or    |      0|  0|  11|          11|           8|
    |tmp_494_fu_5949_p2     |    or    |      0|  0|  11|          11|           8|
    |tmp_496_fu_5964_p2     |    or    |      0|  0|  11|          11|           8|
    |tmp_498_fu_5979_p2     |    or    |      0|  0|  11|          11|           8|
    |tmp_500_fu_5994_p2     |    or    |      0|  0|  11|          11|           8|
    |tmp_502_fu_6009_p2     |    or    |      0|  0|  11|          11|           8|
    |tmp_504_fu_6024_p2     |    or    |      0|  0|  11|          11|           8|
    |tmp_506_fu_6039_p2     |    or    |      0|  0|  11|          11|           8|
    |tmp_508_fu_6054_p2     |    or    |      0|  0|  11|          11|           8|
    |tmp_50_fu_2619_p2      |    or    |      0|  0|  11|          11|           3|
    |tmp_510_fu_6069_p2     |    or    |      0|  0|  11|          11|           8|
    |tmp_512_fu_6084_p2     |    or    |      0|  0|  11|          11|           8|
    |tmp_514_fu_6099_p2     |    or    |      0|  0|  11|          11|           8|
    |tmp_516_fu_6114_p2     |    or    |      0|  0|  11|          11|           8|
    |tmp_518_fu_6129_p2     |    or    |      0|  0|  11|          11|           8|
    |tmp_520_fu_6144_p2     |    or    |      0|  0|  11|          11|           8|
    |tmp_522_fu_6159_p2     |    or    |      0|  0|  11|          11|           8|
    |tmp_524_fu_6174_p2     |    or    |      0|  0|  11|          11|           8|
    |tmp_526_fu_6189_p2     |    or    |      0|  0|  11|          11|           8|
    |tmp_528_fu_6204_p2     |    or    |      0|  0|  11|          11|           8|
    |tmp_52_fu_2634_p2      |    or    |      0|  0|  11|          11|           3|
    |tmp_530_fu_6219_p2     |    or    |      0|  0|  11|          11|           8|
    |tmp_532_fu_6234_p2     |    or    |      0|  0|  11|          11|           8|
    |tmp_534_fu_6249_p2     |    or    |      0|  0|  11|          11|           8|
    |tmp_536_fu_6264_p2     |    or    |      0|  0|  11|          11|           8|
    |tmp_538_fu_6279_p2     |    or    |      0|  0|  11|          11|           8|
    |tmp_540_fu_6294_p2     |    or    |      0|  0|  11|          11|           8|
    |tmp_542_fu_6309_p2     |    or    |      0|  0|  11|          11|           8|
    |tmp_544_fu_6324_p2     |    or    |      0|  0|  11|          11|           8|
    |tmp_546_fu_6339_p2     |    or    |      0|  0|  11|          11|           8|
    |tmp_548_fu_6354_p2     |    or    |      0|  0|  11|          11|           8|
    |tmp_54_fu_2649_p2      |    or    |      0|  0|  11|          11|           3|
    |tmp_550_fu_6369_p2     |    or    |      0|  0|  11|          11|           8|
    |tmp_552_fu_6384_p2     |    or    |      0|  0|  11|          11|           8|
    |tmp_56_fu_2664_p2      |    or    |      0|  0|  11|          11|           3|
    |tmp_58_fu_2679_p2      |    or    |      0|  0|  11|          11|           4|
    |tmp_60_fu_2694_p2      |    or    |      0|  0|  11|          11|           4|
    |tmp_62_fu_2709_p2      |    or    |      0|  0|  11|          11|           4|
    |tmp_64_fu_2724_p2      |    or    |      0|  0|  11|          11|           4|
    |tmp_66_fu_2739_p2      |    or    |      0|  0|  11|          11|           4|
    |tmp_68_fu_2754_p2      |    or    |      0|  0|  11|          11|           4|
    |tmp_70_fu_2769_p2      |    or    |      0|  0|  11|          11|           4|
    |tmp_72_fu_2784_p2      |    or    |      0|  0|  11|          11|           4|
    |tmp_74_fu_2799_p2      |    or    |      0|  0|  11|          11|           5|
    |tmp_76_fu_2814_p2      |    or    |      0|  0|  11|          11|           5|
    |tmp_78_fu_2829_p2      |    or    |      0|  0|  11|          11|           5|
    |tmp_80_fu_2844_p2      |    or    |      0|  0|  11|          11|           5|
    |tmp_82_fu_2859_p2      |    or    |      0|  0|  11|          11|           5|
    |tmp_84_fu_2874_p2      |    or    |      0|  0|  11|          11|           5|
    |tmp_86_fu_2889_p2      |    or    |      0|  0|  11|          11|           5|
    |tmp_88_fu_2904_p2      |    or    |      0|  0|  11|          11|           5|
    |tmp_90_fu_2919_p2      |    or    |      0|  0|  11|          11|           5|
    |tmp_92_fu_2934_p2      |    or    |      0|  0|  11|          11|           5|
    |tmp_94_fu_2949_p2      |    or    |      0|  0|  11|          11|           5|
    |tmp_96_fu_2964_p2      |    or    |      0|  0|  11|          11|           5|
    |tmp_98_fu_2979_p2      |    or    |      0|  0|  11|          11|           5|
    +-----------------------+----------+-------+---+----+------------+------------+
    |Total                  |          |     18|  0|3297|        3229|        2205|
    +-----------------------+----------+-------+---+----+------------+------------+

    * Multiplexer: 
    +-----------------------+------+-----------+-----+-----------+
    |          Name         |  LUT | Input Size| Bits| Total Bits|
    +-----------------------+------+-----------+-----+-----------+
    |ap_NS_fsm              |  1233|        272|    1|        272|
    |i_i1_reg_2488          |     9|          2|    9|         18|
    |i_i2_reg_2500          |     9|          2|    9|         18|
    |i_i_reg_2464           |     9|          2|    9|         18|
    |i_reg_2476             |     9|          2|    3|          6|
    |reg_2529               |     9|          2|   32|         64|
    |reg_2535               |     9|          2|   32|         64|
    |t_coeffs_address0      |    15|          3|    8|         24|
    |u_vec_coeffs_address0  |    15|          3|   13|         39|
    |v_vec_coeffs_address0  |    15|          3|   10|         30|
    |w_coeffs_address0      |   593|        132|   11|       1452|
    |w_coeffs_address1      |   589|        131|   11|       1441|
    |w_coeffs_d0            |   589|        131|   32|       4192|
    |w_coeffs_d1            |   581|        129|   32|       4128|
    +-----------------------+------+-----------+-----+-----------+
    |Total                  |  3684|        816|  212|      11766|
    +-----------------------+------+-----------+-----+-----------+

    * Register: 
    +----------------------------+-----+----+-----+-----------+
    |            Name            |  FF | LUT| Bits| Const Bits|
    +----------------------------+-----+----+-----+-----------+
    |a_assign_1_reg_9101         |   55|   0|   55|          0|
    |a_assign_reg_9045           |   55|   0|   55|          0|
    |ap_CS_fsm                   |  271|   0|  271|          0|
    |i_19_reg_9030               |    9|   0|    9|          0|
    |i_20_reg_9086               |    9|   0|    9|          0|
    |i_21_reg_9124               |    9|   0|    9|          0|
    |i_i1_reg_2488               |    9|   0|    9|          0|
    |i_i2_reg_2500               |    9|   0|    9|          0|
    |i_i_reg_2464                |    9|   0|    9|          0|
    |i_reg_2476                  |    3|   0|    3|          0|
    |reg_2521                    |   23|   0|   23|          0|
    |reg_2525                    |   32|   0|   32|          0|
    |reg_2529                    |   32|   0|   32|          0|
    |reg_2535                    |   32|   0|   32|          0|
    |reg_2541                    |   25|   0|   25|          0|
    |reg_2545                    |   25|   0|   25|          0|
    |reg_2549                    |   25|   0|   25|          0|
    |reg_2553                    |   25|   0|   25|          0|
    |t_3_reg_9065                |   55|   0|   55|          0|
    |t_5_reg_9111                |   32|   0|   32|          0|
    |t_6_reg_9116                |   55|   0|   55|          0|
    |t_reg_9060                  |   32|   0|   32|          0|
    |tmp_46_cast_reg_7734        |    3|   0|   12|          9|
    |tmp_555_reg_9055            |   12|   0|   12|          0|
    |tmp_558_cast_reg_9022       |    3|   0|    6|          3|
    |tmp_563_reg_9106            |   32|   0|   32|          0|
    |tmp_564_cast_reg_9073       |    6|   0|   14|          8|
    |tmp_566_cast_reg_9078       |    3|   0|   12|          9|
    |tmp_84_100_reg_9630         |   25|   0|   25|          0|
    |tmp_84_101_reg_9635         |   25|   0|   25|          0|
    |tmp_84_102_reg_9640         |   25|   0|   25|          0|
    |tmp_84_103_reg_9645         |   25|   0|   25|          0|
    |tmp_84_104_reg_9650         |   25|   0|   25|          0|
    |tmp_84_105_reg_9655         |   25|   0|   25|          0|
    |tmp_84_106_reg_9660         |   25|   0|   25|          0|
    |tmp_84_107_reg_9665         |   25|   0|   25|          0|
    |tmp_84_108_reg_9670         |   25|   0|   25|          0|
    |tmp_84_109_reg_9675         |   25|   0|   25|          0|
    |tmp_84_10_reg_9180          |   25|   0|   25|          0|
    |tmp_84_110_reg_9680         |   25|   0|   25|          0|
    |tmp_84_111_reg_9685         |   25|   0|   25|          0|
    |tmp_84_112_reg_9690         |   25|   0|   25|          0|
    |tmp_84_113_reg_9695         |   25|   0|   25|          0|
    |tmp_84_114_reg_9700         |   25|   0|   25|          0|
    |tmp_84_115_reg_9705         |   25|   0|   25|          0|
    |tmp_84_116_reg_9710         |   25|   0|   25|          0|
    |tmp_84_117_reg_9715         |   25|   0|   25|          0|
    |tmp_84_118_reg_9720         |   25|   0|   25|          0|
    |tmp_84_119_reg_9725         |   25|   0|   25|          0|
    |tmp_84_11_reg_9185          |   25|   0|   25|          0|
    |tmp_84_120_reg_9730         |   25|   0|   25|          0|
    |tmp_84_121_reg_9735         |   25|   0|   25|          0|
    |tmp_84_122_reg_9740         |   25|   0|   25|          0|
    |tmp_84_123_reg_9745         |   25|   0|   25|          0|
    |tmp_84_124_reg_9750         |   25|   0|   25|          0|
    |tmp_84_125_reg_9755         |   25|   0|   25|          0|
    |tmp_84_126_reg_9760         |   25|   0|   25|          0|
    |tmp_84_127_reg_9765         |   25|   0|   25|          0|
    |tmp_84_128_reg_9770         |   25|   0|   25|          0|
    |tmp_84_129_reg_9775         |   25|   0|   25|          0|
    |tmp_84_12_reg_9190          |   25|   0|   25|          0|
    |tmp_84_130_reg_9780         |   25|   0|   25|          0|
    |tmp_84_131_reg_9785         |   25|   0|   25|          0|
    |tmp_84_132_reg_9790         |   25|   0|   25|          0|
    |tmp_84_133_reg_9795         |   25|   0|   25|          0|
    |tmp_84_134_reg_9800         |   25|   0|   25|          0|
    |tmp_84_135_reg_9805         |   25|   0|   25|          0|
    |tmp_84_136_reg_9810         |   25|   0|   25|          0|
    |tmp_84_137_reg_9815         |   25|   0|   25|          0|
    |tmp_84_138_reg_9820         |   25|   0|   25|          0|
    |tmp_84_139_reg_9825         |   25|   0|   25|          0|
    |tmp_84_13_reg_9195          |   25|   0|   25|          0|
    |tmp_84_140_reg_9830         |   25|   0|   25|          0|
    |tmp_84_141_reg_9835         |   25|   0|   25|          0|
    |tmp_84_142_reg_9840         |   25|   0|   25|          0|
    |tmp_84_143_reg_9845         |   25|   0|   25|          0|
    |tmp_84_144_reg_9850         |   25|   0|   25|          0|
    |tmp_84_145_reg_9855         |   25|   0|   25|          0|
    |tmp_84_146_reg_9860         |   25|   0|   25|          0|
    |tmp_84_147_reg_9865         |   25|   0|   25|          0|
    |tmp_84_148_reg_9870         |   25|   0|   25|          0|
    |tmp_84_149_reg_9875         |   25|   0|   25|          0|
    |tmp_84_14_reg_9200          |   25|   0|   25|          0|
    |tmp_84_150_reg_9880         |   25|   0|   25|          0|
    |tmp_84_151_reg_9885         |   25|   0|   25|          0|
    |tmp_84_152_reg_9890         |   25|   0|   25|          0|
    |tmp_84_153_reg_9895         |   25|   0|   25|          0|
    |tmp_84_154_reg_9900         |   25|   0|   25|          0|
    |tmp_84_155_reg_9905         |   25|   0|   25|          0|
    |tmp_84_156_reg_9910         |   25|   0|   25|          0|
    |tmp_84_157_reg_9915         |   25|   0|   25|          0|
    |tmp_84_158_reg_9920         |   25|   0|   25|          0|
    |tmp_84_159_reg_9925         |   25|   0|   25|          0|
    |tmp_84_15_reg_9205          |   25|   0|   25|          0|
    |tmp_84_160_reg_9930         |   25|   0|   25|          0|
    |tmp_84_161_reg_9935         |   25|   0|   25|          0|
    |tmp_84_162_reg_9940         |   25|   0|   25|          0|
    |tmp_84_163_reg_9945         |   25|   0|   25|          0|
    |tmp_84_164_reg_9950         |   25|   0|   25|          0|
    |tmp_84_165_reg_9955         |   25|   0|   25|          0|
    |tmp_84_166_reg_9960         |   25|   0|   25|          0|
    |tmp_84_167_reg_9965         |   25|   0|   25|          0|
    |tmp_84_168_reg_9970         |   25|   0|   25|          0|
    |tmp_84_169_reg_9975         |   25|   0|   25|          0|
    |tmp_84_16_reg_9210          |   25|   0|   25|          0|
    |tmp_84_170_reg_9980         |   25|   0|   25|          0|
    |tmp_84_171_reg_9985         |   25|   0|   25|          0|
    |tmp_84_172_reg_9990         |   25|   0|   25|          0|
    |tmp_84_173_reg_9995         |   25|   0|   25|          0|
    |tmp_84_174_reg_10000        |   25|   0|   25|          0|
    |tmp_84_175_reg_10005        |   25|   0|   25|          0|
    |tmp_84_176_reg_10010        |   25|   0|   25|          0|
    |tmp_84_177_reg_10015        |   25|   0|   25|          0|
    |tmp_84_178_reg_10020        |   25|   0|   25|          0|
    |tmp_84_179_reg_10025        |   25|   0|   25|          0|
    |tmp_84_17_reg_9215          |   25|   0|   25|          0|
    |tmp_84_180_reg_10030        |   25|   0|   25|          0|
    |tmp_84_181_reg_10035        |   25|   0|   25|          0|
    |tmp_84_182_reg_10040        |   25|   0|   25|          0|
    |tmp_84_183_reg_10045        |   25|   0|   25|          0|
    |tmp_84_184_reg_10050        |   25|   0|   25|          0|
    |tmp_84_185_reg_10055        |   25|   0|   25|          0|
    |tmp_84_186_reg_10060        |   25|   0|   25|          0|
    |tmp_84_187_reg_10065        |   25|   0|   25|          0|
    |tmp_84_188_reg_10070        |   25|   0|   25|          0|
    |tmp_84_189_reg_10075        |   25|   0|   25|          0|
    |tmp_84_18_reg_9220          |   25|   0|   25|          0|
    |tmp_84_190_reg_10080        |   25|   0|   25|          0|
    |tmp_84_191_reg_10085        |   25|   0|   25|          0|
    |tmp_84_192_reg_10090        |   25|   0|   25|          0|
    |tmp_84_193_reg_10095        |   25|   0|   25|          0|
    |tmp_84_194_reg_10100        |   25|   0|   25|          0|
    |tmp_84_195_reg_10105        |   25|   0|   25|          0|
    |tmp_84_196_reg_10110        |   25|   0|   25|          0|
    |tmp_84_197_reg_10115        |   25|   0|   25|          0|
    |tmp_84_198_reg_10120        |   25|   0|   25|          0|
    |tmp_84_199_reg_10125        |   25|   0|   25|          0|
    |tmp_84_19_reg_9225          |   25|   0|   25|          0|
    |tmp_84_200_reg_10130        |   25|   0|   25|          0|
    |tmp_84_201_reg_10135        |   25|   0|   25|          0|
    |tmp_84_202_reg_10140        |   25|   0|   25|          0|
    |tmp_84_203_reg_10145        |   25|   0|   25|          0|
    |tmp_84_204_reg_10150        |   25|   0|   25|          0|
    |tmp_84_205_reg_10155        |   25|   0|   25|          0|
    |tmp_84_206_reg_10160        |   25|   0|   25|          0|
    |tmp_84_207_reg_10165        |   25|   0|   25|          0|
    |tmp_84_208_reg_10170        |   25|   0|   25|          0|
    |tmp_84_209_reg_10175        |   25|   0|   25|          0|
    |tmp_84_20_reg_9230          |   25|   0|   25|          0|
    |tmp_84_210_reg_10180        |   25|   0|   25|          0|
    |tmp_84_211_reg_10185        |   25|   0|   25|          0|
    |tmp_84_212_reg_10190        |   25|   0|   25|          0|
    |tmp_84_213_reg_10195        |   25|   0|   25|          0|
    |tmp_84_214_reg_10200        |   25|   0|   25|          0|
    |tmp_84_215_reg_10205        |   25|   0|   25|          0|
    |tmp_84_216_reg_10210        |   25|   0|   25|          0|
    |tmp_84_217_reg_10215        |   25|   0|   25|          0|
    |tmp_84_218_reg_10220        |   25|   0|   25|          0|
    |tmp_84_219_reg_10225        |   25|   0|   25|          0|
    |tmp_84_21_reg_9235          |   25|   0|   25|          0|
    |tmp_84_220_reg_10230        |   25|   0|   25|          0|
    |tmp_84_221_reg_10235        |   25|   0|   25|          0|
    |tmp_84_222_reg_10240        |   25|   0|   25|          0|
    |tmp_84_223_reg_10245        |   25|   0|   25|          0|
    |tmp_84_224_reg_10250        |   25|   0|   25|          0|
    |tmp_84_225_reg_10255        |   25|   0|   25|          0|
    |tmp_84_226_reg_10260        |   25|   0|   25|          0|
    |tmp_84_227_reg_10265        |   25|   0|   25|          0|
    |tmp_84_228_reg_10270        |   25|   0|   25|          0|
    |tmp_84_229_reg_10275        |   25|   0|   25|          0|
    |tmp_84_22_reg_9240          |   25|   0|   25|          0|
    |tmp_84_230_reg_10280        |   25|   0|   25|          0|
    |tmp_84_231_reg_10285        |   25|   0|   25|          0|
    |tmp_84_232_reg_10290        |   25|   0|   25|          0|
    |tmp_84_233_reg_10295        |   25|   0|   25|          0|
    |tmp_84_234_reg_10300        |   25|   0|   25|          0|
    |tmp_84_235_reg_10305        |   25|   0|   25|          0|
    |tmp_84_236_reg_10310        |   25|   0|   25|          0|
    |tmp_84_237_reg_10315        |   25|   0|   25|          0|
    |tmp_84_238_reg_10320        |   25|   0|   25|          0|
    |tmp_84_239_reg_10325        |   25|   0|   25|          0|
    |tmp_84_23_reg_9245          |   25|   0|   25|          0|
    |tmp_84_240_reg_10330        |   25|   0|   25|          0|
    |tmp_84_241_reg_10335        |   25|   0|   25|          0|
    |tmp_84_242_reg_10340        |   25|   0|   25|          0|
    |tmp_84_243_reg_10345        |   25|   0|   25|          0|
    |tmp_84_244_reg_10350        |   25|   0|   25|          0|
    |tmp_84_245_reg_10355        |   25|   0|   25|          0|
    |tmp_84_246_reg_10360        |   25|   0|   25|          0|
    |tmp_84_247_reg_10365        |   25|   0|   25|          0|
    |tmp_84_248_reg_10370        |   25|   0|   25|          0|
    |tmp_84_249_reg_10375        |   25|   0|   25|          0|
    |tmp_84_24_reg_9250          |   25|   0|   25|          0|
    |tmp_84_250_reg_10380        |   25|   0|   25|          0|
    |tmp_84_25_reg_9255          |   25|   0|   25|          0|
    |tmp_84_26_reg_9260          |   25|   0|   25|          0|
    |tmp_84_27_reg_9265          |   25|   0|   25|          0|
    |tmp_84_28_reg_9270          |   25|   0|   25|          0|
    |tmp_84_29_reg_9275          |   25|   0|   25|          0|
    |tmp_84_30_reg_9280          |   25|   0|   25|          0|
    |tmp_84_31_reg_9285          |   25|   0|   25|          0|
    |tmp_84_32_reg_9290          |   25|   0|   25|          0|
    |tmp_84_33_reg_9295          |   25|   0|   25|          0|
    |tmp_84_34_reg_9300          |   25|   0|   25|          0|
    |tmp_84_35_reg_9305          |   25|   0|   25|          0|
    |tmp_84_36_reg_9310          |   25|   0|   25|          0|
    |tmp_84_37_reg_9315          |   25|   0|   25|          0|
    |tmp_84_38_reg_9320          |   25|   0|   25|          0|
    |tmp_84_39_reg_9325          |   25|   0|   25|          0|
    |tmp_84_40_reg_9330          |   25|   0|   25|          0|
    |tmp_84_41_reg_9335          |   25|   0|   25|          0|
    |tmp_84_42_reg_9340          |   25|   0|   25|          0|
    |tmp_84_43_reg_9345          |   25|   0|   25|          0|
    |tmp_84_44_reg_9350          |   25|   0|   25|          0|
    |tmp_84_45_reg_9355          |   25|   0|   25|          0|
    |tmp_84_46_reg_9360          |   25|   0|   25|          0|
    |tmp_84_47_reg_9365          |   25|   0|   25|          0|
    |tmp_84_48_reg_9370          |   25|   0|   25|          0|
    |tmp_84_49_reg_9375          |   25|   0|   25|          0|
    |tmp_84_4_reg_9145           |   25|   0|   25|          0|
    |tmp_84_50_reg_9380          |   25|   0|   25|          0|
    |tmp_84_51_reg_9385          |   25|   0|   25|          0|
    |tmp_84_52_reg_9390          |   25|   0|   25|          0|
    |tmp_84_53_reg_9395          |   25|   0|   25|          0|
    |tmp_84_54_reg_9400          |   25|   0|   25|          0|
    |tmp_84_55_reg_9405          |   25|   0|   25|          0|
    |tmp_84_56_reg_9410          |   25|   0|   25|          0|
    |tmp_84_57_reg_9415          |   25|   0|   25|          0|
    |tmp_84_58_reg_9420          |   25|   0|   25|          0|
    |tmp_84_59_reg_9425          |   25|   0|   25|          0|
    |tmp_84_5_reg_9150           |   25|   0|   25|          0|
    |tmp_84_60_reg_9430          |   25|   0|   25|          0|
    |tmp_84_61_reg_9435          |   25|   0|   25|          0|
    |tmp_84_62_reg_9440          |   25|   0|   25|          0|
    |tmp_84_63_reg_9445          |   25|   0|   25|          0|
    |tmp_84_64_reg_9450          |   25|   0|   25|          0|
    |tmp_84_65_reg_9455          |   25|   0|   25|          0|
    |tmp_84_66_reg_9460          |   25|   0|   25|          0|
    |tmp_84_67_reg_9465          |   25|   0|   25|          0|
    |tmp_84_68_reg_9470          |   25|   0|   25|          0|
    |tmp_84_69_reg_9475          |   25|   0|   25|          0|
    |tmp_84_6_reg_9155           |   25|   0|   25|          0|
    |tmp_84_70_reg_9480          |   25|   0|   25|          0|
    |tmp_84_71_reg_9485          |   25|   0|   25|          0|
    |tmp_84_72_reg_9490          |   25|   0|   25|          0|
    |tmp_84_73_reg_9495          |   25|   0|   25|          0|
    |tmp_84_74_reg_9500          |   25|   0|   25|          0|
    |tmp_84_75_reg_9505          |   25|   0|   25|          0|
    |tmp_84_76_reg_9510          |   25|   0|   25|          0|
    |tmp_84_77_reg_9515          |   25|   0|   25|          0|
    |tmp_84_78_reg_9520          |   25|   0|   25|          0|
    |tmp_84_79_reg_9525          |   25|   0|   25|          0|
    |tmp_84_7_reg_9160           |   25|   0|   25|          0|
    |tmp_84_80_reg_9530          |   25|   0|   25|          0|
    |tmp_84_81_reg_9535          |   25|   0|   25|          0|
    |tmp_84_82_reg_9540          |   25|   0|   25|          0|
    |tmp_84_83_reg_9545          |   25|   0|   25|          0|
    |tmp_84_84_reg_9550          |   25|   0|   25|          0|
    |tmp_84_85_reg_9555          |   25|   0|   25|          0|
    |tmp_84_86_reg_9560          |   25|   0|   25|          0|
    |tmp_84_87_reg_9565          |   25|   0|   25|          0|
    |tmp_84_88_reg_9570          |   25|   0|   25|          0|
    |tmp_84_89_reg_9575          |   25|   0|   25|          0|
    |tmp_84_8_reg_9165           |   25|   0|   25|          0|
    |tmp_84_90_reg_9580          |   25|   0|   25|          0|
    |tmp_84_91_reg_9585          |   25|   0|   25|          0|
    |tmp_84_92_reg_9590          |   25|   0|   25|          0|
    |tmp_84_93_reg_9595          |   25|   0|   25|          0|
    |tmp_84_94_reg_9600          |   25|   0|   25|          0|
    |tmp_84_95_reg_9605          |   25|   0|   25|          0|
    |tmp_84_96_reg_9610          |   25|   0|   25|          0|
    |tmp_84_97_reg_9615          |   25|   0|   25|          0|
    |tmp_84_98_reg_9620          |   25|   0|   25|          0|
    |tmp_84_99_reg_9625          |   25|   0|   25|          0|
    |tmp_84_9_reg_9170           |   25|   0|   25|          0|
    |tmp_84_s_reg_9175           |   25|   0|   25|          0|
    |tmp_reg_9050                |   32|   0|   32|          0|
    |w_coeffs_addr_100_reg_8242  |    3|   0|   11|          8|
    |w_coeffs_addr_101_reg_8247  |    3|   0|   11|          8|
    |w_coeffs_addr_102_reg_8252  |    3|   0|   11|          8|
    |w_coeffs_addr_103_reg_8257  |    3|   0|   11|          8|
    |w_coeffs_addr_104_reg_8262  |    3|   0|   11|          8|
    |w_coeffs_addr_105_reg_8267  |    3|   0|   11|          8|
    |w_coeffs_addr_106_reg_8272  |    3|   0|   11|          8|
    |w_coeffs_addr_107_reg_8277  |    3|   0|   11|          8|
    |w_coeffs_addr_108_reg_8282  |    3|   0|   11|          8|
    |w_coeffs_addr_109_reg_8287  |    3|   0|   11|          8|
    |w_coeffs_addr_10_reg_7792   |    3|   0|   11|          8|
    |w_coeffs_addr_110_reg_8292  |    3|   0|   11|          8|
    |w_coeffs_addr_111_reg_8297  |    3|   0|   11|          8|
    |w_coeffs_addr_112_reg_8302  |    3|   0|   11|          8|
    |w_coeffs_addr_113_reg_8307  |    3|   0|   11|          8|
    |w_coeffs_addr_114_reg_8312  |    3|   0|   11|          8|
    |w_coeffs_addr_115_reg_8317  |    3|   0|   11|          8|
    |w_coeffs_addr_116_reg_8322  |    3|   0|   11|          8|
    |w_coeffs_addr_117_reg_8327  |    3|   0|   11|          8|
    |w_coeffs_addr_118_reg_8332  |    3|   0|   11|          8|
    |w_coeffs_addr_119_reg_8337  |    3|   0|   11|          8|
    |w_coeffs_addr_11_reg_7797   |    3|   0|   11|          8|
    |w_coeffs_addr_120_reg_8342  |    3|   0|   11|          8|
    |w_coeffs_addr_121_reg_8347  |    3|   0|   11|          8|
    |w_coeffs_addr_122_reg_8352  |    3|   0|   11|          8|
    |w_coeffs_addr_123_reg_8357  |    3|   0|   11|          8|
    |w_coeffs_addr_124_reg_8362  |    3|   0|   11|          8|
    |w_coeffs_addr_125_reg_8367  |    3|   0|   11|          8|
    |w_coeffs_addr_126_reg_8372  |    3|   0|   11|          8|
    |w_coeffs_addr_127_reg_8377  |    3|   0|   11|          8|
    |w_coeffs_addr_128_reg_8382  |    3|   0|   11|          8|
    |w_coeffs_addr_129_reg_8387  |    3|   0|   11|          8|
    |w_coeffs_addr_12_reg_7802   |    3|   0|   11|          8|
    |w_coeffs_addr_130_reg_8392  |    3|   0|   11|          8|
    |w_coeffs_addr_131_reg_8397  |    3|   0|   11|          8|
    |w_coeffs_addr_132_reg_8402  |    3|   0|   11|          8|
    |w_coeffs_addr_133_reg_8407  |    3|   0|   11|          8|
    |w_coeffs_addr_134_reg_8412  |    3|   0|   11|          8|
    |w_coeffs_addr_135_reg_8417  |    3|   0|   11|          8|
    |w_coeffs_addr_136_reg_8422  |    3|   0|   11|          8|
    |w_coeffs_addr_137_reg_8427  |    3|   0|   11|          8|
    |w_coeffs_addr_138_reg_8432  |    3|   0|   11|          8|
    |w_coeffs_addr_139_reg_8437  |    3|   0|   11|          8|
    |w_coeffs_addr_13_reg_7807   |    3|   0|   11|          8|
    |w_coeffs_addr_140_reg_8442  |    3|   0|   11|          8|
    |w_coeffs_addr_141_reg_8447  |    3|   0|   11|          8|
    |w_coeffs_addr_142_reg_8452  |    3|   0|   11|          8|
    |w_coeffs_addr_143_reg_8457  |    3|   0|   11|          8|
    |w_coeffs_addr_144_reg_8462  |    3|   0|   11|          8|
    |w_coeffs_addr_145_reg_8467  |    3|   0|   11|          8|
    |w_coeffs_addr_146_reg_8472  |    3|   0|   11|          8|
    |w_coeffs_addr_147_reg_8477  |    3|   0|   11|          8|
    |w_coeffs_addr_148_reg_8482  |    3|   0|   11|          8|
    |w_coeffs_addr_149_reg_8487  |    3|   0|   11|          8|
    |w_coeffs_addr_14_reg_7812   |    3|   0|   11|          8|
    |w_coeffs_addr_150_reg_8492  |    3|   0|   11|          8|
    |w_coeffs_addr_151_reg_8497  |    3|   0|   11|          8|
    |w_coeffs_addr_152_reg_8502  |    3|   0|   11|          8|
    |w_coeffs_addr_153_reg_8507  |    3|   0|   11|          8|
    |w_coeffs_addr_154_reg_8512  |    3|   0|   11|          8|
    |w_coeffs_addr_155_reg_8517  |    3|   0|   11|          8|
    |w_coeffs_addr_156_reg_8522  |    3|   0|   11|          8|
    |w_coeffs_addr_157_reg_8527  |    3|   0|   11|          8|
    |w_coeffs_addr_158_reg_8532  |    3|   0|   11|          8|
    |w_coeffs_addr_159_reg_8537  |    3|   0|   11|          8|
    |w_coeffs_addr_15_reg_7817   |    3|   0|   11|          8|
    |w_coeffs_addr_160_reg_8542  |    3|   0|   11|          8|
    |w_coeffs_addr_161_reg_8547  |    3|   0|   11|          8|
    |w_coeffs_addr_162_reg_8552  |    3|   0|   11|          8|
    |w_coeffs_addr_163_reg_8557  |    3|   0|   11|          8|
    |w_coeffs_addr_164_reg_8562  |    3|   0|   11|          8|
    |w_coeffs_addr_165_reg_8567  |    3|   0|   11|          8|
    |w_coeffs_addr_166_reg_8572  |    3|   0|   11|          8|
    |w_coeffs_addr_167_reg_8577  |    3|   0|   11|          8|
    |w_coeffs_addr_168_reg_8582  |    3|   0|   11|          8|
    |w_coeffs_addr_169_reg_8587  |    3|   0|   11|          8|
    |w_coeffs_addr_16_reg_7822   |    3|   0|   11|          8|
    |w_coeffs_addr_170_reg_8592  |    3|   0|   11|          8|
    |w_coeffs_addr_171_reg_8597  |    3|   0|   11|          8|
    |w_coeffs_addr_172_reg_8602  |    3|   0|   11|          8|
    |w_coeffs_addr_173_reg_8607  |    3|   0|   11|          8|
    |w_coeffs_addr_174_reg_8612  |    3|   0|   11|          8|
    |w_coeffs_addr_175_reg_8617  |    3|   0|   11|          8|
    |w_coeffs_addr_176_reg_8622  |    3|   0|   11|          8|
    |w_coeffs_addr_177_reg_8627  |    3|   0|   11|          8|
    |w_coeffs_addr_178_reg_8632  |    3|   0|   11|          8|
    |w_coeffs_addr_179_reg_8637  |    3|   0|   11|          8|
    |w_coeffs_addr_17_reg_7827   |    3|   0|   11|          8|
    |w_coeffs_addr_180_reg_8642  |    3|   0|   11|          8|
    |w_coeffs_addr_181_reg_8647  |    3|   0|   11|          8|
    |w_coeffs_addr_182_reg_8652  |    3|   0|   11|          8|
    |w_coeffs_addr_183_reg_8657  |    3|   0|   11|          8|
    |w_coeffs_addr_184_reg_8662  |    3|   0|   11|          8|
    |w_coeffs_addr_185_reg_8667  |    3|   0|   11|          8|
    |w_coeffs_addr_186_reg_8672  |    3|   0|   11|          8|
    |w_coeffs_addr_187_reg_8677  |    3|   0|   11|          8|
    |w_coeffs_addr_188_reg_8682  |    3|   0|   11|          8|
    |w_coeffs_addr_189_reg_8687  |    3|   0|   11|          8|
    |w_coeffs_addr_18_reg_7832   |    3|   0|   11|          8|
    |w_coeffs_addr_190_reg_8692  |    3|   0|   11|          8|
    |w_coeffs_addr_191_reg_8697  |    3|   0|   11|          8|
    |w_coeffs_addr_192_reg_8702  |    3|   0|   11|          8|
    |w_coeffs_addr_193_reg_8707  |    3|   0|   11|          8|
    |w_coeffs_addr_194_reg_8712  |    3|   0|   11|          8|
    |w_coeffs_addr_195_reg_8717  |    3|   0|   11|          8|
    |w_coeffs_addr_196_reg_8722  |    3|   0|   11|          8|
    |w_coeffs_addr_197_reg_8727  |    3|   0|   11|          8|
    |w_coeffs_addr_198_reg_8732  |    3|   0|   11|          8|
    |w_coeffs_addr_199_reg_8737  |    3|   0|   11|          8|
    |w_coeffs_addr_19_reg_7837   |    3|   0|   11|          8|
    |w_coeffs_addr_1_reg_7746    |    3|   0|   11|          8|
    |w_coeffs_addr_200_reg_8742  |    3|   0|   11|          8|
    |w_coeffs_addr_201_reg_8747  |    3|   0|   11|          8|
    |w_coeffs_addr_202_reg_8752  |    3|   0|   11|          8|
    |w_coeffs_addr_203_reg_8757  |    3|   0|   11|          8|
    |w_coeffs_addr_204_reg_8762  |    3|   0|   11|          8|
    |w_coeffs_addr_205_reg_8767  |    3|   0|   11|          8|
    |w_coeffs_addr_206_reg_8772  |    3|   0|   11|          8|
    |w_coeffs_addr_207_reg_8777  |    3|   0|   11|          8|
    |w_coeffs_addr_208_reg_8782  |    3|   0|   11|          8|
    |w_coeffs_addr_209_reg_8787  |    3|   0|   11|          8|
    |w_coeffs_addr_20_reg_7842   |    3|   0|   11|          8|
    |w_coeffs_addr_210_reg_8792  |    3|   0|   11|          8|
    |w_coeffs_addr_211_reg_8797  |    3|   0|   11|          8|
    |w_coeffs_addr_212_reg_8802  |    3|   0|   11|          8|
    |w_coeffs_addr_213_reg_8807  |    3|   0|   11|          8|
    |w_coeffs_addr_214_reg_8812  |    3|   0|   11|          8|
    |w_coeffs_addr_215_reg_8817  |    3|   0|   11|          8|
    |w_coeffs_addr_216_reg_8822  |    3|   0|   11|          8|
    |w_coeffs_addr_217_reg_8827  |    3|   0|   11|          8|
    |w_coeffs_addr_218_reg_8832  |    3|   0|   11|          8|
    |w_coeffs_addr_219_reg_8837  |    3|   0|   11|          8|
    |w_coeffs_addr_21_reg_7847   |    3|   0|   11|          8|
    |w_coeffs_addr_220_reg_8842  |    3|   0|   11|          8|
    |w_coeffs_addr_221_reg_8847  |    3|   0|   11|          8|
    |w_coeffs_addr_222_reg_8852  |    3|   0|   11|          8|
    |w_coeffs_addr_223_reg_8857  |    3|   0|   11|          8|
    |w_coeffs_addr_224_reg_8862  |    3|   0|   11|          8|
    |w_coeffs_addr_225_reg_8867  |    3|   0|   11|          8|
    |w_coeffs_addr_226_reg_8872  |    3|   0|   11|          8|
    |w_coeffs_addr_227_reg_8877  |    3|   0|   11|          8|
    |w_coeffs_addr_228_reg_8882  |    3|   0|   11|          8|
    |w_coeffs_addr_229_reg_8887  |    3|   0|   11|          8|
    |w_coeffs_addr_22_reg_7852   |    3|   0|   11|          8|
    |w_coeffs_addr_230_reg_8892  |    3|   0|   11|          8|
    |w_coeffs_addr_231_reg_8897  |    3|   0|   11|          8|
    |w_coeffs_addr_232_reg_8902  |    3|   0|   11|          8|
    |w_coeffs_addr_233_reg_8907  |    3|   0|   11|          8|
    |w_coeffs_addr_234_reg_8912  |    3|   0|   11|          8|
    |w_coeffs_addr_235_reg_8917  |    3|   0|   11|          8|
    |w_coeffs_addr_236_reg_8922  |    3|   0|   11|          8|
    |w_coeffs_addr_237_reg_8927  |    3|   0|   11|          8|
    |w_coeffs_addr_238_reg_8932  |    3|   0|   11|          8|
    |w_coeffs_addr_239_reg_8937  |    3|   0|   11|          8|
    |w_coeffs_addr_23_reg_7857   |    3|   0|   11|          8|
    |w_coeffs_addr_240_reg_8942  |    3|   0|   11|          8|
    |w_coeffs_addr_241_reg_8947  |    3|   0|   11|          8|
    |w_coeffs_addr_242_reg_8952  |    3|   0|   11|          8|
    |w_coeffs_addr_243_reg_8957  |    3|   0|   11|          8|
    |w_coeffs_addr_244_reg_8962  |    3|   0|   11|          8|
    |w_coeffs_addr_245_reg_8967  |    3|   0|   11|          8|
    |w_coeffs_addr_246_reg_8972  |    3|   0|   11|          8|
    |w_coeffs_addr_247_reg_8977  |    3|   0|   11|          8|
    |w_coeffs_addr_248_reg_8982  |    3|   0|   11|          8|
    |w_coeffs_addr_249_reg_8987  |    3|   0|   11|          8|
    |w_coeffs_addr_24_reg_7862   |    3|   0|   11|          8|
    |w_coeffs_addr_250_reg_8992  |    3|   0|   11|          8|
    |w_coeffs_addr_251_reg_8997  |    3|   0|   11|          8|
    |w_coeffs_addr_252_reg_9002  |    3|   0|   11|          8|
    |w_coeffs_addr_253_reg_9007  |    3|   0|   11|          8|
    |w_coeffs_addr_254_reg_9012  |    3|   0|   11|          8|
    |w_coeffs_addr_255_reg_9017  |    3|   0|   11|          8|
    |w_coeffs_addr_257_reg_9129  |   11|   0|   11|          0|
    |w_coeffs_addr_25_reg_7867   |    3|   0|   11|          8|
    |w_coeffs_addr_26_reg_7872   |    3|   0|   11|          8|
    |w_coeffs_addr_27_reg_7877   |    3|   0|   11|          8|
    |w_coeffs_addr_28_reg_7882   |    3|   0|   11|          8|
    |w_coeffs_addr_29_reg_7887   |    3|   0|   11|          8|
    |w_coeffs_addr_2_reg_7752    |    3|   0|   11|          8|
    |w_coeffs_addr_30_reg_7892   |    3|   0|   11|          8|
    |w_coeffs_addr_31_reg_7897   |    3|   0|   11|          8|
    |w_coeffs_addr_32_reg_7902   |    3|   0|   11|          8|
    |w_coeffs_addr_33_reg_7907   |    3|   0|   11|          8|
    |w_coeffs_addr_34_reg_7912   |    3|   0|   11|          8|
    |w_coeffs_addr_35_reg_7917   |    3|   0|   11|          8|
    |w_coeffs_addr_36_reg_7922   |    3|   0|   11|          8|
    |w_coeffs_addr_37_reg_7927   |    3|   0|   11|          8|
    |w_coeffs_addr_38_reg_7932   |    3|   0|   11|          8|
    |w_coeffs_addr_39_reg_7937   |    3|   0|   11|          8|
    |w_coeffs_addr_3_reg_7757    |    3|   0|   11|          8|
    |w_coeffs_addr_40_reg_7942   |    3|   0|   11|          8|
    |w_coeffs_addr_41_reg_7947   |    3|   0|   11|          8|
    |w_coeffs_addr_42_reg_7952   |    3|   0|   11|          8|
    |w_coeffs_addr_43_reg_7957   |    3|   0|   11|          8|
    |w_coeffs_addr_44_reg_7962   |    3|   0|   11|          8|
    |w_coeffs_addr_45_reg_7967   |    3|   0|   11|          8|
    |w_coeffs_addr_46_reg_7972   |    3|   0|   11|          8|
    |w_coeffs_addr_47_reg_7977   |    3|   0|   11|          8|
    |w_coeffs_addr_48_reg_7982   |    3|   0|   11|          8|
    |w_coeffs_addr_49_reg_7987   |    3|   0|   11|          8|
    |w_coeffs_addr_4_reg_7762    |    3|   0|   11|          8|
    |w_coeffs_addr_50_reg_7992   |    3|   0|   11|          8|
    |w_coeffs_addr_51_reg_7997   |    3|   0|   11|          8|
    |w_coeffs_addr_52_reg_8002   |    3|   0|   11|          8|
    |w_coeffs_addr_53_reg_8007   |    3|   0|   11|          8|
    |w_coeffs_addr_54_reg_8012   |    3|   0|   11|          8|
    |w_coeffs_addr_55_reg_8017   |    3|   0|   11|          8|
    |w_coeffs_addr_56_reg_8022   |    3|   0|   11|          8|
    |w_coeffs_addr_57_reg_8027   |    3|   0|   11|          8|
    |w_coeffs_addr_58_reg_8032   |    3|   0|   11|          8|
    |w_coeffs_addr_59_reg_8037   |    3|   0|   11|          8|
    |w_coeffs_addr_5_reg_7767    |    3|   0|   11|          8|
    |w_coeffs_addr_60_reg_8042   |    3|   0|   11|          8|
    |w_coeffs_addr_61_reg_8047   |    3|   0|   11|          8|
    |w_coeffs_addr_62_reg_8052   |    3|   0|   11|          8|
    |w_coeffs_addr_63_reg_8057   |    3|   0|   11|          8|
    |w_coeffs_addr_64_reg_8062   |    3|   0|   11|          8|
    |w_coeffs_addr_65_reg_8067   |    3|   0|   11|          8|
    |w_coeffs_addr_66_reg_8072   |    3|   0|   11|          8|
    |w_coeffs_addr_67_reg_8077   |    3|   0|   11|          8|
    |w_coeffs_addr_68_reg_8082   |    3|   0|   11|          8|
    |w_coeffs_addr_69_reg_8087   |    3|   0|   11|          8|
    |w_coeffs_addr_6_reg_7772    |    3|   0|   11|          8|
    |w_coeffs_addr_70_reg_8092   |    3|   0|   11|          8|
    |w_coeffs_addr_71_reg_8097   |    3|   0|   11|          8|
    |w_coeffs_addr_72_reg_8102   |    3|   0|   11|          8|
    |w_coeffs_addr_73_reg_8107   |    3|   0|   11|          8|
    |w_coeffs_addr_74_reg_8112   |    3|   0|   11|          8|
    |w_coeffs_addr_75_reg_8117   |    3|   0|   11|          8|
    |w_coeffs_addr_76_reg_8122   |    3|   0|   11|          8|
    |w_coeffs_addr_77_reg_8127   |    3|   0|   11|          8|
    |w_coeffs_addr_78_reg_8132   |    3|   0|   11|          8|
    |w_coeffs_addr_79_reg_8137   |    3|   0|   11|          8|
    |w_coeffs_addr_7_reg_7777    |    3|   0|   11|          8|
    |w_coeffs_addr_80_reg_8142   |    3|   0|   11|          8|
    |w_coeffs_addr_81_reg_8147   |    3|   0|   11|          8|
    |w_coeffs_addr_82_reg_8152   |    3|   0|   11|          8|
    |w_coeffs_addr_83_reg_8157   |    3|   0|   11|          8|
    |w_coeffs_addr_84_reg_8162   |    3|   0|   11|          8|
    |w_coeffs_addr_85_reg_8167   |    3|   0|   11|          8|
    |w_coeffs_addr_86_reg_8172   |    3|   0|   11|          8|
    |w_coeffs_addr_87_reg_8177   |    3|   0|   11|          8|
    |w_coeffs_addr_88_reg_8182   |    3|   0|   11|          8|
    |w_coeffs_addr_89_reg_8187   |    3|   0|   11|          8|
    |w_coeffs_addr_8_reg_7782    |    3|   0|   11|          8|
    |w_coeffs_addr_90_reg_8192   |    3|   0|   11|          8|
    |w_coeffs_addr_91_reg_8197   |    3|   0|   11|          8|
    |w_coeffs_addr_92_reg_8202   |    3|   0|   11|          8|
    |w_coeffs_addr_93_reg_8207   |    3|   0|   11|          8|
    |w_coeffs_addr_94_reg_8212   |    3|   0|   11|          8|
    |w_coeffs_addr_95_reg_8217   |    3|   0|   11|          8|
    |w_coeffs_addr_96_reg_8222   |    3|   0|   11|          8|
    |w_coeffs_addr_97_reg_8227   |    3|   0|   11|          8|
    |w_coeffs_addr_98_reg_8232   |    3|   0|   11|          8|
    |w_coeffs_addr_99_reg_8237   |    3|   0|   11|          8|
    |w_coeffs_addr_9_reg_7787    |    3|   0|   11|          8|
    |w_coeffs_addr_reg_7740      |    3|   0|   11|          8|
    +----------------------------+-----+----+-----+-----------+
    |Total                       | 7901|   0| 9978|       2077|
    +----------------------------+-----+----+-----+-----------+



================================================================
== Interface
================================================================
* Summary: 
+-----------------------+-----+-----+------------+----------------------+--------------+
|       RTL Ports       | Dir | Bits|  Protocol  |     Source Object    |    C Type    |
+-----------------------+-----+-----+------------+----------------------+--------------+
|ap_clk                 |  in |    1| ap_ctrl_hs | polyvecl_pointwise_a | return value |
|ap_rst                 |  in |    1| ap_ctrl_hs | polyvecl_pointwise_a | return value |
|ap_start               |  in |    1| ap_ctrl_hs | polyvecl_pointwise_a | return value |
|ap_done                | out |    1| ap_ctrl_hs | polyvecl_pointwise_a | return value |
|ap_idle                | out |    1| ap_ctrl_hs | polyvecl_pointwise_a | return value |
|ap_ready               | out |    1| ap_ctrl_hs | polyvecl_pointwise_a | return value |
|w_coeffs_address0      | out |   11|  ap_memory |       w_coeffs       |     array    |
|w_coeffs_ce0           | out |    1|  ap_memory |       w_coeffs       |     array    |
|w_coeffs_we0           | out |    1|  ap_memory |       w_coeffs       |     array    |
|w_coeffs_d0            | out |   32|  ap_memory |       w_coeffs       |     array    |
|w_coeffs_q0            |  in |   32|  ap_memory |       w_coeffs       |     array    |
|w_coeffs_address1      | out |   11|  ap_memory |       w_coeffs       |     array    |
|w_coeffs_ce1           | out |    1|  ap_memory |       w_coeffs       |     array    |
|w_coeffs_we1           | out |    1|  ap_memory |       w_coeffs       |     array    |
|w_coeffs_d1            | out |   32|  ap_memory |       w_coeffs       |     array    |
|w_coeffs_q1            |  in |   32|  ap_memory |       w_coeffs       |     array    |
|w_coeffs_offset        |  in |    3|   ap_none  |    w_coeffs_offset   |    scalar    |
|u_vec_coeffs_address0  | out |   13|  ap_memory |     u_vec_coeffs     |     array    |
|u_vec_coeffs_ce0       | out |    1|  ap_memory |     u_vec_coeffs     |     array    |
|u_vec_coeffs_q0        |  in |   23|  ap_memory |     u_vec_coeffs     |     array    |
|v_vec_coeffs_address0  | out |   10|  ap_memory |     v_vec_coeffs     |     array    |
|v_vec_coeffs_ce0       | out |    1|  ap_memory |     v_vec_coeffs     |     array    |
|v_vec_coeffs_q0        |  in |   32|  ap_memory |     v_vec_coeffs     |     array    |
+-----------------------+-----+-----+------------+----------------------+--------------+

