

================================================================
== Vivado HLS Report for 'ntt'
================================================================
* Date:           Wed Mar 27 17:16:49 2019

* Version:        2018.2 (Build 2258646 on Thu Jun 14 20:25:20 MDT 2018)
* Project:        Dilithium.prj
* Solution:       decryption
* Product family: artix7
* Target device:  xc7a200tfbg676-2


================================================================
== Performance Estimates
================================================================
+ Timing (ns): 
    * Summary: 
    +--------+-------+----------+------------+
    |  Clock | Target| Estimated| Uncertainty|
    +--------+-------+----------+------------+
    |ap_clk  |  10.00|     7.724|        1.25|
    +--------+-------+----------+------------+

+ Latency (clock cycles): 
    * Summary: 
    +-----+-----+-----+-----+---------+
    |  Latency  |  Interval | Pipeline|
    | min | max | min | max |   Type  |
    +-----+-----+-----+-----+---------+
    |    ?|    ?|    ?|    ?|   none  |
    +-----+-----+-----+-----+---------+

    + Detail: 
        * Instance: 
        N/A

        * Loop: 
        +-----------------+-----+-----+----------+-----------+-----------+------+----------+
        |                 |  Latency  | Iteration|  Initiation Interval  | Trip |          |
        |    Loop Name    | min | max |  Latency |  achieved |   target  | Count| Pipelined|
        +-----------------+-----+-----+----------+-----------+-----------+------+----------+
        |- Loop 1         |    ?|    ?|         ?|          -|          -|     8|    no    |
        | + Loop 1.1      |    ?|    ?|         ?|          -|          -|     ?|    no    |
        |  ++ Loop 1.1.1  |    ?|    ?|         9|          -|          -|     ?|    no    |
        +-----------------+-----+-----+----------+-----------+-----------+------+----------+

============================================================
+ Verbose Summary: Synthesis Manager
============================================================
InlineROM: 1
ExposeGlobal: 1
============================================================
+ Verbose Summary: CDFG Model
============================================================
IsTopModel: 0
ResetActiveHigh: 1
IsCombinational: 0
IsDatapathOnly: 0
HasWiredReturn: 1
HasMFsm: 0
HasVarLatency: 1
IsPipeline: 0
IsRtlPipelined: 0
IsInstanceOverlapped: 0
IsDontTouch: 0
HasImplIP: 0
IsGatedGlobalClock: 0


============================================================
+ Verbose Summary: Schedule
============================================================
* Number of FSM states : 13
* Pipeline : 0
* Dataflow Pipeline: 0

* FSM state transitions: 
1 --> 
	2  / true
2 --> 
	3  / (!tmp)
3 --> 
	4  / (icmp)
	2  / (!icmp)
4 --> 
	5  / true
5 --> 
	6  / (tmp_90)
	3  / (!tmp_90)
6 --> 
	7  / true
7 --> 
	8  / true
8 --> 
	9  / true
9 --> 
	10  / true
10 --> 
	11  / true
11 --> 
	12  / true
12 --> 
	13  / true
13 --> 
	5  / true

* FSM state operations: 

State 1 <SV = 0> <Delay = 1.35>
ST_1 : Operation 14 [1/1] (0.00ns)   --->   "%k = alloca i32"   --->   Operation 14 'alloca' 'k' <Predicate = true> <Delay = 0.00>
ST_1 : Operation 15 [1/1] (0.00ns)   --->   "%p_offset_read = call i3 @_ssdm_op_Read.ap_auto.i3(i3 %p_offset)"   --->   Operation 15 'read' 'p_offset_read' <Predicate = true> <Delay = 0.00>
ST_1 : Operation 16 [1/1] (0.00ns)   --->   "%tmp_s = call i11 @_ssdm_op_BitConcatenate.i11.i3.i8(i3 %p_offset_read, i8 0)"   --->   Operation 16 'bitconcatenate' 'tmp_s' <Predicate = true> <Delay = 0.00>
ST_1 : Operation 17 [1/1] (0.00ns)   --->   "%tmp_124_cast = zext i11 %tmp_s to i12" [ntt.c:27]   --->   Operation 17 'zext' 'tmp_124_cast' <Predicate = true> <Delay = 0.00>
ST_1 : Operation 18 [1/1] (1.35ns)   --->   "store i32 1, i32* %k"   --->   Operation 18 'store' <Predicate = true> <Delay = 1.35>
ST_1 : Operation 19 [1/1] (1.35ns)   --->   "br label %1" [ntt.c:27]   --->   Operation 19 'br' <Predicate = true> <Delay = 1.35>

State 2 <SV = 1> <Delay = 2.08>
ST_2 : Operation 20 [1/1] (0.00ns)   --->   "%len = phi i29 [ 128, %0 ], [ %len_1, %6 ]" [ntt.c:27]   --->   Operation 20 'phi' 'len' <Predicate = true> <Delay = 0.00>
ST_2 : Operation 21 [1/1] (0.00ns)   --->   "%len_cast_cast7 = zext i29 %len to i31" [ntt.c:27]   --->   Operation 21 'zext' 'len_cast_cast7' <Predicate = true> <Delay = 0.00>
ST_2 : Operation 22 [1/1] (2.08ns)   --->   "%tmp = icmp eq i29 %len, 0" [ntt.c:27]   --->   Operation 22 'icmp' 'tmp' <Predicate = true> <Delay = 2.08> <Core = "Cmp">   --->   Core 25 'Cmp' <Latency = 0> <II = 1> <Delay = 2.09> <FuncUnit> <Opcode : 'icmp'> <InPorts = 2> <OutPorts = 1>
ST_2 : Operation 23 [1/1] (0.00ns)   --->   "%empty = call i32 (...)* @_ssdm_op_SpecLoopTripCount(i64 8, i64 8, i64 8)"   --->   Operation 23 'speclooptripcount' 'empty' <Predicate = true> <Delay = 0.00>
ST_2 : Operation 24 [1/1] (0.00ns)   --->   "br i1 %tmp, label %7, label %.preheader.preheader" [ntt.c:27]   --->   Operation 24 'br' <Predicate = true> <Delay = 0.00>
ST_2 : Operation 25 [1/1] (1.35ns)   --->   "br label %.preheader" [ntt.c:28]   --->   Operation 25 'br' <Predicate = (!tmp)> <Delay = 1.35>
ST_2 : Operation 26 [1/1] (0.00ns)   --->   "ret void" [ntt.c:37]   --->   Operation 26 'ret' <Predicate = (tmp)> <Delay = 0.00>

State 3 <SV = 2> <Delay = 2.77>
ST_3 : Operation 27 [1/1] (0.00ns)   --->   "%j = phi i31 [ %tmp_97, %5 ], [ 0, %.preheader.preheader ]" [ntt.c:28]   --->   Operation 27 'phi' 'j' <Predicate = true> <Delay = 0.00>
ST_3 : Operation 28 [1/1] (0.00ns)   --->   "%tmp_102 = trunc i31 %j to i30" [ntt.c:28]   --->   Operation 28 'trunc' 'tmp_102' <Predicate = true> <Delay = 0.00>
ST_3 : Operation 29 [1/1] (0.00ns)   --->   "%tmp_103 = call i23 @_ssdm_op_PartSelect.i23.i31.i32.i32(i31 %j, i32 8, i32 30)" [ntt.c:28]   --->   Operation 29 'partselect' 'tmp_103' <Predicate = true> <Delay = 0.00>
ST_3 : Operation 30 [1/1] (2.03ns)   --->   "%icmp = icmp eq i23 %tmp_103, 0" [ntt.c:28]   --->   Operation 30 'icmp' 'icmp' <Predicate = true> <Delay = 2.03> <Core = "Cmp">   --->   Core 25 'Cmp' <Latency = 0> <II = 1> <Delay = 2.09> <FuncUnit> <Opcode : 'icmp'> <InPorts = 2> <OutPorts = 1>
ST_3 : Operation 31 [1/1] (0.00ns)   --->   "br i1 %icmp, label %2, label %6" [ntt.c:28]   --->   Operation 31 'br' <Predicate = true> <Delay = 0.00>
ST_3 : Operation 32 [1/1] (0.00ns)   --->   "%k_load = load i32* %k" [ntt.c:29]   --->   Operation 32 'load' 'k_load' <Predicate = (icmp)> <Delay = 0.00>
ST_3 : Operation 33 [1/1] (0.00ns)   --->   "%tmp_87 = zext i32 %k_load to i64" [ntt.c:29]   --->   Operation 33 'zext' 'tmp_87' <Predicate = (icmp)> <Delay = 0.00>
ST_3 : Operation 34 [1/1] (0.00ns)   --->   "%zetas_addr = getelementptr [256 x i23]* @zetas, i64 0, i64 %tmp_87" [ntt.c:29]   --->   Operation 34 'getelementptr' 'zetas_addr' <Predicate = (icmp)> <Delay = 0.00>
ST_3 : Operation 35 [2/2] (2.77ns)   --->   "%zeta = load i23* %zetas_addr, align 4" [ntt.c:29]   --->   Operation 35 'load' 'zeta' <Predicate = (icmp)> <Delay = 2.77> <Core = "ROM_nP">   --->   Core 48 'ROM_nP' <Latency = 1> <II = 1> <Delay = 2.77> <Storage> <Opcode : 'load'> <Ports = 0> <Width = 23> <Depth = 256> <ROM>
ST_3 : Operation 36 [1/1] (0.00ns)   --->   "%tmp_105 = call i28 @_ssdm_op_PartSelect.i28.i29.i32.i32(i29 %len, i32 1, i32 28)" [ntt.c:27]   --->   Operation 36 'partselect' 'tmp_105' <Predicate = (!icmp)> <Delay = 0.00>
ST_3 : Operation 37 [1/1] (0.00ns)   --->   "%len_1 = zext i28 %tmp_105 to i29" [ntt.c:27]   --->   Operation 37 'zext' 'len_1' <Predicate = (!icmp)> <Delay = 0.00>
ST_3 : Operation 38 [1/1] (0.00ns)   --->   "br label %1" [ntt.c:27]   --->   Operation 38 'br' <Predicate = (!icmp)> <Delay = 0.00>

State 4 <SV = 3> <Delay = 5.01>
ST_4 : Operation 39 [1/1] (2.18ns)   --->   "%k_2 = add i32 1, %k_load" [ntt.c:29]   --->   Operation 39 'add' 'k_2' <Predicate = true> <Delay = 2.18> <Core = "AddSub">   --->   Core 14 'AddSub' <Latency = 0> <II = 1> <Delay = 2.18> <FuncUnit> <Opcode : 'add' 'sub'> <InPorts = 2> <OutPorts = 1>
ST_4 : Operation 40 [1/2] (2.77ns)   --->   "%zeta = load i23* %zetas_addr, align 4" [ntt.c:29]   --->   Operation 40 'load' 'zeta' <Predicate = true> <Delay = 2.77> <Core = "ROM_nP">   --->   Core 48 'ROM_nP' <Latency = 1> <II = 1> <Delay = 2.77> <Storage> <Opcode : 'load'> <Ports = 0> <Width = 23> <Depth = 256> <ROM>
ST_4 : Operation 41 [1/1] (2.15ns)   --->   "%tmp_88 = add i31 %len_cast_cast7, %j" [ntt.c:30]   --->   Operation 41 'add' 'tmp_88' <Predicate = true> <Delay = 2.15> <Core = "AddSub">   --->   Core 14 'AddSub' <Latency = 0> <II = 1> <Delay = 2.18> <FuncUnit> <Opcode : 'add' 'sub'> <InPorts = 2> <OutPorts = 1>
ST_4 : Operation 42 [1/1] (0.00ns)   --->   "%tmp_104 = trunc i31 %tmp_88 to i30" [ntt.c:30]   --->   Operation 42 'trunc' 'tmp_104' <Predicate = true> <Delay = 0.00>
ST_4 : Operation 43 [1/1] (2.10ns)   --->   "%tmp_89 = icmp ugt i31 %j, %tmp_88" [ntt.c:28]   --->   Operation 43 'icmp' 'tmp_89' <Predicate = true> <Delay = 2.10> <Core = "Cmp">   --->   Core 25 'Cmp' <Latency = 0> <II = 1> <Delay = 2.09> <FuncUnit> <Opcode : 'icmp'> <InPorts = 2> <OutPorts = 1>
ST_4 : Operation 44 [1/1] (0.75ns)   --->   "%start = select i1 %tmp_89, i30 %tmp_102, i30 %tmp_104" [ntt.c:28]   --->   Operation 44 'select' 'start' <Predicate = true> <Delay = 0.75> <Core = "Sel">   --->   Core 26 'Sel' <Latency = 0> <II = 1> <Delay = 0.75> <FuncUnit> <Opcode : 'select'> <InPorts = 3> <OutPorts = 1>
ST_4 : Operation 45 [1/1] (0.00ns)   --->   "%start_cast = zext i30 %start to i31" [ntt.c:28]   --->   Operation 45 'zext' 'start_cast' <Predicate = true> <Delay = 0.00>
ST_4 : Operation 46 [1/1] (0.00ns)   --->   "%tmp_135_cast = zext i23 %zeta to i55" [ntt.c:30]   --->   Operation 46 'zext' 'tmp_135_cast' <Predicate = true> <Delay = 0.00>
ST_4 : Operation 47 [1/1] (1.35ns)   --->   "br label %3" [ntt.c:30]   --->   Operation 47 'br' <Predicate = true> <Delay = 1.35>

State 5 <SV = 4> <Delay = 5.94>
ST_5 : Operation 48 [1/1] (0.00ns)   --->   "%j7 = phi i30 [ %tmp_102, %2 ], [ %j_7, %4 ]"   --->   Operation 48 'phi' 'j7' <Predicate = true> <Delay = 0.00>
ST_5 : Operation 49 [1/1] (2.09ns)   --->   "%tmp_90 = icmp ult i30 %j7, %tmp_104" [ntt.c:30]   --->   Operation 49 'icmp' 'tmp_90' <Predicate = true> <Delay = 2.09> <Core = "Cmp">   --->   Core 25 'Cmp' <Latency = 0> <II = 1> <Delay = 2.09> <FuncUnit> <Opcode : 'icmp'> <InPorts = 2> <OutPorts = 1>
ST_5 : Operation 50 [1/1] (0.00ns)   --->   "br i1 %tmp_90, label %4, label %5" [ntt.c:30]   --->   Operation 50 'br' <Predicate = true> <Delay = 0.00>
ST_5 : Operation 51 [1/1] (0.00ns)   --->   "%tmp_106 = trunc i30 %j7 to i12" [ntt.c:31]   --->   Operation 51 'trunc' 'tmp_106' <Predicate = (tmp_90)> <Delay = 0.00>
ST_5 : Operation 52 [1/1] (0.00ns)   --->   "%tmp_107 = trunc i29 %len to i12" [ntt.c:31]   --->   Operation 52 'trunc' 'tmp_107' <Predicate = (tmp_90)> <Delay = 0.00>
ST_5 : Operation 53 [1/1] (0.00ns) (grouped into TernaryAdder)   --->   "%tmp_108 = add i12 %tmp_107, %tmp_106" [ntt.c:31]   --->   Operation 53 'add' 'tmp_108' <Predicate = (tmp_90)> <Delay = 0.00> <Core = "TAddSub">   --->   Core 80 'TAddSub' <Latency = 0> <II = 1> <Delay = 1.58> <IPBlock> <Opcode : 'add' 'sub'> <InPorts = 3> <OutPorts = 1> <Sync> <CReg>
ST_5 : Operation 54 [1/1] (3.16ns) (root node of TernaryAdder)   --->   "%tmp_93 = add i12 %tmp_124_cast, %tmp_108" [ntt.c:31]   --->   Operation 54 'add' 'tmp_93' <Predicate = (tmp_90)> <Delay = 3.16> <Core = "TAddSub">   --->   Core 80 'TAddSub' <Latency = 0> <II = 1> <Delay = 1.58> <IPBlock> <Opcode : 'add' 'sub'> <InPorts = 3> <OutPorts = 1> <Sync> <CReg>
ST_5 : Operation 55 [1/1] (0.00ns)   --->   "%tmp_126_cast = zext i12 %tmp_93 to i64" [ntt.c:31]   --->   Operation 55 'zext' 'tmp_126_cast' <Predicate = (tmp_90)> <Delay = 0.00>
ST_5 : Operation 56 [1/1] (0.00ns)   --->   "%p_addr11 = getelementptr [1280 x i32]* %p, i64 0, i64 %tmp_126_cast" [ntt.c:31]   --->   Operation 56 'getelementptr' 'p_addr11' <Predicate = (tmp_90)> <Delay = 0.00>
ST_5 : Operation 57 [2/2] (2.77ns)   --->   "%p_load = load i32* %p_addr11, align 4" [ntt.c:31]   --->   Operation 57 'load' 'p_load' <Predicate = (tmp_90)> <Delay = 2.77> <Core = "RAM">   --->   Core 37 'RAM' <Latency = 1> <II = 1> <Delay = 2.77> <Storage> <Opcode : 'load' 'store'> <Ports = 2> <Width = 32> <Depth = 1280> <RAM>
ST_5 : Operation 58 [1/1] (0.00ns)   --->   "%tmp_110 = trunc i30 %j7 to i12" [ntt.c:32]   --->   Operation 58 'trunc' 'tmp_110' <Predicate = (tmp_90)> <Delay = 0.00>
ST_5 : Operation 59 [1/1] (1.77ns)   --->   "%tmp_99 = add i12 %tmp_124_cast, %tmp_110" [ntt.c:32]   --->   Operation 59 'add' 'tmp_99' <Predicate = (tmp_90)> <Delay = 1.77> <Core = "AddSub">   --->   Core 14 'AddSub' <Latency = 0> <II = 1> <Delay = 2.18> <FuncUnit> <Opcode : 'add' 'sub'> <InPorts = 2> <OutPorts = 1>
ST_5 : Operation 60 [1/1] (0.00ns)   --->   "%tmp_128_cast = zext i12 %tmp_99 to i64" [ntt.c:32]   --->   Operation 60 'zext' 'tmp_128_cast' <Predicate = (tmp_90)> <Delay = 0.00>
ST_5 : Operation 61 [1/1] (0.00ns)   --->   "%p_addr = getelementptr [1280 x i32]* %p, i64 0, i64 %tmp_128_cast" [ntt.c:32]   --->   Operation 61 'getelementptr' 'p_addr' <Predicate = (tmp_90)> <Delay = 0.00>
ST_5 : Operation 62 [1/1] (2.13ns)   --->   "%j_7 = add i30 1, %j7" [ntt.c:30]   --->   Operation 62 'add' 'j_7' <Predicate = (tmp_90)> <Delay = 2.13> <Core = "AddSub">   --->   Core 14 'AddSub' <Latency = 0> <II = 1> <Delay = 2.18> <FuncUnit> <Opcode : 'add' 'sub'> <InPorts = 2> <OutPorts = 1>
ST_5 : Operation 63 [1/1] (2.13ns)   --->   "%tmp_97 = add i31 %len_cast_cast7, %start_cast" [ntt.c:28]   --->   Operation 63 'add' 'tmp_97' <Predicate = (!tmp_90)> <Delay = 2.13> <Core = "AddSub">   --->   Core 14 'AddSub' <Latency = 0> <II = 1> <Delay = 2.18> <FuncUnit> <Opcode : 'add' 'sub'> <InPorts = 2> <OutPorts = 1>
ST_5 : Operation 64 [1/1] (1.35ns)   --->   "store i32 %k_2, i32* %k" [ntt.c:29]   --->   Operation 64 'store' <Predicate = (!tmp_90)> <Delay = 1.35>
ST_5 : Operation 65 [1/1] (0.00ns)   --->   "br label %.preheader" [ntt.c:28]   --->   Operation 65 'br' <Predicate = (!tmp_90)> <Delay = 0.00>

State 6 <SV = 5> <Delay = 2.77>
ST_6 : Operation 66 [1/2] (2.77ns)   --->   "%p_load = load i32* %p_addr11, align 4" [ntt.c:31]   --->   Operation 66 'load' 'p_load' <Predicate = true> <Delay = 2.77> <Core = "RAM">   --->   Core 37 'RAM' <Latency = 1> <II = 1> <Delay = 2.77> <Storage> <Opcode : 'load' 'store'> <Ports = 2> <Width = 32> <Depth = 1280> <RAM>

State 7 <SV = 6> <Delay = 6.88>
ST_7 : Operation 67 [1/1] (0.00ns)   --->   "%tmp_139_cast = zext i32 %p_load to i55" [ntt.c:31]   --->   Operation 67 'zext' 'tmp_139_cast' <Predicate = true> <Delay = 0.00>
ST_7 : Operation 68 [1/1] (6.88ns)   --->   "%a_assign = mul i55 %tmp_135_cast, %tmp_139_cast" [ntt.c:31]   --->   Operation 68 'mul' 'a_assign' <Predicate = true> <Delay = 6.88> <Core = "Mul">   --->   Core 16 'Mul' <Latency = 0> <II = 1> <Delay = 6.88> <FuncUnit> <Opcode : 'mul'> <InPorts = 2> <OutPorts = 1>
ST_7 : Operation 69 [1/1] (0.00ns)   --->   "%tmp_109 = trunc i55 %a_assign to i32" [reduce.c:19->ntt.c:31]   --->   Operation 69 'trunc' 'tmp_109' <Predicate = true> <Delay = 0.00>

State 8 <SV = 7> <Delay = 6.88>
ST_8 : Operation 70 [1/1] (6.88ns)   --->   "%t = mul i32 -58728449, %tmp_109" [reduce.c:19->ntt.c:31]   --->   Operation 70 'mul' 't' <Predicate = true> <Delay = 6.88> <Core = "Mul">   --->   Core 16 'Mul' <Latency = 0> <II = 1> <Delay = 6.88> <FuncUnit> <Opcode : 'mul'> <InPorts = 2> <OutPorts = 1>

State 9 <SV = 8> <Delay = 6.88>
ST_9 : Operation 71 [1/1] (0.00ns)   --->   "%t_22_cast = zext i32 %t to i55" [reduce.c:20->ntt.c:31]   --->   Operation 71 'zext' 't_22_cast' <Predicate = true> <Delay = 0.00>
ST_9 : Operation 72 [1/1] (6.88ns)   --->   "%t_16 = mul i55 8380417, %t_22_cast" [reduce.c:21->ntt.c:31]   --->   Operation 72 'mul' 't_16' <Predicate = true> <Delay = 6.88> <Core = "Mul">   --->   Core 16 'Mul' <Latency = 0> <II = 1> <Delay = 6.88> <FuncUnit> <Opcode : 'mul'> <InPorts = 2> <OutPorts = 1>

State 10 <SV = 9> <Delay = 2.77>
ST_10 : Operation 73 [1/1] (0.00ns)   --->   "%a_assign_cast1 = zext i55 %a_assign to i56" [ntt.c:31]   --->   Operation 73 'zext' 'a_assign_cast1' <Predicate = true> <Delay = 0.00>
ST_10 : Operation 74 [1/1] (0.00ns)   --->   "%t_23_cast = zext i55 %t_16 to i56" [reduce.c:21->ntt.c:31]   --->   Operation 74 'zext' 't_23_cast' <Predicate = true> <Delay = 0.00>
ST_10 : Operation 75 [1/1] (2.77ns)   --->   "%t_17 = add i56 %a_assign_cast1, %t_23_cast" [reduce.c:22->ntt.c:31]   --->   Operation 75 'add' 't_17' <Predicate = true> <Delay = 2.77> <Core = "AddSub">   --->   Core 14 'AddSub' <Latency = 0> <II = 1> <Delay = 2.18> <FuncUnit> <Opcode : 'add' 'sub'> <InPorts = 2> <OutPorts = 1>
ST_10 : Operation 76 [1/1] (0.00ns)   --->   "%tmp_98 = call i24 @_ssdm_op_PartSelect.i24.i56.i32.i32(i56 %t_17, i32 32, i32 55)" [reduce.c:23->ntt.c:31]   --->   Operation 76 'partselect' 'tmp_98' <Predicate = true> <Delay = 0.00>
ST_10 : Operation 77 [2/2] (2.77ns)   --->   "%p_load_1 = load i32* %p_addr, align 4" [ntt.c:32]   --->   Operation 77 'load' 'p_load_1' <Predicate = true> <Delay = 2.77> <Core = "RAM">   --->   Core 37 'RAM' <Latency = 1> <II = 1> <Delay = 2.77> <Storage> <Opcode : 'load' 'store'> <Ports = 2> <Width = 32> <Depth = 1280> <RAM>

State 11 <SV = 10> <Delay = 7.72>
ST_11 : Operation 78 [1/2] (2.77ns)   --->   "%p_load_1 = load i32* %p_addr, align 4" [ntt.c:32]   --->   Operation 78 'load' 'p_load_1' <Predicate = true> <Delay = 2.77> <Core = "RAM">   --->   Core 37 'RAM' <Latency = 1> <II = 1> <Delay = 2.77> <Storage> <Opcode : 'load' 'store'> <Ports = 2> <Width = 32> <Depth = 1280> <RAM>
ST_11 : Operation 79 [1/1] (2.01ns)   --->   "%tmp_94 = sub i24 -16382, %tmp_98" [ntt.c:32]   --->   Operation 79 'sub' 'tmp_94' <Predicate = true> <Delay = 2.01> <Core = "AddSub">   --->   Core 14 'AddSub' <Latency = 0> <II = 1> <Delay = 2.18> <FuncUnit> <Opcode : 'add' 'sub'> <InPorts = 2> <OutPorts = 1>
ST_11 : Operation 80 [1/1] (0.00ns)   --->   "%tmp_142_cast = zext i24 %tmp_94 to i32" [ntt.c:32]   --->   Operation 80 'zext' 'tmp_142_cast' <Predicate = true> <Delay = 0.00>
ST_11 : Operation 81 [1/1] (2.18ns)   --->   "%tmp_95 = add i32 %tmp_142_cast, %p_load_1" [ntt.c:32]   --->   Operation 81 'add' 'tmp_95' <Predicate = true> <Delay = 2.18> <Core = "AddSub">   --->   Core 14 'AddSub' <Latency = 0> <II = 1> <Delay = 2.18> <FuncUnit> <Opcode : 'add' 'sub'> <InPorts = 2> <OutPorts = 1>
ST_11 : Operation 82 [1/1] (2.77ns)   --->   "store i32 %tmp_95, i32* %p_addr11, align 4" [ntt.c:32]   --->   Operation 82 'store' <Predicate = true> <Delay = 2.77> <Core = "RAM">   --->   Core 37 'RAM' <Latency = 1> <II = 1> <Delay = 2.77> <Storage> <Opcode : 'load' 'store'> <Ports = 2> <Width = 32> <Depth = 1280> <RAM>

State 12 <SV = 11> <Delay = 2.77>
ST_12 : Operation 83 [2/2] (2.77ns)   --->   "%p_load_2 = load i32* %p_addr, align 4" [ntt.c:33]   --->   Operation 83 'load' 'p_load_2' <Predicate = true> <Delay = 2.77> <Core = "RAM">   --->   Core 37 'RAM' <Latency = 1> <II = 1> <Delay = 2.77> <Storage> <Opcode : 'load' 'store'> <Ports = 2> <Width = 32> <Depth = 1280> <RAM>

State 13 <SV = 12> <Delay = 7.72>
ST_13 : Operation 84 [1/1] (0.00ns)   --->   "%t_18 = zext i24 %tmp_98 to i32" [reduce.c:23->ntt.c:31]   --->   Operation 84 'zext' 't_18' <Predicate = true> <Delay = 0.00>
ST_13 : Operation 85 [1/2] (2.77ns)   --->   "%p_load_2 = load i32* %p_addr, align 4" [ntt.c:33]   --->   Operation 85 'load' 'p_load_2' <Predicate = true> <Delay = 2.77> <Core = "RAM">   --->   Core 37 'RAM' <Latency = 1> <II = 1> <Delay = 2.77> <Storage> <Opcode : 'load' 'store'> <Ports = 2> <Width = 32> <Depth = 1280> <RAM>
ST_13 : Operation 86 [1/1] (2.18ns)   --->   "%tmp_96 = add i32 %t_18, %p_load_2" [ntt.c:33]   --->   Operation 86 'add' 'tmp_96' <Predicate = true> <Delay = 2.18> <Core = "AddSub">   --->   Core 14 'AddSub' <Latency = 0> <II = 1> <Delay = 2.18> <FuncUnit> <Opcode : 'add' 'sub'> <InPorts = 2> <OutPorts = 1>
ST_13 : Operation 87 [1/1] (2.77ns)   --->   "store i32 %tmp_96, i32* %p_addr, align 4" [ntt.c:33]   --->   Operation 87 'store' <Predicate = true> <Delay = 2.77> <Core = "RAM">   --->   Core 37 'RAM' <Latency = 1> <II = 1> <Delay = 2.77> <Storage> <Opcode : 'load' 'store'> <Ports = 2> <Width = 32> <Depth = 1280> <RAM>
ST_13 : Operation 88 [1/1] (0.00ns)   --->   "br label %3" [ntt.c:30]   --->   Operation 88 'br' <Predicate = true> <Delay = 0.00>


============================================================
+ Verbose Summary: Binding
============================================================
STG Binding: 
---------------- STG Properties BEGIN ----------------
- Is combinational: 0
- Is one-state seq: 0
- Is datapath-only: 0
- Is pipelined: 0
- Is top level: 0
Port [ Return ] is wired: 1; IO mode=ap_ctrl_hs:ce=0
Port [ p]:  wired=1; compound=1; hidden=0; nouse=0; global=0; static=0; extern=0; dir=2; type=1; pingpong=0; private_global=0; MemPort=[23]; IO mode=ap_memory:ce=0
Port [ p_offset]:  wired=1; compound=0; hidden=0; nouse=0; global=0; static=0; extern=0; dir=0; type=0; pingpong=0; private_global=0; IO mode=ap_none:ce=0
Port [ zetas]:  wired=0; compound=1; hidden=1; nouse=0; global=1; static=1; extern=0; dir=0; type=1; pingpong=0; private_global=0; linkage=7; visibility=0; MemPort=[1]; IO mode=ap_memory:ce=0
---------------- STG Properties END ------------------

---------------- Datapath Model BEGIN ----------------

<LifeTime>
<method=bitvector/>
k              (alloca           ) [ 01111111111111]
p_offset_read  (read             ) [ 00000000000000]
tmp_s          (bitconcatenate   ) [ 00000000000000]
tmp_124_cast   (zext             ) [ 00111111111111]
StgValue_18    (store            ) [ 00000000000000]
StgValue_19    (br               ) [ 01111111111111]
len            (phi              ) [ 00111111111111]
len_cast_cast7 (zext             ) [ 00011111111111]
tmp            (icmp             ) [ 00111111111111]
empty          (speclooptripcount) [ 00000000000000]
StgValue_24    (br               ) [ 00000000000000]
StgValue_25    (br               ) [ 00111111111111]
StgValue_26    (ret              ) [ 00000000000000]
j              (phi              ) [ 00011000000000]
tmp_102        (trunc            ) [ 00001111111111]
tmp_103        (partselect       ) [ 00000000000000]
icmp           (icmp             ) [ 00111111111111]
StgValue_31    (br               ) [ 00000000000000]
k_load         (load             ) [ 00001000000000]
tmp_87         (zext             ) [ 00000000000000]
zetas_addr     (getelementptr    ) [ 00001000000000]
tmp_105        (partselect       ) [ 00000000000000]
len_1          (zext             ) [ 01111111111111]
StgValue_38    (br               ) [ 01111111111111]
k_2            (add              ) [ 00000111111111]
zeta           (load             ) [ 00000000000000]
tmp_88         (add              ) [ 00000000000000]
tmp_104        (trunc            ) [ 00000111111111]
tmp_89         (icmp             ) [ 00000000000000]
start          (select           ) [ 00000000000000]
start_cast     (zext             ) [ 00000111111111]
tmp_135_cast   (zext             ) [ 00000111111111]
StgValue_47    (br               ) [ 00111111111111]
j7             (phi              ) [ 00000100000000]
tmp_90         (icmp             ) [ 00111111111111]
StgValue_50    (br               ) [ 00000000000000]
tmp_106        (trunc            ) [ 00000000000000]
tmp_107        (trunc            ) [ 00000000000000]
tmp_108        (add              ) [ 00000000000000]
tmp_93         (add              ) [ 00000000000000]
tmp_126_cast   (zext             ) [ 00000000000000]
p_addr11       (getelementptr    ) [ 00000011111100]
tmp_110        (trunc            ) [ 00000000000000]
tmp_99         (add              ) [ 00000000000000]
tmp_128_cast   (zext             ) [ 00000000000000]
p_addr         (getelementptr    ) [ 00000011111111]
j_7            (add              ) [ 00111111111111]
tmp_97         (add              ) [ 00111111111111]
StgValue_64    (store            ) [ 00000000000000]
StgValue_65    (br               ) [ 00111111111111]
p_load         (load             ) [ 00000001000000]
tmp_139_cast   (zext             ) [ 00000000000000]
a_assign       (mul              ) [ 00000000111000]
tmp_109        (trunc            ) [ 00000000100000]
t              (mul              ) [ 00000000010000]
t_22_cast      (zext             ) [ 00000000000000]
t_16           (mul              ) [ 00000000001000]
a_assign_cast1 (zext             ) [ 00000000000000]
t_23_cast      (zext             ) [ 00000000000000]
t_17           (add              ) [ 00000000000000]
tmp_98         (partselect       ) [ 00000000000111]
p_load_1       (load             ) [ 00000000000000]
tmp_94         (sub              ) [ 00000000000000]
tmp_142_cast   (zext             ) [ 00000000000000]
tmp_95         (add              ) [ 00000000000000]
StgValue_82    (store            ) [ 00000000000000]
t_18           (zext             ) [ 00000000000000]
p_load_2       (load             ) [ 00000000000000]
tmp_96         (add              ) [ 00000000000000]
StgValue_87    (store            ) [ 00000000000000]
StgValue_88    (br               ) [ 00111111111111]
</LifeTime>

<model>

<comp_list>
<comp id="0" class="1000" name="p">
<pin_list>
<pin id="1" dir="1" index="0" bw="1" slack="0"/>
</pin_list>
<bind>
<StgValue><ssdm name="p"/><MemPortTyVec>2 3 </MemPortTyVec>
</StgValue>
</bind>
</comp>

<comp id="2" class="1000" name="p_offset">
<pin_list>
<pin id="3" dir="1" index="0" bw="1" slack="0"/>
</pin_list>
<bind>
<StgValue><ssdm name="p_offset"/></StgValue>
</bind>
</comp>

<comp id="4" class="1000" name="zetas">
<pin_list>
<pin id="5" dir="1" index="0" bw="1" slack="0"/>
</pin_list>
<bind>
<StgValue><ssdm name="zetas"/><MemPortTyVec>1 </MemPortTyVec>
</StgValue>
</bind>
</comp>

<comp id="6" class="1001" name="const_6">
<pin_list>
<pin id="7" dir="1" index="0" bw="1" slack="0"/>
</pin_list>
<bind>
<StgValue><ssdm name=""/></StgValue>
</bind>
</comp>

<comp id="8" class="1001" name="const_8">
<pin_list>
<pin id="9" dir="1" index="0" bw="1" slack="0"/>
</pin_list>
<bind>
<StgValue><ssdm name="_ssdm_op_Read.ap_auto.i3"/></StgValue>
</bind>
</comp>

<comp id="10" class="1001" name="const_10">
<pin_list>
<pin id="11" dir="1" index="0" bw="1" slack="0"/>
</pin_list>
<bind>
<StgValue><ssdm name="_ssdm_op_BitConcatenate.i11.i3.i8"/></StgValue>
</bind>
</comp>

<comp id="12" class="1001" name="const_12">
<pin_list>
<pin id="13" dir="1" index="0" bw="1" slack="0"/>
</pin_list>
<bind>
<StgValue><ssdm name=""/></StgValue>
</bind>
</comp>

<comp id="14" class="1001" name="const_14">
<pin_list>
<pin id="15" dir="1" index="0" bw="1" slack="1"/>
</pin_list>
<bind>
<StgValue><ssdm name=""/></StgValue>
</bind>
</comp>

<comp id="16" class="1001" name="const_16">
<pin_list>
<pin id="17" dir="1" index="0" bw="1" slack="0"/>
</pin_list>
<bind>
<StgValue><ssdm name=""/></StgValue>
</bind>
</comp>

<comp id="18" class="1001" name="const_18">
<pin_list>
<pin id="19" dir="1" index="0" bw="1" slack="2147483647"/>
</pin_list>
<bind>
<StgValue><ssdm name="_ssdm_op_SpecLoopTripCount"/></StgValue>
</bind>
</comp>

<comp id="20" class="1001" name="const_20">
<pin_list>
<pin id="21" dir="1" index="0" bw="1" slack="2147483647"/>
</pin_list>
<bind>
<StgValue><ssdm name=""/></StgValue>
</bind>
</comp>

<comp id="22" class="1001" name="const_22">
<pin_list>
<pin id="23" dir="1" index="0" bw="1" slack="1"/>
</pin_list>
<bind>
<StgValue><ssdm name=""/></StgValue>
</bind>
</comp>

<comp id="24" class="1001" name="const_24">
<pin_list>
<pin id="25" dir="1" index="0" bw="1" slack="0"/>
</pin_list>
<bind>
<StgValue><ssdm name="_ssdm_op_PartSelect.i23.i31.i32.i32"/></StgValue>
</bind>
</comp>

<comp id="26" class="1001" name="const_26">
<pin_list>
<pin id="27" dir="1" index="0" bw="1" slack="0"/>
</pin_list>
<bind>
<StgValue><ssdm name=""/></StgValue>
</bind>
</comp>

<comp id="28" class="1001" name="const_28">
<pin_list>
<pin id="29" dir="1" index="0" bw="1" slack="0"/>
</pin_list>
<bind>
<StgValue><ssdm name=""/></StgValue>
</bind>
</comp>

<comp id="30" class="1001" name="const_30">
<pin_list>
<pin id="31" dir="1" index="0" bw="1" slack="0"/>
</pin_list>
<bind>
<StgValue><ssdm name=""/></StgValue>
</bind>
</comp>

<comp id="32" class="1001" name="const_32">
<pin_list>
<pin id="33" dir="1" index="0" bw="1" slack="0"/>
</pin_list>
<bind>
<StgValue><ssdm name=""/></StgValue>
</bind>
</comp>

<comp id="34" class="1001" name="const_34">
<pin_list>
<pin id="35" dir="1" index="0" bw="1" slack="0"/>
</pin_list>
<bind>
<StgValue><ssdm name="_ssdm_op_PartSelect.i28.i29.i32.i32"/></StgValue>
</bind>
</comp>

<comp id="36" class="1001" name="const_36">
<pin_list>
<pin id="37" dir="1" index="0" bw="1" slack="0"/>
</pin_list>
<bind>
<StgValue><ssdm name=""/></StgValue>
</bind>
</comp>

<comp id="38" class="1001" name="const_38">
<pin_list>
<pin id="39" dir="1" index="0" bw="1" slack="0"/>
</pin_list>
<bind>
<StgValue><ssdm name=""/></StgValue>
</bind>
</comp>

<comp id="40" class="1001" name="const_40">
<pin_list>
<pin id="41" dir="1" index="0" bw="1" slack="0"/>
</pin_list>
<bind>
<StgValue><ssdm name=""/></StgValue>
</bind>
</comp>

<comp id="42" class="1001" name="const_42">
<pin_list>
<pin id="43" dir="1" index="0" bw="1" slack="0"/>
</pin_list>
<bind>
<StgValue><ssdm name=""/></StgValue>
</bind>
</comp>

<comp id="44" class="1001" name="const_44">
<pin_list>
<pin id="45" dir="1" index="0" bw="1" slack="0"/>
</pin_list>
<bind>
<StgValue><ssdm name="_ssdm_op_PartSelect.i24.i56.i32.i32"/></StgValue>
</bind>
</comp>

<comp id="46" class="1001" name="const_46">
<pin_list>
<pin id="47" dir="1" index="0" bw="1" slack="0"/>
</pin_list>
<bind>
<StgValue><ssdm name=""/></StgValue>
</bind>
</comp>

<comp id="48" class="1001" name="const_48">
<pin_list>
<pin id="49" dir="1" index="0" bw="1" slack="0"/>
</pin_list>
<bind>
<StgValue><ssdm name=""/></StgValue>
</bind>
</comp>

<comp id="50" class="1001" name="const_50">
<pin_list>
<pin id="51" dir="1" index="0" bw="1" slack="0"/>
</pin_list>
<bind>
<StgValue><ssdm name=""/></StgValue>
</bind>
</comp>

<comp id="52" class="1004" name="k_fu_52">
<pin_list>
<pin id="53" dir="0" index="0" bw="1" slack="0"/>
<pin id="54" dir="1" index="1" bw="32" slack="0"/>
</pin_list>
<bind>
<opcode="alloca(26) " fcode="alloca"/>
<opset="k/1 "/>
</bind>
</comp>

<comp id="56" class="1004" name="p_offset_read_read_fu_56">
<pin_list>
<pin id="57" dir="0" index="0" bw="3" slack="0"/>
<pin id="58" dir="0" index="1" bw="3" slack="0"/>
<pin id="59" dir="1" index="2" bw="3" slack="0"/>
</pin_list>
<bind>
<opcode="read(1150) " fcode="read"/>
<opset="p_offset_read/1 "/>
</bind>
</comp>

<comp id="62" class="1004" name="zetas_addr_gep_fu_62">
<pin_list>
<pin id="63" dir="0" index="0" bw="23" slack="0"/>
<pin id="64" dir="0" index="1" bw="1" slack="0"/>
<pin id="65" dir="0" index="2" bw="32" slack="0"/>
<pin id="66" dir="1" index="3" bw="8" slack="0"/>
</pin_list>
<bind>
<opcode="getelementptr(29) " fcode="getelementptr"/>
<opset="zetas_addr/3 "/>
</bind>
</comp>

<comp id="69" class="1004" name="grp_access_fu_69">
<pin_list>
<pin id="70" dir="0" index="0" bw="8" slack="0"/>
<pin id="71" dir="0" index="1" bw="23" slack="2147483647"/>
<pin id="72" dir="0" index="2" bw="0" slack="2147483647"/>
<pin id="73" dir="1" index="3" bw="23" slack="0"/>
</pin_list>
<bind>
<opcode="load(27) " fcode="load"/>
<opset="zeta/3 "/>
</bind>
</comp>

<comp id="75" class="1004" name="p_addr11_gep_fu_75">
<pin_list>
<pin id="76" dir="0" index="0" bw="32" slack="0"/>
<pin id="77" dir="0" index="1" bw="1" slack="0"/>
<pin id="78" dir="0" index="2" bw="12" slack="0"/>
<pin id="79" dir="1" index="3" bw="11" slack="0"/>
</pin_list>
<bind>
<opcode="getelementptr(29) " fcode="getelementptr"/>
<opset="p_addr11/5 "/>
</bind>
</comp>

<comp id="82" class="1004" name="grp_access_fu_82">
<pin_list>
<pin id="83" dir="0" index="0" bw="11" slack="0"/>
<pin id="84" dir="0" index="1" bw="32" slack="0"/>
<pin id="85" dir="0" index="2" bw="0" slack="2147483647"/>
<pin id="86" dir="1" index="3" bw="32" slack="0"/>
</pin_list>
<bind>
<opcode="load(27) store(28) " fcode="store"/>
<opset="p_load/5 p_load_1/10 StgValue_82/11 p_load_2/12 StgValue_87/13 "/>
</bind>
</comp>

<comp id="88" class="1004" name="p_addr_gep_fu_88">
<pin_list>
<pin id="89" dir="0" index="0" bw="32" slack="0"/>
<pin id="90" dir="0" index="1" bw="1" slack="0"/>
<pin id="91" dir="0" index="2" bw="12" slack="0"/>
<pin id="92" dir="1" index="3" bw="11" slack="5"/>
</pin_list>
<bind>
<opcode="getelementptr(29) " fcode="getelementptr"/>
<opset="p_addr/5 "/>
</bind>
</comp>

<comp id="95" class="1005" name="len_reg_95">
<pin_list>
<pin id="96" dir="0" index="0" bw="29" slack="1"/>
<pin id="97" dir="1" index="1" bw="29" slack="1"/>
</pin_list>
<bind>
<opset="len (phireg) "/>
</bind>
</comp>

<comp id="99" class="1004" name="len_phi_fu_99">
<pin_list>
<pin id="100" dir="0" index="0" bw="9" slack="1"/>
<pin id="101" dir="0" index="1" bw="0" slack="2147483647"/>
<pin id="102" dir="0" index="2" bw="28" slack="1"/>
<pin id="103" dir="0" index="3" bw="0" slack="2147483647"/>
<pin id="104" dir="1" index="4" bw="29" slack="0"/>
</pin_list>
<bind>
<opcode="phi(47) " fcode="phi"/>
<opset="len/2 "/>
</bind>
</comp>

<comp id="107" class="1005" name="j_reg_107">
<pin_list>
<pin id="108" dir="0" index="0" bw="31" slack="1"/>
<pin id="109" dir="1" index="1" bw="31" slack="1"/>
</pin_list>
<bind>
<opset="j (phireg) "/>
</bind>
</comp>

<comp id="111" class="1004" name="j_phi_fu_111">
<pin_list>
<pin id="112" dir="0" index="0" bw="31" slack="1"/>
<pin id="113" dir="0" index="1" bw="0" slack="2147483647"/>
<pin id="114" dir="0" index="2" bw="1" slack="1"/>
<pin id="115" dir="0" index="3" bw="0" slack="2147483647"/>
<pin id="116" dir="1" index="4" bw="31" slack="0"/>
</pin_list>
<bind>
<opcode="phi(47) " fcode="phi"/>
<opset="j/3 "/>
</bind>
</comp>

<comp id="119" class="1005" name="j7_reg_119">
<pin_list>
<pin id="120" dir="0" index="0" bw="30" slack="2147483647"/>
<pin id="121" dir="1" index="1" bw="30" slack="2147483647"/>
</pin_list>
<bind>
<opset="j7 (phireg) "/>
</bind>
</comp>

<comp id="122" class="1004" name="j7_phi_fu_122">
<pin_list>
<pin id="123" dir="0" index="0" bw="30" slack="2"/>
<pin id="124" dir="0" index="1" bw="0" slack="2147483647"/>
<pin id="125" dir="0" index="2" bw="30" slack="0"/>
<pin id="126" dir="0" index="3" bw="0" slack="2147483647"/>
<pin id="127" dir="1" index="4" bw="30" slack="0"/>
</pin_list>
<bind>
<opcode="phi(47) " fcode="phi"/>
<opset="j7/5 "/>
</bind>
</comp>

<comp id="128" class="1004" name="tmp_s_fu_128">
<pin_list>
<pin id="129" dir="0" index="0" bw="11" slack="0"/>
<pin id="130" dir="0" index="1" bw="3" slack="0"/>
<pin id="131" dir="0" index="2" bw="1" slack="0"/>
<pin id="132" dir="1" index="3" bw="11" slack="0"/>
</pin_list>
<bind>
<opcode="bitconcatenate(1004) " fcode="bitconcatenate"/>
<opset="tmp_s/1 "/>
</bind>
</comp>

<comp id="136" class="1004" name="tmp_124_cast_fu_136">
<pin_list>
<pin id="137" dir="0" index="0" bw="11" slack="0"/>
<pin id="138" dir="1" index="1" bw="12" slack="4"/>
</pin_list>
<bind>
<opcode="zext(34) " fcode="zext"/>
<opset="tmp_124_cast/1 "/>
</bind>
</comp>

<comp id="140" class="1004" name="StgValue_18_store_fu_140">
<pin_list>
<pin id="141" dir="0" index="0" bw="1" slack="0"/>
<pin id="142" dir="0" index="1" bw="32" slack="0"/>
<pin id="143" dir="1" index="2" bw="0" slack="2147483647"/>
</pin_list>
<bind>
<opcode="store(28) " fcode="store"/>
<opset="StgValue_18/1 "/>
</bind>
</comp>

<comp id="145" class="1004" name="len_cast_cast7_fu_145">
<pin_list>
<pin id="146" dir="0" index="0" bw="29" slack="0"/>
<pin id="147" dir="1" index="1" bw="31" slack="2"/>
</pin_list>
<bind>
<opcode="zext(34) " fcode="zext"/>
<opset="len_cast_cast7/2 "/>
</bind>
</comp>

<comp id="149" class="1004" name="tmp_fu_149">
<pin_list>
<pin id="150" dir="0" index="0" bw="29" slack="0"/>
<pin id="151" dir="0" index="1" bw="1" slack="0"/>
<pin id="152" dir="1" index="2" bw="1" slack="2147483647"/>
</pin_list>
<bind>
<opcode="icmp(45) " fcode="icmp"/>
<opset="tmp/2 "/>
</bind>
</comp>

<comp id="155" class="1004" name="tmp_102_fu_155">
<pin_list>
<pin id="156" dir="0" index="0" bw="31" slack="0"/>
<pin id="157" dir="1" index="1" bw="30" slack="1"/>
</pin_list>
<bind>
<opcode="trunc(33) " fcode="trunc"/>
<opset="tmp_102/3 "/>
</bind>
</comp>

<comp id="159" class="1004" name="tmp_103_fu_159">
<pin_list>
<pin id="160" dir="0" index="0" bw="23" slack="0"/>
<pin id="161" dir="0" index="1" bw="31" slack="0"/>
<pin id="162" dir="0" index="2" bw="5" slack="0"/>
<pin id="163" dir="0" index="3" bw="6" slack="0"/>
<pin id="164" dir="1" index="4" bw="23" slack="0"/>
</pin_list>
<bind>
<opcode="partselect(1002) " fcode="partselect"/>
<opset="tmp_103/3 "/>
</bind>
</comp>

<comp id="169" class="1004" name="icmp_fu_169">
<pin_list>
<pin id="170" dir="0" index="0" bw="23" slack="0"/>
<pin id="171" dir="0" index="1" bw="1" slack="0"/>
<pin id="172" dir="1" index="2" bw="1" slack="2147483647"/>
</pin_list>
<bind>
<opcode="icmp(45) " fcode="icmp"/>
<opset="icmp/3 "/>
</bind>
</comp>

<comp id="175" class="1004" name="k_load_load_fu_175">
<pin_list>
<pin id="176" dir="0" index="0" bw="32" slack="2"/>
<pin id="177" dir="1" index="1" bw="32" slack="0"/>
</pin_list>
<bind>
<opcode="load(27) " fcode="load"/>
<opset="k_load/3 "/>
</bind>
</comp>

<comp id="178" class="1004" name="tmp_87_fu_178">
<pin_list>
<pin id="179" dir="0" index="0" bw="32" slack="0"/>
<pin id="180" dir="1" index="1" bw="64" slack="0"/>
</pin_list>
<bind>
<opcode="zext(34) " fcode="zext"/>
<opset="tmp_87/3 "/>
</bind>
</comp>

<comp id="183" class="1004" name="tmp_105_fu_183">
<pin_list>
<pin id="184" dir="0" index="0" bw="28" slack="0"/>
<pin id="185" dir="0" index="1" bw="29" slack="1"/>
<pin id="186" dir="0" index="2" bw="1" slack="0"/>
<pin id="187" dir="0" index="3" bw="6" slack="0"/>
<pin id="188" dir="1" index="4" bw="28" slack="0"/>
</pin_list>
<bind>
<opcode="partselect(1002) " fcode="partselect"/>
<opset="tmp_105/3 "/>
</bind>
</comp>

<comp id="193" class="1004" name="len_1_fu_193">
<pin_list>
<pin id="194" dir="0" index="0" bw="28" slack="0"/>
<pin id="195" dir="1" index="1" bw="29" slack="1"/>
</pin_list>
<bind>
<opcode="zext(34) " fcode="zext"/>
<opset="len_1/3 "/>
</bind>
</comp>

<comp id="197" class="1004" name="k_2_fu_197">
<pin_list>
<pin id="198" dir="0" index="0" bw="1" slack="0"/>
<pin id="199" dir="0" index="1" bw="32" slack="1"/>
<pin id="200" dir="1" index="2" bw="32" slack="1"/>
</pin_list>
<bind>
<opcode="add(8) " fcode="add"/>
<opset="k_2/4 "/>
</bind>
</comp>

<comp id="202" class="1004" name="tmp_88_fu_202">
<pin_list>
<pin id="203" dir="0" index="0" bw="29" slack="2"/>
<pin id="204" dir="0" index="1" bw="31" slack="1"/>
<pin id="205" dir="1" index="2" bw="31" slack="0"/>
</pin_list>
<bind>
<opcode="add(8) " fcode="add"/>
<opset="tmp_88/4 "/>
</bind>
</comp>

<comp id="207" class="1004" name="tmp_104_fu_207">
<pin_list>
<pin id="208" dir="0" index="0" bw="31" slack="0"/>
<pin id="209" dir="1" index="1" bw="30" slack="0"/>
</pin_list>
<bind>
<opcode="trunc(33) " fcode="trunc"/>
<opset="tmp_104/4 "/>
</bind>
</comp>

<comp id="211" class="1004" name="tmp_89_fu_211">
<pin_list>
<pin id="212" dir="0" index="0" bw="31" slack="1"/>
<pin id="213" dir="0" index="1" bw="31" slack="0"/>
<pin id="214" dir="1" index="2" bw="1" slack="0"/>
</pin_list>
<bind>
<opcode="icmp(45) " fcode="icmp"/>
<opset="tmp_89/4 "/>
</bind>
</comp>

<comp id="217" class="1004" name="start_fu_217">
<pin_list>
<pin id="218" dir="0" index="0" bw="1" slack="0"/>
<pin id="219" dir="0" index="1" bw="30" slack="1"/>
<pin id="220" dir="0" index="2" bw="30" slack="0"/>
<pin id="221" dir="1" index="3" bw="30" slack="0"/>
</pin_list>
<bind>
<opcode="select(49) " fcode="select"/>
<opset="start/4 "/>
</bind>
</comp>

<comp id="224" class="1004" name="start_cast_fu_224">
<pin_list>
<pin id="225" dir="0" index="0" bw="30" slack="0"/>
<pin id="226" dir="1" index="1" bw="31" slack="1"/>
</pin_list>
<bind>
<opcode="zext(34) " fcode="zext"/>
<opset="start_cast/4 "/>
</bind>
</comp>

<comp id="228" class="1004" name="tmp_135_cast_fu_228">
<pin_list>
<pin id="229" dir="0" index="0" bw="23" slack="0"/>
<pin id="230" dir="1" index="1" bw="55" slack="3"/>
</pin_list>
<bind>
<opcode="zext(34) " fcode="zext"/>
<opset="tmp_135_cast/4 "/>
</bind>
</comp>

<comp id="232" class="1004" name="tmp_90_fu_232">
<pin_list>
<pin id="233" dir="0" index="0" bw="30" slack="0"/>
<pin id="234" dir="0" index="1" bw="30" slack="1"/>
<pin id="235" dir="1" index="2" bw="1" slack="2147483647"/>
</pin_list>
<bind>
<opcode="icmp(45) " fcode="icmp"/>
<opset="tmp_90/5 "/>
</bind>
</comp>

<comp id="237" class="1004" name="tmp_106_fu_237">
<pin_list>
<pin id="238" dir="0" index="0" bw="30" slack="0"/>
<pin id="239" dir="1" index="1" bw="12" slack="0"/>
</pin_list>
<bind>
<opcode="trunc(33) " fcode="trunc"/>
<opset="tmp_106/5 "/>
</bind>
</comp>

<comp id="241" class="1004" name="tmp_107_fu_241">
<pin_list>
<pin id="242" dir="0" index="0" bw="29" slack="3"/>
<pin id="243" dir="1" index="1" bw="12" slack="0"/>
</pin_list>
<bind>
<opcode="trunc(33) " fcode="trunc"/>
<opset="tmp_107/5 "/>
</bind>
</comp>

<comp id="245" class="1004" name="tmp_108_fu_245">
<pin_list>
<pin id="246" dir="0" index="0" bw="12" slack="0"/>
<pin id="247" dir="0" index="1" bw="12" slack="0"/>
<pin id="248" dir="1" index="2" bw="12" slack="0"/>
</pin_list>
<bind>
<opcode="add(8) " fcode="add"/>
<opset="tmp_108/5 "/>
</bind>
</comp>

<comp id="251" class="1004" name="tmp_93_fu_251">
<pin_list>
<pin id="252" dir="0" index="0" bw="11" slack="4"/>
<pin id="253" dir="0" index="1" bw="12" slack="0"/>
<pin id="254" dir="1" index="2" bw="12" slack="0"/>
</pin_list>
<bind>
<opcode="add(8) " fcode="add"/>
<opset="tmp_93/5 "/>
</bind>
</comp>

<comp id="256" class="1004" name="tmp_126_cast_fu_256">
<pin_list>
<pin id="257" dir="0" index="0" bw="12" slack="0"/>
<pin id="258" dir="1" index="1" bw="64" slack="0"/>
</pin_list>
<bind>
<opcode="zext(34) " fcode="zext"/>
<opset="tmp_126_cast/5 "/>
</bind>
</comp>

<comp id="261" class="1004" name="tmp_110_fu_261">
<pin_list>
<pin id="262" dir="0" index="0" bw="30" slack="0"/>
<pin id="263" dir="1" index="1" bw="12" slack="0"/>
</pin_list>
<bind>
<opcode="trunc(33) " fcode="trunc"/>
<opset="tmp_110/5 "/>
</bind>
</comp>

<comp id="265" class="1004" name="tmp_99_fu_265">
<pin_list>
<pin id="266" dir="0" index="0" bw="11" slack="4"/>
<pin id="267" dir="0" index="1" bw="12" slack="0"/>
<pin id="268" dir="1" index="2" bw="12" slack="0"/>
</pin_list>
<bind>
<opcode="add(8) " fcode="add"/>
<opset="tmp_99/5 "/>
</bind>
</comp>

<comp id="270" class="1004" name="tmp_128_cast_fu_270">
<pin_list>
<pin id="271" dir="0" index="0" bw="12" slack="0"/>
<pin id="272" dir="1" index="1" bw="64" slack="0"/>
</pin_list>
<bind>
<opcode="zext(34) " fcode="zext"/>
<opset="tmp_128_cast/5 "/>
</bind>
</comp>

<comp id="275" class="1004" name="j_7_fu_275">
<pin_list>
<pin id="276" dir="0" index="0" bw="1" slack="0"/>
<pin id="277" dir="0" index="1" bw="30" slack="0"/>
<pin id="278" dir="1" index="2" bw="30" slack="0"/>
</pin_list>
<bind>
<opcode="add(8) " fcode="add"/>
<opset="j_7/5 "/>
</bind>
</comp>

<comp id="281" class="1004" name="tmp_97_fu_281">
<pin_list>
<pin id="282" dir="0" index="0" bw="29" slack="3"/>
<pin id="283" dir="0" index="1" bw="30" slack="1"/>
<pin id="284" dir="1" index="2" bw="31" slack="1"/>
</pin_list>
<bind>
<opcode="add(8) " fcode="add"/>
<opset="tmp_97/5 "/>
</bind>
</comp>

<comp id="285" class="1004" name="StgValue_64_store_fu_285">
<pin_list>
<pin id="286" dir="0" index="0" bw="32" slack="1"/>
<pin id="287" dir="0" index="1" bw="32" slack="4"/>
<pin id="288" dir="1" index="2" bw="0" slack="2147483647"/>
</pin_list>
<bind>
<opcode="store(28) " fcode="store"/>
<opset="StgValue_64/5 "/>
</bind>
</comp>

<comp id="289" class="1004" name="tmp_139_cast_fu_289">
<pin_list>
<pin id="290" dir="0" index="0" bw="32" slack="1"/>
<pin id="291" dir="1" index="1" bw="55" slack="0"/>
</pin_list>
<bind>
<opcode="zext(34) " fcode="zext"/>
<opset="tmp_139_cast/7 "/>
</bind>
</comp>

<comp id="292" class="1004" name="a_assign_fu_292">
<pin_list>
<pin id="293" dir="0" index="0" bw="23" slack="3"/>
<pin id="294" dir="0" index="1" bw="32" slack="0"/>
<pin id="295" dir="1" index="2" bw="55" slack="0"/>
</pin_list>
<bind>
<opcode="mul(12) " fcode="mul"/>
<opset="a_assign/7 "/>
</bind>
</comp>

<comp id="297" class="1004" name="tmp_109_fu_297">
<pin_list>
<pin id="298" dir="0" index="0" bw="55" slack="0"/>
<pin id="299" dir="1" index="1" bw="32" slack="1"/>
</pin_list>
<bind>
<opcode="trunc(33) " fcode="trunc"/>
<opset="tmp_109/7 "/>
</bind>
</comp>

<comp id="301" class="1004" name="t_fu_301">
<pin_list>
<pin id="302" dir="0" index="0" bw="27" slack="0"/>
<pin id="303" dir="0" index="1" bw="32" slack="1"/>
<pin id="304" dir="1" index="2" bw="32" slack="1"/>
</pin_list>
<bind>
<opcode="mul(12) " fcode="mul"/>
<opset="t/8 "/>
</bind>
</comp>

<comp id="306" class="1004" name="t_22_cast_fu_306">
<pin_list>
<pin id="307" dir="0" index="0" bw="32" slack="1"/>
<pin id="308" dir="1" index="1" bw="55" slack="0"/>
</pin_list>
<bind>
<opcode="zext(34) " fcode="zext"/>
<opset="t_22_cast/9 "/>
</bind>
</comp>

<comp id="309" class="1004" name="t_16_fu_309">
<pin_list>
<pin id="310" dir="0" index="0" bw="24" slack="0"/>
<pin id="311" dir="0" index="1" bw="32" slack="0"/>
<pin id="312" dir="1" index="2" bw="55" slack="1"/>
</pin_list>
<bind>
<opcode="mul(12) " fcode="mul"/>
<opset="t_16/9 "/>
</bind>
</comp>

<comp id="315" class="1004" name="a_assign_cast1_fu_315">
<pin_list>
<pin id="316" dir="0" index="0" bw="55" slack="3"/>
<pin id="317" dir="1" index="1" bw="56" slack="0"/>
</pin_list>
<bind>
<opcode="zext(34) " fcode="zext"/>
<opset="a_assign_cast1/10 "/>
</bind>
</comp>

<comp id="318" class="1004" name="t_23_cast_fu_318">
<pin_list>
<pin id="319" dir="0" index="0" bw="55" slack="1"/>
<pin id="320" dir="1" index="1" bw="56" slack="0"/>
</pin_list>
<bind>
<opcode="zext(34) " fcode="zext"/>
<opset="t_23_cast/10 "/>
</bind>
</comp>

<comp id="321" class="1004" name="t_17_fu_321">
<pin_list>
<pin id="322" dir="0" index="0" bw="55" slack="0"/>
<pin id="323" dir="0" index="1" bw="55" slack="0"/>
<pin id="324" dir="1" index="2" bw="56" slack="0"/>
</pin_list>
<bind>
<opcode="add(8) " fcode="add"/>
<opset="t_17/10 "/>
</bind>
</comp>

<comp id="327" class="1004" name="tmp_98_fu_327">
<pin_list>
<pin id="328" dir="0" index="0" bw="24" slack="0"/>
<pin id="329" dir="0" index="1" bw="56" slack="0"/>
<pin id="330" dir="0" index="2" bw="7" slack="0"/>
<pin id="331" dir="0" index="3" bw="7" slack="0"/>
<pin id="332" dir="1" index="4" bw="24" slack="1"/>
</pin_list>
<bind>
<opcode="partselect(1002) " fcode="partselect"/>
<opset="tmp_98/10 "/>
</bind>
</comp>

<comp id="337" class="1004" name="tmp_94_fu_337">
<pin_list>
<pin id="338" dir="0" index="0" bw="15" slack="0"/>
<pin id="339" dir="0" index="1" bw="24" slack="1"/>
<pin id="340" dir="1" index="2" bw="24" slack="0"/>
</pin_list>
<bind>
<opcode="sub(10) " fcode="sub"/>
<opset="tmp_94/11 "/>
</bind>
</comp>

<comp id="342" class="1004" name="tmp_142_cast_fu_342">
<pin_list>
<pin id="343" dir="0" index="0" bw="24" slack="0"/>
<pin id="344" dir="1" index="1" bw="32" slack="0"/>
</pin_list>
<bind>
<opcode="zext(34) " fcode="zext"/>
<opset="tmp_142_cast/11 "/>
</bind>
</comp>

<comp id="346" class="1004" name="tmp_95_fu_346">
<pin_list>
<pin id="347" dir="0" index="0" bw="24" slack="0"/>
<pin id="348" dir="0" index="1" bw="32" slack="0"/>
<pin id="349" dir="1" index="2" bw="32" slack="0"/>
</pin_list>
<bind>
<opcode="add(8) " fcode="add"/>
<opset="tmp_95/11 "/>
</bind>
</comp>

<comp id="353" class="1004" name="t_18_fu_353">
<pin_list>
<pin id="354" dir="0" index="0" bw="24" slack="3"/>
<pin id="355" dir="1" index="1" bw="32" slack="0"/>
</pin_list>
<bind>
<opcode="zext(34) " fcode="zext"/>
<opset="t_18/13 "/>
</bind>
</comp>

<comp id="356" class="1004" name="tmp_96_fu_356">
<pin_list>
<pin id="357" dir="0" index="0" bw="24" slack="0"/>
<pin id="358" dir="0" index="1" bw="32" slack="0"/>
<pin id="359" dir="1" index="2" bw="32" slack="0"/>
</pin_list>
<bind>
<opcode="add(8) " fcode="add"/>
<opset="tmp_96/13 "/>
</bind>
</comp>

<comp id="363" class="1005" name="k_reg_363">
<pin_list>
<pin id="364" dir="0" index="0" bw="32" slack="0"/>
<pin id="365" dir="1" index="1" bw="32" slack="0"/>
</pin_list>
<bind>
<opset="k "/>
</bind>
</comp>

<comp id="370" class="1005" name="tmp_124_cast_reg_370">
<pin_list>
<pin id="371" dir="0" index="0" bw="12" slack="4"/>
<pin id="372" dir="1" index="1" bw="12" slack="4"/>
</pin_list>
<bind>
<opset="tmp_124_cast "/>
</bind>
</comp>

<comp id="376" class="1005" name="len_cast_cast7_reg_376">
<pin_list>
<pin id="377" dir="0" index="0" bw="31" slack="2"/>
<pin id="378" dir="1" index="1" bw="31" slack="2"/>
</pin_list>
<bind>
<opset="len_cast_cast7 "/>
</bind>
</comp>

<comp id="385" class="1005" name="tmp_102_reg_385">
<pin_list>
<pin id="386" dir="0" index="0" bw="30" slack="1"/>
<pin id="387" dir="1" index="1" bw="30" slack="1"/>
</pin_list>
<bind>
<opset="tmp_102 "/>
</bind>
</comp>

<comp id="394" class="1005" name="k_load_reg_394">
<pin_list>
<pin id="395" dir="0" index="0" bw="32" slack="1"/>
<pin id="396" dir="1" index="1" bw="32" slack="1"/>
</pin_list>
<bind>
<opset="k_load "/>
</bind>
</comp>

<comp id="399" class="1005" name="zetas_addr_reg_399">
<pin_list>
<pin id="400" dir="0" index="0" bw="8" slack="1"/>
<pin id="401" dir="1" index="1" bw="8" slack="1"/>
</pin_list>
<bind>
<opset="zetas_addr "/>
</bind>
</comp>

<comp id="404" class="1005" name="len_1_reg_404">
<pin_list>
<pin id="405" dir="0" index="0" bw="29" slack="1"/>
<pin id="406" dir="1" index="1" bw="29" slack="1"/>
</pin_list>
<bind>
<opset="len_1 "/>
</bind>
</comp>

<comp id="409" class="1005" name="k_2_reg_409">
<pin_list>
<pin id="410" dir="0" index="0" bw="32" slack="1"/>
<pin id="411" dir="1" index="1" bw="32" slack="1"/>
</pin_list>
<bind>
<opset="k_2 "/>
</bind>
</comp>

<comp id="414" class="1005" name="tmp_104_reg_414">
<pin_list>
<pin id="415" dir="0" index="0" bw="30" slack="1"/>
<pin id="416" dir="1" index="1" bw="30" slack="1"/>
</pin_list>
<bind>
<opset="tmp_104 "/>
</bind>
</comp>

<comp id="419" class="1005" name="start_cast_reg_419">
<pin_list>
<pin id="420" dir="0" index="0" bw="31" slack="1"/>
<pin id="421" dir="1" index="1" bw="31" slack="1"/>
</pin_list>
<bind>
<opset="start_cast "/>
</bind>
</comp>

<comp id="424" class="1005" name="tmp_135_cast_reg_424">
<pin_list>
<pin id="425" dir="0" index="0" bw="55" slack="3"/>
<pin id="426" dir="1" index="1" bw="55" slack="3"/>
</pin_list>
<bind>
<opset="tmp_135_cast "/>
</bind>
</comp>

<comp id="432" class="1005" name="p_addr11_reg_432">
<pin_list>
<pin id="433" dir="0" index="0" bw="11" slack="1"/>
<pin id="434" dir="1" index="1" bw="11" slack="1"/>
</pin_list>
<bind>
<opset="p_addr11 "/>
</bind>
</comp>

<comp id="437" class="1005" name="p_addr_reg_437">
<pin_list>
<pin id="438" dir="0" index="0" bw="11" slack="5"/>
<pin id="439" dir="1" index="1" bw="11" slack="5"/>
</pin_list>
<bind>
<opset="p_addr "/>
</bind>
</comp>

<comp id="442" class="1005" name="j_7_reg_442">
<pin_list>
<pin id="443" dir="0" index="0" bw="30" slack="0"/>
<pin id="444" dir="1" index="1" bw="30" slack="0"/>
</pin_list>
<bind>
<opset="j_7 "/>
</bind>
</comp>

<comp id="447" class="1005" name="tmp_97_reg_447">
<pin_list>
<pin id="448" dir="0" index="0" bw="31" slack="1"/>
<pin id="449" dir="1" index="1" bw="31" slack="1"/>
</pin_list>
<bind>
<opset="tmp_97 "/>
</bind>
</comp>

<comp id="452" class="1005" name="p_load_reg_452">
<pin_list>
<pin id="453" dir="0" index="0" bw="32" slack="1"/>
<pin id="454" dir="1" index="1" bw="32" slack="1"/>
</pin_list>
<bind>
<opset="p_load "/>
</bind>
</comp>

<comp id="457" class="1005" name="a_assign_reg_457">
<pin_list>
<pin id="458" dir="0" index="0" bw="55" slack="3"/>
<pin id="459" dir="1" index="1" bw="55" slack="3"/>
</pin_list>
<bind>
<opset="a_assign "/>
</bind>
</comp>

<comp id="462" class="1005" name="tmp_109_reg_462">
<pin_list>
<pin id="463" dir="0" index="0" bw="32" slack="1"/>
<pin id="464" dir="1" index="1" bw="32" slack="1"/>
</pin_list>
<bind>
<opset="tmp_109 "/>
</bind>
</comp>

<comp id="467" class="1005" name="t_reg_467">
<pin_list>
<pin id="468" dir="0" index="0" bw="32" slack="1"/>
<pin id="469" dir="1" index="1" bw="32" slack="1"/>
</pin_list>
<bind>
<opset="t "/>
</bind>
</comp>

<comp id="472" class="1005" name="t_16_reg_472">
<pin_list>
<pin id="473" dir="0" index="0" bw="55" slack="1"/>
<pin id="474" dir="1" index="1" bw="55" slack="1"/>
</pin_list>
<bind>
<opset="t_16 "/>
</bind>
</comp>

<comp id="477" class="1005" name="tmp_98_reg_477">
<pin_list>
<pin id="478" dir="0" index="0" bw="24" slack="1"/>
<pin id="479" dir="1" index="1" bw="24" slack="1"/>
</pin_list>
<bind>
<opset="tmp_98 "/>
</bind>
</comp>

</comp_list>

<net_list>
<net id="55"><net_src comp="6" pin="0"/><net_sink comp="52" pin=0"/></net>

<net id="60"><net_src comp="8" pin="0"/><net_sink comp="56" pin=0"/></net>

<net id="61"><net_src comp="2" pin="0"/><net_sink comp="56" pin=1"/></net>

<net id="67"><net_src comp="4" pin="0"/><net_sink comp="62" pin=0"/></net>

<net id="68"><net_src comp="32" pin="0"/><net_sink comp="62" pin=1"/></net>

<net id="74"><net_src comp="62" pin="3"/><net_sink comp="69" pin=0"/></net>

<net id="80"><net_src comp="0" pin="0"/><net_sink comp="75" pin=0"/></net>

<net id="81"><net_src comp="32" pin="0"/><net_sink comp="75" pin=1"/></net>

<net id="87"><net_src comp="75" pin="3"/><net_sink comp="82" pin=0"/></net>

<net id="93"><net_src comp="0" pin="0"/><net_sink comp="88" pin=0"/></net>

<net id="94"><net_src comp="32" pin="0"/><net_sink comp="88" pin=1"/></net>

<net id="98"><net_src comp="14" pin="0"/><net_sink comp="95" pin=0"/></net>

<net id="105"><net_src comp="95" pin="1"/><net_sink comp="99" pin=0"/></net>

<net id="106"><net_src comp="99" pin="4"/><net_sink comp="95" pin=0"/></net>

<net id="110"><net_src comp="22" pin="0"/><net_sink comp="107" pin=0"/></net>

<net id="117"><net_src comp="107" pin="1"/><net_sink comp="111" pin=2"/></net>

<net id="118"><net_src comp="111" pin="4"/><net_sink comp="107" pin=0"/></net>

<net id="133"><net_src comp="10" pin="0"/><net_sink comp="128" pin=0"/></net>

<net id="134"><net_src comp="56" pin="2"/><net_sink comp="128" pin=1"/></net>

<net id="135"><net_src comp="12" pin="0"/><net_sink comp="128" pin=2"/></net>

<net id="139"><net_src comp="128" pin="3"/><net_sink comp="136" pin=0"/></net>

<net id="144"><net_src comp="6" pin="0"/><net_sink comp="140" pin=0"/></net>

<net id="148"><net_src comp="99" pin="4"/><net_sink comp="145" pin=0"/></net>

<net id="153"><net_src comp="99" pin="4"/><net_sink comp="149" pin=0"/></net>

<net id="154"><net_src comp="16" pin="0"/><net_sink comp="149" pin=1"/></net>

<net id="158"><net_src comp="111" pin="4"/><net_sink comp="155" pin=0"/></net>

<net id="165"><net_src comp="24" pin="0"/><net_sink comp="159" pin=0"/></net>

<net id="166"><net_src comp="111" pin="4"/><net_sink comp="159" pin=1"/></net>

<net id="167"><net_src comp="26" pin="0"/><net_sink comp="159" pin=2"/></net>

<net id="168"><net_src comp="28" pin="0"/><net_sink comp="159" pin=3"/></net>

<net id="173"><net_src comp="159" pin="4"/><net_sink comp="169" pin=0"/></net>

<net id="174"><net_src comp="30" pin="0"/><net_sink comp="169" pin=1"/></net>

<net id="181"><net_src comp="175" pin="1"/><net_sink comp="178" pin=0"/></net>

<net id="182"><net_src comp="178" pin="1"/><net_sink comp="62" pin=2"/></net>

<net id="189"><net_src comp="34" pin="0"/><net_sink comp="183" pin=0"/></net>

<net id="190"><net_src comp="95" pin="1"/><net_sink comp="183" pin=1"/></net>

<net id="191"><net_src comp="6" pin="0"/><net_sink comp="183" pin=2"/></net>

<net id="192"><net_src comp="36" pin="0"/><net_sink comp="183" pin=3"/></net>

<net id="196"><net_src comp="183" pin="4"/><net_sink comp="193" pin=0"/></net>

<net id="201"><net_src comp="6" pin="0"/><net_sink comp="197" pin=0"/></net>

<net id="206"><net_src comp="107" pin="1"/><net_sink comp="202" pin=1"/></net>

<net id="210"><net_src comp="202" pin="2"/><net_sink comp="207" pin=0"/></net>

<net id="215"><net_src comp="107" pin="1"/><net_sink comp="211" pin=0"/></net>

<net id="216"><net_src comp="202" pin="2"/><net_sink comp="211" pin=1"/></net>

<net id="222"><net_src comp="211" pin="2"/><net_sink comp="217" pin=0"/></net>

<net id="223"><net_src comp="207" pin="1"/><net_sink comp="217" pin=2"/></net>

<net id="227"><net_src comp="217" pin="3"/><net_sink comp="224" pin=0"/></net>

<net id="231"><net_src comp="69" pin="3"/><net_sink comp="228" pin=0"/></net>

<net id="236"><net_src comp="122" pin="4"/><net_sink comp="232" pin=0"/></net>

<net id="240"><net_src comp="122" pin="4"/><net_sink comp="237" pin=0"/></net>

<net id="244"><net_src comp="95" pin="1"/><net_sink comp="241" pin=0"/></net>

<net id="249"><net_src comp="241" pin="1"/><net_sink comp="245" pin=0"/></net>

<net id="250"><net_src comp="237" pin="1"/><net_sink comp="245" pin=1"/></net>

<net id="255"><net_src comp="245" pin="2"/><net_sink comp="251" pin=1"/></net>

<net id="259"><net_src comp="251" pin="2"/><net_sink comp="256" pin=0"/></net>

<net id="260"><net_src comp="256" pin="1"/><net_sink comp="75" pin=2"/></net>

<net id="264"><net_src comp="122" pin="4"/><net_sink comp="261" pin=0"/></net>

<net id="269"><net_src comp="261" pin="1"/><net_sink comp="265" pin=1"/></net>

<net id="273"><net_src comp="265" pin="2"/><net_sink comp="270" pin=0"/></net>

<net id="274"><net_src comp="270" pin="1"/><net_sink comp="88" pin=2"/></net>

<net id="279"><net_src comp="38" pin="0"/><net_sink comp="275" pin=0"/></net>

<net id="280"><net_src comp="122" pin="4"/><net_sink comp="275" pin=1"/></net>

<net id="296"><net_src comp="289" pin="1"/><net_sink comp="292" pin=1"/></net>

<net id="300"><net_src comp="292" pin="2"/><net_sink comp="297" pin=0"/></net>

<net id="305"><net_src comp="40" pin="0"/><net_sink comp="301" pin=0"/></net>

<net id="313"><net_src comp="42" pin="0"/><net_sink comp="309" pin=0"/></net>

<net id="314"><net_src comp="306" pin="1"/><net_sink comp="309" pin=1"/></net>

<net id="325"><net_src comp="315" pin="1"/><net_sink comp="321" pin=0"/></net>

<net id="326"><net_src comp="318" pin="1"/><net_sink comp="321" pin=1"/></net>

<net id="333"><net_src comp="44" pin="0"/><net_sink comp="327" pin=0"/></net>

<net id="334"><net_src comp="321" pin="2"/><net_sink comp="327" pin=1"/></net>

<net id="335"><net_src comp="46" pin="0"/><net_sink comp="327" pin=2"/></net>

<net id="336"><net_src comp="48" pin="0"/><net_sink comp="327" pin=3"/></net>

<net id="341"><net_src comp="50" pin="0"/><net_sink comp="337" pin=0"/></net>

<net id="345"><net_src comp="337" pin="2"/><net_sink comp="342" pin=0"/></net>

<net id="350"><net_src comp="342" pin="1"/><net_sink comp="346" pin=0"/></net>

<net id="351"><net_src comp="82" pin="3"/><net_sink comp="346" pin=1"/></net>

<net id="352"><net_src comp="346" pin="2"/><net_sink comp="82" pin=1"/></net>

<net id="360"><net_src comp="353" pin="1"/><net_sink comp="356" pin=0"/></net>

<net id="361"><net_src comp="82" pin="3"/><net_sink comp="356" pin=1"/></net>

<net id="362"><net_src comp="356" pin="2"/><net_sink comp="82" pin=1"/></net>

<net id="366"><net_src comp="52" pin="1"/><net_sink comp="363" pin=0"/></net>

<net id="367"><net_src comp="363" pin="1"/><net_sink comp="140" pin=1"/></net>

<net id="368"><net_src comp="363" pin="1"/><net_sink comp="175" pin=0"/></net>

<net id="369"><net_src comp="363" pin="1"/><net_sink comp="285" pin=1"/></net>

<net id="373"><net_src comp="136" pin="1"/><net_sink comp="370" pin=0"/></net>

<net id="374"><net_src comp="370" pin="1"/><net_sink comp="251" pin=0"/></net>

<net id="375"><net_src comp="370" pin="1"/><net_sink comp="265" pin=0"/></net>

<net id="379"><net_src comp="145" pin="1"/><net_sink comp="376" pin=0"/></net>

<net id="380"><net_src comp="376" pin="1"/><net_sink comp="202" pin=0"/></net>

<net id="381"><net_src comp="376" pin="1"/><net_sink comp="281" pin=0"/></net>

<net id="388"><net_src comp="155" pin="1"/><net_sink comp="385" pin=0"/></net>

<net id="389"><net_src comp="385" pin="1"/><net_sink comp="217" pin=1"/></net>

<net id="390"><net_src comp="385" pin="1"/><net_sink comp="122" pin=0"/></net>

<net id="397"><net_src comp="175" pin="1"/><net_sink comp="394" pin=0"/></net>

<net id="398"><net_src comp="394" pin="1"/><net_sink comp="197" pin=1"/></net>

<net id="402"><net_src comp="62" pin="3"/><net_sink comp="399" pin=0"/></net>

<net id="403"><net_src comp="399" pin="1"/><net_sink comp="69" pin=0"/></net>

<net id="407"><net_src comp="193" pin="1"/><net_sink comp="404" pin=0"/></net>

<net id="408"><net_src comp="404" pin="1"/><net_sink comp="99" pin=2"/></net>

<net id="412"><net_src comp="197" pin="2"/><net_sink comp="409" pin=0"/></net>

<net id="413"><net_src comp="409" pin="1"/><net_sink comp="285" pin=0"/></net>

<net id="417"><net_src comp="207" pin="1"/><net_sink comp="414" pin=0"/></net>

<net id="418"><net_src comp="414" pin="1"/><net_sink comp="232" pin=1"/></net>

<net id="422"><net_src comp="224" pin="1"/><net_sink comp="419" pin=0"/></net>

<net id="423"><net_src comp="419" pin="1"/><net_sink comp="281" pin=1"/></net>

<net id="427"><net_src comp="228" pin="1"/><net_sink comp="424" pin=0"/></net>

<net id="428"><net_src comp="424" pin="1"/><net_sink comp="292" pin=0"/></net>

<net id="435"><net_src comp="75" pin="3"/><net_sink comp="432" pin=0"/></net>

<net id="436"><net_src comp="432" pin="1"/><net_sink comp="82" pin=0"/></net>

<net id="440"><net_src comp="88" pin="3"/><net_sink comp="437" pin=0"/></net>

<net id="441"><net_src comp="437" pin="1"/><net_sink comp="82" pin=0"/></net>

<net id="445"><net_src comp="275" pin="2"/><net_sink comp="442" pin=0"/></net>

<net id="446"><net_src comp="442" pin="1"/><net_sink comp="122" pin=2"/></net>

<net id="450"><net_src comp="281" pin="2"/><net_sink comp="447" pin=0"/></net>

<net id="451"><net_src comp="447" pin="1"/><net_sink comp="111" pin=0"/></net>

<net id="455"><net_src comp="82" pin="3"/><net_sink comp="452" pin=0"/></net>

<net id="456"><net_src comp="452" pin="1"/><net_sink comp="289" pin=0"/></net>

<net id="460"><net_src comp="292" pin="2"/><net_sink comp="457" pin=0"/></net>

<net id="461"><net_src comp="457" pin="1"/><net_sink comp="315" pin=0"/></net>

<net id="465"><net_src comp="297" pin="1"/><net_sink comp="462" pin=0"/></net>

<net id="466"><net_src comp="462" pin="1"/><net_sink comp="301" pin=1"/></net>

<net id="470"><net_src comp="301" pin="2"/><net_sink comp="467" pin=0"/></net>

<net id="471"><net_src comp="467" pin="1"/><net_sink comp="306" pin=0"/></net>

<net id="475"><net_src comp="309" pin="2"/><net_sink comp="472" pin=0"/></net>

<net id="476"><net_src comp="472" pin="1"/><net_sink comp="318" pin=0"/></net>

<net id="480"><net_src comp="327" pin="4"/><net_sink comp="477" pin=0"/></net>

<net id="481"><net_src comp="477" pin="1"/><net_sink comp="337" pin=1"/></net>

<net id="482"><net_src comp="477" pin="1"/><net_sink comp="353" pin=0"/></net>

</net_list>

</model> 
---------------- Datapath Model END ------------------

* FSMD analyzer results:
  - Output states:
	Port: p | {11 13 }
 - Input state : 
	Port: ntt : p | {5 6 10 11 12 13 }
	Port: ntt : p_offset | {1 }
	Port: ntt : zetas | {3 4 }
  - Chain level:
	State 1
		tmp_124_cast : 1
		StgValue_18 : 1
	State 2
		len_cast_cast7 : 1
		tmp : 1
		StgValue_24 : 2
	State 3
		tmp_102 : 1
		tmp_103 : 1
		icmp : 2
		StgValue_31 : 3
		tmp_87 : 1
		zetas_addr : 2
		zeta : 3
		len_1 : 1
	State 4
		tmp_104 : 1
		tmp_89 : 1
		start : 2
		start_cast : 3
		tmp_135_cast : 1
	State 5
		tmp_90 : 1
		StgValue_50 : 2
		tmp_106 : 1
		tmp_108 : 2
		tmp_93 : 3
		tmp_126_cast : 4
		p_addr11 : 5
		p_load : 6
		tmp_110 : 1
		tmp_99 : 2
		tmp_128_cast : 3
		p_addr : 4
		j_7 : 1
	State 6
	State 7
		a_assign : 1
		tmp_109 : 2
	State 8
	State 9
		t_16 : 1
	State 10
		t_17 : 1
		tmp_98 : 2
	State 11
		tmp_142_cast : 1
		tmp_95 : 2
		StgValue_82 : 3
	State 12
	State 13
		tmp_96 : 1
		StgValue_87 : 2


============================================================
+ Verbose Summary: Datapath Resource usage 
============================================================

* Functional unit list:
|----------|--------------------------|---------|---------|---------|
| Operation|      Functional Unit     |  DSP48E |    FF   |   LUT   |
|----------|--------------------------|---------|---------|---------|
|          |        k_2_fu_197        |    0    |    0    |    39   |
|          |       tmp_88_fu_202      |    0    |    0    |    38   |
|          |      tmp_108_fu_245      |    0    |    0    |    12   |
|          |       tmp_93_fu_251      |    0    |    0    |    12   |
|    add   |       tmp_99_fu_265      |    0    |    0    |    19   |
|          |        j_7_fu_275        |    0    |    0    |    37   |
|          |       tmp_97_fu_281      |    0    |    0    |    37   |
|          |        t_17_fu_321       |    0    |    0    |    62   |
|          |       tmp_95_fu_346      |    0    |    0    |    39   |
|          |       tmp_96_fu_356      |    0    |    0    |    39   |
|----------|--------------------------|---------|---------|---------|
|          |        tmp_fu_149        |    0    |    0    |    18   |
|   icmp   |        icmp_fu_169       |    0    |    0    |    18   |
|          |       tmp_89_fu_211      |    0    |    0    |    18   |
|          |       tmp_90_fu_232      |    0    |    0    |    18   |
|----------|--------------------------|---------|---------|---------|
|          |      a_assign_fu_292     |    3    |    0    |    21   |
|    mul   |         t_fu_301         |    3    |    0    |    21   |
|          |        t_16_fu_309       |    3    |    0    |    21   |
|----------|--------------------------|---------|---------|---------|
|    sub   |       tmp_94_fu_337      |    0    |    0    |    31   |
|----------|--------------------------|---------|---------|---------|
|  select  |       start_fu_217       |    0    |    0    |    30   |
|----------|--------------------------|---------|---------|---------|
|   read   | p_offset_read_read_fu_56 |    0    |    0    |    0    |
|----------|--------------------------|---------|---------|---------|
|bitconcatenate|       tmp_s_fu_128       |    0    |    0    |    0    |
|----------|--------------------------|---------|---------|---------|
|          |    tmp_124_cast_fu_136   |    0    |    0    |    0    |
|          |   len_cast_cast7_fu_145  |    0    |    0    |    0    |
|          |       tmp_87_fu_178      |    0    |    0    |    0    |
|          |       len_1_fu_193       |    0    |    0    |    0    |
|          |     start_cast_fu_224    |    0    |    0    |    0    |
|          |    tmp_135_cast_fu_228   |    0    |    0    |    0    |
|   zext   |    tmp_126_cast_fu_256   |    0    |    0    |    0    |
|          |    tmp_128_cast_fu_270   |    0    |    0    |    0    |
|          |    tmp_139_cast_fu_289   |    0    |    0    |    0    |
|          |     t_22_cast_fu_306     |    0    |    0    |    0    |
|          |   a_assign_cast1_fu_315  |    0    |    0    |    0    |
|          |     t_23_cast_fu_318     |    0    |    0    |    0    |
|          |    tmp_142_cast_fu_342   |    0    |    0    |    0    |
|          |        t_18_fu_353       |    0    |    0    |    0    |
|----------|--------------------------|---------|---------|---------|
|          |      tmp_102_fu_155      |    0    |    0    |    0    |
|          |      tmp_104_fu_207      |    0    |    0    |    0    |
|   trunc  |      tmp_106_fu_237      |    0    |    0    |    0    |
|          |      tmp_107_fu_241      |    0    |    0    |    0    |
|          |      tmp_110_fu_261      |    0    |    0    |    0    |
|          |      tmp_109_fu_297      |    0    |    0    |    0    |
|----------|--------------------------|---------|---------|---------|
|          |      tmp_103_fu_159      |    0    |    0    |    0    |
|partselect|      tmp_105_fu_183      |    0    |    0    |    0    |
|          |       tmp_98_fu_327      |    0    |    0    |    0    |
|----------|--------------------------|---------|---------|---------|
|   Total  |                          |    9    |    0    |   530   |
|----------|--------------------------|---------|---------|---------|

Memories:
N/A

* Register list:
+----------------------+--------+
|                      |   FF   |
+----------------------+--------+
|   a_assign_reg_457   |   55   |
|      j7_reg_119      |   30   |
|      j_7_reg_442     |   30   |
|       j_reg_107      |   31   |
|      k_2_reg_409     |   32   |
|    k_load_reg_394    |   32   |
|       k_reg_363      |   32   |
|     len_1_reg_404    |   29   |
|len_cast_cast7_reg_376|   31   |
|      len_reg_95      |   29   |
|   p_addr11_reg_432   |   11   |
|    p_addr_reg_437    |   11   |
|    p_load_reg_452    |   32   |
|  start_cast_reg_419  |   31   |
|     t_16_reg_472     |   55   |
|       t_reg_467      |   32   |
|    tmp_102_reg_385   |   30   |
|    tmp_104_reg_414   |   30   |
|    tmp_109_reg_462   |   32   |
| tmp_124_cast_reg_370 |   12   |
| tmp_135_cast_reg_424 |   55   |
|    tmp_97_reg_447    |   31   |
|    tmp_98_reg_477    |   24   |
|  zetas_addr_reg_399  |    8   |
+----------------------+--------+
|         Total        |   725  |
+----------------------+--------+

* Multiplexer (MUX) list: 
|------------------|------|------|------|--------||---------||---------|
|       Comp       |  Pin | Size |  BW  | S x BW ||  Delay  ||   LUT   |
|------------------|------|------|------|--------||---------||---------|
| grp_access_fu_69 |  p0  |   2  |   8  |   16   ||    9    |
| grp_access_fu_82 |  p0  |   3  |  11  |   33   ||    15   |
| grp_access_fu_82 |  p1  |   2  |  32  |   64   ||    9    |
|    len_reg_95    |  p0  |   2  |  29  |   58   ||    9    |
|     j_reg_107    |  p0  |   2  |  31  |   62   ||    9    |
|------------------|------|------|------|--------||---------||---------|
|       Total      |      |      |      |   233  || 6.85175 ||    51   |
|------------------|------|------|------|--------||---------||---------|



* Summary:
+-----------+--------+--------+--------+--------+
|           | DSP48E |  Delay |   FF   |   LUT  |
+-----------+--------+--------+--------+--------+
|  Function |    9   |    -   |    0   |   530  |
|   Memory  |    -   |    -   |    -   |    -   |
|Multiplexer|    -   |    6   |    -   |   51   |
|  Register |    -   |    -   |   725  |    -   |
+-----------+--------+--------+--------+--------+
|   Total   |    9   |    6   |   725  |   581  |
+-----------+--------+--------+--------+--------+
