#-----------------------------------------------------------
# xsim v2018.2 (64-bit)
# SW Build 2258646 on Thu Jun 14 20:02:38 MDT 2018
# IP Build 2256618 on Thu Jun 14 22:10:49 MDT 2018
# Start of session at: Wed Mar 27 17:19:22 2019
# Process ID: 7353
# Current directory: /home/dss545/vivado_hls/CRYSTALS-Dilithium/Reference_Implementation/Dilithium_recommended/Dilithium.prj/decryption/sim/verilog
# Command line: xsim -mode tcl -source {xsim.dir/crypto_sign_open/xsim_script.tcl}
# Log file: /home/dss545/vivado_hls/CRYSTALS-Dilithium/Reference_Implementation/Dilithium_recommended/Dilithium.prj/decryption/sim/verilog/xsim.log
# Journal file: /home/dss545/vivado_hls/CRYSTALS-Dilithium/Reference_Implementation/Dilithium_recommended/Dilithium.prj/decryption/sim/verilog/xsim.jou
#-----------------------------------------------------------
source xsim.dir/crypto_sign_open/xsim_script.tcl
# xsim {crypto_sign_open} -autoloadwcfg -tclbatch {crypto_sign_open.tcl}
Vivado Simulator 2018.2
Time resolution is 1 ps
source crypto_sign_open.tcl
## run all
////////////////////////////////////////////////////////////////////////////////////
// Inter-Transaction Progress: Completed Transaction / Total Transaction
// Intra-Transaction Progress: Measured Latency / Latency Estimation * 100%
//
// RTL Simulation : "Inter-Transaction Progress" ["Intra-Transaction Progress"] @ "Simulation Time"
////////////////////////////////////////////////////////////////////////////////////
// RTL Simulation : 0 / 1 [n/a] @ "125000"
// RTL Simulation : 1 / 1 [n/a] @ "2976065000"
////////////////////////////////////////////////////////////////////////////////////
$finish called at time : 2976105 ns : File "/home/dss545/vivado_hls/CRYSTALS-Dilithium/Reference_Implementation/Dilithium_recommended/Dilithium.prj/decryption/sim/verilog/crypto_sign_open.autotb.v" Line 497
run: Time (s): cpu = 00:00:00.01 ; elapsed = 00:00:21 . Memory (MB): peak = 1272.172 ; gain = 0.000 ; free physical = 383808 ; free virtual = 489204
## quit
INFO: [Common 17-206] Exiting xsim at Wed Mar 27 17:19:53 2019...
